<?xml version="1.0" encoding="UTF-8" ?>
<testsuite name="oracle.apps.prc.po.commonPo.protectedModel.view.DocumentSubtypesVVO.DocumentSubtypesVVOTest" timestamp="2017-06-20T11:33:31" hostname="indl76040" family="NO_REGISTERED_LBA_FOR_JPR_NAME" initiative="prc_po_lrg" jpr="PrcPoCommonPoProtectedModelTest" label="" product="NO_REGISTERED_LBA_FOR_JPR_NAME" lba="NO_REGISTERED_LBA_FOR_JPR_NAME" tests="9" failures="0" errors="0" time="2.22" runId="0">
  <properties />
  <testcase name="entitiesNonUpdateable" classname="oracle.apps.prc.po.commonPo.protectedModel.view.DocumentSubtypesVVO.DocumentSubtypesVVOTest" id="0" time="0.308">
    <artifact_tested name="oracle.apps.prc.po.commonPo.protectedModel.validationView.DocumentSubtypesVVO" type="ADFVO" />
  </testcase>
  <testcase name="testVOAccess" classname="oracle.apps.prc.po.commonPo.protectedModel.view.DocumentSubtypesVVO.DocumentSubtypesVVOTest" id="0" time="0.0010">
    <artifact_tested name="oracle.apps.prc.po.commonPo.protectedModel.validationView.DocumentSubtypesVVO" type="ADFVO" />
  </testcase>
  <testcase name="invokeVORowImplAttributeGetter[ClassificationName]" classname="oracle.apps.prc.po.commonPo.protectedModel.view.DocumentSubtypesVVO.DocumentSubtypesVVOTest" id="0" time="0.046">
    <artifact_tested name="oracle.apps.prc.po.commonPo.protectedModel.validationView.DocumentSubtypesVVO" type="ADFVO" />
  </testcase>
  <testcase name="invokeVORowImplAttributeGetter[ClassificationCode]" classname="oracle.apps.prc.po.commonPo.protectedModel.view.DocumentSubtypesVVO.DocumentSubtypesVVOTest" id="0" time="0.0010">
    <artifact_tested name="oracle.apps.prc.po.commonPo.protectedModel.validationView.DocumentSubtypesVVO" type="ADFVO" />
  </testcase>
  <testcase name="invokeVORowImplAttributeGetter[CountryCode]" classname="oracle.apps.prc.po.commonPo.protectedModel.view.DocumentSubtypesVVO.DocumentSubtypesVVOTest" id="0" time="0.0010">
    <artifact_tested name="oracle.apps.prc.po.commonPo.protectedModel.validationView.DocumentSubtypesVVO" type="ADFVO" />
  </testcase>
  <testcase name="invokeVORowImplAttributeGetter[EffectiveFrom]" classname="oracle.apps.prc.po.commonPo.protectedModel.view.DocumentSubtypesVVO.DocumentSubtypesVVOTest" id="0" time="0.0">
    <artifact_tested name="oracle.apps.prc.po.commonPo.protectedModel.validationView.DocumentSubtypesVVO" type="ADFVO" />
  </testcase>
  <testcase name="invokeVORowImplAttributeGetter[EffectiveTo]" classname="oracle.apps.prc.po.commonPo.protectedModel.view.DocumentSubtypesVVO.DocumentSubtypesVVOTest" id="0" time="0.0010">
    <artifact_tested name="oracle.apps.prc.po.commonPo.protectedModel.validationView.DocumentSubtypesVVO" type="ADFVO" />
  </testcase>
  <testcase name="invokeVORowImplAttributeGetter[ConcatClassifCode]" classname="oracle.apps.prc.po.commonPo.protectedModel.view.DocumentSubtypesVVO.DocumentSubtypesVVOTest" id="0" time="0.0010">
    <artifact_tested name="oracle.apps.prc.po.commonPo.protectedModel.validationView.DocumentSubtypesVVO" type="ADFVO" />
  </testcase>
  <testcase name="invokeVORowImplAttributeGetter[ConcatClassifName]" classname="oracle.apps.prc.po.commonPo.protectedModel.view.DocumentSubtypesVVO.DocumentSubtypesVVOTest" id="0" time="0.0010">
    <artifact_tested name="oracle.apps.prc.po.commonPo.protectedModel.validationView.DocumentSubtypesVVO" type="ADFVO" />
  </testcase>
</testsuite>
