<?xml version="1.0" encoding="UTF-8" ?>
<testsuite name="oracle.apps.prc.po.commonPo.protectedModel.view.CarrierVVO.CarrierVVOTest" timestamp="2017-06-20T11:33:26" hostname="indl76040" family="NO_REGISTERED_LBA_FOR_JPR_NAME" initiative="prc_po_lrg" jpr="PrcPoCommonPoProtectedModelTest" label="" product="NO_REGISTERED_LBA_FOR_JPR_NAME" lba="NO_REGISTERED_LBA_FOR_JPR_NAME" tests="52" failures="0" errors="0" time="2.532" runId="0">
  <properties />
  <testcase name="entitiesNonUpdateable" classname="oracle.apps.prc.po.commonPo.protectedModel.view.CarrierVVO.CarrierVVOTest" id="0" time="0.203">
    <artifact_tested name="oracle.apps.prc.po.commonPo.protectedModel.validationView.CarrierVVO" type="ADFVO" />
  </testcase>
  <testcase name="testVOAccess" classname="oracle.apps.prc.po.commonPo.protectedModel.view.CarrierVVO.CarrierVVOTest" id="0" time="0.0">
    <artifact_tested name="oracle.apps.prc.po.commonPo.protectedModel.validationView.CarrierVVO" type="ADFVO" />
  </testcase>
  <testcase name="invokeVORowImplAttributeGetter[PartyName]" classname="oracle.apps.prc.po.commonPo.protectedModel.view.CarrierVVO.CarrierVVOTest" id="0" time="0.281">
    <artifact_tested name="oracle.apps.prc.po.commonPo.protectedModel.validationView.CarrierVVO" type="ADFVO" />
  </testcase>
  <testcase name="invokeVORowImplAttributeGetter[CarrierId]" classname="oracle.apps.prc.po.commonPo.protectedModel.view.CarrierVVO.CarrierVVOTest" id="0" time="0.0010">
    <artifact_tested name="oracle.apps.prc.po.commonPo.protectedModel.validationView.CarrierVVO" type="ADFVO" />
  </testcase>
  <testcase name="invokeVORowImplAttributeGetter[ManifestingEnabledFlag]" classname="oracle.apps.prc.po.commonPo.protectedModel.view.CarrierVVO.CarrierVVOTest" id="0" time="0.0010">
    <artifact_tested name="oracle.apps.prc.po.commonPo.protectedModel.validationView.CarrierVVO" type="ADFVO" />
  </testcase>
  <testcase name="invokeVORowImplAttributeGetter[PartyId]" classname="oracle.apps.prc.po.commonPo.protectedModel.view.CarrierVVO.CarrierVVOTest" id="0" time="0.0">
    <artifact_tested name="oracle.apps.prc.po.commonPo.protectedModel.validationView.CarrierVVO" type="ADFVO" />
  </testcase>
  <testcase name="invokeVORowImplAttributeGetter[PartyNumber]" classname="oracle.apps.prc.po.commonPo.protectedModel.view.CarrierVVO.CarrierVVOTest" id="0" time="0.0010">
    <artifact_tested name="oracle.apps.prc.po.commonPo.protectedModel.validationView.CarrierVVO" type="ADFVO" />
  </testcase>
  <testcase name="invokeVORowImplAttributeGetter[AttributeCategory]" classname="oracle.apps.prc.po.commonPo.protectedModel.view.CarrierVVO.CarrierVVOTest" id="0" time="0.0010">
    <artifact_tested name="oracle.apps.prc.po.commonPo.protectedModel.validationView.CarrierVVO" type="ADFVO" />
  </testcase>
  <testcase name="invokeVORowImplAttributeGetter[Attribute1]" classname="oracle.apps.prc.po.commonPo.protectedModel.view.CarrierVVO.CarrierVVOTest" id="0" time="0.0010">
    <artifact_tested name="oracle.apps.prc.po.commonPo.protectedModel.validationView.CarrierVVO" type="ADFVO" />
  </testcase>
  <testcase name="invokeVORowImplAttributeGetter[Attribute2]" classname="oracle.apps.prc.po.commonPo.protectedModel.view.CarrierVVO.CarrierVVOTest" id="0" time="0.0010">
    <artifact_tested name="oracle.apps.prc.po.commonPo.protectedModel.validationView.CarrierVVO" type="ADFVO" />
  </testcase>
  <testcase name="invokeVORowImplAttributeGetter[Attribute3]" classname="oracle.apps.prc.po.commonPo.protectedModel.view.CarrierVVO.CarrierVVOTest" id="0" time="0.0">
    <artifact_tested name="oracle.apps.prc.po.commonPo.protectedModel.validationView.CarrierVVO" type="ADFVO" />
  </testcase>
  <testcase name="invokeVORowImplAttributeGetter[Attribute4]" classname="oracle.apps.prc.po.commonPo.protectedModel.view.CarrierVVO.CarrierVVOTest" id="0" time="0.0">
    <artifact_tested name="oracle.apps.prc.po.commonPo.protectedModel.validationView.CarrierVVO" type="ADFVO" />
  </testcase>
  <testcase name="invokeVORowImplAttributeGetter[Attribute5]" classname="oracle.apps.prc.po.commonPo.protectedModel.view.CarrierVVO.CarrierVVOTest" id="0" time="0.0010">
    <artifact_tested name="oracle.apps.prc.po.commonPo.protectedModel.validationView.CarrierVVO" type="ADFVO" />
  </testcase>
  <testcase name="invokeVORowImplAttributeGetter[Attribute6]" classname="oracle.apps.prc.po.commonPo.protectedModel.view.CarrierVVO.CarrierVVOTest" id="0" time="0.0">
    <artifact_tested name="oracle.apps.prc.po.commonPo.protectedModel.validationView.CarrierVVO" type="ADFVO" />
  </testcase>
  <testcase name="invokeVORowImplAttributeGetter[Attribute7]" classname="oracle.apps.prc.po.commonPo.protectedModel.view.CarrierVVO.CarrierVVOTest" id="0" time="0.0">
    <artifact_tested name="oracle.apps.prc.po.commonPo.protectedModel.validationView.CarrierVVO" type="ADFVO" />
  </testcase>
  <testcase name="invokeVORowImplAttributeGetter[Attribute8]" classname="oracle.apps.prc.po.commonPo.protectedModel.view.CarrierVVO.CarrierVVOTest" id="0" time="0.0">
    <artifact_tested name="oracle.apps.prc.po.commonPo.protectedModel.validationView.CarrierVVO" type="ADFVO" />
  </testcase>
  <testcase name="invokeVORowImplAttributeGetter[Attribute9]" classname="oracle.apps.prc.po.commonPo.protectedModel.view.CarrierVVO.CarrierVVOTest" id="0" time="0.0010">
    <artifact_tested name="oracle.apps.prc.po.commonPo.protectedModel.validationView.CarrierVVO" type="ADFVO" />
  </testcase>
  <testcase name="invokeVORowImplAttributeGetter[Attribute10]" classname="oracle.apps.prc.po.commonPo.protectedModel.view.CarrierVVO.CarrierVVOTest" id="0" time="0.0010">
    <artifact_tested name="oracle.apps.prc.po.commonPo.protectedModel.validationView.CarrierVVO" type="ADFVO" />
  </testcase>
  <testcase name="invokeVORowImplAttributeGetter[Attribute11]" classname="oracle.apps.prc.po.commonPo.protectedModel.view.CarrierVVO.CarrierVVOTest" id="0" time="0.0">
    <artifact_tested name="oracle.apps.prc.po.commonPo.protectedModel.validationView.CarrierVVO" type="ADFVO" />
  </testcase>
  <testcase name="invokeVORowImplAttributeGetter[Attribute12]" classname="oracle.apps.prc.po.commonPo.protectedModel.view.CarrierVVO.CarrierVVOTest" id="0" time="0.0010">
    <artifact_tested name="oracle.apps.prc.po.commonPo.protectedModel.validationView.CarrierVVO" type="ADFVO" />
  </testcase>
  <testcase name="invokeVORowImplAttributeGetter[Attribute13]" classname="oracle.apps.prc.po.commonPo.protectedModel.view.CarrierVVO.CarrierVVOTest" id="0" time="0.0010">
    <artifact_tested name="oracle.apps.prc.po.commonPo.protectedModel.validationView.CarrierVVO" type="ADFVO" />
  </testcase>
  <testcase name="invokeVORowImplAttributeGetter[Attribute14]" classname="oracle.apps.prc.po.commonPo.protectedModel.view.CarrierVVO.CarrierVVOTest" id="0" time="0.0010">
    <artifact_tested name="oracle.apps.prc.po.commonPo.protectedModel.validationView.CarrierVVO" type="ADFVO" />
  </testcase>
  <testcase name="invokeVORowImplAttributeGetter[Attribute15]" classname="oracle.apps.prc.po.commonPo.protectedModel.view.CarrierVVO.CarrierVVOTest" id="0" time="0.0010">
    <artifact_tested name="oracle.apps.prc.po.commonPo.protectedModel.validationView.CarrierVVO" type="ADFVO" />
  </testcase>
  <testcase name="invokeVORowImplAttributeGetter[ObjectVersionNumber]" classname="oracle.apps.prc.po.commonPo.protectedModel.view.CarrierVVO.CarrierVVOTest" id="0" time="0.0010">
    <artifact_tested name="oracle.apps.prc.po.commonPo.protectedModel.validationView.CarrierVVO" type="ADFVO" />
  </testcase>
  <testcase name="invokeVORowImplAttributeGetter[EnabledFlag]" classname="oracle.apps.prc.po.commonPo.protectedModel.view.CarrierVVO.CarrierVVOTest" id="0" time="0.0010">
    <artifact_tested name="oracle.apps.prc.po.commonPo.protectedModel.validationView.CarrierVVO" type="ADFVO" />
  </testcase>
  <testcase name="invokeVORowImplAttributeGetter[JobDefinitionPackage]" classname="oracle.apps.prc.po.commonPo.protectedModel.view.CarrierVVO.CarrierVVOTest" id="0" time="0.0010">
    <artifact_tested name="oracle.apps.prc.po.commonPo.protectedModel.validationView.CarrierVVO" type="ADFVO" />
  </testcase>
  <testcase name="invokeVORowImplAttributeGetter[JobDefinitionName]" classname="oracle.apps.prc.po.commonPo.protectedModel.view.CarrierVVO.CarrierVVOTest" id="0" time="0.0010">
    <artifact_tested name="oracle.apps.prc.po.commonPo.protectedModel.validationView.CarrierVVO" type="ADFVO" />
  </testcase>
  <testcase name="invokeVORowImplAttributeGetter[RequestId]" classname="oracle.apps.prc.po.commonPo.protectedModel.view.CarrierVVO.CarrierVVOTest" id="0" time="0.0010">
    <artifact_tested name="oracle.apps.prc.po.commonPo.protectedModel.validationView.CarrierVVO" type="ADFVO" />
  </testcase>
  <testcase name="invokeVORowImplAttributeGetter[OrganizationId]" classname="oracle.apps.prc.po.commonPo.protectedModel.view.CarrierVVO.CarrierVVOTest" id="0" time="0.0010">
    <artifact_tested name="oracle.apps.prc.po.commonPo.protectedModel.validationView.CarrierVVO" type="ADFVO" />
  </testcase>
  <testcase name="invokeVORowImplAttributeGetter[AttributeDate1]" classname="oracle.apps.prc.po.commonPo.protectedModel.view.CarrierVVO.CarrierVVOTest" id="0" time="0.0010">
    <artifact_tested name="oracle.apps.prc.po.commonPo.protectedModel.validationView.CarrierVVO" type="ADFVO" />
  </testcase>
  <testcase name="invokeVORowImplAttributeGetter[AttributeDate2]" classname="oracle.apps.prc.po.commonPo.protectedModel.view.CarrierVVO.CarrierVVOTest" id="0" time="0.0010">
    <artifact_tested name="oracle.apps.prc.po.commonPo.protectedModel.validationView.CarrierVVO" type="ADFVO" />
  </testcase>
  <testcase name="invokeVORowImplAttributeGetter[AttributeDate3]" classname="oracle.apps.prc.po.commonPo.protectedModel.view.CarrierVVO.CarrierVVOTest" id="0" time="0.0010">
    <artifact_tested name="oracle.apps.prc.po.commonPo.protectedModel.validationView.CarrierVVO" type="ADFVO" />
  </testcase>
  <testcase name="invokeVORowImplAttributeGetter[AttributeDate4]" classname="oracle.apps.prc.po.commonPo.protectedModel.view.CarrierVVO.CarrierVVOTest" id="0" time="0.0010">
    <artifact_tested name="oracle.apps.prc.po.commonPo.protectedModel.validationView.CarrierVVO" type="ADFVO" />
  </testcase>
  <testcase name="invokeVORowImplAttributeGetter[AttributeDate5]" classname="oracle.apps.prc.po.commonPo.protectedModel.view.CarrierVVO.CarrierVVOTest" id="0" time="0.0010">
    <artifact_tested name="oracle.apps.prc.po.commonPo.protectedModel.validationView.CarrierVVO" type="ADFVO" />
  </testcase>
  <testcase name="invokeVORowImplAttributeGetter[AttributeNumber1]" classname="oracle.apps.prc.po.commonPo.protectedModel.view.CarrierVVO.CarrierVVOTest" id="0" time="0.0010">
    <artifact_tested name="oracle.apps.prc.po.commonPo.protectedModel.validationView.CarrierVVO" type="ADFVO" />
  </testcase>
  <testcase name="invokeVORowImplAttributeGetter[AttributeNumber10]" classname="oracle.apps.prc.po.commonPo.protectedModel.view.CarrierVVO.CarrierVVOTest" id="0" time="0.0010">
    <artifact_tested name="oracle.apps.prc.po.commonPo.protectedModel.validationView.CarrierVVO" type="ADFVO" />
  </testcase>
  <testcase name="invokeVORowImplAttributeGetter[AttributeNumber2]" classname="oracle.apps.prc.po.commonPo.protectedModel.view.CarrierVVO.CarrierVVOTest" id="0" time="0.0010">
    <artifact_tested name="oracle.apps.prc.po.commonPo.protectedModel.validationView.CarrierVVO" type="ADFVO" />
  </testcase>
  <testcase name="invokeVORowImplAttributeGetter[AttributeNumber3]" classname="oracle.apps.prc.po.commonPo.protectedModel.view.CarrierVVO.CarrierVVOTest" id="0" time="0.0010">
    <artifact_tested name="oracle.apps.prc.po.commonPo.protectedModel.validationView.CarrierVVO" type="ADFVO" />
  </testcase>
  <testcase name="invokeVORowImplAttributeGetter[AttributeNumber4]" classname="oracle.apps.prc.po.commonPo.protectedModel.view.CarrierVVO.CarrierVVOTest" id="0" time="0.0010">
    <artifact_tested name="oracle.apps.prc.po.commonPo.protectedModel.validationView.CarrierVVO" type="ADFVO" />
  </testcase>
  <testcase name="invokeVORowImplAttributeGetter[AttributeNumber5]" classname="oracle.apps.prc.po.commonPo.protectedModel.view.CarrierVVO.CarrierVVOTest" id="0" time="0.0020">
    <artifact_tested name="oracle.apps.prc.po.commonPo.protectedModel.validationView.CarrierVVO" type="ADFVO" />
  </testcase>
  <testcase name="invokeVORowImplAttributeGetter[AttributeNumber6]" classname="oracle.apps.prc.po.commonPo.protectedModel.view.CarrierVVO.CarrierVVOTest" id="0" time="0.0010">
    <artifact_tested name="oracle.apps.prc.po.commonPo.protectedModel.validationView.CarrierVVO" type="ADFVO" />
  </testcase>
  <testcase name="invokeVORowImplAttributeGetter[AttributeNumber7]" classname="oracle.apps.prc.po.commonPo.protectedModel.view.CarrierVVO.CarrierVVOTest" id="0" time="0.0010">
    <artifact_tested name="oracle.apps.prc.po.commonPo.protectedModel.validationView.CarrierVVO" type="ADFVO" />
  </testcase>
  <testcase name="invokeVORowImplAttributeGetter[AttributeNumber8]" classname="oracle.apps.prc.po.commonPo.protectedModel.view.CarrierVVO.CarrierVVOTest" id="0" time="0.0010">
    <artifact_tested name="oracle.apps.prc.po.commonPo.protectedModel.validationView.CarrierVVO" type="ADFVO" />
  </testcase>
  <testcase name="invokeVORowImplAttributeGetter[AttributeNumber9]" classname="oracle.apps.prc.po.commonPo.protectedModel.view.CarrierVVO.CarrierVVOTest" id="0" time="0.0">
    <artifact_tested name="oracle.apps.prc.po.commonPo.protectedModel.validationView.CarrierVVO" type="ADFVO" />
  </testcase>
  <testcase name="invokeVORowImplAttributeGetter[AttributeTimestamp1]" classname="oracle.apps.prc.po.commonPo.protectedModel.view.CarrierVVO.CarrierVVOTest" id="0" time="0.0">
    <artifact_tested name="oracle.apps.prc.po.commonPo.protectedModel.validationView.CarrierVVO" type="ADFVO" />
  </testcase>
  <testcase name="invokeVORowImplAttributeGetter[AttributeTimestamp2]" classname="oracle.apps.prc.po.commonPo.protectedModel.view.CarrierVVO.CarrierVVOTest" id="0" time="0.0010">
    <artifact_tested name="oracle.apps.prc.po.commonPo.protectedModel.validationView.CarrierVVO" type="ADFVO" />
  </testcase>
  <testcase name="invokeVORowImplAttributeGetter[AttributeTimestamp3]" classname="oracle.apps.prc.po.commonPo.protectedModel.view.CarrierVVO.CarrierVVOTest" id="0" time="0.0010">
    <artifact_tested name="oracle.apps.prc.po.commonPo.protectedModel.validationView.CarrierVVO" type="ADFVO" />
  </testcase>
  <testcase name="invokeVORowImplAttributeGetter[AttributeTimestamp4]" classname="oracle.apps.prc.po.commonPo.protectedModel.view.CarrierVVO.CarrierVVOTest" id="0" time="0.0010">
    <artifact_tested name="oracle.apps.prc.po.commonPo.protectedModel.validationView.CarrierVVO" type="ADFVO" />
  </testcase>
  <testcase name="invokeVORowImplAttributeGetter[AttributeTimestamp5]" classname="oracle.apps.prc.po.commonPo.protectedModel.view.CarrierVVO.CarrierVVOTest" id="0" time="0.0010">
    <artifact_tested name="oracle.apps.prc.po.commonPo.protectedModel.validationView.CarrierVVO" type="ADFVO" />
  </testcase>
  <testcase name="invokeVORowImplAttributeGetter[TransientManifestingEnabledFlag]" classname="oracle.apps.prc.po.commonPo.protectedModel.view.CarrierVVO.CarrierVVOTest" id="0" time="0.0">
    <artifact_tested name="oracle.apps.prc.po.commonPo.protectedModel.validationView.CarrierVVO" type="ADFVO" />
  </testcase>
  <testcase name="invokeVORowImplAttributeGetter[WarehouseCarrierServicePVO1]" classname="oracle.apps.prc.po.commonPo.protectedModel.view.CarrierVVO.CarrierVVOTest" id="0" time="0.0020">
    <artifact_tested name="oracle.apps.prc.po.commonPo.protectedModel.validationView.CarrierVVO" type="ADFVO" />
  </testcase>
  <testcase name="invokeVORowImplAttributeGetter[ShippingLookupPVO]" classname="oracle.apps.prc.po.commonPo.protectedModel.view.CarrierVVO.CarrierVVOTest" id="0" time="0.018">
    <artifact_tested name="oracle.apps.prc.po.commonPo.protectedModel.validationView.CarrierVVO" type="ADFVO" />
  </testcase>
</testsuite>
