<?xml version="1.0" encoding="UTF-8" ?>
<testsuite name="oracle.apps.prc.po.commonPo.protectedModel.utilTest.TestPoSupplierUtil" timestamp="2017-06-20T11:30:21" hostname="indl76040" family="NO_REGISTERED_LBA_FOR_JPR_NAME" initiative="prc_po_lrg" jpr="PrcPoCommonPoProtectedModelTest" label="" product="NO_REGISTERED_LBA_FOR_JPR_NAME" lba="NO_REGISTERED_LBA_FOR_JPR_NAME" tests="1" failures="0" errors="0" time="5.285" runId="0">
  <properties />
  <testcase name="testPoSupplierUtil[Test Supplier Util Methods]" classname="oracle.apps.prc.po.commonPo.protectedModel.utilTest.TestPoSupplierUtil" id="0" time="2.096" />
</testsuite>
