<?xml version="1.0" encoding="UTF-8" ?>
<testsuite name="oracle.apps.prc.po.commonPo.protectedModel.view.PoHeadersAllVOTest" timestamp="2017-06-20T11:33:44" hostname="indl76040" family="NO_REGISTERED_LBA_FOR_JPR_NAME" initiative="prc_po_lrg" jpr="PrcPoCommonPoProtectedModelTest" label="" product="NO_REGISTERED_LBA_FOR_JPR_NAME" lba="NO_REGISTERED_LBA_FOR_JPR_NAME" tests="214" failures="0" errors="0" time="3.531" runId="0">
  <properties />
  <testcase name="simpleCreateAndRemove" classname="oracle.apps.prc.po.commonPo.protectedModel.view.PoHeadersAllVOTest" id="0" time="0.506">
    <artifact_tested name="oracle.apps.prc.po.commonPo.protectedModel.view.PoHeadersAllVO" type="ADFVO" />
  </testcase>
  <testcase name="simpleUpdateAndRemove" classname="oracle.apps.prc.po.commonPo.protectedModel.view.PoHeadersAllVOTest" id="0" time="0.033">
    <artifact_tested name="oracle.apps.prc.po.commonPo.protectedModel.view.PoHeadersAllVO" type="ADFVO" />
  </testcase>
  <testcase name="voRowImplHasAttributeMetadata" classname="oracle.apps.prc.po.commonPo.protectedModel.view.PoHeadersAllVOTest" id="0" time="0.0050">
    <artifact_tested name="oracle.apps.prc.po.commonPo.protectedModel.view.PoHeadersAllVO" type="ADFVO" />
  </testcase>
  <testcase name="testVOAccess" classname="oracle.apps.prc.po.commonPo.protectedModel.view.PoHeadersAllVOTest" id="0" time="0.0">
    <artifact_tested name="oracle.apps.prc.po.commonPo.protectedModel.view.PoHeadersAllVO" type="ADFVO" />
  </testcase>
  <testcase name="attributeDefaults[RevisionNum]" classname="oracle.apps.prc.po.commonPo.protectedModel.view.PoHeadersAllVOTest" id="0" time="0.0020">
    <artifact_tested name="oracle.apps.prc.po.commonPo.protectedModel.view.PoHeadersAllVO" type="ADFVO" />
  </testcase>
  <testcase name="attributeDefaults[DocumentStatus]" classname="oracle.apps.prc.po.commonPo.protectedModel.view.PoHeadersAllVOTest" id="0" time="0.0010">
    <artifact_tested name="oracle.apps.prc.po.commonPo.protectedModel.view.PoHeadersAllVO" type="ADFVO" />
  </testcase>
  <testcase name="invokeVORowImplAttributeGetter[PoHeaderId]" classname="oracle.apps.prc.po.commonPo.protectedModel.view.PoHeadersAllVOTest" id="0" time="0.0030">
    <artifact_tested name="oracle.apps.prc.po.commonPo.protectedModel.view.PoHeadersAllVO" type="ADFVO" />
  </testcase>
  <testcase name="invokeVORowImplAttributeGetter[PrcBuId]" classname="oracle.apps.prc.po.commonPo.protectedModel.view.PoHeadersAllVOTest" id="0" time="0.0010">
    <artifact_tested name="oracle.apps.prc.po.commonPo.protectedModel.view.PoHeadersAllVO" type="ADFVO" />
  </testcase>
  <testcase name="invokeVORowImplAttributeGetter[ReqBuId]" classname="oracle.apps.prc.po.commonPo.protectedModel.view.PoHeadersAllVOTest" id="0" time="0.0010">
    <artifact_tested name="oracle.apps.prc.po.commonPo.protectedModel.view.PoHeadersAllVO" type="ADFVO" />
  </testcase>
  <testcase name="invokeVORowImplAttributeGetter[DefaultTaxationCountry]" classname="oracle.apps.prc.po.commonPo.protectedModel.view.PoHeadersAllVOTest" id="0" time="0.0020">
    <artifact_tested name="oracle.apps.prc.po.commonPo.protectedModel.view.PoHeadersAllVO" type="ADFVO" />
  </testcase>
  <testcase name="invokeVORowImplAttributeGetter[AgentId]" classname="oracle.apps.prc.po.commonPo.protectedModel.view.PoHeadersAllVOTest" id="0" time="0.0010">
    <artifact_tested name="oracle.apps.prc.po.commonPo.protectedModel.view.PoHeadersAllVO" type="ADFVO" />
  </testcase>
  <testcase name="invokeVORowImplAttributeGetter[TypeLookupCode]" classname="oracle.apps.prc.po.commonPo.protectedModel.view.PoHeadersAllVOTest" id="0" time="0.0010">
    <artifact_tested name="oracle.apps.prc.po.commonPo.protectedModel.view.PoHeadersAllVO" type="ADFVO" />
  </testcase>
  <testcase name="invokeVORowImplAttributeGetter[LastUpdateDate]" classname="oracle.apps.prc.po.commonPo.protectedModel.view.PoHeadersAllVOTest" id="0" time="0.0010">
    <artifact_tested name="oracle.apps.prc.po.commonPo.protectedModel.view.PoHeadersAllVO" type="ADFVO" />
  </testcase>
  <testcase name="invokeVORowImplAttributeGetter[LastUpdatedBy]" classname="oracle.apps.prc.po.commonPo.protectedModel.view.PoHeadersAllVOTest" id="0" time="0.0010">
    <artifact_tested name="oracle.apps.prc.po.commonPo.protectedModel.view.PoHeadersAllVO" type="ADFVO" />
  </testcase>
  <testcase name="invokeVORowImplAttributeGetter[Segment1]" classname="oracle.apps.prc.po.commonPo.protectedModel.view.PoHeadersAllVOTest" id="0" time="0.0010">
    <artifact_tested name="oracle.apps.prc.po.commonPo.protectedModel.view.PoHeadersAllVO" type="ADFVO" />
  </testcase>
  <testcase name="invokeVORowImplAttributeGetter[SummaryFlag]" classname="oracle.apps.prc.po.commonPo.protectedModel.view.PoHeadersAllVOTest" id="0" time="0.0010">
    <artifact_tested name="oracle.apps.prc.po.commonPo.protectedModel.view.PoHeadersAllVO" type="ADFVO" />
  </testcase>
  <testcase name="invokeVORowImplAttributeGetter[EnabledFlag]" classname="oracle.apps.prc.po.commonPo.protectedModel.view.PoHeadersAllVOTest" id="0" time="0.0010">
    <artifact_tested name="oracle.apps.prc.po.commonPo.protectedModel.view.PoHeadersAllVO" type="ADFVO" />
  </testcase>
  <testcase name="invokeVORowImplAttributeGetter[Segment2]" classname="oracle.apps.prc.po.commonPo.protectedModel.view.PoHeadersAllVOTest" id="0" time="0.0010">
    <artifact_tested name="oracle.apps.prc.po.commonPo.protectedModel.view.PoHeadersAllVO" type="ADFVO" />
  </testcase>
  <testcase name="invokeVORowImplAttributeGetter[Segment3]" classname="oracle.apps.prc.po.commonPo.protectedModel.view.PoHeadersAllVOTest" id="0" time="0.0010">
    <artifact_tested name="oracle.apps.prc.po.commonPo.protectedModel.view.PoHeadersAllVO" type="ADFVO" />
  </testcase>
  <testcase name="invokeVORowImplAttributeGetter[Segment4]" classname="oracle.apps.prc.po.commonPo.protectedModel.view.PoHeadersAllVOTest" id="0" time="0.0010">
    <artifact_tested name="oracle.apps.prc.po.commonPo.protectedModel.view.PoHeadersAllVO" type="ADFVO" />
  </testcase>
  <testcase name="invokeVORowImplAttributeGetter[Segment5]" classname="oracle.apps.prc.po.commonPo.protectedModel.view.PoHeadersAllVOTest" id="0" time="0.0">
    <artifact_tested name="oracle.apps.prc.po.commonPo.protectedModel.view.PoHeadersAllVO" type="ADFVO" />
  </testcase>
  <testcase name="invokeVORowImplAttributeGetter[LastUpdateLogin]" classname="oracle.apps.prc.po.commonPo.protectedModel.view.PoHeadersAllVOTest" id="0" time="0.0010">
    <artifact_tested name="oracle.apps.prc.po.commonPo.protectedModel.view.PoHeadersAllVO" type="ADFVO" />
  </testcase>
  <testcase name="invokeVORowImplAttributeGetter[CreationDate]" classname="oracle.apps.prc.po.commonPo.protectedModel.view.PoHeadersAllVOTest" id="0" time="0.0010">
    <artifact_tested name="oracle.apps.prc.po.commonPo.protectedModel.view.PoHeadersAllVO" type="ADFVO" />
  </testcase>
  <testcase name="invokeVORowImplAttributeGetter[CreatedBy]" classname="oracle.apps.prc.po.commonPo.protectedModel.view.PoHeadersAllVOTest" id="0" time="0.0010">
    <artifact_tested name="oracle.apps.prc.po.commonPo.protectedModel.view.PoHeadersAllVO" type="ADFVO" />
  </testcase>
  <testcase name="invokeVORowImplAttributeGetter[VendorId]" classname="oracle.apps.prc.po.commonPo.protectedModel.view.PoHeadersAllVOTest" id="0" time="0.0">
    <artifact_tested name="oracle.apps.prc.po.commonPo.protectedModel.view.PoHeadersAllVO" type="ADFVO" />
  </testcase>
  <testcase name="invokeVORowImplAttributeGetter[VendorSiteId]" classname="oracle.apps.prc.po.commonPo.protectedModel.view.PoHeadersAllVOTest" id="0" time="0.0">
    <artifact_tested name="oracle.apps.prc.po.commonPo.protectedModel.view.PoHeadersAllVO" type="ADFVO" />
  </testcase>
  <testcase name="invokeVORowImplAttributeGetter[VendorContactId]" classname="oracle.apps.prc.po.commonPo.protectedModel.view.PoHeadersAllVOTest" id="0" time="0.0010">
    <artifact_tested name="oracle.apps.prc.po.commonPo.protectedModel.view.PoHeadersAllVO" type="ADFVO" />
  </testcase>
  <testcase name="invokeVORowImplAttributeGetter[ShipToLocationId]" classname="oracle.apps.prc.po.commonPo.protectedModel.view.PoHeadersAllVOTest" id="0" time="0.0010">
    <artifact_tested name="oracle.apps.prc.po.commonPo.protectedModel.view.PoHeadersAllVO" type="ADFVO" />
  </testcase>
  <testcase name="invokeVORowImplAttributeGetter[BillToLocationId]" classname="oracle.apps.prc.po.commonPo.protectedModel.view.PoHeadersAllVOTest" id="0" time="0.0010">
    <artifact_tested name="oracle.apps.prc.po.commonPo.protectedModel.view.PoHeadersAllVO" type="ADFVO" />
  </testcase>
  <testcase name="invokeVORowImplAttributeGetter[TermsId]" classname="oracle.apps.prc.po.commonPo.protectedModel.view.PoHeadersAllVOTest" id="0" time="0.0010">
    <artifact_tested name="oracle.apps.prc.po.commonPo.protectedModel.view.PoHeadersAllVO" type="ADFVO" />
  </testcase>
  <testcase name="invokeVORowImplAttributeGetter[FobLookupCode]" classname="oracle.apps.prc.po.commonPo.protectedModel.view.PoHeadersAllVOTest" id="0" time="0.0010">
    <artifact_tested name="oracle.apps.prc.po.commonPo.protectedModel.view.PoHeadersAllVO" type="ADFVO" />
  </testcase>
  <testcase name="invokeVORowImplAttributeGetter[FreightTermsLookupCode]" classname="oracle.apps.prc.po.commonPo.protectedModel.view.PoHeadersAllVOTest" id="0" time="0.0010">
    <artifact_tested name="oracle.apps.prc.po.commonPo.protectedModel.view.PoHeadersAllVO" type="ADFVO" />
  </testcase>
  <testcase name="invokeVORowImplAttributeGetter[CurrencyCode]" classname="oracle.apps.prc.po.commonPo.protectedModel.view.PoHeadersAllVOTest" id="0" time="0.0010">
    <artifact_tested name="oracle.apps.prc.po.commonPo.protectedModel.view.PoHeadersAllVO" type="ADFVO" />
  </testcase>
  <testcase name="invokeVORowImplAttributeGetter[RateType]" classname="oracle.apps.prc.po.commonPo.protectedModel.view.PoHeadersAllVOTest" id="0" time="0.0010">
    <artifact_tested name="oracle.apps.prc.po.commonPo.protectedModel.view.PoHeadersAllVO" type="ADFVO" />
  </testcase>
  <testcase name="invokeVORowImplAttributeGetter[RateDate]" classname="oracle.apps.prc.po.commonPo.protectedModel.view.PoHeadersAllVOTest" id="0" time="0.0010">
    <artifact_tested name="oracle.apps.prc.po.commonPo.protectedModel.view.PoHeadersAllVO" type="ADFVO" />
  </testcase>
  <testcase name="invokeVORowImplAttributeGetter[Rate]" classname="oracle.apps.prc.po.commonPo.protectedModel.view.PoHeadersAllVOTest" id="0" time="0.0010">
    <artifact_tested name="oracle.apps.prc.po.commonPo.protectedModel.view.PoHeadersAllVO" type="ADFVO" />
  </testcase>
  <testcase name="invokeVORowImplAttributeGetter[FromHeaderId]" classname="oracle.apps.prc.po.commonPo.protectedModel.view.PoHeadersAllVOTest" id="0" time="0.0010">
    <artifact_tested name="oracle.apps.prc.po.commonPo.protectedModel.view.PoHeadersAllVO" type="ADFVO" />
  </testcase>
  <testcase name="invokeVORowImplAttributeGetter[FromTypeLookupCode]" classname="oracle.apps.prc.po.commonPo.protectedModel.view.PoHeadersAllVOTest" id="0" time="0.0010">
    <artifact_tested name="oracle.apps.prc.po.commonPo.protectedModel.view.PoHeadersAllVO" type="ADFVO" />
  </testcase>
  <testcase name="invokeVORowImplAttributeGetter[StartDate]" classname="oracle.apps.prc.po.commonPo.protectedModel.view.PoHeadersAllVOTest" id="0" time="0.0010">
    <artifact_tested name="oracle.apps.prc.po.commonPo.protectedModel.view.PoHeadersAllVO" type="ADFVO" />
  </testcase>
  <testcase name="invokeVORowImplAttributeGetter[EndDate]" classname="oracle.apps.prc.po.commonPo.protectedModel.view.PoHeadersAllVOTest" id="0" time="0.0010">
    <artifact_tested name="oracle.apps.prc.po.commonPo.protectedModel.view.PoHeadersAllVO" type="ADFVO" />
  </testcase>
  <testcase name="invokeVORowImplAttributeGetter[BlanketTotalAmount]" classname="oracle.apps.prc.po.commonPo.protectedModel.view.PoHeadersAllVOTest" id="0" time="0.0010">
    <artifact_tested name="oracle.apps.prc.po.commonPo.protectedModel.view.PoHeadersAllVO" type="ADFVO" />
  </testcase>
  <testcase name="invokeVORowImplAttributeGetter[RevisionNum]" classname="oracle.apps.prc.po.commonPo.protectedModel.view.PoHeadersAllVOTest" id="0" time="0.0010">
    <artifact_tested name="oracle.apps.prc.po.commonPo.protectedModel.view.PoHeadersAllVO" type="ADFVO" />
  </testcase>
  <testcase name="invokeVORowImplAttributeGetter[RevisedDate]" classname="oracle.apps.prc.po.commonPo.protectedModel.view.PoHeadersAllVOTest" id="0" time="0.0010">
    <artifact_tested name="oracle.apps.prc.po.commonPo.protectedModel.view.PoHeadersAllVO" type="ADFVO" />
  </testcase>
  <testcase name="invokeVORowImplAttributeGetter[ApprovedFlag]" classname="oracle.apps.prc.po.commonPo.protectedModel.view.PoHeadersAllVOTest" id="0" time="0.0010">
    <artifact_tested name="oracle.apps.prc.po.commonPo.protectedModel.view.PoHeadersAllVO" type="ADFVO" />
  </testcase>
  <testcase name="invokeVORowImplAttributeGetter[AmountLimit]" classname="oracle.apps.prc.po.commonPo.protectedModel.view.PoHeadersAllVOTest" id="0" time="0.0010">
    <artifact_tested name="oracle.apps.prc.po.commonPo.protectedModel.view.PoHeadersAllVO" type="ADFVO" />
  </testcase>
  <testcase name="invokeVORowImplAttributeGetter[MinReleaseAmount]" classname="oracle.apps.prc.po.commonPo.protectedModel.view.PoHeadersAllVOTest" id="0" time="0.0010">
    <artifact_tested name="oracle.apps.prc.po.commonPo.protectedModel.view.PoHeadersAllVO" type="ADFVO" />
  </testcase>
  <testcase name="invokeVORowImplAttributeGetter[NoteToAuthorizer]" classname="oracle.apps.prc.po.commonPo.protectedModel.view.PoHeadersAllVOTest" id="0" time="0.0010">
    <artifact_tested name="oracle.apps.prc.po.commonPo.protectedModel.view.PoHeadersAllVO" type="ADFVO" />
  </testcase>
  <testcase name="invokeVORowImplAttributeGetter[NoteToVendor]" classname="oracle.apps.prc.po.commonPo.protectedModel.view.PoHeadersAllVOTest" id="0" time="0.0">
    <artifact_tested name="oracle.apps.prc.po.commonPo.protectedModel.view.PoHeadersAllVO" type="ADFVO" />
  </testcase>
  <testcase name="invokeVORowImplAttributeGetter[NoteToReceiver]" classname="oracle.apps.prc.po.commonPo.protectedModel.view.PoHeadersAllVOTest" id="0" time="0.0">
    <artifact_tested name="oracle.apps.prc.po.commonPo.protectedModel.view.PoHeadersAllVO" type="ADFVO" />
  </testcase>
  <testcase name="invokeVORowImplAttributeGetter[VendorOrderNum]" classname="oracle.apps.prc.po.commonPo.protectedModel.view.PoHeadersAllVOTest" id="0" time="0.0010">
    <artifact_tested name="oracle.apps.prc.po.commonPo.protectedModel.view.PoHeadersAllVO" type="ADFVO" />
  </testcase>
  <testcase name="invokeVORowImplAttributeGetter[ConfirmingOrderFlag]" classname="oracle.apps.prc.po.commonPo.protectedModel.view.PoHeadersAllVOTest" id="0" time="0.0010">
    <artifact_tested name="oracle.apps.prc.po.commonPo.protectedModel.view.PoHeadersAllVO" type="ADFVO" />
  </testcase>
  <testcase name="invokeVORowImplAttributeGetter[Comments]" classname="oracle.apps.prc.po.commonPo.protectedModel.view.PoHeadersAllVOTest" id="0" time="0.0010">
    <artifact_tested name="oracle.apps.prc.po.commonPo.protectedModel.view.PoHeadersAllVO" type="ADFVO" />
  </testcase>
  <testcase name="invokeVORowImplAttributeGetter[AcceptanceRequiredFlag]" classname="oracle.apps.prc.po.commonPo.protectedModel.view.PoHeadersAllVOTest" id="0" time="0.0">
    <artifact_tested name="oracle.apps.prc.po.commonPo.protectedModel.view.PoHeadersAllVO" type="ADFVO" />
  </testcase>
  <testcase name="invokeVORowImplAttributeGetter[AcceptanceDueDate]" classname="oracle.apps.prc.po.commonPo.protectedModel.view.PoHeadersAllVOTest" id="0" time="0.0">
    <artifact_tested name="oracle.apps.prc.po.commonPo.protectedModel.view.PoHeadersAllVO" type="ADFVO" />
  </testcase>
  <testcase name="invokeVORowImplAttributeGetter[ClosedDate]" classname="oracle.apps.prc.po.commonPo.protectedModel.view.PoHeadersAllVOTest" id="0" time="0.0">
    <artifact_tested name="oracle.apps.prc.po.commonPo.protectedModel.view.PoHeadersAllVO" type="ADFVO" />
  </testcase>
  <testcase name="invokeVORowImplAttributeGetter[CancelFlag]" classname="oracle.apps.prc.po.commonPo.protectedModel.view.PoHeadersAllVOTest" id="0" time="0.0010">
    <artifact_tested name="oracle.apps.prc.po.commonPo.protectedModel.view.PoHeadersAllVO" type="ADFVO" />
  </testcase>
  <testcase name="invokeVORowImplAttributeGetter[FirmStatusLookupCode]" classname="oracle.apps.prc.po.commonPo.protectedModel.view.PoHeadersAllVOTest" id="0" time="0.0010">
    <artifact_tested name="oracle.apps.prc.po.commonPo.protectedModel.view.PoHeadersAllVO" type="ADFVO" />
  </testcase>
  <testcase name="invokeVORowImplAttributeGetter[FirmDate]" classname="oracle.apps.prc.po.commonPo.protectedModel.view.PoHeadersAllVOTest" id="0" time="0.0010">
    <artifact_tested name="oracle.apps.prc.po.commonPo.protectedModel.view.PoHeadersAllVO" type="ADFVO" />
  </testcase>
  <testcase name="invokeVORowImplAttributeGetter[FrozenFlag]" classname="oracle.apps.prc.po.commonPo.protectedModel.view.PoHeadersAllVOTest" id="0" time="0.0010">
    <artifact_tested name="oracle.apps.prc.po.commonPo.protectedModel.view.PoHeadersAllVO" type="ADFVO" />
  </testcase>
  <testcase name="invokeVORowImplAttributeGetter[EdiProcessedFlag]" classname="oracle.apps.prc.po.commonPo.protectedModel.view.PoHeadersAllVOTest" id="0" time="0.0">
    <artifact_tested name="oracle.apps.prc.po.commonPo.protectedModel.view.PoHeadersAllVO" type="ADFVO" />
  </testcase>
  <testcase name="invokeVORowImplAttributeGetter[EdiProcessedStatus]" classname="oracle.apps.prc.po.commonPo.protectedModel.view.PoHeadersAllVOTest" id="0" time="0.0010">
    <artifact_tested name="oracle.apps.prc.po.commonPo.protectedModel.view.PoHeadersAllVO" type="ADFVO" />
  </testcase>
  <testcase name="invokeVORowImplAttributeGetter[AttributeCategory]" classname="oracle.apps.prc.po.commonPo.protectedModel.view.PoHeadersAllVOTest" id="0" time="0.0010">
    <artifact_tested name="oracle.apps.prc.po.commonPo.protectedModel.view.PoHeadersAllVO" type="ADFVO" />
  </testcase>
  <testcase name="invokeVORowImplAttributeGetter[Attribute1]" classname="oracle.apps.prc.po.commonPo.protectedModel.view.PoHeadersAllVOTest" id="0" time="0.0010">
    <artifact_tested name="oracle.apps.prc.po.commonPo.protectedModel.view.PoHeadersAllVO" type="ADFVO" />
  </testcase>
  <testcase name="invokeVORowImplAttributeGetter[Attribute2]" classname="oracle.apps.prc.po.commonPo.protectedModel.view.PoHeadersAllVOTest" id="0" time="0.0">
    <artifact_tested name="oracle.apps.prc.po.commonPo.protectedModel.view.PoHeadersAllVO" type="ADFVO" />
  </testcase>
  <testcase name="invokeVORowImplAttributeGetter[Attribute3]" classname="oracle.apps.prc.po.commonPo.protectedModel.view.PoHeadersAllVOTest" id="0" time="0.0">
    <artifact_tested name="oracle.apps.prc.po.commonPo.protectedModel.view.PoHeadersAllVO" type="ADFVO" />
  </testcase>
  <testcase name="invokeVORowImplAttributeGetter[Attribute4]" classname="oracle.apps.prc.po.commonPo.protectedModel.view.PoHeadersAllVOTest" id="0" time="0.0">
    <artifact_tested name="oracle.apps.prc.po.commonPo.protectedModel.view.PoHeadersAllVO" type="ADFVO" />
  </testcase>
  <testcase name="invokeVORowImplAttributeGetter[Attribute5]" classname="oracle.apps.prc.po.commonPo.protectedModel.view.PoHeadersAllVOTest" id="0" time="0.0010">
    <artifact_tested name="oracle.apps.prc.po.commonPo.protectedModel.view.PoHeadersAllVO" type="ADFVO" />
  </testcase>
  <testcase name="invokeVORowImplAttributeGetter[Attribute6]" classname="oracle.apps.prc.po.commonPo.protectedModel.view.PoHeadersAllVOTest" id="0" time="0.0010">
    <artifact_tested name="oracle.apps.prc.po.commonPo.protectedModel.view.PoHeadersAllVO" type="ADFVO" />
  </testcase>
  <testcase name="invokeVORowImplAttributeGetter[Attribute7]" classname="oracle.apps.prc.po.commonPo.protectedModel.view.PoHeadersAllVOTest" id="0" time="0.0010">
    <artifact_tested name="oracle.apps.prc.po.commonPo.protectedModel.view.PoHeadersAllVO" type="ADFVO" />
  </testcase>
  <testcase name="invokeVORowImplAttributeGetter[Attribute8]" classname="oracle.apps.prc.po.commonPo.protectedModel.view.PoHeadersAllVOTest" id="0" time="0.0010">
    <artifact_tested name="oracle.apps.prc.po.commonPo.protectedModel.view.PoHeadersAllVO" type="ADFVO" />
  </testcase>
  <testcase name="invokeVORowImplAttributeGetter[Attribute9]" classname="oracle.apps.prc.po.commonPo.protectedModel.view.PoHeadersAllVOTest" id="0" time="0.0010">
    <artifact_tested name="oracle.apps.prc.po.commonPo.protectedModel.view.PoHeadersAllVO" type="ADFVO" />
  </testcase>
  <testcase name="invokeVORowImplAttributeGetter[Attribute10]" classname="oracle.apps.prc.po.commonPo.protectedModel.view.PoHeadersAllVOTest" id="0" time="0.0010">
    <artifact_tested name="oracle.apps.prc.po.commonPo.protectedModel.view.PoHeadersAllVO" type="ADFVO" />
  </testcase>
  <testcase name="invokeVORowImplAttributeGetter[Attribute11]" classname="oracle.apps.prc.po.commonPo.protectedModel.view.PoHeadersAllVOTest" id="0" time="0.0">
    <artifact_tested name="oracle.apps.prc.po.commonPo.protectedModel.view.PoHeadersAllVO" type="ADFVO" />
  </testcase>
  <testcase name="invokeVORowImplAttributeGetter[Attribute12]" classname="oracle.apps.prc.po.commonPo.protectedModel.view.PoHeadersAllVOTest" id="0" time="0.0">
    <artifact_tested name="oracle.apps.prc.po.commonPo.protectedModel.view.PoHeadersAllVO" type="ADFVO" />
  </testcase>
  <testcase name="invokeVORowImplAttributeGetter[Attribute13]" classname="oracle.apps.prc.po.commonPo.protectedModel.view.PoHeadersAllVOTest" id="0" time="0.0010">
    <artifact_tested name="oracle.apps.prc.po.commonPo.protectedModel.view.PoHeadersAllVO" type="ADFVO" />
  </testcase>
  <testcase name="invokeVORowImplAttributeGetter[Attribute14]" classname="oracle.apps.prc.po.commonPo.protectedModel.view.PoHeadersAllVOTest" id="0" time="0.0010">
    <artifact_tested name="oracle.apps.prc.po.commonPo.protectedModel.view.PoHeadersAllVO" type="ADFVO" />
  </testcase>
  <testcase name="invokeVORowImplAttributeGetter[Attribute15]" classname="oracle.apps.prc.po.commonPo.protectedModel.view.PoHeadersAllVOTest" id="0" time="0.0010">
    <artifact_tested name="oracle.apps.prc.po.commonPo.protectedModel.view.PoHeadersAllVO" type="ADFVO" />
  </testcase>
  <testcase name="invokeVORowImplAttributeGetter[GovernmentContext]" classname="oracle.apps.prc.po.commonPo.protectedModel.view.PoHeadersAllVOTest" id="0" time="0.0010">
    <artifact_tested name="oracle.apps.prc.po.commonPo.protectedModel.view.PoHeadersAllVO" type="ADFVO" />
  </testcase>
  <testcase name="invokeVORowImplAttributeGetter[RequestId]" classname="oracle.apps.prc.po.commonPo.protectedModel.view.PoHeadersAllVOTest" id="0" time="0.0010">
    <artifact_tested name="oracle.apps.prc.po.commonPo.protectedModel.view.PoHeadersAllVO" type="ADFVO" />
  </testcase>
  <testcase name="invokeVORowImplAttributeGetter[ProgramName]" classname="oracle.apps.prc.po.commonPo.protectedModel.view.PoHeadersAllVOTest" id="0" time="0.0010">
    <artifact_tested name="oracle.apps.prc.po.commonPo.protectedModel.view.PoHeadersAllVO" type="ADFVO" />
  </testcase>
  <testcase name="invokeVORowImplAttributeGetter[ProgramAppName]" classname="oracle.apps.prc.po.commonPo.protectedModel.view.PoHeadersAllVOTest" id="0" time="0.0010">
    <artifact_tested name="oracle.apps.prc.po.commonPo.protectedModel.view.PoHeadersAllVO" type="ADFVO" />
  </testcase>
  <testcase name="invokeVORowImplAttributeGetter[GlobalAttributeCategory]" classname="oracle.apps.prc.po.commonPo.protectedModel.view.PoHeadersAllVOTest" id="0" time="0.0010">
    <artifact_tested name="oracle.apps.prc.po.commonPo.protectedModel.view.PoHeadersAllVO" type="ADFVO" />
  </testcase>
  <testcase name="invokeVORowImplAttributeGetter[GlobalAttribute1]" classname="oracle.apps.prc.po.commonPo.protectedModel.view.PoHeadersAllVOTest" id="0" time="0.0010">
    <artifact_tested name="oracle.apps.prc.po.commonPo.protectedModel.view.PoHeadersAllVO" type="ADFVO" />
  </testcase>
  <testcase name="invokeVORowImplAttributeGetter[GlobalAttribute2]" classname="oracle.apps.prc.po.commonPo.protectedModel.view.PoHeadersAllVOTest" id="0" time="0.0010">
    <artifact_tested name="oracle.apps.prc.po.commonPo.protectedModel.view.PoHeadersAllVO" type="ADFVO" />
  </testcase>
  <testcase name="invokeVORowImplAttributeGetter[GlobalAttribute3]" classname="oracle.apps.prc.po.commonPo.protectedModel.view.PoHeadersAllVOTest" id="0" time="0.0010">
    <artifact_tested name="oracle.apps.prc.po.commonPo.protectedModel.view.PoHeadersAllVO" type="ADFVO" />
  </testcase>
  <testcase name="invokeVORowImplAttributeGetter[GlobalAttribute4]" classname="oracle.apps.prc.po.commonPo.protectedModel.view.PoHeadersAllVOTest" id="0" time="0.0010">
    <artifact_tested name="oracle.apps.prc.po.commonPo.protectedModel.view.PoHeadersAllVO" type="ADFVO" />
  </testcase>
  <testcase name="invokeVORowImplAttributeGetter[GlobalAttribute5]" classname="oracle.apps.prc.po.commonPo.protectedModel.view.PoHeadersAllVOTest" id="0" time="0.0010">
    <artifact_tested name="oracle.apps.prc.po.commonPo.protectedModel.view.PoHeadersAllVO" type="ADFVO" />
  </testcase>
  <testcase name="invokeVORowImplAttributeGetter[GlobalAttribute6]" classname="oracle.apps.prc.po.commonPo.protectedModel.view.PoHeadersAllVOTest" id="0" time="0.0010">
    <artifact_tested name="oracle.apps.prc.po.commonPo.protectedModel.view.PoHeadersAllVO" type="ADFVO" />
  </testcase>
  <testcase name="invokeVORowImplAttributeGetter[GlobalAttribute7]" classname="oracle.apps.prc.po.commonPo.protectedModel.view.PoHeadersAllVOTest" id="0" time="0.0010">
    <artifact_tested name="oracle.apps.prc.po.commonPo.protectedModel.view.PoHeadersAllVO" type="ADFVO" />
  </testcase>
  <testcase name="invokeVORowImplAttributeGetter[GlobalAttribute8]" classname="oracle.apps.prc.po.commonPo.protectedModel.view.PoHeadersAllVOTest" id="0" time="0.0010">
    <artifact_tested name="oracle.apps.prc.po.commonPo.protectedModel.view.PoHeadersAllVO" type="ADFVO" />
  </testcase>
  <testcase name="invokeVORowImplAttributeGetter[GlobalAttribute9]" classname="oracle.apps.prc.po.commonPo.protectedModel.view.PoHeadersAllVOTest" id="0" time="0.0010">
    <artifact_tested name="oracle.apps.prc.po.commonPo.protectedModel.view.PoHeadersAllVO" type="ADFVO" />
  </testcase>
  <testcase name="invokeVORowImplAttributeGetter[GlobalAttribute10]" classname="oracle.apps.prc.po.commonPo.protectedModel.view.PoHeadersAllVOTest" id="0" time="0.0010">
    <artifact_tested name="oracle.apps.prc.po.commonPo.protectedModel.view.PoHeadersAllVO" type="ADFVO" />
  </testcase>
  <testcase name="invokeVORowImplAttributeGetter[GlobalAttribute11]" classname="oracle.apps.prc.po.commonPo.protectedModel.view.PoHeadersAllVOTest" id="0" time="0.0">
    <artifact_tested name="oracle.apps.prc.po.commonPo.protectedModel.view.PoHeadersAllVO" type="ADFVO" />
  </testcase>
  <testcase name="invokeVORowImplAttributeGetter[GlobalAttribute12]" classname="oracle.apps.prc.po.commonPo.protectedModel.view.PoHeadersAllVOTest" id="0" time="0.0">
    <artifact_tested name="oracle.apps.prc.po.commonPo.protectedModel.view.PoHeadersAllVO" type="ADFVO" />
  </testcase>
  <testcase name="invokeVORowImplAttributeGetter[GlobalAttribute13]" classname="oracle.apps.prc.po.commonPo.protectedModel.view.PoHeadersAllVOTest" id="0" time="0.0010">
    <artifact_tested name="oracle.apps.prc.po.commonPo.protectedModel.view.PoHeadersAllVO" type="ADFVO" />
  </testcase>
  <testcase name="invokeVORowImplAttributeGetter[GlobalAttribute14]" classname="oracle.apps.prc.po.commonPo.protectedModel.view.PoHeadersAllVOTest" id="0" time="0.0010">
    <artifact_tested name="oracle.apps.prc.po.commonPo.protectedModel.view.PoHeadersAllVO" type="ADFVO" />
  </testcase>
  <testcase name="invokeVORowImplAttributeGetter[GlobalAttribute15]" classname="oracle.apps.prc.po.commonPo.protectedModel.view.PoHeadersAllVOTest" id="0" time="0.0010">
    <artifact_tested name="oracle.apps.prc.po.commonPo.protectedModel.view.PoHeadersAllVO" type="ADFVO" />
  </testcase>
  <testcase name="invokeVORowImplAttributeGetter[GlobalAttribute16]" classname="oracle.apps.prc.po.commonPo.protectedModel.view.PoHeadersAllVOTest" id="0" time="0.0010">
    <artifact_tested name="oracle.apps.prc.po.commonPo.protectedModel.view.PoHeadersAllVO" type="ADFVO" />
  </testcase>
  <testcase name="invokeVORowImplAttributeGetter[GlobalAttribute17]" classname="oracle.apps.prc.po.commonPo.protectedModel.view.PoHeadersAllVOTest" id="0" time="0.0010">
    <artifact_tested name="oracle.apps.prc.po.commonPo.protectedModel.view.PoHeadersAllVO" type="ADFVO" />
  </testcase>
  <testcase name="invokeVORowImplAttributeGetter[GlobalAttribute18]" classname="oracle.apps.prc.po.commonPo.protectedModel.view.PoHeadersAllVOTest" id="0" time="0.0010">
    <artifact_tested name="oracle.apps.prc.po.commonPo.protectedModel.view.PoHeadersAllVO" type="ADFVO" />
  </testcase>
  <testcase name="invokeVORowImplAttributeGetter[GlobalAttribute19]" classname="oracle.apps.prc.po.commonPo.protectedModel.view.PoHeadersAllVOTest" id="0" time="0.0010">
    <artifact_tested name="oracle.apps.prc.po.commonPo.protectedModel.view.PoHeadersAllVO" type="ADFVO" />
  </testcase>
  <testcase name="invokeVORowImplAttributeGetter[GlobalAttribute20]" classname="oracle.apps.prc.po.commonPo.protectedModel.view.PoHeadersAllVOTest" id="0" time="0.0010">
    <artifact_tested name="oracle.apps.prc.po.commonPo.protectedModel.view.PoHeadersAllVO" type="ADFVO" />
  </testcase>
  <testcase name="invokeVORowImplAttributeGetter[InterfaceSourceCode]" classname="oracle.apps.prc.po.commonPo.protectedModel.view.PoHeadersAllVOTest" id="0" time="0.0010">
    <artifact_tested name="oracle.apps.prc.po.commonPo.protectedModel.view.PoHeadersAllVO" type="ADFVO" />
  </testcase>
  <testcase name="invokeVORowImplAttributeGetter[ReferenceNum]" classname="oracle.apps.prc.po.commonPo.protectedModel.view.PoHeadersAllVOTest" id="0" time="0.0010">
    <artifact_tested name="oracle.apps.prc.po.commonPo.protectedModel.view.PoHeadersAllVO" type="ADFVO" />
  </testcase>
  <testcase name="invokeVORowImplAttributeGetter[PcardId]" classname="oracle.apps.prc.po.commonPo.protectedModel.view.PoHeadersAllVOTest" id="0" time="0.0010">
    <artifact_tested name="oracle.apps.prc.po.commonPo.protectedModel.view.PoHeadersAllVO" type="ADFVO" />
  </testcase>
  <testcase name="invokeVORowImplAttributeGetter[PriceUpdateTolerance]" classname="oracle.apps.prc.po.commonPo.protectedModel.view.PoHeadersAllVOTest" id="0" time="0.0010">
    <artifact_tested name="oracle.apps.prc.po.commonPo.protectedModel.view.PoHeadersAllVO" type="ADFVO" />
  </testcase>
  <testcase name="invokeVORowImplAttributeGetter[PayOnCode]" classname="oracle.apps.prc.po.commonPo.protectedModel.view.PoHeadersAllVOTest" id="0" time="0.0010">
    <artifact_tested name="oracle.apps.prc.po.commonPo.protectedModel.view.PoHeadersAllVO" type="ADFVO" />
  </testcase>
  <testcase name="invokeVORowImplAttributeGetter[XmlFlag]" classname="oracle.apps.prc.po.commonPo.protectedModel.view.PoHeadersAllVOTest" id="0" time="0.0">
    <artifact_tested name="oracle.apps.prc.po.commonPo.protectedModel.view.PoHeadersAllVO" type="ADFVO" />
  </testcase>
  <testcase name="invokeVORowImplAttributeGetter[XmlSendDate]" classname="oracle.apps.prc.po.commonPo.protectedModel.view.PoHeadersAllVOTest" id="0" time="0.0010">
    <artifact_tested name="oracle.apps.prc.po.commonPo.protectedModel.view.PoHeadersAllVO" type="ADFVO" />
  </testcase>
  <testcase name="invokeVORowImplAttributeGetter[XmlChangeSendDate]" classname="oracle.apps.prc.po.commonPo.protectedModel.view.PoHeadersAllVOTest" id="0" time="0.0010">
    <artifact_tested name="oracle.apps.prc.po.commonPo.protectedModel.view.PoHeadersAllVO" type="ADFVO" />
  </testcase>
  <testcase name="invokeVORowImplAttributeGetter[ConsignedConsumptionFlag]" classname="oracle.apps.prc.po.commonPo.protectedModel.view.PoHeadersAllVOTest" id="0" time="0.0010">
    <artifact_tested name="oracle.apps.prc.po.commonPo.protectedModel.view.PoHeadersAllVO" type="ADFVO" />
  </testcase>
  <testcase name="invokeVORowImplAttributeGetter[ConsumeReqDemandFlag]" classname="oracle.apps.prc.po.commonPo.protectedModel.view.PoHeadersAllVOTest" id="0" time="0.0010">
    <artifact_tested name="oracle.apps.prc.po.commonPo.protectedModel.view.PoHeadersAllVO" type="ADFVO" />
  </testcase>
  <testcase name="invokeVORowImplAttributeGetter[ChangeRequestedBy]" classname="oracle.apps.prc.po.commonPo.protectedModel.view.PoHeadersAllVOTest" id="0" time="0.0010">
    <artifact_tested name="oracle.apps.prc.po.commonPo.protectedModel.view.PoHeadersAllVO" type="ADFVO" />
  </testcase>
  <testcase name="invokeVORowImplAttributeGetter[ShippingControl]" classname="oracle.apps.prc.po.commonPo.protectedModel.view.PoHeadersAllVOTest" id="0" time="0.0010">
    <artifact_tested name="oracle.apps.prc.po.commonPo.protectedModel.view.PoHeadersAllVO" type="ADFVO" />
  </testcase>
  <testcase name="invokeVORowImplAttributeGetter[ContermsExistFlag]" classname="oracle.apps.prc.po.commonPo.protectedModel.view.PoHeadersAllVOTest" id="0" time="0.0010">
    <artifact_tested name="oracle.apps.prc.po.commonPo.protectedModel.view.PoHeadersAllVO" type="ADFVO" />
  </testcase>
  <testcase name="invokeVORowImplAttributeGetter[ContermsArticlesUpdDate]" classname="oracle.apps.prc.po.commonPo.protectedModel.view.PoHeadersAllVOTest" id="0" time="0.0010">
    <artifact_tested name="oracle.apps.prc.po.commonPo.protectedModel.view.PoHeadersAllVO" type="ADFVO" />
  </testcase>
  <testcase name="invokeVORowImplAttributeGetter[ContermsDelivUpdDate]" classname="oracle.apps.prc.po.commonPo.protectedModel.view.PoHeadersAllVOTest" id="0" time="0.0010">
    <artifact_tested name="oracle.apps.prc.po.commonPo.protectedModel.view.PoHeadersAllVO" type="ADFVO" />
  </testcase>
  <testcase name="invokeVORowImplAttributeGetter[PendingSignatureFlag]" classname="oracle.apps.prc.po.commonPo.protectedModel.view.PoHeadersAllVOTest" id="0" time="0.0010">
    <artifact_tested name="oracle.apps.prc.po.commonPo.protectedModel.view.PoHeadersAllVO" type="ADFVO" />
  </testcase>
  <testcase name="invokeVORowImplAttributeGetter[ChangeSummary]" classname="oracle.apps.prc.po.commonPo.protectedModel.view.PoHeadersAllVOTest" id="0" time="0.0010">
    <artifact_tested name="oracle.apps.prc.po.commonPo.protectedModel.view.PoHeadersAllVO" type="ADFVO" />
  </testcase>
  <testcase name="invokeVORowImplAttributeGetter[DocumentCreationMethod]" classname="oracle.apps.prc.po.commonPo.protectedModel.view.PoHeadersAllVOTest" id="0" time="0.0010">
    <artifact_tested name="oracle.apps.prc.po.commonPo.protectedModel.view.PoHeadersAllVO" type="ADFVO" />
  </testcase>
  <testcase name="invokeVORowImplAttributeGetter[SubmitDate]" classname="oracle.apps.prc.po.commonPo.protectedModel.view.PoHeadersAllVOTest" id="0" time="0.0010">
    <artifact_tested name="oracle.apps.prc.po.commonPo.protectedModel.view.PoHeadersAllVO" type="ADFVO" />
  </testcase>
  <testcase name="invokeVORowImplAttributeGetter[SupplierNotifMethod]" classname="oracle.apps.prc.po.commonPo.protectedModel.view.PoHeadersAllVOTest" id="0" time="0.0010">
    <artifact_tested name="oracle.apps.prc.po.commonPo.protectedModel.view.PoHeadersAllVO" type="ADFVO" />
  </testcase>
  <testcase name="invokeVORowImplAttributeGetter[Fax]" classname="oracle.apps.prc.po.commonPo.protectedModel.view.PoHeadersAllVOTest" id="0" time="0.0010">
    <artifact_tested name="oracle.apps.prc.po.commonPo.protectedModel.view.PoHeadersAllVO" type="ADFVO" />
  </testcase>
  <testcase name="invokeVORowImplAttributeGetter[EmailAddress]" classname="oracle.apps.prc.po.commonPo.protectedModel.view.PoHeadersAllVOTest" id="0" time="0.0010">
    <artifact_tested name="oracle.apps.prc.po.commonPo.protectedModel.view.PoHeadersAllVO" type="ADFVO" />
  </testcase>
  <testcase name="invokeVORowImplAttributeGetter[RetroPriceCommUpdatesFlag]" classname="oracle.apps.prc.po.commonPo.protectedModel.view.PoHeadersAllVOTest" id="0" time="0.0010">
    <artifact_tested name="oracle.apps.prc.po.commonPo.protectedModel.view.PoHeadersAllVO" type="ADFVO" />
  </testcase>
  <testcase name="invokeVORowImplAttributeGetter[RetroPriceApplyUpdatesFlag]" classname="oracle.apps.prc.po.commonPo.protectedModel.view.PoHeadersAllVOTest" id="0" time="0.0">
    <artifact_tested name="oracle.apps.prc.po.commonPo.protectedModel.view.PoHeadersAllVO" type="ADFVO" />
  </testcase>
  <testcase name="invokeVORowImplAttributeGetter[UpdateSourcingRulesFlag]" classname="oracle.apps.prc.po.commonPo.protectedModel.view.PoHeadersAllVOTest" id="0" time="0.0010">
    <artifact_tested name="oracle.apps.prc.po.commonPo.protectedModel.view.PoHeadersAllVO" type="ADFVO" />
  </testcase>
  <testcase name="invokeVORowImplAttributeGetter[AutoSourcingFlag]" classname="oracle.apps.prc.po.commonPo.protectedModel.view.PoHeadersAllVOTest" id="0" time="0.0010">
    <artifact_tested name="oracle.apps.prc.po.commonPo.protectedModel.view.PoHeadersAllVO" type="ADFVO" />
  </testcase>
  <testcase name="invokeVORowImplAttributeGetter[CreatedLanguage]" classname="oracle.apps.prc.po.commonPo.protectedModel.view.PoHeadersAllVOTest" id="0" time="0.0010">
    <artifact_tested name="oracle.apps.prc.po.commonPo.protectedModel.view.PoHeadersAllVO" type="ADFVO" />
  </testcase>
  <testcase name="invokeVORowImplAttributeGetter[CpaReference]" classname="oracle.apps.prc.po.commonPo.protectedModel.view.PoHeadersAllVOTest" id="0" time="0.0010">
    <artifact_tested name="oracle.apps.prc.po.commonPo.protectedModel.view.PoHeadersAllVO" type="ADFVO" />
  </testcase>
  <testcase name="invokeVORowImplAttributeGetter[StyleId]" classname="oracle.apps.prc.po.commonPo.protectedModel.view.PoHeadersAllVOTest" id="0" time="0.0">
    <artifact_tested name="oracle.apps.prc.po.commonPo.protectedModel.view.PoHeadersAllVO" type="ADFVO" />
  </testcase>
  <testcase name="invokeVORowImplAttributeGetter[TaxAttributeUpdateCode]" classname="oracle.apps.prc.po.commonPo.protectedModel.view.PoHeadersAllVOTest" id="0" time="0.0010">
    <artifact_tested name="oracle.apps.prc.po.commonPo.protectedModel.view.PoHeadersAllVO" type="ADFVO" />
  </testcase>
  <testcase name="invokeVORowImplAttributeGetter[LastUpdatedProgram]" classname="oracle.apps.prc.po.commonPo.protectedModel.view.PoHeadersAllVOTest" id="0" time="0.0010">
    <artifact_tested name="oracle.apps.prc.po.commonPo.protectedModel.view.PoHeadersAllVO" type="ADFVO" />
  </testcase>
  <testcase name="invokeVORowImplAttributeGetter[CatAdminAuthEnabledFlag]" classname="oracle.apps.prc.po.commonPo.protectedModel.view.PoHeadersAllVOTest" id="0" time="0.0010">
    <artifact_tested name="oracle.apps.prc.po.commonPo.protectedModel.view.PoHeadersAllVO" type="ADFVO" />
  </testcase>
  <testcase name="invokeVORowImplAttributeGetter[ObjectVersionNumber]" classname="oracle.apps.prc.po.commonPo.protectedModel.view.PoHeadersAllVOTest" id="0" time="0.0010">
    <artifact_tested name="oracle.apps.prc.po.commonPo.protectedModel.view.PoHeadersAllVO" type="ADFVO" />
  </testcase>
  <testcase name="invokeVORowImplAttributeGetter[TaxDocumentSubtype]" classname="oracle.apps.prc.po.commonPo.protectedModel.view.PoHeadersAllVOTest" id="0" time="0.0">
    <artifact_tested name="oracle.apps.prc.po.commonPo.protectedModel.view.PoHeadersAllVO" type="ADFVO" />
  </testcase>
  <testcase name="invokeVORowImplAttributeGetter[CarrierId]" classname="oracle.apps.prc.po.commonPo.protectedModel.view.PoHeadersAllVOTest" id="0" time="0.0010">
    <artifact_tested name="oracle.apps.prc.po.commonPo.protectedModel.view.PoHeadersAllVO" type="ADFVO" />
  </testcase>
  <testcase name="invokeVORowImplAttributeGetter[ReleaseMethod]" classname="oracle.apps.prc.po.commonPo.protectedModel.view.PoHeadersAllVOTest" id="0" time="0.0">
    <artifact_tested name="oracle.apps.prc.po.commonPo.protectedModel.view.PoHeadersAllVO" type="ADFVO" />
  </testcase>
  <testcase name="invokeVORowImplAttributeGetter[ReviewAutogeneratedReleases]" classname="oracle.apps.prc.po.commonPo.protectedModel.view.PoHeadersAllVOTest" id="0" time="0.0">
    <artifact_tested name="oracle.apps.prc.po.commonPo.protectedModel.view.PoHeadersAllVO" type="ADFVO" />
  </testcase>
  <testcase name="invokeVORowImplAttributeGetter[JobDefinitionName]" classname="oracle.apps.prc.po.commonPo.protectedModel.view.PoHeadersAllVOTest" id="0" time="0.0010">
    <artifact_tested name="oracle.apps.prc.po.commonPo.protectedModel.view.PoHeadersAllVO" type="ADFVO" />
  </testcase>
  <testcase name="invokeVORowImplAttributeGetter[JobDefinitionPackage]" classname="oracle.apps.prc.po.commonPo.protectedModel.view.PoHeadersAllVOTest" id="0" time="0.0010">
    <artifact_tested name="oracle.apps.prc.po.commonPo.protectedModel.view.PoHeadersAllVO" type="ADFVO" />
  </testcase>
  <testcase name="invokeVORowImplAttributeGetter[DocumentStatus]" classname="oracle.apps.prc.po.commonPo.protectedModel.view.PoHeadersAllVOTest" id="0" time="0.0">
    <artifact_tested name="oracle.apps.prc.po.commonPo.protectedModel.view.PoHeadersAllVO" type="ADFVO" />
  </testcase>
  <testcase name="invokeVORowImplAttributeGetter[CurrentVersionId]" classname="oracle.apps.prc.po.commonPo.protectedModel.view.PoHeadersAllVOTest" id="0" time="0.0010">
    <artifact_tested name="oracle.apps.prc.po.commonPo.protectedModel.view.PoHeadersAllVO" type="ADFVO" />
  </testcase>
  <testcase name="invokeVORowImplAttributeGetter[AmountReleased]" classname="oracle.apps.prc.po.commonPo.protectedModel.view.PoHeadersAllVOTest" id="0" time="0.0010">
    <artifact_tested name="oracle.apps.prc.po.commonPo.protectedModel.view.PoHeadersAllVO" type="ADFVO" />
  </testcase>
  <testcase name="invokeVORowImplAttributeGetter[GroupRequisitionLines]" classname="oracle.apps.prc.po.commonPo.protectedModel.view.PoHeadersAllVOTest" id="0" time="0.0010">
    <artifact_tested name="oracle.apps.prc.po.commonPo.protectedModel.view.PoHeadersAllVO" type="ADFVO" />
  </testcase>
  <testcase name="invokeVORowImplAttributeGetter[AcceptanceWithinDays]" classname="oracle.apps.prc.po.commonPo.protectedModel.view.PoHeadersAllVOTest" id="0" time="0.0010">
    <artifact_tested name="oracle.apps.prc.po.commonPo.protectedModel.view.PoHeadersAllVO" type="ADFVO" />
  </testcase>
  <testcase name="invokeVORowImplAttributeGetter[UseNeedByDate]" classname="oracle.apps.prc.po.commonPo.protectedModel.view.PoHeadersAllVOTest" id="0" time="0.0010">
    <artifact_tested name="oracle.apps.prc.po.commonPo.protectedModel.view.PoHeadersAllVO" type="ADFVO" />
  </testcase>
  <testcase name="invokeVORowImplAttributeGetter[UseShipTo]" classname="oracle.apps.prc.po.commonPo.protectedModel.view.PoHeadersAllVOTest" id="0" time="0.0">
    <artifact_tested name="oracle.apps.prc.po.commonPo.protectedModel.view.PoHeadersAllVO" type="ADFVO" />
  </testcase>
  <testcase name="invokeVORowImplAttributeGetter[GenerateOrdersAutomatic]" classname="oracle.apps.prc.po.commonPo.protectedModel.view.PoHeadersAllVOTest" id="0" time="0.0">
    <artifact_tested name="oracle.apps.prc.po.commonPo.protectedModel.view.PoHeadersAllVO" type="ADFVO" />
  </testcase>
  <testcase name="invokeVORowImplAttributeGetter[SubmitApprovalAutomatic]" classname="oracle.apps.prc.po.commonPo.protectedModel.view.PoHeadersAllVOTest" id="0" time="0.0010">
    <artifact_tested name="oracle.apps.prc.po.commonPo.protectedModel.view.PoHeadersAllVO" type="ADFVO" />
  </testcase>
  <testcase name="invokeVORowImplAttributeGetter[GroupRequisitions]" classname="oracle.apps.prc.po.commonPo.protectedModel.view.PoHeadersAllVOTest" id="0" time="0.0010">
    <artifact_tested name="oracle.apps.prc.po.commonPo.protectedModel.view.PoHeadersAllVO" type="ADFVO" />
  </testcase>
  <testcase name="invokeVORowImplAttributeGetter[ApprovedDate]" classname="oracle.apps.prc.po.commonPo.protectedModel.view.PoHeadersAllVOTest" id="0" time="0.0">
    <artifact_tested name="oracle.apps.prc.po.commonPo.protectedModel.view.PoHeadersAllVO" type="ADFVO" />
  </testcase>
  <testcase name="invokeVORowImplAttributeGetter[Attribute18]" classname="oracle.apps.prc.po.commonPo.protectedModel.view.PoHeadersAllVOTest" id="0" time="0.0010">
    <artifact_tested name="oracle.apps.prc.po.commonPo.protectedModel.view.PoHeadersAllVO" type="ADFVO" />
  </testcase>
  <testcase name="invokeVORowImplAttributeGetter[Attribute17]" classname="oracle.apps.prc.po.commonPo.protectedModel.view.PoHeadersAllVOTest" id="0" time="0.0">
    <artifact_tested name="oracle.apps.prc.po.commonPo.protectedModel.view.PoHeadersAllVO" type="ADFVO" />
  </testcase>
  <testcase name="invokeVORowImplAttributeGetter[Attribute20]" classname="oracle.apps.prc.po.commonPo.protectedModel.view.PoHeadersAllVOTest" id="0" time="0.0">
    <artifact_tested name="oracle.apps.prc.po.commonPo.protectedModel.view.PoHeadersAllVO" type="ADFVO" />
  </testcase>
  <testcase name="invokeVORowImplAttributeGetter[Attribute19]" classname="oracle.apps.prc.po.commonPo.protectedModel.view.PoHeadersAllVOTest" id="0" time="0.0010">
    <artifact_tested name="oracle.apps.prc.po.commonPo.protectedModel.view.PoHeadersAllVO" type="ADFVO" />
  </testcase>
  <testcase name="invokeVORowImplAttributeGetter[Attribute16]" classname="oracle.apps.prc.po.commonPo.protectedModel.view.PoHeadersAllVOTest" id="0" time="0.0010">
    <artifact_tested name="oracle.apps.prc.po.commonPo.protectedModel.view.PoHeadersAllVO" type="ADFVO" />
  </testcase>
  <testcase name="invokeVORowImplAttributeGetter[AttributeDate1]" classname="oracle.apps.prc.po.commonPo.protectedModel.view.PoHeadersAllVOTest" id="0" time="0.0">
    <artifact_tested name="oracle.apps.prc.po.commonPo.protectedModel.view.PoHeadersAllVO" type="ADFVO" />
  </testcase>
  <testcase name="invokeVORowImplAttributeGetter[AttributeDate10]" classname="oracle.apps.prc.po.commonPo.protectedModel.view.PoHeadersAllVOTest" id="0" time="0.0">
    <artifact_tested name="oracle.apps.prc.po.commonPo.protectedModel.view.PoHeadersAllVO" type="ADFVO" />
  </testcase>
  <testcase name="invokeVORowImplAttributeGetter[AttributeDate2]" classname="oracle.apps.prc.po.commonPo.protectedModel.view.PoHeadersAllVOTest" id="0" time="0.0010">
    <artifact_tested name="oracle.apps.prc.po.commonPo.protectedModel.view.PoHeadersAllVO" type="ADFVO" />
  </testcase>
  <testcase name="invokeVORowImplAttributeGetter[AttributeDate3]" classname="oracle.apps.prc.po.commonPo.protectedModel.view.PoHeadersAllVOTest" id="0" time="0.0010">
    <artifact_tested name="oracle.apps.prc.po.commonPo.protectedModel.view.PoHeadersAllVO" type="ADFVO" />
  </testcase>
  <testcase name="invokeVORowImplAttributeGetter[AttributeDate4]" classname="oracle.apps.prc.po.commonPo.protectedModel.view.PoHeadersAllVOTest" id="0" time="0.0">
    <artifact_tested name="oracle.apps.prc.po.commonPo.protectedModel.view.PoHeadersAllVO" type="ADFVO" />
  </testcase>
  <testcase name="invokeVORowImplAttributeGetter[AttributeDate5]" classname="oracle.apps.prc.po.commonPo.protectedModel.view.PoHeadersAllVOTest" id="0" time="0.0">
    <artifact_tested name="oracle.apps.prc.po.commonPo.protectedModel.view.PoHeadersAllVO" type="ADFVO" />
  </testcase>
  <testcase name="invokeVORowImplAttributeGetter[AttributeDate6]" classname="oracle.apps.prc.po.commonPo.protectedModel.view.PoHeadersAllVOTest" id="0" time="0.0">
    <artifact_tested name="oracle.apps.prc.po.commonPo.protectedModel.view.PoHeadersAllVO" type="ADFVO" />
  </testcase>
  <testcase name="invokeVORowImplAttributeGetter[AttributeDate7]" classname="oracle.apps.prc.po.commonPo.protectedModel.view.PoHeadersAllVOTest" id="0" time="0.0010">
    <artifact_tested name="oracle.apps.prc.po.commonPo.protectedModel.view.PoHeadersAllVO" type="ADFVO" />
  </testcase>
  <testcase name="invokeVORowImplAttributeGetter[AttributeDate8]" classname="oracle.apps.prc.po.commonPo.protectedModel.view.PoHeadersAllVOTest" id="0" time="0.0010">
    <artifact_tested name="oracle.apps.prc.po.commonPo.protectedModel.view.PoHeadersAllVO" type="ADFVO" />
  </testcase>
  <testcase name="invokeVORowImplAttributeGetter[AttributeDate9]" classname="oracle.apps.prc.po.commonPo.protectedModel.view.PoHeadersAllVOTest" id="0" time="0.0010">
    <artifact_tested name="oracle.apps.prc.po.commonPo.protectedModel.view.PoHeadersAllVO" type="ADFVO" />
  </testcase>
  <testcase name="invokeVORowImplAttributeGetter[AttributeTimestamp1]" classname="oracle.apps.prc.po.commonPo.protectedModel.view.PoHeadersAllVOTest" id="0" time="0.0010">
    <artifact_tested name="oracle.apps.prc.po.commonPo.protectedModel.view.PoHeadersAllVO" type="ADFVO" />
  </testcase>
  <testcase name="invokeVORowImplAttributeGetter[AttributeTimestamp10]" classname="oracle.apps.prc.po.commonPo.protectedModel.view.PoHeadersAllVOTest" id="0" time="0.0">
    <artifact_tested name="oracle.apps.prc.po.commonPo.protectedModel.view.PoHeadersAllVO" type="ADFVO" />
  </testcase>
  <testcase name="invokeVORowImplAttributeGetter[AttributeTimestamp2]" classname="oracle.apps.prc.po.commonPo.protectedModel.view.PoHeadersAllVOTest" id="0" time="0.0010">
    <artifact_tested name="oracle.apps.prc.po.commonPo.protectedModel.view.PoHeadersAllVO" type="ADFVO" />
  </testcase>
  <testcase name="invokeVORowImplAttributeGetter[AttributeTimestamp3]" classname="oracle.apps.prc.po.commonPo.protectedModel.view.PoHeadersAllVOTest" id="0" time="0.0010">
    <artifact_tested name="oracle.apps.prc.po.commonPo.protectedModel.view.PoHeadersAllVO" type="ADFVO" />
  </testcase>
  <testcase name="invokeVORowImplAttributeGetter[AttributeTimestamp4]" classname="oracle.apps.prc.po.commonPo.protectedModel.view.PoHeadersAllVOTest" id="0" time="0.0010">
    <artifact_tested name="oracle.apps.prc.po.commonPo.protectedModel.view.PoHeadersAllVO" type="ADFVO" />
  </testcase>
  <testcase name="invokeVORowImplAttributeGetter[AttributeTimestamp5]" classname="oracle.apps.prc.po.commonPo.protectedModel.view.PoHeadersAllVOTest" id="0" time="0.0010">
    <artifact_tested name="oracle.apps.prc.po.commonPo.protectedModel.view.PoHeadersAllVO" type="ADFVO" />
  </testcase>
  <testcase name="invokeVORowImplAttributeGetter[AttributeTimestamp6]" classname="oracle.apps.prc.po.commonPo.protectedModel.view.PoHeadersAllVOTest" id="0" time="0.0010">
    <artifact_tested name="oracle.apps.prc.po.commonPo.protectedModel.view.PoHeadersAllVO" type="ADFVO" />
  </testcase>
  <testcase name="invokeVORowImplAttributeGetter[AttributeTimestamp7]" classname="oracle.apps.prc.po.commonPo.protectedModel.view.PoHeadersAllVOTest" id="0" time="0.0">
    <artifact_tested name="oracle.apps.prc.po.commonPo.protectedModel.view.PoHeadersAllVO" type="ADFVO" />
  </testcase>
  <testcase name="invokeVORowImplAttributeGetter[AttributeTimestamp8]" classname="oracle.apps.prc.po.commonPo.protectedModel.view.PoHeadersAllVOTest" id="0" time="0.0">
    <artifact_tested name="oracle.apps.prc.po.commonPo.protectedModel.view.PoHeadersAllVO" type="ADFVO" />
  </testcase>
  <testcase name="invokeVORowImplAttributeGetter[AttributeTimestamp9]" classname="oracle.apps.prc.po.commonPo.protectedModel.view.PoHeadersAllVOTest" id="0" time="0.0">
    <artifact_tested name="oracle.apps.prc.po.commonPo.protectedModel.view.PoHeadersAllVO" type="ADFVO" />
  </testcase>
  <testcase name="invokeVORowImplAttributeGetter[AttributeNumber1]" classname="oracle.apps.prc.po.commonPo.protectedModel.view.PoHeadersAllVOTest" id="0" time="0.0">
    <artifact_tested name="oracle.apps.prc.po.commonPo.protectedModel.view.PoHeadersAllVO" type="ADFVO" />
  </testcase>
  <testcase name="invokeVORowImplAttributeGetter[AttributeNumber10]" classname="oracle.apps.prc.po.commonPo.protectedModel.view.PoHeadersAllVOTest" id="0" time="0.0">
    <artifact_tested name="oracle.apps.prc.po.commonPo.protectedModel.view.PoHeadersAllVO" type="ADFVO" />
  </testcase>
  <testcase name="invokeVORowImplAttributeGetter[AttributeNumber2]" classname="oracle.apps.prc.po.commonPo.protectedModel.view.PoHeadersAllVOTest" id="0" time="0.0">
    <artifact_tested name="oracle.apps.prc.po.commonPo.protectedModel.view.PoHeadersAllVO" type="ADFVO" />
  </testcase>
  <testcase name="invokeVORowImplAttributeGetter[AttributeNumber3]" classname="oracle.apps.prc.po.commonPo.protectedModel.view.PoHeadersAllVOTest" id="0" time="0.0010">
    <artifact_tested name="oracle.apps.prc.po.commonPo.protectedModel.view.PoHeadersAllVO" type="ADFVO" />
  </testcase>
  <testcase name="invokeVORowImplAttributeGetter[AttributeNumber4]" classname="oracle.apps.prc.po.commonPo.protectedModel.view.PoHeadersAllVOTest" id="0" time="0.0010">
    <artifact_tested name="oracle.apps.prc.po.commonPo.protectedModel.view.PoHeadersAllVO" type="ADFVO" />
  </testcase>
  <testcase name="invokeVORowImplAttributeGetter[AttributeNumber5]" classname="oracle.apps.prc.po.commonPo.protectedModel.view.PoHeadersAllVOTest" id="0" time="0.0010">
    <artifact_tested name="oracle.apps.prc.po.commonPo.protectedModel.view.PoHeadersAllVO" type="ADFVO" />
  </testcase>
  <testcase name="invokeVORowImplAttributeGetter[AttributeNumber6]" classname="oracle.apps.prc.po.commonPo.protectedModel.view.PoHeadersAllVOTest" id="0" time="0.0010">
    <artifact_tested name="oracle.apps.prc.po.commonPo.protectedModel.view.PoHeadersAllVO" type="ADFVO" />
  </testcase>
  <testcase name="invokeVORowImplAttributeGetter[AttributeNumber7]" classname="oracle.apps.prc.po.commonPo.protectedModel.view.PoHeadersAllVOTest" id="0" time="0.0">
    <artifact_tested name="oracle.apps.prc.po.commonPo.protectedModel.view.PoHeadersAllVO" type="ADFVO" />
  </testcase>
  <testcase name="invokeVORowImplAttributeGetter[AttributeNumber8]" classname="oracle.apps.prc.po.commonPo.protectedModel.view.PoHeadersAllVOTest" id="0" time="0.0">
    <artifact_tested name="oracle.apps.prc.po.commonPo.protectedModel.view.PoHeadersAllVO" type="ADFVO" />
  </testcase>
  <testcase name="invokeVORowImplAttributeGetter[AttributeNumber9]" classname="oracle.apps.prc.po.commonPo.protectedModel.view.PoHeadersAllVOTest" id="0" time="0.0010">
    <artifact_tested name="oracle.apps.prc.po.commonPo.protectedModel.view.PoHeadersAllVO" type="ADFVO" />
  </testcase>
  <testcase name="invokeVORowImplAttributeGetter[ActiveVersionFlag]" classname="oracle.apps.prc.po.commonPo.protectedModel.view.PoHeadersAllVOTest" id="0" time="0.0010">
    <artifact_tested name="oracle.apps.prc.po.commonPo.protectedModel.view.PoHeadersAllVO" type="ADFVO" />
  </testcase>
  <testcase name="invokeVORowImplAttributeGetter[AgingOnsetPoint]" classname="oracle.apps.prc.po.commonPo.protectedModel.view.PoHeadersAllVOTest" id="0" time="0.0">
    <artifact_tested name="oracle.apps.prc.po.commonPo.protectedModel.view.PoHeadersAllVO" type="ADFVO" />
  </testcase>
  <testcase name="invokeVORowImplAttributeGetter[AgingPeriodDays]" classname="oracle.apps.prc.po.commonPo.protectedModel.view.PoHeadersAllVOTest" id="0" time="0.0">
    <artifact_tested name="oracle.apps.prc.po.commonPo.protectedModel.view.PoHeadersAllVO" type="ADFVO" />
  </testcase>
  <testcase name="invokeVORowImplAttributeGetter[ConsumptionAdviceFrequency]" classname="oracle.apps.prc.po.commonPo.protectedModel.view.PoHeadersAllVOTest" id="0" time="0.0010">
    <artifact_tested name="oracle.apps.prc.po.commonPo.protectedModel.view.PoHeadersAllVO" type="ADFVO" />
  </testcase>
  <testcase name="invokeVORowImplAttributeGetter[ConsumptionAdviceSummary]" classname="oracle.apps.prc.po.commonPo.protectedModel.view.PoHeadersAllVOTest" id="0" time="0.0010">
    <artifact_tested name="oracle.apps.prc.po.commonPo.protectedModel.view.PoHeadersAllVO" type="ADFVO" />
  </testcase>
  <testcase name="invokeVORowImplAttributeGetter[DefaultConsignmentLineFlag]" classname="oracle.apps.prc.po.commonPo.protectedModel.view.PoHeadersAllVOTest" id="0" time="0.0010">
    <artifact_tested name="oracle.apps.prc.po.commonPo.protectedModel.view.PoHeadersAllVO" type="ADFVO" />
  </testcase>
  <testcase name="invokeVORowImplAttributeGetter[PayOnUseFlag]" classname="oracle.apps.prc.po.commonPo.protectedModel.view.PoHeadersAllVOTest" id="0" time="0.0010">
    <artifact_tested name="oracle.apps.prc.po.commonPo.protectedModel.view.PoHeadersAllVO" type="ADFVO" />
  </testcase>
  <testcase name="invokeVORowImplAttributeGetter[SoldtoLeId]" classname="oracle.apps.prc.po.commonPo.protectedModel.view.PoHeadersAllVOTest" id="0" time="0.0010">
    <artifact_tested name="oracle.apps.prc.po.commonPo.protectedModel.view.PoHeadersAllVO" type="ADFVO" />
  </testcase>
  <testcase name="invokeVORowImplAttributeGetter[BilltoBuId]" classname="oracle.apps.prc.po.commonPo.protectedModel.view.PoHeadersAllVOTest" id="0" time="0.0">
    <artifact_tested name="oracle.apps.prc.po.commonPo.protectedModel.view.PoHeadersAllVO" type="ADFVO" />
  </testcase>
  <testcase name="invokeVORowImplAttributeGetter[FundsStatus]" classname="oracle.apps.prc.po.commonPo.protectedModel.view.PoHeadersAllVOTest" id="0" time="0.0010">
    <artifact_tested name="oracle.apps.prc.po.commonPo.protectedModel.view.PoHeadersAllVO" type="ADFVO" />
  </testcase>
  <testcase name="invokeVORowImplAttributeGetter[ModeOfTransport]" classname="oracle.apps.prc.po.commonPo.protectedModel.view.PoHeadersAllVOTest" id="0" time="0.0010">
    <artifact_tested name="oracle.apps.prc.po.commonPo.protectedModel.view.PoHeadersAllVO" type="ADFVO" />
  </testcase>
  <testcase name="invokeVORowImplAttributeGetter[ServiceLevel]" classname="oracle.apps.prc.po.commonPo.protectedModel.view.PoHeadersAllVOTest" id="0" time="0.0">
    <artifact_tested name="oracle.apps.prc.po.commonPo.protectedModel.view.PoHeadersAllVO" type="ADFVO" />
  </testcase>
  <testcase name="invokeVORowImplAttributeGetter[BuyerManagedTransportFlag]" classname="oracle.apps.prc.po.commonPo.protectedModel.view.PoHeadersAllVOTest" id="0" time="0.0010">
    <artifact_tested name="oracle.apps.prc.po.commonPo.protectedModel.view.PoHeadersAllVO" type="ADFVO" />
  </testcase>
  <testcase name="invokeVORowImplAttributeGetter[OrchestrationOrderFlag]" classname="oracle.apps.prc.po.commonPo.protectedModel.view.PoHeadersAllVOTest" id="0" time="0.0">
    <artifact_tested name="oracle.apps.prc.po.commonPo.protectedModel.view.PoHeadersAllVO" type="ADFVO" />
  </testcase>
  <testcase name="invokeVORowImplAttributeGetter[DefaultPoTradeOrgId]" classname="oracle.apps.prc.po.commonPo.protectedModel.view.PoHeadersAllVOTest" id="0" time="0.0010">
    <artifact_tested name="oracle.apps.prc.po.commonPo.protectedModel.view.PoHeadersAllVO" type="ADFVO" />
  </testcase>
  <testcase name="invokeVORowImplAttributeGetter[BillingCycleClosingDate]" classname="oracle.apps.prc.po.commonPo.protectedModel.view.PoHeadersAllVOTest" id="0" time="0.0010">
    <artifact_tested name="oracle.apps.prc.po.commonPo.protectedModel.view.PoHeadersAllVO" type="ADFVO" />
  </testcase>
  <testcase name="invokeVORowImplAttributeGetter[UseSalesOrderNumberFlag]" classname="oracle.apps.prc.po.commonPo.protectedModel.view.PoHeadersAllVOTest" id="0" time="0.0">
    <artifact_tested name="oracle.apps.prc.po.commonPo.protectedModel.view.PoHeadersAllVO" type="ADFVO" />
  </testcase>
  <testcase name="invokeVORowImplAttributeGetter[FirstPtyRegId]" classname="oracle.apps.prc.po.commonPo.protectedModel.view.PoHeadersAllVOTest" id="0" time="0.0010">
    <artifact_tested name="oracle.apps.prc.po.commonPo.protectedModel.view.PoHeadersAllVO" type="ADFVO" />
  </testcase>
  <testcase name="invokeVORowImplAttributeGetter[ThirdPtyRegId]" classname="oracle.apps.prc.po.commonPo.protectedModel.view.PoHeadersAllVOTest" id="0" time="0.0010">
    <artifact_tested name="oracle.apps.prc.po.commonPo.protectedModel.view.PoHeadersAllVO" type="ADFVO" />
  </testcase>
  <testcase name="invokeVORowImplAttributeGetter[DisableAutosourcingFlag]" classname="oracle.apps.prc.po.commonPo.protectedModel.view.PoHeadersAllVOTest" id="0" time="0.0010">
    <artifact_tested name="oracle.apps.prc.po.commonPo.protectedModel.view.PoHeadersAllVO" type="ADFVO" />
  </testcase>
  <testcase name="invokeVORowImplAttributeGetter[PunchoutSourcingOnlyFlag]" classname="oracle.apps.prc.po.commonPo.protectedModel.view.PoHeadersAllVOTest" id="0" time="0.0010">
    <artifact_tested name="oracle.apps.prc.po.commonPo.protectedModel.view.PoHeadersAllVO" type="ADFVO" />
  </testcase>
  <testcase name="invokeVORowImplAttributeGetter[BudgetControlEnabledFlag]" classname="oracle.apps.prc.po.commonPo.protectedModel.view.PoHeadersAllVOTest" id="0" time="0.0010">
    <artifact_tested name="oracle.apps.prc.po.commonPo.protectedModel.view.PoHeadersAllVO" type="ADFVO" />
  </testcase>
  <testcase name="invokeVORowImplAttributeGetter[RetroPriceInitApprovalFlag]" classname="oracle.apps.prc.po.commonPo.protectedModel.view.PoHeadersAllVOTest" id="0" time="0.0010">
    <artifact_tested name="oracle.apps.prc.po.commonPo.protectedModel.view.PoHeadersAllVO" type="ADFVO" />
  </testcase>
  <testcase name="invokeVORowImplAttributeGetter[RetroPriceOpenOrderFlag]" classname="oracle.apps.prc.po.commonPo.protectedModel.view.PoHeadersAllVOTest" id="0" time="0.0010">
    <artifact_tested name="oracle.apps.prc.po.commonPo.protectedModel.view.PoHeadersAllVO" type="ADFVO" />
  </testcase>
  <testcase name="invokeVORowImplAttributeGetter[SignatureRequiredFlag]" classname="oracle.apps.prc.po.commonPo.protectedModel.view.PoHeadersAllVOTest" id="0" time="0.0010">
    <artifact_tested name="oracle.apps.prc.po.commonPo.protectedModel.view.PoHeadersAllVO" type="ADFVO" />
  </testcase>
  <testcase name="invokeVORowImplAttributeGetter[AllowMultipleSitesFlag]" classname="oracle.apps.prc.po.commonPo.protectedModel.view.PoHeadersAllVOTest" id="0" time="0.0">
    <artifact_tested name="oracle.apps.prc.po.commonPo.protectedModel.view.PoHeadersAllVO" type="ADFVO" />
  </testcase>
  <testcase name="invokeVORowImplAttributeGetter[PurchasingDocumentTrxOsn]" classname="oracle.apps.prc.po.commonPo.protectedModel.view.PoHeadersAllVOTest" id="0" time="0.164">
    <artifact_tested name="oracle.apps.prc.po.commonPo.protectedModel.view.PoHeadersAllVO" type="ADFVO" />
  </testcase>
</testsuite>
