<?xml version="1.0" encoding="UTF-8" ?>
<testsuite name="oracle.apps.prc.po.commonPo.protectedModel.utilTest.TestPoVo" timestamp="2017-06-20T11:30:29" hostname="indl76040" family="NO_REGISTERED_LBA_FOR_JPR_NAME" initiative="prc_po_lrg" jpr="PrcPoCommonPoProtectedModelTest" label="" product="NO_REGISTERED_LBA_FOR_JPR_NAME" lba="NO_REGISTERED_LBA_FOR_JPR_NAME" tests="1" failures="0" errors="0" time="1.277" runId="0">
  <properties />
  <testcase name="testAllVo[1. PoHeadersAllVO Test]" classname="oracle.apps.prc.po.commonPo.protectedModel.utilTest.TestPoVo" id="0" time="0.0080" />
</testsuite>
