<system-out><![CDATA[The TestClassOwner annotation for this test is missing.

***** Validating connections.xml *****
***** Context class is : oracle.adf.share.jndi.AdfInitialContext
Naming provider :META-INF/connections.xml
Naming provider resolved through URL : file:/scratch/jjikumar/view_storage/jjikumar_REL_13_Test/fusionapps/prc/components/procurement/.adf/META-INF/connections.xml
Protocol is : file
Test Owner: Unassigned. A test method named 'RetroPriceAgreementVVOCriteria' is required. 
A test method named 'SourceDocumentVVOCriteria' is required. 

Resetting bind: prcBuId to: null
Querying for row to use for createSimpleRowForFrameworkTests
Resetting bind: prcBuId to: null
]]></system-out>