<?xml version="1.0" encoding="UTF-8" ?>
<testsuite name="oracle.apps.prc.po.commonPo.protectedModel.view.AllReqBUVVO.AllReqBUVVOTest" timestamp="2017-06-20T11:30:31" hostname="indl76040" family="NO_REGISTERED_LBA_FOR_JPR_NAME" initiative="prc_po_lrg" jpr="PrcPoCommonPoProtectedModelTest" label="" product="NO_REGISTERED_LBA_FOR_JPR_NAME" lba="NO_REGISTERED_LBA_FOR_JPR_NAME" tests="6" failures="0" errors="0" time="3.358" runId="0">
  <properties />
  <testcase name="entitiesNonUpdateable" classname="oracle.apps.prc.po.commonPo.protectedModel.view.AllReqBUVVO.AllReqBUVVOTest" id="0" time="1.192">
    <artifact_tested name="oracle.apps.prc.po.commonPo.protectedModel.validationView.AllReqBUVVO" type="ADFVO" />
  </testcase>
  <testcase name="testVOAccess" classname="oracle.apps.prc.po.commonPo.protectedModel.view.AllReqBUVVO.AllReqBUVVOTest" id="0" time="0.0010">
    <artifact_tested name="oracle.apps.prc.po.commonPo.protectedModel.validationView.AllReqBUVVO" type="ADFVO" />
  </testcase>
  <testcase name="invokeVORowImplAttributeGetter[BusinessUnitId]" classname="oracle.apps.prc.po.commonPo.protectedModel.view.AllReqBUVVO.AllReqBUVVOTest" id="0" time="0.049">
    <artifact_tested name="oracle.apps.prc.po.commonPo.protectedModel.validationView.AllReqBUVVO" type="ADFVO" />
  </testcase>
  <testcase name="invokeVORowImplAttributeGetter[ModuleId]" classname="oracle.apps.prc.po.commonPo.protectedModel.view.AllReqBUVVO.AllReqBUVVOTest" id="0" time="0.0020">
    <artifact_tested name="oracle.apps.prc.po.commonPo.protectedModel.validationView.AllReqBUVVO" type="ADFVO" />
  </testcase>
  <testcase name="invokeVORowImplAttributeGetter[Name]" classname="oracle.apps.prc.po.commonPo.protectedModel.view.AllReqBUVVO.AllReqBUVVOTest" id="0" time="0.0010">
    <artifact_tested name="oracle.apps.prc.po.commonPo.protectedModel.validationView.AllReqBUVVO" type="ADFVO" />
  </testcase>
  <testcase name="invokeVORowImplAttributeGetter[Status]" classname="oracle.apps.prc.po.commonPo.protectedModel.view.AllReqBUVVO.AllReqBUVVOTest" id="0" time="0.0020">
    <artifact_tested name="oracle.apps.prc.po.commonPo.protectedModel.validationView.AllReqBUVVO" type="ADFVO" />
  </testcase>
</testsuite>
