<?xml version="1.0" encoding="UTF-8" ?>
<testsuite name="oracle.apps.prc.po.commonPo.protectedModel.view.SupplierSiteContactVVO.SupplierSiteContactVVOTest" timestamp="2017-06-20T11:34:25" hostname="indl76040" family="NO_REGISTERED_LBA_FOR_JPR_NAME" initiative="prc_po_lrg" jpr="PrcPoCommonPoProtectedModelTest" label="" product="NO_REGISTERED_LBA_FOR_JPR_NAME" lba="NO_REGISTERED_LBA_FOR_JPR_NAME" tests="73" failures="0" errors="0" time="65.575" runId="0">
  <properties />
  <testcase name="entitiesNonUpdateable" classname="oracle.apps.prc.po.commonPo.protectedModel.view.SupplierSiteContactVVO.SupplierSiteContactVVOTest" id="0" time="0.076">
    <artifact_tested name="oracle.apps.prc.po.commonPo.protectedModel.validationView.SupplierSiteContactVVO" type="ADFVO" />
  </testcase>
  <testcase name="testVOAccess" classname="oracle.apps.prc.po.commonPo.protectedModel.view.SupplierSiteContactVVO.SupplierSiteContactVVOTest" id="0" time="0.0010">
    <artifact_tested name="oracle.apps.prc.po.commonPo.protectedModel.validationView.SupplierSiteContactVVO" type="ADFVO" />
  </testcase>
  <testcase name="invokeVORowImplAttributeGetter[VendorContactId]" classname="oracle.apps.prc.po.commonPo.protectedModel.view.SupplierSiteContactVVO.SupplierSiteContactVVOTest" id="0" time="62.707">
    <artifact_tested name="oracle.apps.prc.po.commonPo.protectedModel.validationView.SupplierSiteContactVVO" type="ADFVO" />
  </testcase>
  <testcase name="invokeVORowImplAttributeGetter[VendorSiteId]" classname="oracle.apps.prc.po.commonPo.protectedModel.view.SupplierSiteContactVVO.SupplierSiteContactVVOTest" id="0" time="0.0010">
    <artifact_tested name="oracle.apps.prc.po.commonPo.protectedModel.validationView.SupplierSiteContactVVO" type="ADFVO" />
  </testcase>
  <testcase name="invokeVORowImplAttributeGetter[LastUpdateDate]" classname="oracle.apps.prc.po.commonPo.protectedModel.view.SupplierSiteContactVVO.SupplierSiteContactVVOTest" id="0" time="0.0">
    <artifact_tested name="oracle.apps.prc.po.commonPo.protectedModel.validationView.SupplierSiteContactVVO" type="ADFVO" />
  </testcase>
  <testcase name="invokeVORowImplAttributeGetter[LastUpdatedBy]" classname="oracle.apps.prc.po.commonPo.protectedModel.view.SupplierSiteContactVVO.SupplierSiteContactVVOTest" id="0" time="0.0">
    <artifact_tested name="oracle.apps.prc.po.commonPo.protectedModel.validationView.SupplierSiteContactVVO" type="ADFVO" />
  </testcase>
  <testcase name="invokeVORowImplAttributeGetter[LastUpdateLogin]" classname="oracle.apps.prc.po.commonPo.protectedModel.view.SupplierSiteContactVVO.SupplierSiteContactVVOTest" id="0" time="0.0010">
    <artifact_tested name="oracle.apps.prc.po.commonPo.protectedModel.validationView.SupplierSiteContactVVO" type="ADFVO" />
  </testcase>
  <testcase name="invokeVORowImplAttributeGetter[CreationDate]" classname="oracle.apps.prc.po.commonPo.protectedModel.view.SupplierSiteContactVVO.SupplierSiteContactVVOTest" id="0" time="0.0010">
    <artifact_tested name="oracle.apps.prc.po.commonPo.protectedModel.validationView.SupplierSiteContactVVO" type="ADFVO" />
  </testcase>
  <testcase name="invokeVORowImplAttributeGetter[CreatedBy]" classname="oracle.apps.prc.po.commonPo.protectedModel.view.SupplierSiteContactVVO.SupplierSiteContactVVOTest" id="0" time="0.0">
    <artifact_tested name="oracle.apps.prc.po.commonPo.protectedModel.validationView.SupplierSiteContactVVO" type="ADFVO" />
  </testcase>
  <testcase name="invokeVORowImplAttributeGetter[FirstName]" classname="oracle.apps.prc.po.commonPo.protectedModel.view.SupplierSiteContactVVO.SupplierSiteContactVVOTest" id="0" time="0.0">
    <artifact_tested name="oracle.apps.prc.po.commonPo.protectedModel.validationView.SupplierSiteContactVVO" type="ADFVO" />
  </testcase>
  <testcase name="invokeVORowImplAttributeGetter[MiddleName]" classname="oracle.apps.prc.po.commonPo.protectedModel.view.SupplierSiteContactVVO.SupplierSiteContactVVOTest" id="0" time="0.0010">
    <artifact_tested name="oracle.apps.prc.po.commonPo.protectedModel.validationView.SupplierSiteContactVVO" type="ADFVO" />
  </testcase>
  <testcase name="invokeVORowImplAttributeGetter[LastName]" classname="oracle.apps.prc.po.commonPo.protectedModel.view.SupplierSiteContactVVO.SupplierSiteContactVVOTest" id="0" time="0.0010">
    <artifact_tested name="oracle.apps.prc.po.commonPo.protectedModel.validationView.SupplierSiteContactVVO" type="ADFVO" />
  </testcase>
  <testcase name="invokeVORowImplAttributeGetter[FullName]" classname="oracle.apps.prc.po.commonPo.protectedModel.view.SupplierSiteContactVVO.SupplierSiteContactVVOTest" id="0" time="0.0010">
    <artifact_tested name="oracle.apps.prc.po.commonPo.protectedModel.validationView.SupplierSiteContactVVO" type="ADFVO" />
  </testcase>
  <testcase name="invokeVORowImplAttributeGetter[Prefix]" classname="oracle.apps.prc.po.commonPo.protectedModel.view.SupplierSiteContactVVO.SupplierSiteContactVVOTest" id="0" time="0.0">
    <artifact_tested name="oracle.apps.prc.po.commonPo.protectedModel.validationView.SupplierSiteContactVVO" type="ADFVO" />
  </testcase>
  <testcase name="invokeVORowImplAttributeGetter[Title]" classname="oracle.apps.prc.po.commonPo.protectedModel.view.SupplierSiteContactVVO.SupplierSiteContactVVOTest" id="0" time="0.0010">
    <artifact_tested name="oracle.apps.prc.po.commonPo.protectedModel.validationView.SupplierSiteContactVVO" type="ADFVO" />
  </testcase>
  <testcase name="invokeVORowImplAttributeGetter[MailStop]" classname="oracle.apps.prc.po.commonPo.protectedModel.view.SupplierSiteContactVVO.SupplierSiteContactVVOTest" id="0" time="0.0">
    <artifact_tested name="oracle.apps.prc.po.commonPo.protectedModel.validationView.SupplierSiteContactVVO" type="ADFVO" />
  </testcase>
  <testcase name="invokeVORowImplAttributeGetter[AreaCode]" classname="oracle.apps.prc.po.commonPo.protectedModel.view.SupplierSiteContactVVO.SupplierSiteContactVVOTest" id="0" time="0.0010">
    <artifact_tested name="oracle.apps.prc.po.commonPo.protectedModel.validationView.SupplierSiteContactVVO" type="ADFVO" />
  </testcase>
  <testcase name="invokeVORowImplAttributeGetter[Phone]" classname="oracle.apps.prc.po.commonPo.protectedModel.view.SupplierSiteContactVVO.SupplierSiteContactVVOTest" id="0" time="0.0">
    <artifact_tested name="oracle.apps.prc.po.commonPo.protectedModel.validationView.SupplierSiteContactVVO" type="ADFVO" />
  </testcase>
  <testcase name="invokeVORowImplAttributeGetter[RequestId]" classname="oracle.apps.prc.po.commonPo.protectedModel.view.SupplierSiteContactVVO.SupplierSiteContactVVOTest" id="0" time="0.0010">
    <artifact_tested name="oracle.apps.prc.po.commonPo.protectedModel.validationView.SupplierSiteContactVVO" type="ADFVO" />
  </testcase>
  <testcase name="invokeVORowImplAttributeGetter[ProgramApplicationId]" classname="oracle.apps.prc.po.commonPo.protectedModel.view.SupplierSiteContactVVO.SupplierSiteContactVVOTest" id="0" time="0.0010">
    <artifact_tested name="oracle.apps.prc.po.commonPo.protectedModel.validationView.SupplierSiteContactVVO" type="ADFVO" />
  </testcase>
  <testcase name="invokeVORowImplAttributeGetter[ProgramId]" classname="oracle.apps.prc.po.commonPo.protectedModel.view.SupplierSiteContactVVO.SupplierSiteContactVVOTest" id="0" time="0.0010">
    <artifact_tested name="oracle.apps.prc.po.commonPo.protectedModel.validationView.SupplierSiteContactVVO" type="ADFVO" />
  </testcase>
  <testcase name="invokeVORowImplAttributeGetter[ProgramUpdateDate]" classname="oracle.apps.prc.po.commonPo.protectedModel.view.SupplierSiteContactVVO.SupplierSiteContactVVOTest" id="0" time="0.0010">
    <artifact_tested name="oracle.apps.prc.po.commonPo.protectedModel.validationView.SupplierSiteContactVVO" type="ADFVO" />
  </testcase>
  <testcase name="invokeVORowImplAttributeGetter[ContactNameAlt]" classname="oracle.apps.prc.po.commonPo.protectedModel.view.SupplierSiteContactVVO.SupplierSiteContactVVOTest" id="0" time="0.0">
    <artifact_tested name="oracle.apps.prc.po.commonPo.protectedModel.validationView.SupplierSiteContactVVO" type="ADFVO" />
  </testcase>
  <testcase name="invokeVORowImplAttributeGetter[FirstNameAlt]" classname="oracle.apps.prc.po.commonPo.protectedModel.view.SupplierSiteContactVVO.SupplierSiteContactVVOTest" id="0" time="0.0">
    <artifact_tested name="oracle.apps.prc.po.commonPo.protectedModel.validationView.SupplierSiteContactVVO" type="ADFVO" />
  </testcase>
  <testcase name="invokeVORowImplAttributeGetter[LastNameAlt]" classname="oracle.apps.prc.po.commonPo.protectedModel.view.SupplierSiteContactVVO.SupplierSiteContactVVOTest" id="0" time="0.0010">
    <artifact_tested name="oracle.apps.prc.po.commonPo.protectedModel.validationView.SupplierSiteContactVVO" type="ADFVO" />
  </testcase>
  <testcase name="invokeVORowImplAttributeGetter[Department]" classname="oracle.apps.prc.po.commonPo.protectedModel.view.SupplierSiteContactVVO.SupplierSiteContactVVOTest" id="0" time="0.0010">
    <artifact_tested name="oracle.apps.prc.po.commonPo.protectedModel.validationView.SupplierSiteContactVVO" type="ADFVO" />
  </testcase>
  <testcase name="invokeVORowImplAttributeGetter[EmailAddress]" classname="oracle.apps.prc.po.commonPo.protectedModel.view.SupplierSiteContactVVO.SupplierSiteContactVVOTest" id="0" time="0.0010">
    <artifact_tested name="oracle.apps.prc.po.commonPo.protectedModel.validationView.SupplierSiteContactVVO" type="ADFVO" />
  </testcase>
  <testcase name="invokeVORowImplAttributeGetter[Url]" classname="oracle.apps.prc.po.commonPo.protectedModel.view.SupplierSiteContactVVO.SupplierSiteContactVVOTest" id="0" time="0.0">
    <artifact_tested name="oracle.apps.prc.po.commonPo.protectedModel.validationView.SupplierSiteContactVVO" type="ADFVO" />
  </testcase>
  <testcase name="invokeVORowImplAttributeGetter[AltAreaCode]" classname="oracle.apps.prc.po.commonPo.protectedModel.view.SupplierSiteContactVVO.SupplierSiteContactVVOTest" id="0" time="0.0">
    <artifact_tested name="oracle.apps.prc.po.commonPo.protectedModel.validationView.SupplierSiteContactVVO" type="ADFVO" />
  </testcase>
  <testcase name="invokeVORowImplAttributeGetter[AltPhone]" classname="oracle.apps.prc.po.commonPo.protectedModel.view.SupplierSiteContactVVO.SupplierSiteContactVVOTest" id="0" time="0.0010">
    <artifact_tested name="oracle.apps.prc.po.commonPo.protectedModel.validationView.SupplierSiteContactVVO" type="ADFVO" />
  </testcase>
  <testcase name="invokeVORowImplAttributeGetter[FaxAreaCode]" classname="oracle.apps.prc.po.commonPo.protectedModel.view.SupplierSiteContactVVO.SupplierSiteContactVVOTest" id="0" time="0.0010">
    <artifact_tested name="oracle.apps.prc.po.commonPo.protectedModel.validationView.SupplierSiteContactVVO" type="ADFVO" />
  </testcase>
  <testcase name="invokeVORowImplAttributeGetter[Fax]" classname="oracle.apps.prc.po.commonPo.protectedModel.view.SupplierSiteContactVVO.SupplierSiteContactVVOTest" id="0" time="0.0">
    <artifact_tested name="oracle.apps.prc.po.commonPo.protectedModel.validationView.SupplierSiteContactVVO" type="ADFVO" />
  </testcase>
  <testcase name="invokeVORowImplAttributeGetter[InactiveDate]" classname="oracle.apps.prc.po.commonPo.protectedModel.view.SupplierSiteContactVVO.SupplierSiteContactVVOTest" id="0" time="0.0010">
    <artifact_tested name="oracle.apps.prc.po.commonPo.protectedModel.validationView.SupplierSiteContactVVO" type="ADFVO" />
  </testcase>
  <testcase name="invokeVORowImplAttributeGetter[PerPartyId]" classname="oracle.apps.prc.po.commonPo.protectedModel.view.SupplierSiteContactVVO.SupplierSiteContactVVOTest" id="0" time="0.0">
    <artifact_tested name="oracle.apps.prc.po.commonPo.protectedModel.validationView.SupplierSiteContactVVO" type="ADFVO" />
  </testcase>
  <testcase name="invokeVORowImplAttributeGetter[RelationshipId]" classname="oracle.apps.prc.po.commonPo.protectedModel.view.SupplierSiteContactVVO.SupplierSiteContactVVOTest" id="0" time="0.0">
    <artifact_tested name="oracle.apps.prc.po.commonPo.protectedModel.validationView.SupplierSiteContactVVO" type="ADFVO" />
  </testcase>
  <testcase name="invokeVORowImplAttributeGetter[PartySiteId]" classname="oracle.apps.prc.po.commonPo.protectedModel.view.SupplierSiteContactVVO.SupplierSiteContactVVOTest" id="0" time="0.0010">
    <artifact_tested name="oracle.apps.prc.po.commonPo.protectedModel.validationView.SupplierSiteContactVVO" type="ADFVO" />
  </testcase>
  <testcase name="invokeVORowImplAttributeGetter[OrgContactId]" classname="oracle.apps.prc.po.commonPo.protectedModel.view.SupplierSiteContactVVO.SupplierSiteContactVVOTest" id="0" time="0.0">
    <artifact_tested name="oracle.apps.prc.po.commonPo.protectedModel.validationView.SupplierSiteContactVVO" type="ADFVO" />
  </testcase>
  <testcase name="invokeVORowImplAttributeGetter[OrgPartySiteId]" classname="oracle.apps.prc.po.commonPo.protectedModel.view.SupplierSiteContactVVO.SupplierSiteContactVVOTest" id="0" time="0.0010">
    <artifact_tested name="oracle.apps.prc.po.commonPo.protectedModel.validationView.SupplierSiteContactVVO" type="ADFVO" />
  </testcase>
  <testcase name="invokeVORowImplAttributeGetter[AttributeCategory]" classname="oracle.apps.prc.po.commonPo.protectedModel.view.SupplierSiteContactVVO.SupplierSiteContactVVOTest" id="0" time="0.0">
    <artifact_tested name="oracle.apps.prc.po.commonPo.protectedModel.validationView.SupplierSiteContactVVO" type="ADFVO" />
  </testcase>
  <testcase name="invokeVORowImplAttributeGetter[Attribute1]" classname="oracle.apps.prc.po.commonPo.protectedModel.view.SupplierSiteContactVVO.SupplierSiteContactVVOTest" id="0" time="0.0010">
    <artifact_tested name="oracle.apps.prc.po.commonPo.protectedModel.validationView.SupplierSiteContactVVO" type="ADFVO" />
  </testcase>
  <testcase name="invokeVORowImplAttributeGetter[Attribute2]" classname="oracle.apps.prc.po.commonPo.protectedModel.view.SupplierSiteContactVVO.SupplierSiteContactVVOTest" id="0" time="0.0010">
    <artifact_tested name="oracle.apps.prc.po.commonPo.protectedModel.validationView.SupplierSiteContactVVO" type="ADFVO" />
  </testcase>
  <testcase name="invokeVORowImplAttributeGetter[Attribute3]" classname="oracle.apps.prc.po.commonPo.protectedModel.view.SupplierSiteContactVVO.SupplierSiteContactVVOTest" id="0" time="0.0010">
    <artifact_tested name="oracle.apps.prc.po.commonPo.protectedModel.validationView.SupplierSiteContactVVO" type="ADFVO" />
  </testcase>
  <testcase name="invokeVORowImplAttributeGetter[Attribute4]" classname="oracle.apps.prc.po.commonPo.protectedModel.view.SupplierSiteContactVVO.SupplierSiteContactVVOTest" id="0" time="0.0">
    <artifact_tested name="oracle.apps.prc.po.commonPo.protectedModel.validationView.SupplierSiteContactVVO" type="ADFVO" />
  </testcase>
  <testcase name="invokeVORowImplAttributeGetter[Attribute5]" classname="oracle.apps.prc.po.commonPo.protectedModel.view.SupplierSiteContactVVO.SupplierSiteContactVVOTest" id="0" time="0.0010">
    <artifact_tested name="oracle.apps.prc.po.commonPo.protectedModel.validationView.SupplierSiteContactVVO" type="ADFVO" />
  </testcase>
  <testcase name="invokeVORowImplAttributeGetter[Attribute6]" classname="oracle.apps.prc.po.commonPo.protectedModel.view.SupplierSiteContactVVO.SupplierSiteContactVVOTest" id="0" time="0.0010">
    <artifact_tested name="oracle.apps.prc.po.commonPo.protectedModel.validationView.SupplierSiteContactVVO" type="ADFVO" />
  </testcase>
  <testcase name="invokeVORowImplAttributeGetter[Attribute7]" classname="oracle.apps.prc.po.commonPo.protectedModel.view.SupplierSiteContactVVO.SupplierSiteContactVVOTest" id="0" time="0.0010">
    <artifact_tested name="oracle.apps.prc.po.commonPo.protectedModel.validationView.SupplierSiteContactVVO" type="ADFVO" />
  </testcase>
  <testcase name="invokeVORowImplAttributeGetter[Attribute8]" classname="oracle.apps.prc.po.commonPo.protectedModel.view.SupplierSiteContactVVO.SupplierSiteContactVVOTest" id="0" time="0.0010">
    <artifact_tested name="oracle.apps.prc.po.commonPo.protectedModel.validationView.SupplierSiteContactVVO" type="ADFVO" />
  </testcase>
  <testcase name="invokeVORowImplAttributeGetter[Attribute9]" classname="oracle.apps.prc.po.commonPo.protectedModel.view.SupplierSiteContactVVO.SupplierSiteContactVVOTest" id="0" time="0.0010">
    <artifact_tested name="oracle.apps.prc.po.commonPo.protectedModel.validationView.SupplierSiteContactVVO" type="ADFVO" />
  </testcase>
  <testcase name="invokeVORowImplAttributeGetter[Attribute10]" classname="oracle.apps.prc.po.commonPo.protectedModel.view.SupplierSiteContactVVO.SupplierSiteContactVVOTest" id="0" time="0.0">
    <artifact_tested name="oracle.apps.prc.po.commonPo.protectedModel.validationView.SupplierSiteContactVVO" type="ADFVO" />
  </testcase>
  <testcase name="invokeVORowImplAttributeGetter[Attribute11]" classname="oracle.apps.prc.po.commonPo.protectedModel.view.SupplierSiteContactVVO.SupplierSiteContactVVOTest" id="0" time="0.0010">
    <artifact_tested name="oracle.apps.prc.po.commonPo.protectedModel.validationView.SupplierSiteContactVVO" type="ADFVO" />
  </testcase>
  <testcase name="invokeVORowImplAttributeGetter[Attribute12]" classname="oracle.apps.prc.po.commonPo.protectedModel.view.SupplierSiteContactVVO.SupplierSiteContactVVOTest" id="0" time="0.0010">
    <artifact_tested name="oracle.apps.prc.po.commonPo.protectedModel.validationView.SupplierSiteContactVVO" type="ADFVO" />
  </testcase>
  <testcase name="invokeVORowImplAttributeGetter[Attribute13]" classname="oracle.apps.prc.po.commonPo.protectedModel.view.SupplierSiteContactVVO.SupplierSiteContactVVOTest" id="0" time="0.0010">
    <artifact_tested name="oracle.apps.prc.po.commonPo.protectedModel.validationView.SupplierSiteContactVVO" type="ADFVO" />
  </testcase>
  <testcase name="invokeVORowImplAttributeGetter[Attribute14]" classname="oracle.apps.prc.po.commonPo.protectedModel.view.SupplierSiteContactVVO.SupplierSiteContactVVOTest" id="0" time="0.0010">
    <artifact_tested name="oracle.apps.prc.po.commonPo.protectedModel.validationView.SupplierSiteContactVVO" type="ADFVO" />
  </testcase>
  <testcase name="invokeVORowImplAttributeGetter[Attribute15]" classname="oracle.apps.prc.po.commonPo.protectedModel.view.SupplierSiteContactVVO.SupplierSiteContactVVOTest" id="0" time="0.0">
    <artifact_tested name="oracle.apps.prc.po.commonPo.protectedModel.validationView.SupplierSiteContactVVO" type="ADFVO" />
  </testcase>
  <testcase name="invokeVORowImplAttributeGetter[PartyName]" classname="oracle.apps.prc.po.commonPo.protectedModel.view.SupplierSiteContactVVO.SupplierSiteContactVVOTest" id="0" time="0.0010">
    <artifact_tested name="oracle.apps.prc.po.commonPo.protectedModel.validationView.SupplierSiteContactVVO" type="ADFVO" />
  </testcase>
  <testcase name="invokeVORowImplAttributeGetter[PartyId]" classname="oracle.apps.prc.po.commonPo.protectedModel.view.SupplierSiteContactVVO.SupplierSiteContactVVOTest" id="0" time="0.0">
    <artifact_tested name="oracle.apps.prc.po.commonPo.protectedModel.validationView.SupplierSiteContactVVO" type="ADFVO" />
  </testcase>
  <testcase name="invokeVORowImplAttributeGetter[UserGuid]" classname="oracle.apps.prc.po.commonPo.protectedModel.view.SupplierSiteContactVVO.SupplierSiteContactVVOTest" id="0" time="0.0">
    <artifact_tested name="oracle.apps.prc.po.commonPo.protectedModel.validationView.SupplierSiteContactVVO" type="ADFVO" />
  </testcase>
  <testcase name="invokeVORowImplAttributeGetter[VendorId]" classname="oracle.apps.prc.po.commonPo.protectedModel.view.SupplierSiteContactVVO.SupplierSiteContactVVOTest" id="0" time="0.0010">
    <artifact_tested name="oracle.apps.prc.po.commonPo.protectedModel.validationView.SupplierSiteContactVVO" type="ADFVO" />
  </testcase>
  <testcase name="invokeVORowImplAttributeGetter[PhoneCountryCode]" classname="oracle.apps.prc.po.commonPo.protectedModel.view.SupplierSiteContactVVO.SupplierSiteContactVVOTest" id="0" time="0.0010">
    <artifact_tested name="oracle.apps.prc.po.commonPo.protectedModel.validationView.SupplierSiteContactVVO" type="ADFVO" />
  </testcase>
  <testcase name="invokeVORowImplAttributeGetter[FaxCountryCode]" classname="oracle.apps.prc.po.commonPo.protectedModel.view.SupplierSiteContactVVO.SupplierSiteContactVVOTest" id="0" time="0.0010">
    <artifact_tested name="oracle.apps.prc.po.commonPo.protectedModel.validationView.SupplierSiteContactVVO" type="ADFVO" />
  </testcase>
  <testcase name="invokeVORowImplAttributeGetter[JobTitle]" classname="oracle.apps.prc.po.commonPo.protectedModel.view.SupplierSiteContactVVO.SupplierSiteContactVVOTest" id="0" time="0.0010">
    <artifact_tested name="oracle.apps.prc.po.commonPo.protectedModel.validationView.SupplierSiteContactVVO" type="ADFVO" />
  </testcase>
  <testcase name="invokeVORowImplAttributeGetter[PersonNameSuffix]" classname="oracle.apps.prc.po.commonPo.protectedModel.view.SupplierSiteContactVVO.SupplierSiteContactVVOTest" id="0" time="0.0010">
    <artifact_tested name="oracle.apps.prc.po.commonPo.protectedModel.validationView.SupplierSiteContactVVO" type="ADFVO" />
  </testcase>
  <testcase name="invokeVORowImplAttributeGetter[AdministrativeContact]" classname="oracle.apps.prc.po.commonPo.protectedModel.view.SupplierSiteContactVVO.SupplierSiteContactVVOTest" id="0" time="0.0010">
    <artifact_tested name="oracle.apps.prc.po.commonPo.protectedModel.validationView.SupplierSiteContactVVO" type="ADFVO" />
  </testcase>
  <testcase name="invokeVORowImplAttributeGetter[PhoneExtension]" classname="oracle.apps.prc.po.commonPo.protectedModel.view.SupplierSiteContactVVO.SupplierSiteContactVVOTest" id="0" time="0.0010">
    <artifact_tested name="oracle.apps.prc.po.commonPo.protectedModel.validationView.SupplierSiteContactVVO" type="ADFVO" />
  </testcase>
  <testcase name="invokeVORowImplAttributeGetter[Status]" classname="oracle.apps.prc.po.commonPo.protectedModel.view.SupplierSiteContactVVO.SupplierSiteContactVVOTest" id="0" time="0.048">
    <artifact_tested name="oracle.apps.prc.po.commonPo.protectedModel.validationView.SupplierSiteContactVVO" type="ADFVO" />
  </testcase>
  <testcase name="invokeVORowImplAttributeGetter[Salutation]" classname="oracle.apps.prc.po.commonPo.protectedModel.view.SupplierSiteContactVVO.SupplierSiteContactVVOTest" id="0" time="0.0">
    <artifact_tested name="oracle.apps.prc.po.commonPo.protectedModel.validationView.SupplierSiteContactVVO" type="ADFVO" />
  </testcase>
  <testcase name="invokeVORowImplAttributeGetter[FaxExtension]" classname="oracle.apps.prc.po.commonPo.protectedModel.view.SupplierSiteContactVVO.SupplierSiteContactVVOTest" id="0" time="0.0">
    <artifact_tested name="oracle.apps.prc.po.commonPo.protectedModel.validationView.SupplierSiteContactVVO" type="ADFVO" />
  </testcase>
  <testcase name="invokeVORowImplAttributeGetter[MobileAreaCode]" classname="oracle.apps.prc.po.commonPo.protectedModel.view.SupplierSiteContactVVO.SupplierSiteContactVVOTest" id="0" time="0.0010">
    <artifact_tested name="oracle.apps.prc.po.commonPo.protectedModel.validationView.SupplierSiteContactVVO" type="ADFVO" />
  </testcase>
  <testcase name="invokeVORowImplAttributeGetter[MobileCountryCode]" classname="oracle.apps.prc.po.commonPo.protectedModel.view.SupplierSiteContactVVO.SupplierSiteContactVVOTest" id="0" time="0.0">
    <artifact_tested name="oracle.apps.prc.po.commonPo.protectedModel.validationView.SupplierSiteContactVVO" type="ADFVO" />
  </testcase>
  <testcase name="invokeVORowImplAttributeGetter[PhoneDisplay]" classname="oracle.apps.prc.po.commonPo.protectedModel.view.SupplierSiteContactVVO.SupplierSiteContactVVOTest" id="0" time="0.0010">
    <artifact_tested name="oracle.apps.prc.po.commonPo.protectedModel.validationView.SupplierSiteContactVVO" type="ADFVO" />
  </testcase>
  <testcase name="invokeVORowImplAttributeGetter[FaxDisplay]" classname="oracle.apps.prc.po.commonPo.protectedModel.view.SupplierSiteContactVVO.SupplierSiteContactVVOTest" id="0" time="0.0010">
    <artifact_tested name="oracle.apps.prc.po.commonPo.protectedModel.validationView.SupplierSiteContactVVO" type="ADFVO" />
  </testcase>
  <testcase name="invokeVORowImplAttributeGetter[MobileDisplay]" classname="oracle.apps.prc.po.commonPo.protectedModel.view.SupplierSiteContactVVO.SupplierSiteContactVVOTest" id="0" time="0.0">
    <artifact_tested name="oracle.apps.prc.po.commonPo.protectedModel.validationView.SupplierSiteContactVVO" type="ADFVO" />
  </testcase>
  <testcase name="invokeVORowImplAttributeGetter[MobileNumber]" classname="oracle.apps.prc.po.commonPo.protectedModel.view.SupplierSiteContactVVO.SupplierSiteContactVVOTest" id="0" time="0.0010">
    <artifact_tested name="oracle.apps.prc.po.commonPo.protectedModel.validationView.SupplierSiteContactVVO" type="ADFVO" />
  </testcase>
</testsuite>
