<?xml version="1.0" encoding="UTF-8" ?>
<testsuite name="oracle.apps.prc.po.commonPo.protectedModel.utilTest.TestPoUomUtil" timestamp="2017-06-20T11:30:27" hostname="indl76040" family="NO_REGISTERED_LBA_FOR_JPR_NAME" initiative="prc_po_lrg" jpr="PrcPoCommonPoProtectedModelTest" label="" product="NO_REGISTERED_LBA_FOR_JPR_NAME" lba="NO_REGISTERED_LBA_FOR_JPR_NAME" tests="4" failures="0" errors="0" time="2.797" runId="0">
  <properties />
  <testcase name="testGetUomConvertedValue[Test Uom Converted Value]" classname="oracle.apps.prc.po.commonPo.protectedModel.utilTest.TestPoUomUtil" id="0" time="0.445" />
  <testcase name="testGetConvertedQty[Test Uom Converted Qty]" classname="oracle.apps.prc.po.commonPo.protectedModel.utilTest.TestPoUomUtil" id="0" time="0.3" />
  <testcase name="testIsQtyWithinUomDeviation[Test Qty Within Uom Deviation]" classname="oracle.apps.prc.po.commonPo.protectedModel.utilTest.TestPoUomUtil" id="0" time="0.177" />
  <testcase name="testGetUomDisplayFromCode[Test Get Uom Display From Code]" classname="oracle.apps.prc.po.commonPo.protectedModel.utilTest.TestPoUomUtil" id="0" time="0.743" />
</testsuite>
