<?xml version="1.0" encoding="UTF-8" ?>
<testsuite name="oracle.apps.prc.po.commonPo.protectedModel.view.PoLinesAllVOTest" timestamp="2017-06-20T11:33:51" hostname="indl76040" family="NO_REGISTERED_LBA_FOR_JPR_NAME" initiative="prc_po_lrg" jpr="PrcPoCommonPoProtectedModelTest" label="" product="NO_REGISTERED_LBA_FOR_JPR_NAME" lba="NO_REGISTERED_LBA_FOR_JPR_NAME" tests="191" failures="0" errors="0" time="3.324" runId="0">
  <properties />
  <testcase name="simpleCreateAndRemove" classname="oracle.apps.prc.po.commonPo.protectedModel.view.PoLinesAllVOTest" id="0" time="0.616">
    <artifact_tested name="oracle.apps.prc.po.commonPo.protectedModel.view.PoLinesAllVO" type="ADFVO" />
  </testcase>
  <testcase name="simpleUpdateAndRemove" classname="oracle.apps.prc.po.commonPo.protectedModel.view.PoLinesAllVOTest" id="0" time="0.106">
    <artifact_tested name="oracle.apps.prc.po.commonPo.protectedModel.view.PoLinesAllVO" type="ADFVO" />
  </testcase>
  <testcase name="voRowImplHasAttributeMetadata" classname="oracle.apps.prc.po.commonPo.protectedModel.view.PoLinesAllVOTest" id="0" time="0.0050">
    <artifact_tested name="oracle.apps.prc.po.commonPo.protectedModel.view.PoLinesAllVO" type="ADFVO" />
  </testcase>
  <testcase name="testVOAccess" classname="oracle.apps.prc.po.commonPo.protectedModel.view.PoLinesAllVOTest" id="0" time="0.0">
    <artifact_tested name="oracle.apps.prc.po.commonPo.protectedModel.view.PoLinesAllVO" type="ADFVO" />
  </testcase>
  <testcase name="attributeDefaults[LineStatus]" classname="oracle.apps.prc.po.commonPo.protectedModel.view.PoLinesAllVOTest" id="0" time="0.0040">
    <artifact_tested name="oracle.apps.prc.po.commonPo.protectedModel.view.PoLinesAllVO" type="ADFVO" />
  </testcase>
  <testcase name="invokeVORowImplAttributeGetter[PoLineId]" classname="oracle.apps.prc.po.commonPo.protectedModel.view.PoLinesAllVOTest" id="0" time="0.0020">
    <artifact_tested name="oracle.apps.prc.po.commonPo.protectedModel.view.PoLinesAllVO" type="ADFVO" />
  </testcase>
  <testcase name="invokeVORowImplAttributeGetter[LastUpdateDate]" classname="oracle.apps.prc.po.commonPo.protectedModel.view.PoLinesAllVOTest" id="0" time="0.0">
    <artifact_tested name="oracle.apps.prc.po.commonPo.protectedModel.view.PoLinesAllVO" type="ADFVO" />
  </testcase>
  <testcase name="invokeVORowImplAttributeGetter[LastUpdatedBy]" classname="oracle.apps.prc.po.commonPo.protectedModel.view.PoLinesAllVOTest" id="0" time="0.0">
    <artifact_tested name="oracle.apps.prc.po.commonPo.protectedModel.view.PoLinesAllVO" type="ADFVO" />
  </testcase>
  <testcase name="invokeVORowImplAttributeGetter[PoHeaderId]" classname="oracle.apps.prc.po.commonPo.protectedModel.view.PoLinesAllVOTest" id="0" time="0.0">
    <artifact_tested name="oracle.apps.prc.po.commonPo.protectedModel.view.PoLinesAllVO" type="ADFVO" />
  </testcase>
  <testcase name="invokeVORowImplAttributeGetter[LineTypeId]" classname="oracle.apps.prc.po.commonPo.protectedModel.view.PoLinesAllVOTest" id="0" time="0.0010">
    <artifact_tested name="oracle.apps.prc.po.commonPo.protectedModel.view.PoLinesAllVO" type="ADFVO" />
  </testcase>
  <testcase name="invokeVORowImplAttributeGetter[LineNum]" classname="oracle.apps.prc.po.commonPo.protectedModel.view.PoLinesAllVOTest" id="0" time="0.0010">
    <artifact_tested name="oracle.apps.prc.po.commonPo.protectedModel.view.PoLinesAllVO" type="ADFVO" />
  </testcase>
  <testcase name="invokeVORowImplAttributeGetter[LastUpdateLogin]" classname="oracle.apps.prc.po.commonPo.protectedModel.view.PoLinesAllVOTest" id="0" time="0.0010">
    <artifact_tested name="oracle.apps.prc.po.commonPo.protectedModel.view.PoLinesAllVO" type="ADFVO" />
  </testcase>
  <testcase name="invokeVORowImplAttributeGetter[CreationDate]" classname="oracle.apps.prc.po.commonPo.protectedModel.view.PoLinesAllVOTest" id="0" time="0.0010">
    <artifact_tested name="oracle.apps.prc.po.commonPo.protectedModel.view.PoLinesAllVO" type="ADFVO" />
  </testcase>
  <testcase name="invokeVORowImplAttributeGetter[CreatedBy]" classname="oracle.apps.prc.po.commonPo.protectedModel.view.PoLinesAllVOTest" id="0" time="0.0010">
    <artifact_tested name="oracle.apps.prc.po.commonPo.protectedModel.view.PoLinesAllVO" type="ADFVO" />
  </testcase>
  <testcase name="invokeVORowImplAttributeGetter[ItemId]" classname="oracle.apps.prc.po.commonPo.protectedModel.view.PoLinesAllVOTest" id="0" time="0.0">
    <artifact_tested name="oracle.apps.prc.po.commonPo.protectedModel.view.PoLinesAllVO" type="ADFVO" />
  </testcase>
  <testcase name="invokeVORowImplAttributeGetter[ItemRevision]" classname="oracle.apps.prc.po.commonPo.protectedModel.view.PoLinesAllVOTest" id="0" time="0.0010">
    <artifact_tested name="oracle.apps.prc.po.commonPo.protectedModel.view.PoLinesAllVO" type="ADFVO" />
  </testcase>
  <testcase name="invokeVORowImplAttributeGetter[CategoryId]" classname="oracle.apps.prc.po.commonPo.protectedModel.view.PoLinesAllVOTest" id="0" time="0.0010">
    <artifact_tested name="oracle.apps.prc.po.commonPo.protectedModel.view.PoLinesAllVO" type="ADFVO" />
  </testcase>
  <testcase name="invokeVORowImplAttributeGetter[ItemDescription]" classname="oracle.apps.prc.po.commonPo.protectedModel.view.PoLinesAllVOTest" id="0" time="0.0">
    <artifact_tested name="oracle.apps.prc.po.commonPo.protectedModel.view.PoLinesAllVO" type="ADFVO" />
  </testcase>
  <testcase name="invokeVORowImplAttributeGetter[QuantityCommitted]" classname="oracle.apps.prc.po.commonPo.protectedModel.view.PoLinesAllVOTest" id="0" time="0.0">
    <artifact_tested name="oracle.apps.prc.po.commonPo.protectedModel.view.PoLinesAllVO" type="ADFVO" />
  </testcase>
  <testcase name="invokeVORowImplAttributeGetter[CommittedAmount]" classname="oracle.apps.prc.po.commonPo.protectedModel.view.PoLinesAllVOTest" id="0" time="0.0010">
    <artifact_tested name="oracle.apps.prc.po.commonPo.protectedModel.view.PoLinesAllVO" type="ADFVO" />
  </testcase>
  <testcase name="invokeVORowImplAttributeGetter[AllowPriceOverrideFlag]" classname="oracle.apps.prc.po.commonPo.protectedModel.view.PoLinesAllVOTest" id="0" time="0.0010">
    <artifact_tested name="oracle.apps.prc.po.commonPo.protectedModel.view.PoLinesAllVO" type="ADFVO" />
  </testcase>
  <testcase name="invokeVORowImplAttributeGetter[NotToExceedPrice]" classname="oracle.apps.prc.po.commonPo.protectedModel.view.PoLinesAllVOTest" id="0" time="0.0">
    <artifact_tested name="oracle.apps.prc.po.commonPo.protectedModel.view.PoLinesAllVO" type="ADFVO" />
  </testcase>
  <testcase name="invokeVORowImplAttributeGetter[ListPricePerUnit]" classname="oracle.apps.prc.po.commonPo.protectedModel.view.PoLinesAllVOTest" id="0" time="0.0010">
    <artifact_tested name="oracle.apps.prc.po.commonPo.protectedModel.view.PoLinesAllVO" type="ADFVO" />
  </testcase>
  <testcase name="invokeVORowImplAttributeGetter[UnitPrice]" classname="oracle.apps.prc.po.commonPo.protectedModel.view.PoLinesAllVOTest" id="0" time="0.0010">
    <artifact_tested name="oracle.apps.prc.po.commonPo.protectedModel.view.PoLinesAllVO" type="ADFVO" />
  </testcase>
  <testcase name="invokeVORowImplAttributeGetter[Quantity]" classname="oracle.apps.prc.po.commonPo.protectedModel.view.PoLinesAllVOTest" id="0" time="0.0">
    <artifact_tested name="oracle.apps.prc.po.commonPo.protectedModel.view.PoLinesAllVO" type="ADFVO" />
  </testcase>
  <testcase name="invokeVORowImplAttributeGetter[UnNumberId]" classname="oracle.apps.prc.po.commonPo.protectedModel.view.PoLinesAllVOTest" id="0" time="0.0">
    <artifact_tested name="oracle.apps.prc.po.commonPo.protectedModel.view.PoLinesAllVO" type="ADFVO" />
  </testcase>
  <testcase name="invokeVORowImplAttributeGetter[HazardClassId]" classname="oracle.apps.prc.po.commonPo.protectedModel.view.PoLinesAllVOTest" id="0" time="0.0">
    <artifact_tested name="oracle.apps.prc.po.commonPo.protectedModel.view.PoLinesAllVO" type="ADFVO" />
  </testcase>
  <testcase name="invokeVORowImplAttributeGetter[NoteToVendor]" classname="oracle.apps.prc.po.commonPo.protectedModel.view.PoLinesAllVOTest" id="0" time="0.0">
    <artifact_tested name="oracle.apps.prc.po.commonPo.protectedModel.view.PoLinesAllVO" type="ADFVO" />
  </testcase>
  <testcase name="invokeVORowImplAttributeGetter[FromHeaderId]" classname="oracle.apps.prc.po.commonPo.protectedModel.view.PoLinesAllVOTest" id="0" time="0.0010">
    <artifact_tested name="oracle.apps.prc.po.commonPo.protectedModel.view.PoLinesAllVO" type="ADFVO" />
  </testcase>
  <testcase name="invokeVORowImplAttributeGetter[FromLineId]" classname="oracle.apps.prc.po.commonPo.protectedModel.view.PoLinesAllVOTest" id="0" time="0.0010">
    <artifact_tested name="oracle.apps.prc.po.commonPo.protectedModel.view.PoLinesAllVO" type="ADFVO" />
  </testcase>
  <testcase name="invokeVORowImplAttributeGetter[QtyRcvTolerance]" classname="oracle.apps.prc.po.commonPo.protectedModel.view.PoLinesAllVOTest" id="0" time="0.0">
    <artifact_tested name="oracle.apps.prc.po.commonPo.protectedModel.view.PoLinesAllVO" type="ADFVO" />
  </testcase>
  <testcase name="invokeVORowImplAttributeGetter[PrcBuId]" classname="oracle.apps.prc.po.commonPo.protectedModel.view.PoLinesAllVOTest" id="0" time="0.0010">
    <artifact_tested name="oracle.apps.prc.po.commonPo.protectedModel.view.PoLinesAllVO" type="ADFVO" />
  </testcase>
  <testcase name="invokeVORowImplAttributeGetter[ReqBuId]" classname="oracle.apps.prc.po.commonPo.protectedModel.view.PoLinesAllVOTest" id="0" time="0.0010">
    <artifact_tested name="oracle.apps.prc.po.commonPo.protectedModel.view.PoLinesAllVO" type="ADFVO" />
  </testcase>
  <testcase name="invokeVORowImplAttributeGetter[OverToleranceErrorFlag]" classname="oracle.apps.prc.po.commonPo.protectedModel.view.PoLinesAllVOTest" id="0" time="0.0010">
    <artifact_tested name="oracle.apps.prc.po.commonPo.protectedModel.view.PoLinesAllVO" type="ADFVO" />
  </testcase>
  <testcase name="invokeVORowImplAttributeGetter[MarketPrice]" classname="oracle.apps.prc.po.commonPo.protectedModel.view.PoLinesAllVOTest" id="0" time="0.0010">
    <artifact_tested name="oracle.apps.prc.po.commonPo.protectedModel.view.PoLinesAllVO" type="ADFVO" />
  </testcase>
  <testcase name="invokeVORowImplAttributeGetter[UnorderedFlag]" classname="oracle.apps.prc.po.commonPo.protectedModel.view.PoLinesAllVOTest" id="0" time="0.0010">
    <artifact_tested name="oracle.apps.prc.po.commonPo.protectedModel.view.PoLinesAllVO" type="ADFVO" />
  </testcase>
  <testcase name="invokeVORowImplAttributeGetter[CancelledBy]" classname="oracle.apps.prc.po.commonPo.protectedModel.view.PoLinesAllVOTest" id="0" time="0.0">
    <artifact_tested name="oracle.apps.prc.po.commonPo.protectedModel.view.PoLinesAllVO" type="ADFVO" />
  </testcase>
  <testcase name="invokeVORowImplAttributeGetter[CancelDate]" classname="oracle.apps.prc.po.commonPo.protectedModel.view.PoLinesAllVOTest" id="0" time="0.0010">
    <artifact_tested name="oracle.apps.prc.po.commonPo.protectedModel.view.PoLinesAllVO" type="ADFVO" />
  </testcase>
  <testcase name="invokeVORowImplAttributeGetter[CancelReason]" classname="oracle.apps.prc.po.commonPo.protectedModel.view.PoLinesAllVOTest" id="0" time="0.0010">
    <artifact_tested name="oracle.apps.prc.po.commonPo.protectedModel.view.PoLinesAllVO" type="ADFVO" />
  </testcase>
  <testcase name="invokeVORowImplAttributeGetter[FirmStatusLookupCode]" classname="oracle.apps.prc.po.commonPo.protectedModel.view.PoLinesAllVOTest" id="0" time="0.0">
    <artifact_tested name="oracle.apps.prc.po.commonPo.protectedModel.view.PoLinesAllVO" type="ADFVO" />
  </testcase>
  <testcase name="invokeVORowImplAttributeGetter[FirmDate]" classname="oracle.apps.prc.po.commonPo.protectedModel.view.PoLinesAllVOTest" id="0" time="0.0">
    <artifact_tested name="oracle.apps.prc.po.commonPo.protectedModel.view.PoLinesAllVO" type="ADFVO" />
  </testcase>
  <testcase name="invokeVORowImplAttributeGetter[VendorProductNum]" classname="oracle.apps.prc.po.commonPo.protectedModel.view.PoLinesAllVOTest" id="0" time="0.0">
    <artifact_tested name="oracle.apps.prc.po.commonPo.protectedModel.view.PoLinesAllVO" type="ADFVO" />
  </testcase>
  <testcase name="invokeVORowImplAttributeGetter[TaxableFlag]" classname="oracle.apps.prc.po.commonPo.protectedModel.view.PoLinesAllVOTest" id="0" time="0.0010">
    <artifact_tested name="oracle.apps.prc.po.commonPo.protectedModel.view.PoLinesAllVO" type="ADFVO" />
  </testcase>
  <testcase name="invokeVORowImplAttributeGetter[TaxName]" classname="oracle.apps.prc.po.commonPo.protectedModel.view.PoLinesAllVOTest" id="0" time="0.0010">
    <artifact_tested name="oracle.apps.prc.po.commonPo.protectedModel.view.PoLinesAllVO" type="ADFVO" />
  </testcase>
  <testcase name="invokeVORowImplAttributeGetter[Type1099]" classname="oracle.apps.prc.po.commonPo.protectedModel.view.PoLinesAllVOTest" id="0" time="0.0010">
    <artifact_tested name="oracle.apps.prc.po.commonPo.protectedModel.view.PoLinesAllVO" type="ADFVO" />
  </testcase>
  <testcase name="invokeVORowImplAttributeGetter[CapitalExpenseFlag]" classname="oracle.apps.prc.po.commonPo.protectedModel.view.PoLinesAllVOTest" id="0" time="0.0010">
    <artifact_tested name="oracle.apps.prc.po.commonPo.protectedModel.view.PoLinesAllVO" type="ADFVO" />
  </testcase>
  <testcase name="invokeVORowImplAttributeGetter[NegotiatedByPreparerFlag]" classname="oracle.apps.prc.po.commonPo.protectedModel.view.PoLinesAllVOTest" id="0" time="0.0010">
    <artifact_tested name="oracle.apps.prc.po.commonPo.protectedModel.view.PoLinesAllVO" type="ADFVO" />
  </testcase>
  <testcase name="invokeVORowImplAttributeGetter[AttributeCategory]" classname="oracle.apps.prc.po.commonPo.protectedModel.view.PoLinesAllVOTest" id="0" time="0.0010">
    <artifact_tested name="oracle.apps.prc.po.commonPo.protectedModel.view.PoLinesAllVO" type="ADFVO" />
  </testcase>
  <testcase name="invokeVORowImplAttributeGetter[Attribute1]" classname="oracle.apps.prc.po.commonPo.protectedModel.view.PoLinesAllVOTest" id="0" time="0.0">
    <artifact_tested name="oracle.apps.prc.po.commonPo.protectedModel.view.PoLinesAllVO" type="ADFVO" />
  </testcase>
  <testcase name="invokeVORowImplAttributeGetter[Attribute2]" classname="oracle.apps.prc.po.commonPo.protectedModel.view.PoLinesAllVOTest" id="0" time="0.0">
    <artifact_tested name="oracle.apps.prc.po.commonPo.protectedModel.view.PoLinesAllVO" type="ADFVO" />
  </testcase>
  <testcase name="invokeVORowImplAttributeGetter[Attribute3]" classname="oracle.apps.prc.po.commonPo.protectedModel.view.PoLinesAllVOTest" id="0" time="0.0010">
    <artifact_tested name="oracle.apps.prc.po.commonPo.protectedModel.view.PoLinesAllVO" type="ADFVO" />
  </testcase>
  <testcase name="invokeVORowImplAttributeGetter[Attribute4]" classname="oracle.apps.prc.po.commonPo.protectedModel.view.PoLinesAllVOTest" id="0" time="0.0">
    <artifact_tested name="oracle.apps.prc.po.commonPo.protectedModel.view.PoLinesAllVO" type="ADFVO" />
  </testcase>
  <testcase name="invokeVORowImplAttributeGetter[Attribute5]" classname="oracle.apps.prc.po.commonPo.protectedModel.view.PoLinesAllVOTest" id="0" time="0.0010">
    <artifact_tested name="oracle.apps.prc.po.commonPo.protectedModel.view.PoLinesAllVO" type="ADFVO" />
  </testcase>
  <testcase name="invokeVORowImplAttributeGetter[Attribute6]" classname="oracle.apps.prc.po.commonPo.protectedModel.view.PoLinesAllVOTest" id="0" time="0.0010">
    <artifact_tested name="oracle.apps.prc.po.commonPo.protectedModel.view.PoLinesAllVO" type="ADFVO" />
  </testcase>
  <testcase name="invokeVORowImplAttributeGetter[Attribute7]" classname="oracle.apps.prc.po.commonPo.protectedModel.view.PoLinesAllVOTest" id="0" time="0.0">
    <artifact_tested name="oracle.apps.prc.po.commonPo.protectedModel.view.PoLinesAllVO" type="ADFVO" />
  </testcase>
  <testcase name="invokeVORowImplAttributeGetter[Attribute8]" classname="oracle.apps.prc.po.commonPo.protectedModel.view.PoLinesAllVOTest" id="0" time="0.0010">
    <artifact_tested name="oracle.apps.prc.po.commonPo.protectedModel.view.PoLinesAllVO" type="ADFVO" />
  </testcase>
  <testcase name="invokeVORowImplAttributeGetter[Attribute9]" classname="oracle.apps.prc.po.commonPo.protectedModel.view.PoLinesAllVOTest" id="0" time="0.0010">
    <artifact_tested name="oracle.apps.prc.po.commonPo.protectedModel.view.PoLinesAllVO" type="ADFVO" />
  </testcase>
  <testcase name="invokeVORowImplAttributeGetter[Attribute10]" classname="oracle.apps.prc.po.commonPo.protectedModel.view.PoLinesAllVOTest" id="0" time="0.0010">
    <artifact_tested name="oracle.apps.prc.po.commonPo.protectedModel.view.PoLinesAllVO" type="ADFVO" />
  </testcase>
  <testcase name="invokeVORowImplAttributeGetter[ReferenceNum]" classname="oracle.apps.prc.po.commonPo.protectedModel.view.PoLinesAllVOTest" id="0" time="0.0010">
    <artifact_tested name="oracle.apps.prc.po.commonPo.protectedModel.view.PoLinesAllVO" type="ADFVO" />
  </testcase>
  <testcase name="invokeVORowImplAttributeGetter[Attribute11]" classname="oracle.apps.prc.po.commonPo.protectedModel.view.PoLinesAllVOTest" id="0" time="0.0010">
    <artifact_tested name="oracle.apps.prc.po.commonPo.protectedModel.view.PoLinesAllVO" type="ADFVO" />
  </testcase>
  <testcase name="invokeVORowImplAttributeGetter[Attribute12]" classname="oracle.apps.prc.po.commonPo.protectedModel.view.PoLinesAllVOTest" id="0" time="0.0010">
    <artifact_tested name="oracle.apps.prc.po.commonPo.protectedModel.view.PoLinesAllVO" type="ADFVO" />
  </testcase>
  <testcase name="invokeVORowImplAttributeGetter[Attribute13]" classname="oracle.apps.prc.po.commonPo.protectedModel.view.PoLinesAllVOTest" id="0" time="0.0010">
    <artifact_tested name="oracle.apps.prc.po.commonPo.protectedModel.view.PoLinesAllVO" type="ADFVO" />
  </testcase>
  <testcase name="invokeVORowImplAttributeGetter[Attribute14]" classname="oracle.apps.prc.po.commonPo.protectedModel.view.PoLinesAllVOTest" id="0" time="0.0010">
    <artifact_tested name="oracle.apps.prc.po.commonPo.protectedModel.view.PoLinesAllVO" type="ADFVO" />
  </testcase>
  <testcase name="invokeVORowImplAttributeGetter[Attribute15]" classname="oracle.apps.prc.po.commonPo.protectedModel.view.PoLinesAllVOTest" id="0" time="0.0">
    <artifact_tested name="oracle.apps.prc.po.commonPo.protectedModel.view.PoLinesAllVO" type="ADFVO" />
  </testcase>
  <testcase name="invokeVORowImplAttributeGetter[MinReleaseAmount]" classname="oracle.apps.prc.po.commonPo.protectedModel.view.PoLinesAllVOTest" id="0" time="0.0">
    <artifact_tested name="oracle.apps.prc.po.commonPo.protectedModel.view.PoLinesAllVO" type="ADFVO" />
  </testcase>
  <testcase name="invokeVORowImplAttributeGetter[PriceTypeLookupCode]" classname="oracle.apps.prc.po.commonPo.protectedModel.view.PoLinesAllVOTest" id="0" time="0.0010">
    <artifact_tested name="oracle.apps.prc.po.commonPo.protectedModel.view.PoLinesAllVO" type="ADFVO" />
  </testcase>
  <testcase name="invokeVORowImplAttributeGetter[PriceBreakLookupCode]" classname="oracle.apps.prc.po.commonPo.protectedModel.view.PoLinesAllVOTest" id="0" time="0.0010">
    <artifact_tested name="oracle.apps.prc.po.commonPo.protectedModel.view.PoLinesAllVO" type="ADFVO" />
  </testcase>
  <testcase name="invokeVORowImplAttributeGetter[GovernmentContext]" classname="oracle.apps.prc.po.commonPo.protectedModel.view.PoLinesAllVOTest" id="0" time="0.0">
    <artifact_tested name="oracle.apps.prc.po.commonPo.protectedModel.view.PoLinesAllVO" type="ADFVO" />
  </testcase>
  <testcase name="invokeVORowImplAttributeGetter[RequestId]" classname="oracle.apps.prc.po.commonPo.protectedModel.view.PoLinesAllVOTest" id="0" time="0.0">
    <artifact_tested name="oracle.apps.prc.po.commonPo.protectedModel.view.PoLinesAllVO" type="ADFVO" />
  </testcase>
  <testcase name="invokeVORowImplAttributeGetter[ProgramName]" classname="oracle.apps.prc.po.commonPo.protectedModel.view.PoLinesAllVOTest" id="0" time="0.0010">
    <artifact_tested name="oracle.apps.prc.po.commonPo.protectedModel.view.PoLinesAllVO" type="ADFVO" />
  </testcase>
  <testcase name="invokeVORowImplAttributeGetter[ProgramAppName]" classname="oracle.apps.prc.po.commonPo.protectedModel.view.PoLinesAllVOTest" id="0" time="0.0">
    <artifact_tested name="oracle.apps.prc.po.commonPo.protectedModel.view.PoLinesAllVO" type="ADFVO" />
  </testcase>
  <testcase name="invokeVORowImplAttributeGetter[ClosedDate]" classname="oracle.apps.prc.po.commonPo.protectedModel.view.PoLinesAllVOTest" id="0" time="0.0010">
    <artifact_tested name="oracle.apps.prc.po.commonPo.protectedModel.view.PoLinesAllVO" type="ADFVO" />
  </testcase>
  <testcase name="invokeVORowImplAttributeGetter[ClosedReason]" classname="oracle.apps.prc.po.commonPo.protectedModel.view.PoLinesAllVOTest" id="0" time="0.0">
    <artifact_tested name="oracle.apps.prc.po.commonPo.protectedModel.view.PoLinesAllVO" type="ADFVO" />
  </testcase>
  <testcase name="invokeVORowImplAttributeGetter[ClosedBy]" classname="oracle.apps.prc.po.commonPo.protectedModel.view.PoLinesAllVOTest" id="0" time="0.0010">
    <artifact_tested name="oracle.apps.prc.po.commonPo.protectedModel.view.PoLinesAllVO" type="ADFVO" />
  </testcase>
  <testcase name="invokeVORowImplAttributeGetter[QcGrade]" classname="oracle.apps.prc.po.commonPo.protectedModel.view.PoLinesAllVOTest" id="0" time="0.0010">
    <artifact_tested name="oracle.apps.prc.po.commonPo.protectedModel.view.PoLinesAllVO" type="ADFVO" />
  </testcase>
  <testcase name="invokeVORowImplAttributeGetter[BaseUom]" classname="oracle.apps.prc.po.commonPo.protectedModel.view.PoLinesAllVOTest" id="0" time="0.0">
    <artifact_tested name="oracle.apps.prc.po.commonPo.protectedModel.view.PoLinesAllVO" type="ADFVO" />
  </testcase>
  <testcase name="invokeVORowImplAttributeGetter[BaseQty]" classname="oracle.apps.prc.po.commonPo.protectedModel.view.PoLinesAllVOTest" id="0" time="0.0">
    <artifact_tested name="oracle.apps.prc.po.commonPo.protectedModel.view.PoLinesAllVO" type="ADFVO" />
  </testcase>
  <testcase name="invokeVORowImplAttributeGetter[GlobalAttributeCategory]" classname="oracle.apps.prc.po.commonPo.protectedModel.view.PoLinesAllVOTest" id="0" time="0.0010">
    <artifact_tested name="oracle.apps.prc.po.commonPo.protectedModel.view.PoLinesAllVO" type="ADFVO" />
  </testcase>
  <testcase name="invokeVORowImplAttributeGetter[GlobalAttribute1]" classname="oracle.apps.prc.po.commonPo.protectedModel.view.PoLinesAllVOTest" id="0" time="0.0">
    <artifact_tested name="oracle.apps.prc.po.commonPo.protectedModel.view.PoLinesAllVO" type="ADFVO" />
  </testcase>
  <testcase name="invokeVORowImplAttributeGetter[GlobalAttribute2]" classname="oracle.apps.prc.po.commonPo.protectedModel.view.PoLinesAllVOTest" id="0" time="0.0">
    <artifact_tested name="oracle.apps.prc.po.commonPo.protectedModel.view.PoLinesAllVO" type="ADFVO" />
  </testcase>
  <testcase name="invokeVORowImplAttributeGetter[GlobalAttribute3]" classname="oracle.apps.prc.po.commonPo.protectedModel.view.PoLinesAllVOTest" id="0" time="0.0010">
    <artifact_tested name="oracle.apps.prc.po.commonPo.protectedModel.view.PoLinesAllVO" type="ADFVO" />
  </testcase>
  <testcase name="invokeVORowImplAttributeGetter[GlobalAttribute4]" classname="oracle.apps.prc.po.commonPo.protectedModel.view.PoLinesAllVOTest" id="0" time="0.0">
    <artifact_tested name="oracle.apps.prc.po.commonPo.protectedModel.view.PoLinesAllVO" type="ADFVO" />
  </testcase>
  <testcase name="invokeVORowImplAttributeGetter[GlobalAttribute5]" classname="oracle.apps.prc.po.commonPo.protectedModel.view.PoLinesAllVOTest" id="0" time="0.0010">
    <artifact_tested name="oracle.apps.prc.po.commonPo.protectedModel.view.PoLinesAllVO" type="ADFVO" />
  </testcase>
  <testcase name="invokeVORowImplAttributeGetter[GlobalAttribute6]" classname="oracle.apps.prc.po.commonPo.protectedModel.view.PoLinesAllVOTest" id="0" time="0.0010">
    <artifact_tested name="oracle.apps.prc.po.commonPo.protectedModel.view.PoLinesAllVO" type="ADFVO" />
  </testcase>
  <testcase name="invokeVORowImplAttributeGetter[GlobalAttribute7]" classname="oracle.apps.prc.po.commonPo.protectedModel.view.PoLinesAllVOTest" id="0" time="0.0010">
    <artifact_tested name="oracle.apps.prc.po.commonPo.protectedModel.view.PoLinesAllVO" type="ADFVO" />
  </testcase>
  <testcase name="invokeVORowImplAttributeGetter[GlobalAttribute8]" classname="oracle.apps.prc.po.commonPo.protectedModel.view.PoLinesAllVOTest" id="0" time="0.0">
    <artifact_tested name="oracle.apps.prc.po.commonPo.protectedModel.view.PoLinesAllVO" type="ADFVO" />
  </testcase>
  <testcase name="invokeVORowImplAttributeGetter[GlobalAttribute9]" classname="oracle.apps.prc.po.commonPo.protectedModel.view.PoLinesAllVOTest" id="0" time="0.0010">
    <artifact_tested name="oracle.apps.prc.po.commonPo.protectedModel.view.PoLinesAllVO" type="ADFVO" />
  </testcase>
  <testcase name="invokeVORowImplAttributeGetter[GlobalAttribute10]" classname="oracle.apps.prc.po.commonPo.protectedModel.view.PoLinesAllVOTest" id="0" time="0.0">
    <artifact_tested name="oracle.apps.prc.po.commonPo.protectedModel.view.PoLinesAllVO" type="ADFVO" />
  </testcase>
  <testcase name="invokeVORowImplAttributeGetter[GlobalAttribute11]" classname="oracle.apps.prc.po.commonPo.protectedModel.view.PoLinesAllVOTest" id="0" time="0.0">
    <artifact_tested name="oracle.apps.prc.po.commonPo.protectedModel.view.PoLinesAllVO" type="ADFVO" />
  </testcase>
  <testcase name="invokeVORowImplAttributeGetter[GlobalAttribute12]" classname="oracle.apps.prc.po.commonPo.protectedModel.view.PoLinesAllVOTest" id="0" time="0.0">
    <artifact_tested name="oracle.apps.prc.po.commonPo.protectedModel.view.PoLinesAllVO" type="ADFVO" />
  </testcase>
  <testcase name="invokeVORowImplAttributeGetter[GlobalAttribute13]" classname="oracle.apps.prc.po.commonPo.protectedModel.view.PoLinesAllVOTest" id="0" time="0.0010">
    <artifact_tested name="oracle.apps.prc.po.commonPo.protectedModel.view.PoLinesAllVO" type="ADFVO" />
  </testcase>
  <testcase name="invokeVORowImplAttributeGetter[GlobalAttribute14]" classname="oracle.apps.prc.po.commonPo.protectedModel.view.PoLinesAllVOTest" id="0" time="0.0">
    <artifact_tested name="oracle.apps.prc.po.commonPo.protectedModel.view.PoLinesAllVO" type="ADFVO" />
  </testcase>
  <testcase name="invokeVORowImplAttributeGetter[GlobalAttribute15]" classname="oracle.apps.prc.po.commonPo.protectedModel.view.PoLinesAllVOTest" id="0" time="0.0">
    <artifact_tested name="oracle.apps.prc.po.commonPo.protectedModel.view.PoLinesAllVO" type="ADFVO" />
  </testcase>
  <testcase name="invokeVORowImplAttributeGetter[GlobalAttribute16]" classname="oracle.apps.prc.po.commonPo.protectedModel.view.PoLinesAllVOTest" id="0" time="0.0">
    <artifact_tested name="oracle.apps.prc.po.commonPo.protectedModel.view.PoLinesAllVO" type="ADFVO" />
  </testcase>
  <testcase name="invokeVORowImplAttributeGetter[GlobalAttribute17]" classname="oracle.apps.prc.po.commonPo.protectedModel.view.PoLinesAllVOTest" id="0" time="0.0010">
    <artifact_tested name="oracle.apps.prc.po.commonPo.protectedModel.view.PoLinesAllVO" type="ADFVO" />
  </testcase>
  <testcase name="invokeVORowImplAttributeGetter[GlobalAttribute18]" classname="oracle.apps.prc.po.commonPo.protectedModel.view.PoLinesAllVOTest" id="0" time="0.0">
    <artifact_tested name="oracle.apps.prc.po.commonPo.protectedModel.view.PoLinesAllVO" type="ADFVO" />
  </testcase>
  <testcase name="invokeVORowImplAttributeGetter[GlobalAttribute19]" classname="oracle.apps.prc.po.commonPo.protectedModel.view.PoLinesAllVOTest" id="0" time="0.0">
    <artifact_tested name="oracle.apps.prc.po.commonPo.protectedModel.view.PoLinesAllVO" type="ADFVO" />
  </testcase>
  <testcase name="invokeVORowImplAttributeGetter[GlobalAttribute20]" classname="oracle.apps.prc.po.commonPo.protectedModel.view.PoLinesAllVOTest" id="0" time="0.0010">
    <artifact_tested name="oracle.apps.prc.po.commonPo.protectedModel.view.PoLinesAllVO" type="ADFVO" />
  </testcase>
  <testcase name="invokeVORowImplAttributeGetter[LineReferenceNum]" classname="oracle.apps.prc.po.commonPo.protectedModel.view.PoLinesAllVOTest" id="0" time="0.0010">
    <artifact_tested name="oracle.apps.prc.po.commonPo.protectedModel.view.PoLinesAllVO" type="ADFVO" />
  </testcase>
  <testcase name="invokeVORowImplAttributeGetter[ExpirationDate]" classname="oracle.apps.prc.po.commonPo.protectedModel.view.PoLinesAllVOTest" id="0" time="0.0010">
    <artifact_tested name="oracle.apps.prc.po.commonPo.protectedModel.view.PoLinesAllVO" type="ADFVO" />
  </testcase>
  <testcase name="invokeVORowImplAttributeGetter[TaxCodeId]" classname="oracle.apps.prc.po.commonPo.protectedModel.view.PoLinesAllVOTest" id="0" time="0.0010">
    <artifact_tested name="oracle.apps.prc.po.commonPo.protectedModel.view.PoLinesAllVO" type="ADFVO" />
  </testcase>
  <testcase name="invokeVORowImplAttributeGetter[OkeContractHeaderId]" classname="oracle.apps.prc.po.commonPo.protectedModel.view.PoLinesAllVOTest" id="0" time="0.0">
    <artifact_tested name="oracle.apps.prc.po.commonPo.protectedModel.view.PoLinesAllVO" type="ADFVO" />
  </testcase>
  <testcase name="invokeVORowImplAttributeGetter[OkeContractVersionId]" classname="oracle.apps.prc.po.commonPo.protectedModel.view.PoLinesAllVOTest" id="0" time="0.0">
    <artifact_tested name="oracle.apps.prc.po.commonPo.protectedModel.view.PoLinesAllVO" type="ADFVO" />
  </testcase>
  <testcase name="invokeVORowImplAttributeGetter[SecondaryQuantity]" classname="oracle.apps.prc.po.commonPo.protectedModel.view.PoLinesAllVOTest" id="0" time="0.0010">
    <artifact_tested name="oracle.apps.prc.po.commonPo.protectedModel.view.PoLinesAllVO" type="ADFVO" />
  </testcase>
  <testcase name="invokeVORowImplAttributeGetter[PreferredGrade]" classname="oracle.apps.prc.po.commonPo.protectedModel.view.PoLinesAllVOTest" id="0" time="0.0010">
    <artifact_tested name="oracle.apps.prc.po.commonPo.protectedModel.view.PoLinesAllVO" type="ADFVO" />
  </testcase>
  <testcase name="invokeVORowImplAttributeGetter[AuctionHeaderId]" classname="oracle.apps.prc.po.commonPo.protectedModel.view.PoLinesAllVOTest" id="0" time="0.0010">
    <artifact_tested name="oracle.apps.prc.po.commonPo.protectedModel.view.PoLinesAllVO" type="ADFVO" />
  </testcase>
  <testcase name="invokeVORowImplAttributeGetter[AuctionDisplayNumber]" classname="oracle.apps.prc.po.commonPo.protectedModel.view.PoLinesAllVOTest" id="0" time="0.0010">
    <artifact_tested name="oracle.apps.prc.po.commonPo.protectedModel.view.PoLinesAllVO" type="ADFVO" />
  </testcase>
  <testcase name="invokeVORowImplAttributeGetter[AuctionLineNumber]" classname="oracle.apps.prc.po.commonPo.protectedModel.view.PoLinesAllVOTest" id="0" time="0.0">
    <artifact_tested name="oracle.apps.prc.po.commonPo.protectedModel.view.PoLinesAllVO" type="ADFVO" />
  </testcase>
  <testcase name="invokeVORowImplAttributeGetter[BidNumber]" classname="oracle.apps.prc.po.commonPo.protectedModel.view.PoLinesAllVOTest" id="0" time="0.0010">
    <artifact_tested name="oracle.apps.prc.po.commonPo.protectedModel.view.PoLinesAllVO" type="ADFVO" />
  </testcase>
  <testcase name="invokeVORowImplAttributeGetter[BidLineNumber]" classname="oracle.apps.prc.po.commonPo.protectedModel.view.PoLinesAllVOTest" id="0" time="0.0">
    <artifact_tested name="oracle.apps.prc.po.commonPo.protectedModel.view.PoLinesAllVO" type="ADFVO" />
  </testcase>
  <testcase name="invokeVORowImplAttributeGetter[RetroactiveDate]" classname="oracle.apps.prc.po.commonPo.protectedModel.view.PoLinesAllVOTest" id="0" time="0.0">
    <artifact_tested name="oracle.apps.prc.po.commonPo.protectedModel.view.PoLinesAllVO" type="ADFVO" />
  </testcase>
  <testcase name="invokeVORowImplAttributeGetter[SupplierRefNumber]" classname="oracle.apps.prc.po.commonPo.protectedModel.view.PoLinesAllVOTest" id="0" time="0.0">
    <artifact_tested name="oracle.apps.prc.po.commonPo.protectedModel.view.PoLinesAllVO" type="ADFVO" />
  </testcase>
  <testcase name="invokeVORowImplAttributeGetter[ContractId]" classname="oracle.apps.prc.po.commonPo.protectedModel.view.PoLinesAllVOTest" id="0" time="0.0">
    <artifact_tested name="oracle.apps.prc.po.commonPo.protectedModel.view.PoLinesAllVO" type="ADFVO" />
  </testcase>
  <testcase name="invokeVORowImplAttributeGetter[StartDate]" classname="oracle.apps.prc.po.commonPo.protectedModel.view.PoLinesAllVOTest" id="0" time="0.0010">
    <artifact_tested name="oracle.apps.prc.po.commonPo.protectedModel.view.PoLinesAllVO" type="ADFVO" />
  </testcase>
  <testcase name="invokeVORowImplAttributeGetter[Amount]" classname="oracle.apps.prc.po.commonPo.protectedModel.view.PoLinesAllVOTest" id="0" time="0.0">
    <artifact_tested name="oracle.apps.prc.po.commonPo.protectedModel.view.PoLinesAllVO" type="ADFVO" />
  </testcase>
  <testcase name="invokeVORowImplAttributeGetter[JobId]" classname="oracle.apps.prc.po.commonPo.protectedModel.view.PoLinesAllVOTest" id="0" time="0.0">
    <artifact_tested name="oracle.apps.prc.po.commonPo.protectedModel.view.PoLinesAllVO" type="ADFVO" />
  </testcase>
  <testcase name="invokeVORowImplAttributeGetter[ContractorFirstName]" classname="oracle.apps.prc.po.commonPo.protectedModel.view.PoLinesAllVOTest" id="0" time="0.0">
    <artifact_tested name="oracle.apps.prc.po.commonPo.protectedModel.view.PoLinesAllVO" type="ADFVO" />
  </testcase>
  <testcase name="invokeVORowImplAttributeGetter[ContractorLastName]" classname="oracle.apps.prc.po.commonPo.protectedModel.view.PoLinesAllVOTest" id="0" time="0.0010">
    <artifact_tested name="oracle.apps.prc.po.commonPo.protectedModel.view.PoLinesAllVO" type="ADFVO" />
  </testcase>
  <testcase name="invokeVORowImplAttributeGetter[FromLineLocationId]" classname="oracle.apps.prc.po.commonPo.protectedModel.view.PoLinesAllVOTest" id="0" time="0.0010">
    <artifact_tested name="oracle.apps.prc.po.commonPo.protectedModel.view.PoLinesAllVO" type="ADFVO" />
  </testcase>
  <testcase name="invokeVORowImplAttributeGetter[OrderTypeLookupCode]" classname="oracle.apps.prc.po.commonPo.protectedModel.view.PoLinesAllVOTest" id="0" time="0.0">
    <artifact_tested name="oracle.apps.prc.po.commonPo.protectedModel.view.PoLinesAllVO" type="ADFVO" />
  </testcase>
  <testcase name="invokeVORowImplAttributeGetter[PurchaseBasis]" classname="oracle.apps.prc.po.commonPo.protectedModel.view.PoLinesAllVOTest" id="0" time="0.0010">
    <artifact_tested name="oracle.apps.prc.po.commonPo.protectedModel.view.PoLinesAllVO" type="ADFVO" />
  </testcase>
  <testcase name="invokeVORowImplAttributeGetter[MatchingBasis]" classname="oracle.apps.prc.po.commonPo.protectedModel.view.PoLinesAllVOTest" id="0" time="0.0">
    <artifact_tested name="oracle.apps.prc.po.commonPo.protectedModel.view.PoLinesAllVO" type="ADFVO" />
  </testcase>
  <testcase name="invokeVORowImplAttributeGetter[SvcAmountNotifSent]" classname="oracle.apps.prc.po.commonPo.protectedModel.view.PoLinesAllVOTest" id="0" time="0.0">
    <artifact_tested name="oracle.apps.prc.po.commonPo.protectedModel.view.PoLinesAllVO" type="ADFVO" />
  </testcase>
  <testcase name="invokeVORowImplAttributeGetter[SvcCompletionNotifSent]" classname="oracle.apps.prc.po.commonPo.protectedModel.view.PoLinesAllVOTest" id="0" time="0.0010">
    <artifact_tested name="oracle.apps.prc.po.commonPo.protectedModel.view.PoLinesAllVO" type="ADFVO" />
  </testcase>
  <testcase name="invokeVORowImplAttributeGetter[BaseUnitPrice]" classname="oracle.apps.prc.po.commonPo.protectedModel.view.PoLinesAllVOTest" id="0" time="0.0010">
    <artifact_tested name="oracle.apps.prc.po.commonPo.protectedModel.view.PoLinesAllVO" type="ADFVO" />
  </testcase>
  <testcase name="invokeVORowImplAttributeGetter[ManualPriceChangeFlag]" classname="oracle.apps.prc.po.commonPo.protectedModel.view.PoLinesAllVOTest" id="0" time="0.0010">
    <artifact_tested name="oracle.apps.prc.po.commonPo.protectedModel.view.PoLinesAllVO" type="ADFVO" />
  </testcase>
  <testcase name="invokeVORowImplAttributeGetter[RetainageRate]" classname="oracle.apps.prc.po.commonPo.protectedModel.view.PoLinesAllVOTest" id="0" time="0.0">
    <artifact_tested name="oracle.apps.prc.po.commonPo.protectedModel.view.PoLinesAllVO" type="ADFVO" />
  </testcase>
  <testcase name="invokeVORowImplAttributeGetter[MaxRetainageAmount]" classname="oracle.apps.prc.po.commonPo.protectedModel.view.PoLinesAllVOTest" id="0" time="0.0040">
    <artifact_tested name="oracle.apps.prc.po.commonPo.protectedModel.view.PoLinesAllVO" type="ADFVO" />
  </testcase>
  <testcase name="invokeVORowImplAttributeGetter[ProgressPaymentRate]" classname="oracle.apps.prc.po.commonPo.protectedModel.view.PoLinesAllVOTest" id="0" time="0.0010">
    <artifact_tested name="oracle.apps.prc.po.commonPo.protectedModel.view.PoLinesAllVO" type="ADFVO" />
  </testcase>
  <testcase name="invokeVORowImplAttributeGetter[RecoupmentRate]" classname="oracle.apps.prc.po.commonPo.protectedModel.view.PoLinesAllVOTest" id="0" time="0.0">
    <artifact_tested name="oracle.apps.prc.po.commonPo.protectedModel.view.PoLinesAllVO" type="ADFVO" />
  </testcase>
  <testcase name="invokeVORowImplAttributeGetter[SupplierPartAuxid]" classname="oracle.apps.prc.po.commonPo.protectedModel.view.PoLinesAllVOTest" id="0" time="0.0">
    <artifact_tested name="oracle.apps.prc.po.commonPo.protectedModel.view.PoLinesAllVO" type="ADFVO" />
  </testcase>
  <testcase name="invokeVORowImplAttributeGetter[TaxAttributeUpdateCode]" classname="oracle.apps.prc.po.commonPo.protectedModel.view.PoLinesAllVOTest" id="0" time="0.0">
    <artifact_tested name="oracle.apps.prc.po.commonPo.protectedModel.view.PoLinesAllVO" type="ADFVO" />
  </testcase>
  <testcase name="invokeVORowImplAttributeGetter[LastUpdatedProgram]" classname="oracle.apps.prc.po.commonPo.protectedModel.view.PoLinesAllVOTest" id="0" time="0.0010">
    <artifact_tested name="oracle.apps.prc.po.commonPo.protectedModel.view.PoLinesAllVO" type="ADFVO" />
  </testcase>
  <testcase name="invokeVORowImplAttributeGetter[ObjectVersionNumber]" classname="oracle.apps.prc.po.commonPo.protectedModel.view.PoLinesAllVOTest" id="0" time="0.0010">
    <artifact_tested name="oracle.apps.prc.po.commonPo.protectedModel.view.PoLinesAllVO" type="ADFVO" />
  </testcase>
  <testcase name="invokeVORowImplAttributeGetter[JobDefinitionName]" classname="oracle.apps.prc.po.commonPo.protectedModel.view.PoLinesAllVOTest" id="0" time="0.0010">
    <artifact_tested name="oracle.apps.prc.po.commonPo.protectedModel.view.PoLinesAllVO" type="ADFVO" />
  </testcase>
  <testcase name="invokeVORowImplAttributeGetter[JobDefinitionPackage]" classname="oracle.apps.prc.po.commonPo.protectedModel.view.PoLinesAllVOTest" id="0" time="0.0010">
    <artifact_tested name="oracle.apps.prc.po.commonPo.protectedModel.view.PoLinesAllVO" type="ADFVO" />
  </testcase>
  <testcase name="invokeVORowImplAttributeGetter[LineStatus]" classname="oracle.apps.prc.po.commonPo.protectedModel.view.PoLinesAllVOTest" id="0" time="0.0">
    <artifact_tested name="oracle.apps.prc.po.commonPo.protectedModel.view.PoLinesAllVO" type="ADFVO" />
  </testcase>
  <testcase name="invokeVORowImplAttributeGetter[UomCode]" classname="oracle.apps.prc.po.commonPo.protectedModel.view.PoLinesAllVOTest" id="0" time="0.0010">
    <artifact_tested name="oracle.apps.prc.po.commonPo.protectedModel.view.PoLinesAllVO" type="ADFVO" />
  </testcase>
  <testcase name="invokeVORowImplAttributeGetter[PjcContextCategory]" classname="oracle.apps.prc.po.commonPo.protectedModel.view.PoLinesAllVOTest" id="0" time="0.0010">
    <artifact_tested name="oracle.apps.prc.po.commonPo.protectedModel.view.PoLinesAllVO" type="ADFVO" />
  </testcase>
  <testcase name="invokeVORowImplAttributeGetter[AllowDescriptionUpdateFlag]" classname="oracle.apps.prc.po.commonPo.protectedModel.view.PoLinesAllVOTest" id="0" time="0.0010">
    <artifact_tested name="oracle.apps.prc.po.commonPo.protectedModel.view.PoLinesAllVO" type="ADFVO" />
  </testcase>
  <testcase name="invokeVORowImplAttributeGetter[AmountReleased]" classname="oracle.apps.prc.po.commonPo.protectedModel.view.PoLinesAllVOTest" id="0" time="0.0010">
    <artifact_tested name="oracle.apps.prc.po.commonPo.protectedModel.view.PoLinesAllVO" type="ADFVO" />
  </testcase>
  <testcase name="invokeVORowImplAttributeGetter[SecondaryUomCode]" classname="oracle.apps.prc.po.commonPo.protectedModel.view.PoLinesAllVOTest" id="0" time="0.0">
    <artifact_tested name="oracle.apps.prc.po.commonPo.protectedModel.view.PoLinesAllVO" type="ADFVO" />
  </testcase>
  <testcase name="invokeVORowImplAttributeGetter[Attribute17]" classname="oracle.apps.prc.po.commonPo.protectedModel.view.PoLinesAllVOTest" id="0" time="0.0010">
    <artifact_tested name="oracle.apps.prc.po.commonPo.protectedModel.view.PoLinesAllVO" type="ADFVO" />
  </testcase>
  <testcase name="invokeVORowImplAttributeGetter[Attribute20]" classname="oracle.apps.prc.po.commonPo.protectedModel.view.PoLinesAllVOTest" id="0" time="0.0">
    <artifact_tested name="oracle.apps.prc.po.commonPo.protectedModel.view.PoLinesAllVO" type="ADFVO" />
  </testcase>
  <testcase name="invokeVORowImplAttributeGetter[Attribute18]" classname="oracle.apps.prc.po.commonPo.protectedModel.view.PoLinesAllVOTest" id="0" time="0.0">
    <artifact_tested name="oracle.apps.prc.po.commonPo.protectedModel.view.PoLinesAllVO" type="ADFVO" />
  </testcase>
  <testcase name="invokeVORowImplAttributeGetter[Attribute19]" classname="oracle.apps.prc.po.commonPo.protectedModel.view.PoLinesAllVOTest" id="0" time="0.0010">
    <artifact_tested name="oracle.apps.prc.po.commonPo.protectedModel.view.PoLinesAllVO" type="ADFVO" />
  </testcase>
  <testcase name="invokeVORowImplAttributeGetter[Attribute16]" classname="oracle.apps.prc.po.commonPo.protectedModel.view.PoLinesAllVOTest" id="0" time="0.0">
    <artifact_tested name="oracle.apps.prc.po.commonPo.protectedModel.view.PoLinesAllVO" type="ADFVO" />
  </testcase>
  <testcase name="invokeVORowImplAttributeGetter[AttributeDate1]" classname="oracle.apps.prc.po.commonPo.protectedModel.view.PoLinesAllVOTest" id="0" time="0.0010">
    <artifact_tested name="oracle.apps.prc.po.commonPo.protectedModel.view.PoLinesAllVO" type="ADFVO" />
  </testcase>
  <testcase name="invokeVORowImplAttributeGetter[AttributeDate10]" classname="oracle.apps.prc.po.commonPo.protectedModel.view.PoLinesAllVOTest" id="0" time="0.0010">
    <artifact_tested name="oracle.apps.prc.po.commonPo.protectedModel.view.PoLinesAllVO" type="ADFVO" />
  </testcase>
  <testcase name="invokeVORowImplAttributeGetter[AttributeDate2]" classname="oracle.apps.prc.po.commonPo.protectedModel.view.PoLinesAllVOTest" id="0" time="0.0010">
    <artifact_tested name="oracle.apps.prc.po.commonPo.protectedModel.view.PoLinesAllVO" type="ADFVO" />
  </testcase>
  <testcase name="invokeVORowImplAttributeGetter[AttributeDate3]" classname="oracle.apps.prc.po.commonPo.protectedModel.view.PoLinesAllVOTest" id="0" time="0.0">
    <artifact_tested name="oracle.apps.prc.po.commonPo.protectedModel.view.PoLinesAllVO" type="ADFVO" />
  </testcase>
  <testcase name="invokeVORowImplAttributeGetter[AttributeDate4]" classname="oracle.apps.prc.po.commonPo.protectedModel.view.PoLinesAllVOTest" id="0" time="0.0010">
    <artifact_tested name="oracle.apps.prc.po.commonPo.protectedModel.view.PoLinesAllVO" type="ADFVO" />
  </testcase>
  <testcase name="invokeVORowImplAttributeGetter[AttributeDate5]" classname="oracle.apps.prc.po.commonPo.protectedModel.view.PoLinesAllVOTest" id="0" time="0.0010">
    <artifact_tested name="oracle.apps.prc.po.commonPo.protectedModel.view.PoLinesAllVO" type="ADFVO" />
  </testcase>
  <testcase name="invokeVORowImplAttributeGetter[AttributeDate6]" classname="oracle.apps.prc.po.commonPo.protectedModel.view.PoLinesAllVOTest" id="0" time="0.0">
    <artifact_tested name="oracle.apps.prc.po.commonPo.protectedModel.view.PoLinesAllVO" type="ADFVO" />
  </testcase>
  <testcase name="invokeVORowImplAttributeGetter[AttributeDate7]" classname="oracle.apps.prc.po.commonPo.protectedModel.view.PoLinesAllVOTest" id="0" time="0.0010">
    <artifact_tested name="oracle.apps.prc.po.commonPo.protectedModel.view.PoLinesAllVO" type="ADFVO" />
  </testcase>
  <testcase name="invokeVORowImplAttributeGetter[AttributeDate8]" classname="oracle.apps.prc.po.commonPo.protectedModel.view.PoLinesAllVOTest" id="0" time="0.0">
    <artifact_tested name="oracle.apps.prc.po.commonPo.protectedModel.view.PoLinesAllVO" type="ADFVO" />
  </testcase>
  <testcase name="invokeVORowImplAttributeGetter[AttributeDate9]" classname="oracle.apps.prc.po.commonPo.protectedModel.view.PoLinesAllVOTest" id="0" time="0.0">
    <artifact_tested name="oracle.apps.prc.po.commonPo.protectedModel.view.PoLinesAllVO" type="ADFVO" />
  </testcase>
  <testcase name="invokeVORowImplAttributeGetter[AttributeTimestamp1]" classname="oracle.apps.prc.po.commonPo.protectedModel.view.PoLinesAllVOTest" id="0" time="0.0010">
    <artifact_tested name="oracle.apps.prc.po.commonPo.protectedModel.view.PoLinesAllVO" type="ADFVO" />
  </testcase>
  <testcase name="invokeVORowImplAttributeGetter[AttributeTimestamp10]" classname="oracle.apps.prc.po.commonPo.protectedModel.view.PoLinesAllVOTest" id="0" time="0.0">
    <artifact_tested name="oracle.apps.prc.po.commonPo.protectedModel.view.PoLinesAllVO" type="ADFVO" />
  </testcase>
  <testcase name="invokeVORowImplAttributeGetter[AttributeTimestamp2]" classname="oracle.apps.prc.po.commonPo.protectedModel.view.PoLinesAllVOTest" id="0" time="0.0">
    <artifact_tested name="oracle.apps.prc.po.commonPo.protectedModel.view.PoLinesAllVO" type="ADFVO" />
  </testcase>
  <testcase name="invokeVORowImplAttributeGetter[AttributeTimestamp3]" classname="oracle.apps.prc.po.commonPo.protectedModel.view.PoLinesAllVOTest" id="0" time="0.0010">
    <artifact_tested name="oracle.apps.prc.po.commonPo.protectedModel.view.PoLinesAllVO" type="ADFVO" />
  </testcase>
  <testcase name="invokeVORowImplAttributeGetter[AttributeTimestamp4]" classname="oracle.apps.prc.po.commonPo.protectedModel.view.PoLinesAllVOTest" id="0" time="0.0">
    <artifact_tested name="oracle.apps.prc.po.commonPo.protectedModel.view.PoLinesAllVO" type="ADFVO" />
  </testcase>
  <testcase name="invokeVORowImplAttributeGetter[AttributeTimestamp5]" classname="oracle.apps.prc.po.commonPo.protectedModel.view.PoLinesAllVOTest" id="0" time="0.0010">
    <artifact_tested name="oracle.apps.prc.po.commonPo.protectedModel.view.PoLinesAllVO" type="ADFVO" />
  </testcase>
  <testcase name="invokeVORowImplAttributeGetter[AttributeTimestamp6]" classname="oracle.apps.prc.po.commonPo.protectedModel.view.PoLinesAllVOTest" id="0" time="0.0010">
    <artifact_tested name="oracle.apps.prc.po.commonPo.protectedModel.view.PoLinesAllVO" type="ADFVO" />
  </testcase>
  <testcase name="invokeVORowImplAttributeGetter[AttributeTimestamp7]" classname="oracle.apps.prc.po.commonPo.protectedModel.view.PoLinesAllVOTest" id="0" time="0.0">
    <artifact_tested name="oracle.apps.prc.po.commonPo.protectedModel.view.PoLinesAllVO" type="ADFVO" />
  </testcase>
  <testcase name="invokeVORowImplAttributeGetter[AttributeTimestamp8]" classname="oracle.apps.prc.po.commonPo.protectedModel.view.PoLinesAllVOTest" id="0" time="0.0010">
    <artifact_tested name="oracle.apps.prc.po.commonPo.protectedModel.view.PoLinesAllVO" type="ADFVO" />
  </testcase>
  <testcase name="invokeVORowImplAttributeGetter[AttributeTimestamp9]" classname="oracle.apps.prc.po.commonPo.protectedModel.view.PoLinesAllVOTest" id="0" time="0.0010">
    <artifact_tested name="oracle.apps.prc.po.commonPo.protectedModel.view.PoLinesAllVO" type="ADFVO" />
  </testcase>
  <testcase name="invokeVORowImplAttributeGetter[SourceDocRevNum]" classname="oracle.apps.prc.po.commonPo.protectedModel.view.PoLinesAllVOTest" id="0" time="0.0">
    <artifact_tested name="oracle.apps.prc.po.commonPo.protectedModel.view.PoLinesAllVO" type="ADFVO" />
  </testcase>
  <testcase name="invokeVORowImplAttributeGetter[AttributeNumber1]" classname="oracle.apps.prc.po.commonPo.protectedModel.view.PoLinesAllVOTest" id="0" time="0.0">
    <artifact_tested name="oracle.apps.prc.po.commonPo.protectedModel.view.PoLinesAllVO" type="ADFVO" />
  </testcase>
  <testcase name="invokeVORowImplAttributeGetter[AttributeNumber10]" classname="oracle.apps.prc.po.commonPo.protectedModel.view.PoLinesAllVOTest" id="0" time="0.0010">
    <artifact_tested name="oracle.apps.prc.po.commonPo.protectedModel.view.PoLinesAllVO" type="ADFVO" />
  </testcase>
  <testcase name="invokeVORowImplAttributeGetter[AttributeNumber2]" classname="oracle.apps.prc.po.commonPo.protectedModel.view.PoLinesAllVOTest" id="0" time="0.0010">
    <artifact_tested name="oracle.apps.prc.po.commonPo.protectedModel.view.PoLinesAllVO" type="ADFVO" />
  </testcase>
  <testcase name="invokeVORowImplAttributeGetter[AttributeNumber3]" classname="oracle.apps.prc.po.commonPo.protectedModel.view.PoLinesAllVOTest" id="0" time="0.0">
    <artifact_tested name="oracle.apps.prc.po.commonPo.protectedModel.view.PoLinesAllVO" type="ADFVO" />
  </testcase>
  <testcase name="invokeVORowImplAttributeGetter[AttributeNumber4]" classname="oracle.apps.prc.po.commonPo.protectedModel.view.PoLinesAllVOTest" id="0" time="0.0010">
    <artifact_tested name="oracle.apps.prc.po.commonPo.protectedModel.view.PoLinesAllVO" type="ADFVO" />
  </testcase>
  <testcase name="invokeVORowImplAttributeGetter[AttributeNumber5]" classname="oracle.apps.prc.po.commonPo.protectedModel.view.PoLinesAllVOTest" id="0" time="0.0010">
    <artifact_tested name="oracle.apps.prc.po.commonPo.protectedModel.view.PoLinesAllVO" type="ADFVO" />
  </testcase>
  <testcase name="invokeVORowImplAttributeGetter[AttributeNumber6]" classname="oracle.apps.prc.po.commonPo.protectedModel.view.PoLinesAllVOTest" id="0" time="0.0010">
    <artifact_tested name="oracle.apps.prc.po.commonPo.protectedModel.view.PoLinesAllVO" type="ADFVO" />
  </testcase>
  <testcase name="invokeVORowImplAttributeGetter[AttributeNumber7]" classname="oracle.apps.prc.po.commonPo.protectedModel.view.PoLinesAllVOTest" id="0" time="0.0010">
    <artifact_tested name="oracle.apps.prc.po.commonPo.protectedModel.view.PoLinesAllVO" type="ADFVO" />
  </testcase>
  <testcase name="invokeVORowImplAttributeGetter[AttributeNumber8]" classname="oracle.apps.prc.po.commonPo.protectedModel.view.PoLinesAllVOTest" id="0" time="0.0010">
    <artifact_tested name="oracle.apps.prc.po.commonPo.protectedModel.view.PoLinesAllVO" type="ADFVO" />
  </testcase>
  <testcase name="invokeVORowImplAttributeGetter[AttributeNumber9]" classname="oracle.apps.prc.po.commonPo.protectedModel.view.PoLinesAllVOTest" id="0" time="0.0">
    <artifact_tested name="oracle.apps.prc.po.commonPo.protectedModel.view.PoLinesAllVO" type="ADFVO" />
  </testcase>
  <testcase name="invokeVORowImplAttributeGetter[AgingPeriodDays]" classname="oracle.apps.prc.po.commonPo.protectedModel.view.PoLinesAllVOTest" id="0" time="0.0010">
    <artifact_tested name="oracle.apps.prc.po.commonPo.protectedModel.view.PoLinesAllVO" type="ADFVO" />
  </testcase>
  <testcase name="invokeVORowImplAttributeGetter[ConsignmentLineFlag]" classname="oracle.apps.prc.po.commonPo.protectedModel.view.PoLinesAllVOTest" id="0" time="0.0010">
    <artifact_tested name="oracle.apps.prc.po.commonPo.protectedModel.view.PoLinesAllVO" type="ADFVO" />
  </testcase>
  <testcase name="invokeVORowImplAttributeGetter[OptionsPrice]" classname="oracle.apps.prc.po.commonPo.protectedModel.view.PoLinesAllVOTest" id="0" time="0.0010">
    <artifact_tested name="oracle.apps.prc.po.commonPo.protectedModel.view.PoLinesAllVO" type="ADFVO" />
  </testcase>
  <testcase name="invokeVORowImplAttributeGetter[BaseModelId]" classname="oracle.apps.prc.po.commonPo.protectedModel.view.PoLinesAllVOTest" id="0" time="0.0010">
    <artifact_tested name="oracle.apps.prc.po.commonPo.protectedModel.view.PoLinesAllVO" type="ADFVO" />
  </testcase>
  <testcase name="invokeVORowImplAttributeGetter[BaseModelPrice]" classname="oracle.apps.prc.po.commonPo.protectedModel.view.PoLinesAllVOTest" id="0" time="0.0010">
    <artifact_tested name="oracle.apps.prc.po.commonPo.protectedModel.view.PoLinesAllVO" type="ADFVO" />
  </testcase>
  <testcase name="invokeVORowImplAttributeGetter[FundsStatus]" classname="oracle.apps.prc.po.commonPo.protectedModel.view.PoLinesAllVOTest" id="0" time="0.0010">
    <artifact_tested name="oracle.apps.prc.po.commonPo.protectedModel.view.PoLinesAllVO" type="ADFVO" />
  </testcase>
  <testcase name="invokeVORowImplAttributeGetter[ConfiguredItemFlag]" classname="oracle.apps.prc.po.commonPo.protectedModel.view.PoLinesAllVOTest" id="0" time="0.0010">
    <artifact_tested name="oracle.apps.prc.po.commonPo.protectedModel.view.PoLinesAllVO" type="ADFVO" />
  </testcase>
  <testcase name="invokeVORowImplAttributeGetter[ParentItemId]" classname="oracle.apps.prc.po.commonPo.protectedModel.view.PoLinesAllVOTest" id="0" time="0.0010">
    <artifact_tested name="oracle.apps.prc.po.commonPo.protectedModel.view.PoLinesAllVO" type="ADFVO" />
  </testcase>
  <testcase name="invokeVORowImplAttributeGetter[SupplierParentItem]" classname="oracle.apps.prc.po.commonPo.protectedModel.view.PoLinesAllVOTest" id="0" time="0.0010">
    <artifact_tested name="oracle.apps.prc.po.commonPo.protectedModel.view.PoLinesAllVO" type="ADFVO" />
  </testcase>
  <testcase name="invokeVORowImplAttributeGetter[TopModelId]" classname="oracle.apps.prc.po.commonPo.protectedModel.view.PoLinesAllVOTest" id="0" time="0.0010">
    <artifact_tested name="oracle.apps.prc.po.commonPo.protectedModel.view.PoLinesAllVO" type="ADFVO" />
  </testcase>
  <testcase name="invokeVORowImplAttributeGetter[SupplierTopModel]" classname="oracle.apps.prc.po.commonPo.protectedModel.view.PoLinesAllVOTest" id="0" time="0.0">
    <artifact_tested name="oracle.apps.prc.po.commonPo.protectedModel.view.PoLinesAllVO" type="ADFVO" />
  </testcase>
  <testcase name="invokeVORowImplAttributeGetter[TaxExclusivePrice]" classname="oracle.apps.prc.po.commonPo.protectedModel.view.PoLinesAllVOTest" id="0" time="0.0">
    <artifact_tested name="oracle.apps.prc.po.commonPo.protectedModel.view.PoLinesAllVO" type="ADFVO" />
  </testcase>
  <testcase name="invokeVORowImplAttributeGetter[WorkOrderProduct]" classname="oracle.apps.prc.po.commonPo.protectedModel.view.PoLinesAllVOTest" id="0" time="0.0">
    <artifact_tested name="oracle.apps.prc.po.commonPo.protectedModel.view.PoLinesAllVO" type="ADFVO" />
  </testcase>
</testsuite>
