<?xml version="1.0" encoding="UTF-8" ?>
<testsuite name="oracle.apps.prc.po.commonPo.protectedModel.view.DeliverToOrgForReqBUVVO.DeliverToOrgForReqBUVVOTest" timestamp="2017-06-20T11:33:29" hostname="indl76040" family="NO_REGISTERED_LBA_FOR_JPR_NAME" initiative="prc_po_lrg" jpr="PrcPoCommonPoProtectedModelTest" label="" product="NO_REGISTERED_LBA_FOR_JPR_NAME" lba="NO_REGISTERED_LBA_FOR_JPR_NAME" tests="5" failures="0" errors="0" time="2.866" runId="0">
  <properties />
  <testcase name="entitiesNonUpdateable" classname="oracle.apps.prc.po.commonPo.protectedModel.view.DeliverToOrgForReqBUVVO.DeliverToOrgForReqBUVVOTest" id="0" time="0.561">
    <artifact_tested name="oracle.apps.prc.po.commonPo.protectedModel.validationView.DeliverToOrgForReqBUVVO" type="ADFVO" />
  </testcase>
  <testcase name="testVOAccess" classname="oracle.apps.prc.po.commonPo.protectedModel.view.DeliverToOrgForReqBUVVO.DeliverToOrgForReqBUVVOTest" id="0" time="0.0">
    <artifact_tested name="oracle.apps.prc.po.commonPo.protectedModel.validationView.DeliverToOrgForReqBUVVO" type="ADFVO" />
  </testcase>
  <testcase name="invokeVORowImplAttributeGetter[OrganizationId]" classname="oracle.apps.prc.po.commonPo.protectedModel.view.DeliverToOrgForReqBUVVO.DeliverToOrgForReqBUVVOTest" id="0" time="0.588">
    <artifact_tested name="oracle.apps.prc.po.commonPo.protectedModel.validationView.DeliverToOrgForReqBUVVO" type="ADFVO" />
  </testcase>
  <testcase name="invokeVORowImplAttributeGetter[OrganizationCode]" classname="oracle.apps.prc.po.commonPo.protectedModel.view.DeliverToOrgForReqBUVVO.DeliverToOrgForReqBUVVOTest" id="0" time="0.0">
    <artifact_tested name="oracle.apps.prc.po.commonPo.protectedModel.validationView.DeliverToOrgForReqBUVVO" type="ADFVO" />
  </testcase>
  <testcase name="invokeVORowImplAttributeGetter[OrganizationName]" classname="oracle.apps.prc.po.commonPo.protectedModel.view.DeliverToOrgForReqBUVVO.DeliverToOrgForReqBUVVOTest" id="0" time="0.0">
    <artifact_tested name="oracle.apps.prc.po.commonPo.protectedModel.validationView.DeliverToOrgForReqBUVVO" type="ADFVO" />
  </testcase>
</testsuite>
