<?xml version="1.0" encoding="UTF-8" ?>
<testsuite name="oracle.apps.prc.po.commonPo.protectedModel.view.LineIntendedUseVVO.LineIntendedUseVVOTest" timestamp="2017-06-20T11:33:36" hostname="indl76040" family="NO_REGISTERED_LBA_FOR_JPR_NAME" initiative="prc_po_lrg" jpr="PrcPoCommonPoProtectedModelTest" label="" product="NO_REGISTERED_LBA_FOR_JPR_NAME" lba="NO_REGISTERED_LBA_FOR_JPR_NAME" tests="13" failures="0" errors="0" time="2.287" runId="0">
  <properties />
  <testcase name="entitiesNonUpdateable" classname="oracle.apps.prc.po.commonPo.protectedModel.view.LineIntendedUseVVO.LineIntendedUseVVOTest" id="0" time="0.219">
    <artifact_tested name="oracle.apps.prc.po.commonPo.protectedModel.validationView.LineIntendedUseVVO" type="ADFVO" />
  </testcase>
  <testcase name="testVOAccess" classname="oracle.apps.prc.po.commonPo.protectedModel.view.LineIntendedUseVVO.LineIntendedUseVVOTest" id="0" time="0.0010">
    <artifact_tested name="oracle.apps.prc.po.commonPo.protectedModel.validationView.LineIntendedUseVVO" type="ADFVO" />
  </testcase>
  <testcase name="invokeVORowImplAttributeGetter[StructureInstanceNumber]" classname="oracle.apps.prc.po.commonPo.protectedModel.view.LineIntendedUseVVO.LineIntendedUseVVOTest" id="0" time="0.048">
    <artifact_tested name="oracle.apps.prc.po.commonPo.protectedModel.validationView.LineIntendedUseVVO" type="ADFVO" />
  </testcase>
  <testcase name="invokeVORowImplAttributeGetter[CategoryId]" classname="oracle.apps.prc.po.commonPo.protectedModel.view.LineIntendedUseVVO.LineIntendedUseVVOTest" id="0" time="0.0010">
    <artifact_tested name="oracle.apps.prc.po.commonPo.protectedModel.validationView.LineIntendedUseVVO" type="ADFVO" />
  </testcase>
  <testcase name="invokeVORowImplAttributeGetter[ClassificationName]" classname="oracle.apps.prc.po.commonPo.protectedModel.view.LineIntendedUseVVO.LineIntendedUseVVOTest" id="0" time="0.0010">
    <artifact_tested name="oracle.apps.prc.po.commonPo.protectedModel.validationView.LineIntendedUseVVO" type="ADFVO" />
  </testcase>
  <testcase name="invokeVORowImplAttributeGetter[ClassificationCode]" classname="oracle.apps.prc.po.commonPo.protectedModel.view.LineIntendedUseVVO.LineIntendedUseVVOTest" id="0" time="0.0010">
    <artifact_tested name="oracle.apps.prc.po.commonPo.protectedModel.validationView.LineIntendedUseVVO" type="ADFVO" />
  </testcase>
  <testcase name="invokeVORowImplAttributeGetter[CountryCode]" classname="oracle.apps.prc.po.commonPo.protectedModel.view.LineIntendedUseVVO.LineIntendedUseVVOTest" id="0" time="0.0">
    <artifact_tested name="oracle.apps.prc.po.commonPo.protectedModel.validationView.LineIntendedUseVVO" type="ADFVO" />
  </testcase>
  <testcase name="invokeVORowImplAttributeGetter[EffectiveFrom]" classname="oracle.apps.prc.po.commonPo.protectedModel.view.LineIntendedUseVVO.LineIntendedUseVVOTest" id="0" time="0.0">
    <artifact_tested name="oracle.apps.prc.po.commonPo.protectedModel.validationView.LineIntendedUseVVO" type="ADFVO" />
  </testcase>
  <testcase name="invokeVORowImplAttributeGetter[EffectiveTo]" classname="oracle.apps.prc.po.commonPo.protectedModel.view.LineIntendedUseVVO.LineIntendedUseVVOTest" id="0" time="0.0010">
    <artifact_tested name="oracle.apps.prc.po.commonPo.protectedModel.validationView.LineIntendedUseVVO" type="ADFVO" />
  </testcase>
  <testcase name="invokeVORowImplAttributeGetter[ClassificationId]" classname="oracle.apps.prc.po.commonPo.protectedModel.view.LineIntendedUseVVO.LineIntendedUseVVOTest" id="0" time="0.0010">
    <artifact_tested name="oracle.apps.prc.po.commonPo.protectedModel.validationView.LineIntendedUseVVO" type="ADFVO" />
  </testcase>
  <testcase name="invokeVORowImplAttributeGetter[CategoryName]" classname="oracle.apps.prc.po.commonPo.protectedModel.view.LineIntendedUseVVO.LineIntendedUseVVOTest" id="0" time="0.0010">
    <artifact_tested name="oracle.apps.prc.po.commonPo.protectedModel.validationView.LineIntendedUseVVO" type="ADFVO" />
  </testcase>
  <testcase name="invokeVORowImplAttributeGetter[ClassificationCodeInMemory]" classname="oracle.apps.prc.po.commonPo.protectedModel.view.LineIntendedUseVVO.LineIntendedUseVVOTest" id="0" time="0.0">
    <artifact_tested name="oracle.apps.prc.po.commonPo.protectedModel.validationView.LineIntendedUseVVO" type="ADFVO" />
  </testcase>
  <testcase name="invokeVORowImplAttributeGetter[CategoryFlexfieldVO]" classname="oracle.apps.prc.po.commonPo.protectedModel.view.LineIntendedUseVVO.LineIntendedUseVVOTest" id="0" time="0.128">
    <artifact_tested name="oracle.apps.prc.po.commonPo.protectedModel.validationView.LineIntendedUseVVO" type="ADFVO" />
  </testcase>
</testsuite>
