<system-out><![CDATA[Delete: PO_HEADERS_DRAFT_ALL From XML File: TestPoServiceValidationHelper_PO_HEADERS_DRAFT_ALL.xml
Delete: PO_HEADERS_ALL From XML File: TestPoServiceValidationHelper_PO_HEADERS_DRAFT_ALL.xml
Delete: PO_VERSIONS From XML File: TestPoServiceValidationHelper_PO_VERSIONS.xml
Delete: PO_LINES_DRAFT_ALL From XML File: TestPoServiceValidationHelper_PO_LINES_DRAFT_ALL.xml
Insert: PO_HEADERS_DRAFT_ALL From XML File: TestPoServiceValidationHelper_PO_HEADERS_DRAFT_ALL.xml
Insert: PO_HEADERS_ALL From XML File: TestPoServiceValidationHelper_PO_HEADERS_DRAFT_ALL.xml
Insert: PO_VERSIONS From XML File: TestPoServiceValidationHelper_PO_VERSIONS.xml
Insert: PO_LINES_DRAFT_ALL From XML File: TestPoServiceValidationHelper_PO_LINES_DRAFT_ALL.xml
The TestMethodOwner annotation for this test method is missing: testValidateRequisitioningBu.
The TestMethodOwner annotation for this test method is missing: testValidateDestinationChargeAccount.
The TestMethodOwner annotation for this test method is missing: testDeriveSourceAgreementIdFromNumber.
The TestMethodOwner annotation for this test method is missing: testConvertConfirmingOrder.
The TestMethodOwner annotation for this test method is missing: testValidateProcurementBu.
The TestMethodOwner annotation for this test method is missing: testIsLookupCodeValid.
The TestMethodOwner annotation for this test method is missing: testConvertAllowSubstituteReceipts.
The TestMethodOwner annotation for this test method is missing: testValidatePoChargeAccount.
The TestMethodOwner annotation for this test method is missing: testConvertNegotiated.
The TestMethodOwner annotation for this test method is missing: testConvertYesNo.
The TestMethodOwner annotation for this test method is missing: testConvertAccrueAtReceipt.
The TestMethodOwner annotation for this test method is missing: testDeriveLookupCode.
The TestMethodOwner annotation for this test method is missing: testConvertPayOnReceipt.
The TestMethodOwner annotation for this test method is missing: testValidateProcurementBuIsNotNull.
The TestMethodOwner annotation for this test method is missing: testValidateRequisitioningBuIsNotNull.
The TestMethodOwner annotation for this test method is missing: testDeriveSourceAgreementPrcBuIdFromName.
The TestMethodOwner annotation for this test method is missing: testGetCoStatus.

The TestClassOwner annotation for this test is missing.

**********************************************
Starting test case: 1. Validating Procurement BU Id
Asserts Passed for the testcase : 1. Validating Procurement BU Id
End of test case: 1. Validating Procurement BU Id
**********************************************
**********************************************
Starting test case: 1. Validating whether Procurement BU Id is null or not
Asserts Passed for the testcase : 1. Validating whether Procurement BU Id is null or not
End of test case: 1. Validating whether Procurement BU Id is null or not
**********************************************
**********************************************
Starting test case: 1. Validating Lookup code

    Assert Passed! - HashMap: PoIsLookupCodeValid
    Test Case Passed! 

End of test case: 1. Validating Lookup code
**********************************************
**********************************************
Starting test case: 2. Validating Lookup code

    Assert Passed! - HashMap: PoIsLookupCodeValid
    Test Case Passed! 

End of test case: 2. Validating Lookup code
**********************************************
**********************************************
Starting test case: 1. Derive Lookup code

    Assert Passed! - HashMap: PoDeriveLookupCode
    Test Case Passed! 

End of test case: 1. Derive Lookup code
**********************************************
**********************************************
Starting test case: 2. Derive Lookup code

    Assert Passed! - HashMap: PoDeriveLookupCode
    Test Case Passed! 

End of test case: 2. Derive Lookup code
**********************************************
**********************************************
Starting test case: 1. Converting Yes or No

    Assert Passed! - HashMap: PoConvertYesNo
    Test Case Passed! 

End of test case: 1. Converting Yes or No
**********************************************
**********************************************
Starting test case: 2. Converting Yes or No from look up codes

    Assert Passed! - HashMap: PoConvertYesNo
    Test Case Passed! 

End of test case: 2. Converting Yes or No from look up codes
**********************************************
**********************************************
Starting test case: 1. Convert confirming order
Asserts Passed for the testcase : 1. Convert confirming order
End of test case: 1. Convert confirming order
**********************************************
**********************************************
Starting test case: 1. Validating Requisition Bu
Asserts Passed for the testcase : 1. Validating Requisition Bu
End of test case: 1. Validating Requisition Bu
**********************************************
**********************************************
Starting test case: 2. Validating Requisition Bu with different Bu Ids
[SEVERE] [handlerException] An error occurred while writing to the diagnostic log file because of this reason: Apps ODLHandler config setting not found! Check logging.xml and related config settings. (FND-10103)
[SEVERE] [PoFinancialRoute] java.lang.NullPointerException
	at oracle.apps.prc.po.commonPo.protectedCoreModel.util.PoFinancialRoute.getDefaultLegalEntityForBusinessUnit(PoFinancialRoute.java:2512)
	at oracle.apps.prc.po.commonPo.protectedModel.entity.DraftPurchasingDocumentHeaderEOImpl.setReqBuId(DraftPurchasingDocumentHeaderEOImpl.java:964)
	at oracle.apps.prc.po.commonPo.protectedModel.helper.TestPoServiceValidationHelper.testValidateRequisitioningBu(TestPoServiceValidationHelper.java:501)
	at sun.reflect.NativeMethodAccessorImpl.invoke0(Native Method)
	at sun.reflect.NativeMethodAccessorImpl.invoke(NativeMethodAccessorImpl.java:39)
	at sun.reflect.DelegatingMethodAccessorImpl.invoke(DelegatingMethodAccessorImpl.java:25)
	at java.lang.reflect.Method.invoke(Method.java:597)
	at org.junit.runners.model.FrameworkMethod$1.runReflectiveCall(FrameworkMethod.java:45)
	at org.junit.internal.runners.model.ReflectiveCallable.run(ReflectiveCallable.java:15)
	at org.junit.runners.model.FrameworkMethod.invokeExplosively(FrameworkMethod.java:42)
	at org.junit.internal.runners.statements.InvokeMethod.evaluate(InvokeMethod.java:20)
	at org.junit.internal.runners.statements.RunBefores.evaluate(RunBefores.java:28)
	at org.junit.runners.ParentRunner.runLeaf(ParentRunner.java:263)
	at org.junit.runners.BlockJUnit4ClassRunner.runChild(BlockJUnit4ClassRunner.java:68)
	at org.junit.runners.BlockJUnit4ClassRunner.runChild(BlockJUnit4ClassRunner.java:47)
	at org.junit.runners.ParentRunner$3.run(ParentRunner.java:231)
	at org.junit.runners.ParentRunner$1.schedule(ParentRunner.java:60)
	at org.junit.runners.ParentRunner.runChildren(ParentRunner.java:229)
	at org.junit.runners.ParentRunner.access$000(ParentRunner.java:50)
	at org.junit.runners.ParentRunner$2.evaluate(ParentRunner.java:222)
	at org.junit.internal.runners.statements.RunBefores.evaluate(RunBefores.java:28)
	at org.junit.internal.runners.statements.RunAfters.evaluate(RunAfters.java:30)
	at org.junit.runners.ParentRunner.run(ParentRunner.java:300)
	at org.junit.runners.Suite.runChild(Suite.java:128)
	at org.junit.runners.Suite.runChild(Suite.java:24)
	at org.junit.runners.ParentRunner$3.run(ParentRunner.java:231)
	at org.junit.runners.ParentRunner$1.schedule(ParentRunner.java:60)
	at org.junit.runners.ParentRunner.runChildren(ParentRunner.java:229)
	at org.junit.runners.ParentRunner.access$000(ParentRunner.java:50)
	at org.junit.runners.ParentRunner$2.evaluate(ParentRunner.java:222)
	at org.junit.runners.ParentRunner.run(ParentRunner.java:300)
	at oracle.apps.fnd.appltest.unittest.junit.UTRunner$1.run(UTRunner.java:1267)
	at org.junit.runner.JUnitCore.run(JUnitCore.java:136)
	at oracle.apps.fnd.appltest.unittest.junit.UTRunner.runTest(UTRunner.java:1055)
	at oracle.apps.fnd.appltest.unittest.junit.UTRunner.execute(UTRunner.java:1223)
	at sun.reflect.NativeMethodAccessorImpl.invoke0(Native Method)
	at sun.reflect.NativeMethodAccessorImpl.invoke(NativeMethodAccessorImpl.java:39)
	at sun.reflect.DelegatingMethodAccessorImpl.invoke(DelegatingMethodAccessorImpl.java:25)
	at java.lang.reflect.Method.invoke(Method.java:597)
	at oracle.apps.fnd.appltest.unittest.junit.entry.UTRunnerMain.main(UTRunnerMain.java:153)

Asserts Passed for the testcase : 2. Validating Requisition Bu with different Bu Ids
End of test case: 2. Validating Requisition Bu with different Bu Ids
**********************************************
**********************************************
Starting test case: 1. To validate and convert provided Negotiated flag
Asserts Passed for the testcase : 1. To validate and convert provided Negotiated flag
End of test case: 1. To validate and convert provided Negotiated flag
**********************************************
**********************************************
Starting test case: 1. To validate and convert provided Allow Substitute Receipts flag.
Asserts Passed for the testcase : 1. To validate and convert provided Allow Substitute Receipts flag.
End of test case: 1. To validate and convert provided Allow Substitute Receipts flag.
**********************************************
**********************************************
Starting test case: 1. To validate and convert provided Accrue At Receipt flag.
Asserts Passed for the testcase : 1. To validate and convert provided Accrue At Receipt flag.
End of test case: 1. To validate and convert provided Accrue At Receipt flag.
**********************************************
**********************************************
Starting test case: 1. To derive Source Agreement Id from Bu Name

    Assert Passed! - HashMap: PoDeriveSourceAgreementPrcBuIdFromName
    Test Case Passed! 

End of test case: 1. To derive Source Agreement Id from Bu Name
**********************************************
**********************************************
Starting test case: 1. To derive Source Agreement Id from Souce Agreement Number

    Assert Passed! - HashMap: PoDeriveSourceAgreementIdFromNumber
    Test Case Passed! 

End of test case: 1. To derive Source Agreement Id from Souce Agreement Number
**********************************************
**********************************************
Starting test case: 1. To validate PO Charge Account Id
Asserts Passed for the testcase : 1. To validate PO Charge Account Id
End of test case: 1. To validate PO Charge Account Id
**********************************************
**********************************************
Starting test case: 1. To validate Destination Charge Account Id
Asserts Passed for the testcase : 1. To validate Destination Charge Account Id
End of test case: 1. To validate Destination Charge Account Id
**********************************************
**********************************************
Starting test case: 1. To validate and convert provided Pay On Receipt flag.
Asserts Passed for the testcase : 1. To validate and convert provided Pay On Receipt flag.
End of test case: 1. To validate and convert provided Pay On Receipt flag.
**********************************************
**********************************************
Starting test case: 1. To get Change Order Status.

    Assert Passed! - HashMap: PoGetCoStatus
    Test Case Passed! 

End of test case: 1. To get Change Order Status.
**********************************************
]]></system-out>