<?xml version="1.0" encoding="UTF-8"?>
<test-results tests="1788" failures="4" errors="0"><testsuite name="oracle.apps.prc.po.commonPo.protectedModel.view.RetroPriceAgreementVVO.RetroPriceAgreementVVOTest" timestamp="2017-06-20T11:34:15" hostname="indl76040" family="NO_REGISTERED_LBA_FOR_JPR_NAME" initiative="prc_po_lrg" jpr="PrcPoCommonPoProtectedModelTest" label="" product="NO_REGISTERED_LBA_FOR_JPR_NAME" lba="NO_REGISTERED_LBA_FOR_JPR_NAME" tests="31" failures="0" errors="0" time="3.287" runId="0">
  <properties />
  <testcase name="entitiesNonUpdateable" classname="oracle.apps.prc.po.commonPo.protectedModel.view.RetroPriceAgreementVVO.RetroPriceAgreementVVOTest" id="0" time="0.16">
    <artifact_tested name="oracle.apps.prc.po.ess.uiModel.retroactivePricing.validationView.RetroPriceAgreementVVO" type="ADFVO" />
  </testcase>
  <testcase name="testVOAccess" classname="oracle.apps.prc.po.commonPo.protectedModel.view.RetroPriceAgreementVVO.RetroPriceAgreementVVOTest" id="0" time="0.0">
    <artifact_tested name="oracle.apps.prc.po.ess.uiModel.retroactivePricing.validationView.RetroPriceAgreementVVO" type="ADFVO" />
  </testcase>
  <testcase name="invokeVORowImplAttributeGetter[Segment1]" classname="oracle.apps.prc.po.commonPo.protectedModel.view.RetroPriceAgreementVVO.RetroPriceAgreementVVOTest" id="0" time="1.226">
    <artifact_tested name="oracle.apps.prc.po.ess.uiModel.retroactivePricing.validationView.RetroPriceAgreementVVO" type="ADFVO" />
  </testcase>
  <testcase name="invokeVORowImplAttributeGetter[ObjectVersionNumber]" classname="oracle.apps.prc.po.commonPo.protectedModel.view.RetroPriceAgreementVVO.RetroPriceAgreementVVOTest" id="0" time="0.0">
    <artifact_tested name="oracle.apps.prc.po.ess.uiModel.retroactivePricing.validationView.RetroPriceAgreementVVO" type="ADFVO" />
  </testcase>
  <testcase name="invokeVORowImplAttributeGetter[PoHeaderId]" classname="oracle.apps.prc.po.commonPo.protectedModel.view.RetroPriceAgreementVVO.RetroPriceAgreementVVOTest" id="0" time="0.0">
    <artifact_tested name="oracle.apps.prc.po.ess.uiModel.retroactivePricing.validationView.RetroPriceAgreementVVO" type="ADFVO" />
  </testcase>
  <testcase name="invokeVORowImplAttributeGetter[Name]" classname="oracle.apps.prc.po.commonPo.protectedModel.view.RetroPriceAgreementVVO.RetroPriceAgreementVVOTest" id="0" time="0.0020">
    <artifact_tested name="oracle.apps.prc.po.ess.uiModel.retroactivePricing.validationView.RetroPriceAgreementVVO" type="ADFVO" />
  </testcase>
  <testcase name="invokeVORowImplAttributeGetter[TypeLookupCode]" classname="oracle.apps.prc.po.commonPo.protectedModel.view.RetroPriceAgreementVVO.RetroPriceAgreementVVOTest" id="0" time="0.0">
    <artifact_tested name="oracle.apps.prc.po.ess.uiModel.retroactivePricing.validationView.RetroPriceAgreementVVO" type="ADFVO" />
  </testcase>
  <testcase name="invokeVORowImplAttributeGetter[DisplayName]" classname="oracle.apps.prc.po.commonPo.protectedModel.view.RetroPriceAgreementVVO.RetroPriceAgreementVVOTest" id="0" time="0.0010">
    <artifact_tested name="oracle.apps.prc.po.ess.uiModel.retroactivePricing.validationView.RetroPriceAgreementVVO" type="ADFVO" />
  </testcase>
  <testcase name="invokeVORowImplAttributeGetter[StyleId]" classname="oracle.apps.prc.po.commonPo.protectedModel.view.RetroPriceAgreementVVO.RetroPriceAgreementVVOTest" id="0" time="0.0">
    <artifact_tested name="oracle.apps.prc.po.ess.uiModel.retroactivePricing.validationView.RetroPriceAgreementVVO" type="ADFVO" />
  </testcase>
  <testcase name="invokeVORowImplAttributeGetter[OrganizationId]" classname="oracle.apps.prc.po.commonPo.protectedModel.view.RetroPriceAgreementVVO.RetroPriceAgreementVVOTest" id="0" time="0.0010">
    <artifact_tested name="oracle.apps.prc.po.ess.uiModel.retroactivePricing.validationView.RetroPriceAgreementVVO" type="ADFVO" />
  </testcase>
  <testcase name="invokeVORowImplAttributeGetter[EffectiveStartDate]" classname="oracle.apps.prc.po.commonPo.protectedModel.view.RetroPriceAgreementVVO.RetroPriceAgreementVVOTest" id="0" time="0.0010">
    <artifact_tested name="oracle.apps.prc.po.ess.uiModel.retroactivePricing.validationView.RetroPriceAgreementVVO" type="ADFVO" />
  </testcase>
  <testcase name="invokeVORowImplAttributeGetter[EffectiveEndDate]" classname="oracle.apps.prc.po.commonPo.protectedModel.view.RetroPriceAgreementVVO.RetroPriceAgreementVVOTest" id="0" time="0.0">
    <artifact_tested name="oracle.apps.prc.po.ess.uiModel.retroactivePricing.validationView.RetroPriceAgreementVVO" type="ADFVO" />
  </testcase>
  <testcase name="invokeVORowImplAttributeGetter[ClassificationCode]" classname="oracle.apps.prc.po.commonPo.protectedModel.view.RetroPriceAgreementVVO.RetroPriceAgreementVVOTest" id="0" time="0.0010">
    <artifact_tested name="oracle.apps.prc.po.ess.uiModel.retroactivePricing.validationView.RetroPriceAgreementVVO" type="ADFVO" />
  </testcase>
  <testcase name="invokeVORowImplAttributeGetter[ObjectVersionNumber1]" classname="oracle.apps.prc.po.commonPo.protectedModel.view.RetroPriceAgreementVVO.RetroPriceAgreementVVOTest" id="0" time="0.0">
    <artifact_tested name="oracle.apps.prc.po.ess.uiModel.retroactivePricing.validationView.RetroPriceAgreementVVO" type="ADFVO" />
  </testcase>
  <testcase name="invokeVORowImplAttributeGetter[VendorId]" classname="oracle.apps.prc.po.commonPo.protectedModel.view.RetroPriceAgreementVVO.RetroPriceAgreementVVOTest" id="0" time="0.0">
    <artifact_tested name="oracle.apps.prc.po.ess.uiModel.retroactivePricing.validationView.RetroPriceAgreementVVO" type="ADFVO" />
  </testcase>
  <testcase name="invokeVORowImplAttributeGetter[PartyName]" classname="oracle.apps.prc.po.commonPo.protectedModel.view.RetroPriceAgreementVVO.RetroPriceAgreementVVOTest" id="0" time="0.0">
    <artifact_tested name="oracle.apps.prc.po.ess.uiModel.retroactivePricing.validationView.RetroPriceAgreementVVO" type="ADFVO" />
  </testcase>
  <testcase name="invokeVORowImplAttributeGetter[VendorSiteCode]" classname="oracle.apps.prc.po.commonPo.protectedModel.view.RetroPriceAgreementVVO.RetroPriceAgreementVVOTest" id="0" time="0.0010">
    <artifact_tested name="oracle.apps.prc.po.ess.uiModel.retroactivePricing.validationView.RetroPriceAgreementVVO" type="ADFVO" />
  </testcase>
  <testcase name="invokeVORowImplAttributeGetter[VendorSiteSpkId]" classname="oracle.apps.prc.po.commonPo.protectedModel.view.RetroPriceAgreementVVO.RetroPriceAgreementVVOTest" id="0" time="0.0010">
    <artifact_tested name="oracle.apps.prc.po.ess.uiModel.retroactivePricing.validationView.RetroPriceAgreementVVO" type="ADFVO" />
  </testcase>
  <testcase name="invokeVORowImplAttributeGetter[VendorSiteId]" classname="oracle.apps.prc.po.commonPo.protectedModel.view.RetroPriceAgreementVVO.RetroPriceAgreementVVOTest" id="0" time="0.0">
    <artifact_tested name="oracle.apps.prc.po.ess.uiModel.retroactivePricing.validationView.RetroPriceAgreementVVO" type="ADFVO" />
  </testcase>
  <testcase name="invokeVORowImplAttributeGetter[ObjectVersionNumber2]" classname="oracle.apps.prc.po.commonPo.protectedModel.view.RetroPriceAgreementVVO.RetroPriceAgreementVVOTest" id="0" time="0.0010">
    <artifact_tested name="oracle.apps.prc.po.ess.uiModel.retroactivePricing.validationView.RetroPriceAgreementVVO" type="ADFVO" />
  </testcase>
  <testcase name="invokeVORowImplAttributeGetter[CurrencyCode]" classname="oracle.apps.prc.po.commonPo.protectedModel.view.RetroPriceAgreementVVO.RetroPriceAgreementVVOTest" id="0" time="0.0010">
    <artifact_tested name="oracle.apps.prc.po.ess.uiModel.retroactivePricing.validationView.RetroPriceAgreementVVO" type="ADFVO" />
  </testcase>
  <testcase name="invokeVORowImplAttributeGetter[Comments]" classname="oracle.apps.prc.po.commonPo.protectedModel.view.RetroPriceAgreementVVO.RetroPriceAgreementVVOTest" id="0" time="0.0">
    <artifact_tested name="oracle.apps.prc.po.ess.uiModel.retroactivePricing.validationView.RetroPriceAgreementVVO" type="ADFVO" />
  </testcase>
  <testcase name="invokeVORowImplAttributeGetter[DocumentSubtype]" classname="oracle.apps.prc.po.commonPo.protectedModel.view.RetroPriceAgreementVVO.RetroPriceAgreementVVOTest" id="0" time="0.0010">
    <artifact_tested name="oracle.apps.prc.po.ess.uiModel.retroactivePricing.validationView.RetroPriceAgreementVVO" type="ADFVO" />
  </testcase>
  <testcase name="invokeVORowImplAttributeGetter[TypeName]" classname="oracle.apps.prc.po.commonPo.protectedModel.view.RetroPriceAgreementVVO.RetroPriceAgreementVVOTest" id="0" time="0.0010">
    <artifact_tested name="oracle.apps.prc.po.ess.uiModel.retroactivePricing.validationView.RetroPriceAgreementVVO" type="ADFVO" />
  </testcase>
  <testcase name="invokeVORowImplAttributeGetter[DocumentSubtype1]" classname="oracle.apps.prc.po.commonPo.protectedModel.view.RetroPriceAgreementVVO.RetroPriceAgreementVVOTest" id="0" time="0.0">
    <artifact_tested name="oracle.apps.prc.po.ess.uiModel.retroactivePricing.validationView.RetroPriceAgreementVVO" type="ADFVO" />
  </testcase>
  <testcase name="invokeVORowImplAttributeGetter[DocumentTypeCode]" classname="oracle.apps.prc.po.commonPo.protectedModel.view.RetroPriceAgreementVVO.RetroPriceAgreementVVOTest" id="0" time="0.0010">
    <artifact_tested name="oracle.apps.prc.po.ess.uiModel.retroactivePricing.validationView.RetroPriceAgreementVVO" type="ADFVO" />
  </testcase>
  <testcase name="invokeVORowImplAttributeGetter[PrcBuId]" classname="oracle.apps.prc.po.commonPo.protectedModel.view.RetroPriceAgreementVVO.RetroPriceAgreementVVOTest" id="0" time="0.0">
    <artifact_tested name="oracle.apps.prc.po.ess.uiModel.retroactivePricing.validationView.RetroPriceAgreementVVO" type="ADFVO" />
  </testcase>
  <testcase name="invokeVORowImplAttributeGetter[PartyId]" classname="oracle.apps.prc.po.commonPo.protectedModel.view.RetroPriceAgreementVVO.RetroPriceAgreementVVOTest" id="0" time="0.0010">
    <artifact_tested name="oracle.apps.prc.po.ess.uiModel.retroactivePricing.validationView.RetroPriceAgreementVVO" type="ADFVO" />
  </testcase>
  <testcase name="invokeVORowImplAttributeGetter[ConfiguredItemFlag]" classname="oracle.apps.prc.po.commonPo.protectedModel.view.RetroPriceAgreementVVO.RetroPriceAgreementVVOTest" id="0" time="0.0">
    <artifact_tested name="oracle.apps.prc.po.ess.uiModel.retroactivePricing.validationView.RetroPriceAgreementVVO" type="ADFVO" />
  </testcase>
  <testcase name="invokeVORowImplAttributeGetter[StyleId1]" classname="oracle.apps.prc.po.commonPo.protectedModel.view.RetroPriceAgreementVVO.RetroPriceAgreementVVOTest" id="0" time="0.0">
    <artifact_tested name="oracle.apps.prc.po.ess.uiModel.retroactivePricing.validationView.RetroPriceAgreementVVO" type="ADFVO" />
  </testcase>
  <testcase name="invokeVORowImplAttributeGetter[RetroPriceApplyUpdatesFlag]" classname="oracle.apps.prc.po.commonPo.protectedModel.view.RetroPriceAgreementVVO.RetroPriceAgreementVVOTest" id="0" time="0.0">
    <artifact_tested name="oracle.apps.prc.po.ess.uiModel.retroactivePricing.validationView.RetroPriceAgreementVVO" type="ADFVO" />
  </testcase>
</testsuite><testsuite name="oracle.apps.prc.po.commonPo.protectedModel.view.DocumentSubtypesVVO.DocumentSubtypesVVOTest" timestamp="2017-06-20T11:33:31" hostname="indl76040" family="NO_REGISTERED_LBA_FOR_JPR_NAME" initiative="prc_po_lrg" jpr="PrcPoCommonPoProtectedModelTest" label="" product="NO_REGISTERED_LBA_FOR_JPR_NAME" lba="NO_REGISTERED_LBA_FOR_JPR_NAME" tests="9" failures="0" errors="0" time="2.22" runId="0">
  <properties />
  <testcase name="entitiesNonUpdateable" classname="oracle.apps.prc.po.commonPo.protectedModel.view.DocumentSubtypesVVO.DocumentSubtypesVVOTest" id="0" time="0.308">
    <artifact_tested name="oracle.apps.prc.po.commonPo.protectedModel.validationView.DocumentSubtypesVVO" type="ADFVO" />
  </testcase>
  <testcase name="testVOAccess" classname="oracle.apps.prc.po.commonPo.protectedModel.view.DocumentSubtypesVVO.DocumentSubtypesVVOTest" id="0" time="0.0010">
    <artifact_tested name="oracle.apps.prc.po.commonPo.protectedModel.validationView.DocumentSubtypesVVO" type="ADFVO" />
  </testcase>
  <testcase name="invokeVORowImplAttributeGetter[ClassificationName]" classname="oracle.apps.prc.po.commonPo.protectedModel.view.DocumentSubtypesVVO.DocumentSubtypesVVOTest" id="0" time="0.046">
    <artifact_tested name="oracle.apps.prc.po.commonPo.protectedModel.validationView.DocumentSubtypesVVO" type="ADFVO" />
  </testcase>
  <testcase name="invokeVORowImplAttributeGetter[ClassificationCode]" classname="oracle.apps.prc.po.commonPo.protectedModel.view.DocumentSubtypesVVO.DocumentSubtypesVVOTest" id="0" time="0.0010">
    <artifact_tested name="oracle.apps.prc.po.commonPo.protectedModel.validationView.DocumentSubtypesVVO" type="ADFVO" />
  </testcase>
  <testcase name="invokeVORowImplAttributeGetter[CountryCode]" classname="oracle.apps.prc.po.commonPo.protectedModel.view.DocumentSubtypesVVO.DocumentSubtypesVVOTest" id="0" time="0.0010">
    <artifact_tested name="oracle.apps.prc.po.commonPo.protectedModel.validationView.DocumentSubtypesVVO" type="ADFVO" />
  </testcase>
  <testcase name="invokeVORowImplAttributeGetter[EffectiveFrom]" classname="oracle.apps.prc.po.commonPo.protectedModel.view.DocumentSubtypesVVO.DocumentSubtypesVVOTest" id="0" time="0.0">
    <artifact_tested name="oracle.apps.prc.po.commonPo.protectedModel.validationView.DocumentSubtypesVVO" type="ADFVO" />
  </testcase>
  <testcase name="invokeVORowImplAttributeGetter[EffectiveTo]" classname="oracle.apps.prc.po.commonPo.protectedModel.view.DocumentSubtypesVVO.DocumentSubtypesVVOTest" id="0" time="0.0010">
    <artifact_tested name="oracle.apps.prc.po.commonPo.protectedModel.validationView.DocumentSubtypesVVO" type="ADFVO" />
  </testcase>
  <testcase name="invokeVORowImplAttributeGetter[ConcatClassifCode]" classname="oracle.apps.prc.po.commonPo.protectedModel.view.DocumentSubtypesVVO.DocumentSubtypesVVOTest" id="0" time="0.0010">
    <artifact_tested name="oracle.apps.prc.po.commonPo.protectedModel.validationView.DocumentSubtypesVVO" type="ADFVO" />
  </testcase>
  <testcase name="invokeVORowImplAttributeGetter[ConcatClassifName]" classname="oracle.apps.prc.po.commonPo.protectedModel.view.DocumentSubtypesVVO.DocumentSubtypesVVOTest" id="0" time="0.0010">
    <artifact_tested name="oracle.apps.prc.po.commonPo.protectedModel.validationView.DocumentSubtypesVVO" type="ADFVO" />
  </testcase>
</testsuite><testsuite name="oracle.apps.prc.po.commonPo.protectedModel.helper.TestPoMassUpdateRequester" timestamp="2017-06-20T11:27:37" hostname="indl76040" family="NO_REGISTERED_LBA_FOR_JPR_NAME" initiative="prc_po_lrg" jpr="PrcPoCommonPoProtectedModelTest" label="" product="NO_REGISTERED_LBA_FOR_JPR_NAME" lba="NO_REGISTERED_LBA_FOR_JPR_NAME" tests="4" failures="0" errors="0" time="25.462" runId="0">
  <properties />
  <testcase name="massUpdateRequester[1. Update Requester from 9999 to 8888 in incomplete Doc - 120000000009999]" classname="oracle.apps.prc.po.commonPo.protectedModel.helper.TestPoMassUpdateRequester" id="0" time="7.885" />
  <testcase name="massUpdateRequester[2. Change initiator for Pending Change Order from 7777 to 6666 for Doc - 120000000009998]" classname="oracle.apps.prc.po.commonPo.protectedModel.helper.TestPoMassUpdateRequester" id="0" time="3.306" />
  <testcase name="massUpdateRequester[3. Update Requester from 5555 to 4444 on Approved Documents without Pending Change Order]" classname="oracle.apps.prc.po.commonPo.protectedModel.helper.TestPoMassUpdateRequester" id="0" time="2.997" />
  <testcase name="massUpdateRequester[4. Update Requester from 3333 to 2222 on Approved Documents with Pending Change Order]" classname="oracle.apps.prc.po.commonPo.protectedModel.helper.TestPoMassUpdateRequester" id="0" time="0.161" />
</testsuite><testsuite name="oracle.apps.prc.po.commonPo.protectedModel.helper.TestPoHeaderDraftHelper" timestamp="2017-06-20T11:26:57" hostname="indl76040" family="NO_REGISTERED_LBA_FOR_JPR_NAME" initiative="prc_po_lrg" jpr="PrcPoCommonPoProtectedModelTest" label="" product="NO_REGISTERED_LBA_FOR_JPR_NAME" lba="NO_REGISTERED_LBA_FOR_JPR_NAME" tests="71" failures="4" errors="0" time="39.097" runId="0">
  <properties />
  <testcase name="testInitBuyer[1. Defaulting Buyer]" classname="oracle.apps.prc.po.commonPo.protectedModel.helper.TestPoHeaderDraftHelper" id="0" time="0.151" />
  <testcase name="testInitCreatedLanguage[1. Defaulting Language]" classname="oracle.apps.prc.po.commonPo.protectedModel.helper.TestPoHeaderDraftHelper" id="0" time="0.0020" />
  <testcase name="testInitPrcBu[1. Defaulting Prc BU]" classname="oracle.apps.prc.po.commonPo.protectedModel.helper.TestPoHeaderDraftHelper" id="0" time="2.593" />
  <testcase name="testInitReqBu[1. Defaulting Req BU]" classname="oracle.apps.prc.po.commonPo.protectedModel.helper.TestPoHeaderDraftHelper" id="0" time="12.038" />
  <testcase name="testInitShipToLocationId[1. Defaulting Ship-To-Location Id]" classname="oracle.apps.prc.po.commonPo.protectedModel.helper.TestPoHeaderDraftHelper" id="0" time="6.517" />
  <testcase name="testInitCurrencyCode[1. Defaulting Currency Code]" classname="oracle.apps.prc.po.commonPo.protectedModel.helper.TestPoHeaderDraftHelper" id="0" time="0.688" />
  <testcase name="testInitCurrencyCode[2. Defaulting Currency Code for STANDARD Documents]" classname="oracle.apps.prc.po.commonPo.protectedModel.helper.TestPoHeaderDraftHelper" id="0" time="0.876" />
  <testcase name="testInitBillToLocationId[1. Defaulting Bill-To-Location Id]" classname="oracle.apps.prc.po.commonPo.protectedModel.helper.TestPoHeaderDraftHelper" id="0" time="0.672" />
  <testcase name="testInitBuyerManagedTransportFlag[1. Defaulting Buyer-Managed-Transport Flag]" classname="oracle.apps.prc.po.commonPo.protectedModel.helper.TestPoHeaderDraftHelper" id="0" time="0.012" />
  <testcase name="testInitDocumentCreationMethod[1. Defaulting Document Creation Method]" classname="oracle.apps.prc.po.commonPo.protectedModel.helper.TestPoHeaderDraftHelper" id="0" time="0.0020" />
  <testcase name="testInitEmailAddress[1. Defaulting Email Address]" classname="oracle.apps.prc.po.commonPo.protectedModel.helper.TestPoHeaderDraftHelper" id="0" time="3.906" />
  <testcase name="testInitFOB[1. Defaulting FOB]" classname="oracle.apps.prc.po.commonPo.protectedModel.helper.TestPoHeaderDraftHelper" id="0" time="0.117">
    <failure type="failure" message="    Test Case Failed! Asserts failed = 1  ">java.lang.AssertionError:     Test Case Failed! Asserts failed = 1

	at oracle.apps.prc.po.commonPo.protectedModel.helper.TestPoHeaderDraftHelper.testInitFOB(TestPoHeaderDraftHelper.java:787)
	at oracle.apps.fnd.appltest.unittest.junit.UTRunner$1.run(UTRunner.java:1267)
	at oracle.apps.fnd.appltest.unittest.junit.UTRunner.runTest(UTRunner.java:1055)
	at oracle.apps.fnd.appltest.unittest.junit.UTRunner.execute(UTRunner.java:1223)
	at oracle.apps.fnd.appltest.unittest.junit.entry.UTRunnerMain.main(UTRunnerMain.java:153)
 </failure>
  </testcase>
  <testcase name="testInitStyleAndType[1. Defaulting Style-Id and Lookup Code]" classname="oracle.apps.prc.po.commonPo.protectedModel.helper.TestPoHeaderDraftHelper" id="0" time="0.0030" />
  <testcase name="testInitTaxAttrbs[1. Defaulting Tax Attributes]" classname="oracle.apps.prc.po.commonPo.protectedModel.helper.TestPoHeaderDraftHelper" id="0" time="2.375" />
  <testcase name="testInitPaymentTerms[1. Defaulting Payment Terms]" classname="oracle.apps.prc.po.commonPo.protectedModel.helper.TestPoHeaderDraftHelper" id="0" time="0.0040" />
  <testcase name="testInitPayOnReceipt[1. Defaulting Pay on Code]" classname="oracle.apps.prc.po.commonPo.protectedModel.helper.TestPoHeaderDraftHelper" id="0" time="0.0020" />
  <testcase name="testInitPoNumber[1. Defaulting Po Number-Segment1]" classname="oracle.apps.prc.po.commonPo.protectedModel.helper.TestPoHeaderDraftHelper" id="0" time="0.959" />
  <testcase name="testInitProcurementOptionsDependentFields[1. Defaulting Procurement options]" classname="oracle.apps.prc.po.commonPo.protectedModel.helper.TestPoHeaderDraftHelper" id="0" time="0.087" />
  <testcase name="testInitRate[1. Defaulting Conversion Rate]" classname="oracle.apps.prc.po.commonPo.protectedModel.helper.TestPoHeaderDraftHelper" id="0" time="0.876" />
  <testcase name="testInitSupplierContactId[1. Defaulting Supplier Contact Id]" classname="oracle.apps.prc.po.commonPo.protectedModel.helper.TestPoHeaderDraftHelper" id="0" time="0.716" />
  <testcase name="testInitSupplierNotificationMethod[1. Defaulting Supplier Notification Method]" classname="oracle.apps.prc.po.commonPo.protectedModel.helper.TestPoHeaderDraftHelper" id="0" time="0.0020" />
  <testcase name="testInitSupplierSite[1. Defaulting Supplier Site]" classname="oracle.apps.prc.po.commonPo.protectedModel.helper.TestPoHeaderDraftHelper" id="0" time="0.276" />
  <testcase name="testDefaultAcceptanceWithinDaysDependentFields[1. Defaulting Acceptance Due Date]" classname="oracle.apps.prc.po.commonPo.protectedModel.helper.TestPoHeaderDraftHelper" id="0" time="0.016" />
  <testcase name="testDefaultAcceptanceRequiredFlagDependentFields[1. Defaulting AcceptanceRequiredFlag Dependent Fields]" classname="oracle.apps.prc.po.commonPo.protectedModel.helper.TestPoHeaderDraftHelper" id="0" time="0.0010" />
  <testcase name="testDefaultBillingInformation[1. Defaulting Billing Details]" classname="oracle.apps.prc.po.commonPo.protectedModel.helper.TestPoHeaderDraftHelper" id="0" time="0.158" />
  <testcase name="testInitRateType[1. Defaulting Conversion Rate type]" classname="oracle.apps.prc.po.commonPo.protectedModel.helper.TestPoHeaderDraftHelper" id="0" time="0.336" />
  <testcase name="testInitRateType[2. Defaulting Conversion Rate type with different currency codes]" classname="oracle.apps.prc.po.commonPo.protectedModel.helper.TestPoHeaderDraftHelper" id="0" time="0.094" />
  <testcase name="testInitRateDate[1. Defaulting Conversion Rate date]" classname="oracle.apps.prc.po.commonPo.protectedModel.helper.TestPoHeaderDraftHelper" id="0" time="0.014" />
  <testcase name="testDefaultConfiguredStyleDependentField[1. Defaulting Configured Style Dependent Field]" classname="oracle.apps.prc.po.commonPo.protectedModel.helper.TestPoHeaderDraftHelper" id="0" time="0.039" />
  <testcase name="testDefaultSoldToLegalEntity[1. Defaulting Supplier Site]" classname="oracle.apps.prc.po.commonPo.protectedModel.helper.TestPoHeaderDraftHelper" id="0" time="0.041" />
  <testcase name="testDefaultSupplierContactDependentFields[1. Defaulting Supplier-Contact Dependent Fields with Email as the notification method.]" classname="oracle.apps.prc.po.commonPo.protectedModel.helper.TestPoHeaderDraftHelper" id="0" time="0.014" />
  <testcase name="testDefaultSupplierSiteId[1. Defaulting Supplier-Site Id]" classname="oracle.apps.prc.po.commonPo.protectedModel.helper.TestPoHeaderDraftHelper" id="0" time="0.02" />
  <testcase name="testDefaultAgingOnsetPointDependentFields[1. Defaulting Aging OnsetPoint Dependent Fields]" classname="oracle.apps.prc.po.commonPo.protectedModel.helper.TestPoHeaderDraftHelper" id="0" time="0.261" />
  <testcase name="testDefaultAgingOnsetPointDependentFields[2. Defaulting Aging OnsetPoint Dependent Fields with No aging period days]" classname="oracle.apps.prc.po.commonPo.protectedModel.helper.TestPoHeaderDraftHelper" id="0" time="0.112" />
  <testcase name="testDefaultAgingPeriodDaysDependentFields[1. Defaulting Aging Period Days Dependent Fields ]" classname="oracle.apps.prc.po.commonPo.protectedModel.helper.TestPoHeaderDraftHelper" id="0" time="0.0060" />
  <testcase name="testDefaultDistRateFields[1. Defaulting Distribution Rate Fields ]" classname="oracle.apps.prc.po.commonPo.protectedModel.helper.TestPoHeaderDraftHelper" id="0" time="0.0080" />
  <testcase name="testDefaultDistRateDate[1. Defaulting Distribution Rate Date ]" classname="oracle.apps.prc.po.commonPo.protectedModel.helper.TestPoHeaderDraftHelper" id="0" time="0.0010" />
  <testcase name="testDefaultDistRate[1. Defaulting Distribution Rate with rate type as User]" classname="oracle.apps.prc.po.commonPo.protectedModel.helper.TestPoHeaderDraftHelper" id="0" time="0.0070" />
  <testcase name="testDefaultDistRate[2. Defaulting Distribution Rate with rate type as Corporate]" classname="oracle.apps.prc.po.commonPo.protectedModel.helper.TestPoHeaderDraftHelper" id="0" time="0.0070" />
  <testcase name="testDefaultRateDateDependentFields[1. Defaulting Rate Date dependent fields]" classname="oracle.apps.prc.po.commonPo.protectedModel.helper.TestPoHeaderDraftHelper" id="0" time="0.011" />
  <testcase name="testDefaultRateDependentFields[1. Defaulting Rate Date dependent fields]" classname="oracle.apps.prc.po.commonPo.protectedModel.helper.TestPoHeaderDraftHelper" id="0" time="0.0080" />
  <testcase name="testDefaultShippingMethod[1. Defaulting Shipping method]" classname="oracle.apps.prc.po.commonPo.protectedModel.helper.TestPoHeaderDraftHelper" id="0" time="0.052" />
  <testcase name="testDefaultSupplierDependentFields[1. Defaulting Supplier Dependent Fields]" classname="oracle.apps.prc.po.commonPo.protectedModel.helper.TestPoHeaderDraftHelper" id="0" time="0.012" />
  <testcase name="testInitFreightTerms[1. Defaulting Freight terms]" classname="oracle.apps.prc.po.commonPo.protectedModel.helper.TestPoHeaderDraftHelper" id="0" time="0.078">
    <failure type="failure" message="    Test Case Failed! Asserts failed = 1  ">java.lang.AssertionError:     Test Case Failed! Asserts failed = 1

	at oracle.apps.prc.po.commonPo.protectedModel.helper.TestPoHeaderDraftHelper.testInitFreightTerms(TestPoHeaderDraftHelper.java:2424)
	at oracle.apps.fnd.appltest.unittest.junit.UTRunner$1.run(UTRunner.java:1267)
	at oracle.apps.fnd.appltest.unittest.junit.UTRunner.runTest(UTRunner.java:1055)
	at oracle.apps.fnd.appltest.unittest.junit.UTRunner.execute(UTRunner.java:1223)
	at oracle.apps.fnd.appltest.unittest.junit.entry.UTRunnerMain.main(UTRunnerMain.java:153)
 </failure>
  </testcase>
  <testcase name="testResetCurrencyDependentFields[1. Reset Currency Dependent Fields]" classname="oracle.apps.prc.po.commonPo.protectedModel.helper.TestPoHeaderDraftHelper" id="0" time="0.0010" />
  <testcase name="testResetPcardId[1. Reset Pcard Id]" classname="oracle.apps.prc.po.commonPo.protectedModel.helper.TestPoHeaderDraftHelper" id="0" time="0.0" />
  <testcase name="testResetRateDependentFields[1. Reset Rate Dependent Fields]" classname="oracle.apps.prc.po.commonPo.protectedModel.helper.TestPoHeaderDraftHelper" id="0" time="0.049" />
  <testcase name="testResetRateTypeDependentFields[1. Reset Rate-Type Dependent Fields]" classname="oracle.apps.prc.po.commonPo.protectedModel.helper.TestPoHeaderDraftHelper" id="0" time="0.0010" />
  <testcase name="testResetSupplierContactDependentFields[1. Reset Supplier Contact Dependent Fields]" classname="oracle.apps.prc.po.commonPo.protectedModel.helper.TestPoHeaderDraftHelper" id="0" time="0.0" />
  <testcase name="testResetSupplierContactIdDependentFields[1. Reset Supplier Contact Id Dependent Fields]" classname="oracle.apps.prc.po.commonPo.protectedModel.helper.TestPoHeaderDraftHelper" id="0" time="0.0" />
  <testcase name="testIsBillToLocationIdValid[1. Validating Bill_To_Location_Id]" classname="oracle.apps.prc.po.commonPo.protectedModel.helper.TestPoHeaderDraftHelper" id="0" time="0.0070" />
  <testcase name="testIsBillToLocationIdValid[2. Validating Bill_To_Location_Id]" classname="oracle.apps.prc.po.commonPo.protectedModel.helper.TestPoHeaderDraftHelper" id="0" time="0.018" />
  <testcase name="testIsCarrierIdValid[1. Validating Carrier Id]" classname="oracle.apps.prc.po.commonPo.protectedModel.helper.TestPoHeaderDraftHelper" id="0" time="0.138" />
  <testcase name="testIsCarrierIdValid[2. Validating Bill_To_Location_Id]" classname="oracle.apps.prc.po.commonPo.protectedModel.helper.TestPoHeaderDraftHelper" id="0" time="0.0020" />
  <testcase name="testIsFOBValid[1. Validating FOB]" classname="oracle.apps.prc.po.commonPo.protectedModel.helper.TestPoHeaderDraftHelper" id="0" time="0.0040">
    <failure type="failure" message="    Test Case Failed! Asserts failed = 1  ">java.lang.AssertionError:     Test Case Failed! Asserts failed = 1

	at oracle.apps.prc.po.commonPo.protectedModel.helper.TestPoHeaderDraftHelper.testIsFOBValid(TestPoHeaderDraftHelper.java:2799)
	at oracle.apps.fnd.appltest.unittest.junit.UTRunner$1.run(UTRunner.java:1267)
	at oracle.apps.fnd.appltest.unittest.junit.UTRunner.runTest(UTRunner.java:1055)
	at oracle.apps.fnd.appltest.unittest.junit.UTRunner.execute(UTRunner.java:1223)
	at oracle.apps.fnd.appltest.unittest.junit.entry.UTRunnerMain.main(UTRunnerMain.java:153)
 </failure>
  </testcase>
  <testcase name="testIsFOBValid[2. Validating Bill_To_Location_Id]" classname="oracle.apps.prc.po.commonPo.protectedModel.helper.TestPoHeaderDraftHelper" id="0" time="0.0040" />
  <testcase name="testIsFreightTermsValid[1. Validating Freight Terms]" classname="oracle.apps.prc.po.commonPo.protectedModel.helper.TestPoHeaderDraftHelper" id="0" time="0.0040">
    <failure type="failure" message="    Test Case Failed! Asserts failed = 1  ">java.lang.AssertionError:     Test Case Failed! Asserts failed = 1

	at oracle.apps.prc.po.commonPo.protectedModel.helper.TestPoHeaderDraftHelper.testIsFreightTermsValid(TestPoHeaderDraftHelper.java:2863)
	at oracle.apps.fnd.appltest.unittest.junit.UTRunner$1.run(UTRunner.java:1267)
	at oracle.apps.fnd.appltest.unittest.junit.UTRunner.runTest(UTRunner.java:1055)
	at oracle.apps.fnd.appltest.unittest.junit.UTRunner.execute(UTRunner.java:1223)
	at oracle.apps.fnd.appltest.unittest.junit.entry.UTRunnerMain.main(UTRunnerMain.java:153)
 </failure>
  </testcase>
  <testcase name="testIsFreightTermsValid[2. Validating Freight Terms]" classname="oracle.apps.prc.po.commonPo.protectedModel.helper.TestPoHeaderDraftHelper" id="0" time="0.0040" />
  <testcase name="testIsPaymentTermsValid[1. Validating Payment terms]" classname="oracle.apps.prc.po.commonPo.protectedModel.helper.TestPoHeaderDraftHelper" id="0" time="0.0030" />
  <testcase name="testIsPaymentTermsValid[2. Validating Payment terms]" classname="oracle.apps.prc.po.commonPo.protectedModel.helper.TestPoHeaderDraftHelper" id="0" time="0.012" />
  <testcase name="testIsShippingMethodValid[1. Validating Shipping Method]" classname="oracle.apps.prc.po.commonPo.protectedModel.helper.TestPoHeaderDraftHelper" id="0" time="0.0040" />
  <testcase name="testIsShippingMethodValid[2. Validating Shipping Method]" classname="oracle.apps.prc.po.commonPo.protectedModel.helper.TestPoHeaderDraftHelper" id="0" time="0.059" />
  <testcase name="testIsShipToLocationIdValid[1. Validating Ship_To_Location_Id]" classname="oracle.apps.prc.po.commonPo.protectedModel.helper.TestPoHeaderDraftHelper" id="0" time="0.0030" />
  <testcase name="testIsShipToLocationIdValid[2. Validating Ship_To_Location_Id]" classname="oracle.apps.prc.po.commonPo.protectedModel.helper.TestPoHeaderDraftHelper" id="0" time="0.0030" />
  <testcase name="testLineRowExists[1. Validating Line Row Exists or not]" classname="oracle.apps.prc.po.commonPo.protectedModel.helper.TestPoHeaderDraftHelper" id="0" time="0.0020" />
  <testcase name="testLineRowExists[2. Validating Line Row Exists or not]" classname="oracle.apps.prc.po.commonPo.protectedModel.helper.TestPoHeaderDraftHelper" id="0" time="0.0010" />
  <testcase name="testGetBillToBUCurrency[1. Get Currency Code from Bill Bu Id]" classname="oracle.apps.prc.po.commonPo.protectedModel.helper.TestPoHeaderDraftHelper" id="0" time="0.959" />
  <testcase name="testGetDefaultRateType[1. Get Default Rate Type]" classname="oracle.apps.prc.po.commonPo.protectedModel.helper.TestPoHeaderDraftHelper" id="0" time="0.0030" />
  <testcase name="testGetDefaultRateType[2. Get Default Rate Type with different currency cdes]" classname="oracle.apps.prc.po.commonPo.protectedModel.helper.TestPoHeaderDraftHelper" id="0" time="0.0030" />
  <testcase name="testGetSoldToLeCurrency[1. Get Currency Code from SoldToLeId]" classname="oracle.apps.prc.po.commonPo.protectedModel.helper.TestPoHeaderDraftHelper" id="0" time="0.0050" />
  <testcase name="testUpdateMaxLineNumForNew[1. Update MaxLineNumForNew in header level]" classname="oracle.apps.prc.po.commonPo.protectedModel.helper.TestPoHeaderDraftHelper" id="0" time="0.0060" />
</testsuite><testsuite name="oracle.apps.prc.po.commonPo.protectedModel.utilTest.TestDocumentTotalUtil" timestamp="2017-06-20T11:29:30" hostname="indl76040" family="NO_REGISTERED_LBA_FOR_JPR_NAME" initiative="prc_po_lrg" jpr="PrcPoCommonPoProtectedModelTest" label="" product="NO_REGISTERED_LBA_FOR_JPR_NAME" lba="NO_REGISTERED_LBA_FOR_JPR_NAME" tests="9" failures="0" errors="0" time="19.15" runId="0">
  <properties />
  <testcase name="testGetActualArchiveTotal[test Get Actual ArchiveTotal]" classname="oracle.apps.prc.po.commonPo.protectedModel.utilTest.TestDocumentTotalUtil" id="0" time="0.027" />
  <testcase name="testGetActualArchiveTotalTax[test Get Actual ArchiveTotalTax]" classname="oracle.apps.prc.po.commonPo.protectedModel.utilTest.TestDocumentTotalUtil" id="0" time="0.0020" />
  <testcase name="testGetActualArchiveAllTax[test Get Actual ArchiveAllTax]" classname="oracle.apps.prc.po.commonPo.protectedModel.utilTest.TestDocumentTotalUtil" id="0" time="0.0010" />
  <testcase name="testGetActualArchiveExclusiveTax[test Get Actual ArchiveExclusiveTax]" classname="oracle.apps.prc.po.commonPo.protectedModel.utilTest.TestDocumentTotalUtil" id="0" time="0.0010" />
  <testcase name="testGetProposedArchiveTotal[test Get Proposed ArchiveTotal]" classname="oracle.apps.prc.po.commonPo.protectedModel.utilTest.TestDocumentTotalUtil" id="0" time="0.022" />
  <testcase name="testGetProposedArchiveTax[test Get Proposed ArchiveTax]" classname="oracle.apps.prc.po.commonPo.protectedModel.utilTest.TestDocumentTotalUtil" id="0" time="0.0020" />
  <testcase name="testGetProposedArchiveExclusiveTax[test Get Proposed ArchiveTax]" classname="oracle.apps.prc.po.commonPo.protectedModel.utilTest.TestDocumentTotalUtil" id="0" time="0.0010" />
  <testcase name="testGetActualArchiveLineTotal[test Get Actual ArchiveLineTotal]" classname="oracle.apps.prc.po.commonPo.protectedModel.utilTest.TestDocumentTotalUtil" id="0" time="0.0070" />
  <testcase name="testGetArchiveAmountAgreed[test Get Archive AmountAgreed]" classname="oracle.apps.prc.po.commonPo.protectedModel.utilTest.TestDocumentTotalUtil" id="0" time="0.044" />
</testsuite><testsuite name="oracle.apps.prc.po.commonPo.protectedModel.view.AllSupplierVVO.AllSupplierVVOTest" timestamp="2017-06-20T11:30:34" hostname="indl76040" family="NO_REGISTERED_LBA_FOR_JPR_NAME" initiative="prc_po_lrg" jpr="PrcPoCommonPoProtectedModelTest" label="" product="NO_REGISTERED_LBA_FOR_JPR_NAME" lba="NO_REGISTERED_LBA_FOR_JPR_NAME" tests="8" failures="0" errors="0" time="166.821" runId="0">
  <properties />
  <testcase name="entitiesNonUpdateable" classname="oracle.apps.prc.po.commonPo.protectedModel.view.AllSupplierVVO.AllSupplierVVOTest" id="0" time="0.138">
    <artifact_tested name="oracle.apps.prc.po.commonPo.protectedModel.validationView.AllSupplierVVO" type="ADFVO" />
  </testcase>
  <testcase name="testVOAccess" classname="oracle.apps.prc.po.commonPo.protectedModel.view.AllSupplierVVO.AllSupplierVVOTest" id="0" time="0.0">
    <artifact_tested name="oracle.apps.prc.po.commonPo.protectedModel.validationView.AllSupplierVVO" type="ADFVO" />
  </testcase>
  <testcase name="invokeVORowImplAttributeGetter[VendorId]" classname="oracle.apps.prc.po.commonPo.protectedModel.view.AllSupplierVVO.AllSupplierVVOTest" id="0" time="164.762">
    <artifact_tested name="oracle.apps.prc.po.commonPo.protectedModel.validationView.AllSupplierVVO" type="ADFVO" />
  </testcase>
  <testcase name="invokeVORowImplAttributeGetter[VendorName]" classname="oracle.apps.prc.po.commonPo.protectedModel.view.AllSupplierVVO.AllSupplierVVOTest" id="0" time="0.0">
    <artifact_tested name="oracle.apps.prc.po.commonPo.protectedModel.validationView.AllSupplierVVO" type="ADFVO" />
  </testcase>
  <testcase name="invokeVORowImplAttributeGetter[Segment1]" classname="oracle.apps.prc.po.commonPo.protectedModel.view.AllSupplierVVO.AllSupplierVVOTest" id="0" time="0.0">
    <artifact_tested name="oracle.apps.prc.po.commonPo.protectedModel.validationView.AllSupplierVVO" type="ADFVO" />
  </testcase>
  <testcase name="invokeVORowImplAttributeGetter[DunsNumberC]" classname="oracle.apps.prc.po.commonPo.protectedModel.view.AllSupplierVVO.AllSupplierVVOTest" id="0" time="0.0010">
    <artifact_tested name="oracle.apps.prc.po.commonPo.protectedModel.validationView.AllSupplierVVO" type="ADFVO" />
  </testcase>
  <testcase name="invokeVORowImplAttributeGetter[PartyNameId]" classname="oracle.apps.prc.po.commonPo.protectedModel.view.AllSupplierVVO.AllSupplierVVOTest" id="0" time="0.0010">
    <artifact_tested name="oracle.apps.prc.po.commonPo.protectedModel.validationView.AllSupplierVVO" type="ADFVO" />
  </testcase>
  <testcase name="invokeVORowImplAttributeGetter[AlternateName]" classname="oracle.apps.prc.po.commonPo.protectedModel.view.AllSupplierVVO.AllSupplierVVOTest" id="0" time="0.0010">
    <artifact_tested name="oracle.apps.prc.po.commonPo.protectedModel.validationView.AllSupplierVVO" type="ADFVO" />
  </testcase>
</testsuite><testsuite name="oracle.apps.prc.po.commonPo.protectedModel.helper.TestPoServiceDistributionValidationHelper" timestamp="2017-06-20T11:28:02" hostname="indl76040" family="NO_REGISTERED_LBA_FOR_JPR_NAME" initiative="prc_po_lrg" jpr="PrcPoCommonPoProtectedModelTest" label="" product="NO_REGISTERED_LBA_FOR_JPR_NAME" lba="NO_REGISTERED_LBA_FOR_JPR_NAME" tests="3" failures="0" errors="0" time="3.499" runId="0">
  <properties />
  <testcase name="deriveDeliverToCustomerLocationId[Id Validation]" classname="oracle.apps.prc.po.commonPo.protectedModel.helper.TestPoServiceDistributionValidationHelper" id="0" time="0.967" />
  <testcase name="deriveDeliverToCustomerId[Id Validation]" classname="oracle.apps.prc.po.commonPo.protectedModel.helper.TestPoServiceDistributionValidationHelper" id="0" time="0.187" />
  <testcase name="deriveDeliverToCustomerContactId[Id Validation]" classname="oracle.apps.prc.po.commonPo.protectedModel.helper.TestPoServiceDistributionValidationHelper" id="0" time="0.0040" />
</testsuite><testsuite name="oracle.apps.prc.po.commonPo.protectedModel.utilTest.PoNumberUtilTest" timestamp="2017-06-20T11:28:21" hostname="indl76040" family="NO_REGISTERED_LBA_FOR_JPR_NAME" initiative="prc_po_lrg" jpr="PrcPoCommonPoProtectedModelTest" label="" product="NO_REGISTERED_LBA_FOR_JPR_NAME" lba="NO_REGISTERED_LBA_FOR_JPR_NAME" tests="17" failures="0" errors="0" time="1.914" runId="0">
  <properties />
  <testcase name="documentNumberGeneration[PO: Vision Operations Legal entity]" classname="oracle.apps.prc.po.commonPo.protectedModel.utilTest.PoNumberUtilTest" id="0" time="0.018" />
  <testcase name="documentNumberGeneration[PO: Vision Services Legal entity]" classname="oracle.apps.prc.po.commonPo.protectedModel.utilTest.PoNumberUtilTest" id="0" time="0.1" />
  <testcase name="documentNumberGeneration[PO: Singapore Distribution Centre Legal entity]" classname="oracle.apps.prc.po.commonPo.protectedModel.utilTest.PoNumberUtilTest" id="0" time="0.058" />
  <testcase name="documentNumberGeneration[PO: Vision Foods USA Ltd. Legal entity]" classname="oracle.apps.prc.po.commonPo.protectedModel.utilTest.PoNumberUtilTest" id="0" time="0.208" />
  <testcase name="documentNumberGeneration[PO: Vision Foods Canada Ltd. Legal entity]" classname="oracle.apps.prc.po.commonPo.protectedModel.utilTest.PoNumberUtilTest" id="0" time="0.036" />
  <testcase name="documentNumberGeneration[CPA: Vision Operations]" classname="oracle.apps.prc.po.commonPo.protectedModel.utilTest.PoNumberUtilTest" id="0" time="0.052" />
  <testcase name="documentNumberGeneration[CPA: Vision Services]" classname="oracle.apps.prc.po.commonPo.protectedModel.utilTest.PoNumberUtilTest" id="0" time="0.06" />
  <testcase name="documentNumberGeneration[CPA: Singapore Distribution]" classname="oracle.apps.prc.po.commonPo.protectedModel.utilTest.PoNumberUtilTest" id="0" time="0.0030" />
  <testcase name="documentNumberGeneration[CPA: VF Cad Payables]" classname="oracle.apps.prc.po.commonPo.protectedModel.utilTest.PoNumberUtilTest" id="0" time="0.054" />
  <testcase name="documentNumberGeneration[BPA: Vision Operations]" classname="oracle.apps.prc.po.commonPo.protectedModel.utilTest.PoNumberUtilTest" id="0" time="0.0020" />
  <testcase name="documentNumberGeneration[BPA: Vision Services]" classname="oracle.apps.prc.po.commonPo.protectedModel.utilTest.PoNumberUtilTest" id="0" time="0.0010" />
  <testcase name="documentNumberGeneration[BPA: Singapore Distribution]" classname="oracle.apps.prc.po.commonPo.protectedModel.utilTest.PoNumberUtilTest" id="0" time="0.0020" />
  <testcase name="documentNumberGeneration[BPA: VF Cad Payables]" classname="oracle.apps.prc.po.commonPo.protectedModel.utilTest.PoNumberUtilTest" id="0" time="0.0020" />
  <testcase name="documentNumberGeneration[PON: Vision Operations]" classname="oracle.apps.prc.po.commonPo.protectedModel.utilTest.PoNumberUtilTest" id="0" time="0.0040" />
  <testcase name="documentNumberGeneration[PON: Vision Services]" classname="oracle.apps.prc.po.commonPo.protectedModel.utilTest.PoNumberUtilTest" id="0" time="0.0020" />
  <testcase name="documentNumberGeneration[PON: Singapore Distribution]" classname="oracle.apps.prc.po.commonPo.protectedModel.utilTest.PoNumberUtilTest" id="0" time="0.0030" />
  <testcase name="documentNumberGeneration[PON: VF Cad Payables]" classname="oracle.apps.prc.po.commonPo.protectedModel.utilTest.PoNumberUtilTest" id="0" time="0.0040" />
</testsuite><testsuite name="oracle.apps.prc.po.commonPo.protectedModel.utilTest.TestAutoSourceUtil" timestamp="2017-06-20T11:28:23" hostname="indl76040" family="NO_REGISTERED_LBA_FOR_JPR_NAME" initiative="prc_po_lrg" jpr="PrcPoCommonPoProtectedModelTest" label="" product="NO_REGISTERED_LBA_FOR_JPR_NAME" lba="NO_REGISTERED_LBA_FOR_JPR_NAME" tests="15" failures="0" errors="0" time="7.112" runId="0">
  <properties />
  <testcase name="testAutoSource[Identify Local Item Asl Bpa]" classname="oracle.apps.prc.po.commonPo.protectedModel.utilTest.TestAutoSourceUtil" id="0" time="2.0" />
  <testcase name="testAutoSource[Identify Local Item Asl Cpa]" classname="oracle.apps.prc.po.commonPo.protectedModel.utilTest.TestAutoSourceUtil" id="0" time="0.019" />
  <testcase name="testAutoSource[Identify Global Item Asl Bpa]" classname="oracle.apps.prc.po.commonPo.protectedModel.utilTest.TestAutoSourceUtil" id="0" time="0.085" />
  <testcase name="testAutoSource[Identify Global Item Asl Cpa]" classname="oracle.apps.prc.po.commonPo.protectedModel.utilTest.TestAutoSourceUtil" id="0" time="0.037" />
  <testcase name="testAutoSource[Identify Local Category Asl Cpa]" classname="oracle.apps.prc.po.commonPo.protectedModel.utilTest.TestAutoSourceUtil" id="0" time="0.141" />
  <testcase name="testAutoSource[Identify Global Category Asl Cpa]" classname="oracle.apps.prc.po.commonPo.protectedModel.utilTest.TestAutoSourceUtil" id="0" time="0.045" />
  <testcase name="testAutoSource[Identify Non Asl Bpa]" classname="oracle.apps.prc.po.commonPo.protectedModel.utilTest.TestAutoSourceUtil" id="0" time="0.097" />
  <testcase name="testAutoSource[Identify Non Asl Cpa]" classname="oracle.apps.prc.po.commonPo.protectedModel.utilTest.TestAutoSourceUtil" id="0" time="0.19" />
  <testcase name="testAutoSource[Destination Type Test]" classname="oracle.apps.prc.po.commonPo.protectedModel.utilTest.TestAutoSourceUtil" id="0" time="0.032" />
  <testcase name="testAutoSource[Destination Type Test For Consignment Lines]" classname="oracle.apps.prc.po.commonPo.protectedModel.utilTest.TestAutoSourceUtil" id="0" time="0.0040" />
  <testcase name="testAutoSource[Agreement Precedence Rules Test]" classname="oracle.apps.prc.po.commonPo.protectedModel.utilTest.TestAutoSourceUtil" id="0" time="0.035" />
  <testcase name="testAutoSource[Bpa Line Expiry Test]" classname="oracle.apps.prc.po.commonPo.protectedModel.utilTest.TestAutoSourceUtil" id="0" time="0.0040" />
  <testcase name="testAutoSource[Autosourcing For ConfiguredItems Test]" classname="oracle.apps.prc.po.commonPo.protectedModel.utilTest.TestAutoSourceUtil" id="0" time="0.0050" />
  <testcase name="testAutoSource[Cpa Exclusion Rules Test]" classname="oracle.apps.prc.po.commonPo.protectedModel.utilTest.TestAutoSourceUtil" id="0" time="0.0040" />
  <testcase name="testAutoSource[Asl Supplier Debarred Test]" classname="oracle.apps.prc.po.commonPo.protectedModel.utilTest.TestAutoSourceUtil" id="0" time="0.0050" />
</testsuite><testsuite name="oracle.apps.prc.po.commonPo.protectedModel.view.ReqBUOptionsAllVVO.ReqBUOptionsAllVVOTest" timestamp="2017-06-20T11:34:13" hostname="indl76040" family="NO_REGISTERED_LBA_FOR_JPR_NAME" initiative="prc_po_lrg" jpr="PrcPoCommonPoProtectedModelTest" label="" product="NO_REGISTERED_LBA_FOR_JPR_NAME" lba="NO_REGISTERED_LBA_FOR_JPR_NAME" tests="5" failures="0" errors="0" time="2.183" runId="0">
  <properties />
  <testcase name="entitiesNonUpdateable" classname="oracle.apps.prc.po.commonPo.protectedModel.view.ReqBUOptionsAllVVO.ReqBUOptionsAllVVOTest" id="0" time="0.156">
    <artifact_tested name="oracle.apps.prc.po.commonPo.protectedModel.validationView.ReqBUOptionsAllVVO" type="ADFVO" />
  </testcase>
  <testcase name="testVOAccess" classname="oracle.apps.prc.po.commonPo.protectedModel.view.ReqBUOptionsAllVVO.ReqBUOptionsAllVVOTest" id="0" time="0.0010">
    <artifact_tested name="oracle.apps.prc.po.commonPo.protectedModel.validationView.ReqBUOptionsAllVVO" type="ADFVO" />
  </testcase>
  <testcase name="invokeVORowImplAttributeGetter[ReqBuOptionsId]" classname="oracle.apps.prc.po.commonPo.protectedModel.view.ReqBUOptionsAllVVO.ReqBUOptionsAllVVOTest" id="0" time="0.0030">
    <artifact_tested name="oracle.apps.prc.po.commonPo.protectedModel.validationView.ReqBUOptionsAllVVO" type="ADFVO" />
  </testcase>
  <testcase name="invokeVORowImplAttributeGetter[ReqBuId]" classname="oracle.apps.prc.po.commonPo.protectedModel.view.ReqBUOptionsAllVVO.ReqBUOptionsAllVVOTest" id="0" time="0.0010">
    <artifact_tested name="oracle.apps.prc.po.commonPo.protectedModel.validationView.ReqBUOptionsAllVVO" type="ADFVO" />
  </testcase>
  <testcase name="invokeVORowImplAttributeGetter[PrcBuId]" classname="oracle.apps.prc.po.commonPo.protectedModel.view.ReqBUOptionsAllVVO.ReqBUOptionsAllVVOTest" id="0" time="0.0">
    <artifact_tested name="oracle.apps.prc.po.commonPo.protectedModel.validationView.ReqBUOptionsAllVVO" type="ADFVO" />
  </testcase>
</testsuite><testsuite name="oracle.apps.prc.po.commonPo.protectedModel.view.AllReqBUVVO.AllReqBUVVOTest" timestamp="2017-06-20T11:30:31" hostname="indl76040" family="NO_REGISTERED_LBA_FOR_JPR_NAME" initiative="prc_po_lrg" jpr="PrcPoCommonPoProtectedModelTest" label="" product="NO_REGISTERED_LBA_FOR_JPR_NAME" lba="NO_REGISTERED_LBA_FOR_JPR_NAME" tests="6" failures="0" errors="0" time="3.358" runId="0">
  <properties />
  <testcase name="entitiesNonUpdateable" classname="oracle.apps.prc.po.commonPo.protectedModel.view.AllReqBUVVO.AllReqBUVVOTest" id="0" time="1.192">
    <artifact_tested name="oracle.apps.prc.po.commonPo.protectedModel.validationView.AllReqBUVVO" type="ADFVO" />
  </testcase>
  <testcase name="testVOAccess" classname="oracle.apps.prc.po.commonPo.protectedModel.view.AllReqBUVVO.AllReqBUVVOTest" id="0" time="0.0010">
    <artifact_tested name="oracle.apps.prc.po.commonPo.protectedModel.validationView.AllReqBUVVO" type="ADFVO" />
  </testcase>
  <testcase name="invokeVORowImplAttributeGetter[BusinessUnitId]" classname="oracle.apps.prc.po.commonPo.protectedModel.view.AllReqBUVVO.AllReqBUVVOTest" id="0" time="0.049">
    <artifact_tested name="oracle.apps.prc.po.commonPo.protectedModel.validationView.AllReqBUVVO" type="ADFVO" />
  </testcase>
  <testcase name="invokeVORowImplAttributeGetter[ModuleId]" classname="oracle.apps.prc.po.commonPo.protectedModel.view.AllReqBUVVO.AllReqBUVVOTest" id="0" time="0.0020">
    <artifact_tested name="oracle.apps.prc.po.commonPo.protectedModel.validationView.AllReqBUVVO" type="ADFVO" />
  </testcase>
  <testcase name="invokeVORowImplAttributeGetter[Name]" classname="oracle.apps.prc.po.commonPo.protectedModel.view.AllReqBUVVO.AllReqBUVVOTest" id="0" time="0.0010">
    <artifact_tested name="oracle.apps.prc.po.commonPo.protectedModel.validationView.AllReqBUVVO" type="ADFVO" />
  </testcase>
  <testcase name="invokeVORowImplAttributeGetter[Status]" classname="oracle.apps.prc.po.commonPo.protectedModel.view.AllReqBUVVO.AllReqBUVVOTest" id="0" time="0.0020">
    <artifact_tested name="oracle.apps.prc.po.commonPo.protectedModel.validationView.AllReqBUVVO" type="ADFVO" />
  </testcase>
</testsuite><testsuite name="oracle.apps.prc.po.commonPo.protectedModel.view.BillToLocationVVO.BillToLocationVVOTest" timestamp="2017-06-20T11:33:21" hostname="indl76040" family="NO_REGISTERED_LBA_FOR_JPR_NAME" initiative="prc_po_lrg" jpr="PrcPoCommonPoProtectedModelTest" label="" product="NO_REGISTERED_LBA_FOR_JPR_NAME" lba="NO_REGISTERED_LBA_FOR_JPR_NAME" tests="141" failures="0" errors="0" time="5.132" runId="0">
  <properties />
  <testcase name="entitiesNonUpdateable" classname="oracle.apps.prc.po.commonPo.protectedModel.view.BillToLocationVVO.BillToLocationVVOTest" id="0" time="0.339">
    <artifact_tested name="oracle.apps.prc.po.commonPo.protectedModel.validationView.BillToLocationVVO" type="ADFVO" />
  </testcase>
  <testcase name="testVOAccess" classname="oracle.apps.prc.po.commonPo.protectedModel.view.BillToLocationVVO.BillToLocationVVOTest" id="0" time="0.0020">
    <artifact_tested name="oracle.apps.prc.po.commonPo.protectedModel.validationView.BillToLocationVVO" type="ADFVO" />
  </testcase>
  <testcase name="invokeVORowImplAttributeGetter[LocationId]" classname="oracle.apps.prc.po.commonPo.protectedModel.view.BillToLocationVVO.BillToLocationVVOTest" id="0" time="0.366">
    <artifact_tested name="oracle.apps.prc.po.commonPo.protectedModel.validationView.BillToLocationVVO" type="ADFVO" />
  </testcase>
  <testcase name="invokeVORowImplAttributeGetter[EffectiveStartDate]" classname="oracle.apps.prc.po.commonPo.protectedModel.view.BillToLocationVVO.BillToLocationVVOTest" id="0" time="0.0010">
    <artifact_tested name="oracle.apps.prc.po.commonPo.protectedModel.validationView.BillToLocationVVO" type="ADFVO" />
  </testcase>
  <testcase name="invokeVORowImplAttributeGetter[EffectiveEndDate]" classname="oracle.apps.prc.po.commonPo.protectedModel.view.BillToLocationVVO.BillToLocationVVOTest" id="0" time="0.0010">
    <artifact_tested name="oracle.apps.prc.po.commonPo.protectedModel.validationView.BillToLocationVVO" type="ADFVO" />
  </testcase>
  <testcase name="invokeVORowImplAttributeGetter[SetId]" classname="oracle.apps.prc.po.commonPo.protectedModel.view.BillToLocationVVO.BillToLocationVVOTest" id="0" time="0.0">
    <artifact_tested name="oracle.apps.prc.po.commonPo.protectedModel.validationView.BillToLocationVVO" type="ADFVO" />
  </testcase>
  <testcase name="invokeVORowImplAttributeGetter[BusinessGroupId]" classname="oracle.apps.prc.po.commonPo.protectedModel.view.BillToLocationVVO.BillToLocationVVOTest" id="0" time="0.0">
    <artifact_tested name="oracle.apps.prc.po.commonPo.protectedModel.validationView.BillToLocationVVO" type="ADFVO" />
  </testcase>
  <testcase name="invokeVORowImplAttributeGetter[LocationCode]" classname="oracle.apps.prc.po.commonPo.protectedModel.view.BillToLocationVVO.BillToLocationVVOTest" id="0" time="0.0">
    <artifact_tested name="oracle.apps.prc.po.commonPo.protectedModel.validationView.BillToLocationVVO" type="ADFVO" />
  </testcase>
  <testcase name="invokeVORowImplAttributeGetter[InternalLocationCode]" classname="oracle.apps.prc.po.commonPo.protectedModel.view.BillToLocationVVO.BillToLocationVVOTest" id="0" time="0.0">
    <artifact_tested name="oracle.apps.prc.po.commonPo.protectedModel.validationView.BillToLocationVVO" type="ADFVO" />
  </testcase>
  <testcase name="invokeVORowImplAttributeGetter[LocationName]" classname="oracle.apps.prc.po.commonPo.protectedModel.view.BillToLocationVVO.BillToLocationVVOTest" id="0" time="0.0">
    <artifact_tested name="oracle.apps.prc.po.commonPo.protectedModel.validationView.BillToLocationVVO" type="ADFVO" />
  </testcase>
  <testcase name="invokeVORowImplAttributeGetter[AcLocationCode]" classname="oracle.apps.prc.po.commonPo.protectedModel.view.BillToLocationVVO.BillToLocationVVOTest" id="0" time="0.0010">
    <artifact_tested name="oracle.apps.prc.po.commonPo.protectedModel.validationView.BillToLocationVVO" type="ADFVO" />
  </testcase>
  <testcase name="invokeVORowImplAttributeGetter[Description]" classname="oracle.apps.prc.po.commonPo.protectedModel.view.BillToLocationVVO.BillToLocationVVOTest" id="0" time="0.0010">
    <artifact_tested name="oracle.apps.prc.po.commonPo.protectedModel.validationView.BillToLocationVVO" type="ADFVO" />
  </testcase>
  <testcase name="invokeVORowImplAttributeGetter[LocationImageUrl]" classname="oracle.apps.prc.po.commonPo.protectedModel.view.BillToLocationVVO.BillToLocationVVOTest" id="0" time="0.0">
    <artifact_tested name="oracle.apps.prc.po.commonPo.protectedModel.validationView.BillToLocationVVO" type="ADFVO" />
  </testcase>
  <testcase name="invokeVORowImplAttributeGetter[SetName]" classname="oracle.apps.prc.po.commonPo.protectedModel.view.BillToLocationVVO.BillToLocationVVOTest" id="0" time="0.0010">
    <artifact_tested name="oracle.apps.prc.po.commonPo.protectedModel.validationView.BillToLocationVVO" type="ADFVO" />
  </testcase>
  <testcase name="invokeVORowImplAttributeGetter[SetCode]" classname="oracle.apps.prc.po.commonPo.protectedModel.view.BillToLocationVVO.BillToLocationVVOTest" id="0" time="0.0010">
    <artifact_tested name="oracle.apps.prc.po.commonPo.protectedModel.validationView.BillToLocationVVO" type="ADFVO" />
  </testcase>
  <testcase name="invokeVORowImplAttributeGetter[Description2]" classname="oracle.apps.prc.po.commonPo.protectedModel.view.BillToLocationVVO.BillToLocationVVOTest" id="0" time="0.0">
    <artifact_tested name="oracle.apps.prc.po.commonPo.protectedModel.validationView.BillToLocationVVO" type="ADFVO" />
  </testcase>
  <testcase name="invokeVORowImplAttributeGetter[ActiveStatus]" classname="oracle.apps.prc.po.commonPo.protectedModel.view.BillToLocationVVO.BillToLocationVVOTest" id="0" time="0.0010">
    <artifact_tested name="oracle.apps.prc.po.commonPo.protectedModel.validationView.BillToLocationVVO" type="ADFVO" />
  </testcase>
  <testcase name="invokeVORowImplAttributeGetter[EmailAddress]" classname="oracle.apps.prc.po.commonPo.protectedModel.view.BillToLocationVVO.BillToLocationVVOTest" id="0" time="0.0">
    <artifact_tested name="oracle.apps.prc.po.commonPo.protectedModel.validationView.BillToLocationVVO" type="ADFVO" />
  </testcase>
  <testcase name="invokeVORowImplAttributeGetter[OfficialLanguageCode]" classname="oracle.apps.prc.po.commonPo.protectedModel.view.BillToLocationVVO.BillToLocationVVOTest" id="0" time="0.0">
    <artifact_tested name="oracle.apps.prc.po.commonPo.protectedModel.validationView.BillToLocationVVO" type="ADFVO" />
  </testcase>
  <testcase name="invokeVORowImplAttributeGetter[ShipToLocationId]" classname="oracle.apps.prc.po.commonPo.protectedModel.view.BillToLocationVVO.BillToLocationVVOTest" id="0" time="0.0">
    <artifact_tested name="oracle.apps.prc.po.commonPo.protectedModel.validationView.BillToLocationVVO" type="ADFVO" />
  </testcase>
  <testcase name="invokeVORowImplAttributeGetter[ShipToSiteFlag]" classname="oracle.apps.prc.po.commonPo.protectedModel.view.BillToLocationVVO.BillToLocationVVOTest" id="0" time="0.0010">
    <artifact_tested name="oracle.apps.prc.po.commonPo.protectedModel.validationView.BillToLocationVVO" type="ADFVO" />
  </testcase>
  <testcase name="invokeVORowImplAttributeGetter[ReceivingSiteFlag]" classname="oracle.apps.prc.po.commonPo.protectedModel.view.BillToLocationVVO.BillToLocationVVOTest" id="0" time="0.0">
    <artifact_tested name="oracle.apps.prc.po.commonPo.protectedModel.validationView.BillToLocationVVO" type="ADFVO" />
  </testcase>
  <testcase name="invokeVORowImplAttributeGetter[BillToSiteFlag]" classname="oracle.apps.prc.po.commonPo.protectedModel.view.BillToLocationVVO.BillToLocationVVOTest" id="0" time="0.0010">
    <artifact_tested name="oracle.apps.prc.po.commonPo.protectedModel.validationView.BillToLocationVVO" type="ADFVO" />
  </testcase>
  <testcase name="invokeVORowImplAttributeGetter[OfficeSiteFlag]" classname="oracle.apps.prc.po.commonPo.protectedModel.view.BillToLocationVVO.BillToLocationVVOTest" id="0" time="0.0">
    <artifact_tested name="oracle.apps.prc.po.commonPo.protectedModel.validationView.BillToLocationVVO" type="ADFVO" />
  </testcase>
  <testcase name="invokeVORowImplAttributeGetter[DesignatedReceiverId]" classname="oracle.apps.prc.po.commonPo.protectedModel.view.BillToLocationVVO.BillToLocationVVOTest" id="0" time="0.0">
    <artifact_tested name="oracle.apps.prc.po.commonPo.protectedModel.validationView.BillToLocationVVO" type="ADFVO" />
  </testcase>
  <testcase name="invokeVORowImplAttributeGetter[InventoryOrganizationId]" classname="oracle.apps.prc.po.commonPo.protectedModel.view.BillToLocationVVO.BillToLocationVVOTest" id="0" time="0.0">
    <artifact_tested name="oracle.apps.prc.po.commonPo.protectedModel.validationView.BillToLocationVVO" type="ADFVO" />
  </testcase>
  <testcase name="invokeVORowImplAttributeGetter[TelephoneNumber1]" classname="oracle.apps.prc.po.commonPo.protectedModel.view.BillToLocationVVO.BillToLocationVVOTest" id="0" time="0.0">
    <artifact_tested name="oracle.apps.prc.po.commonPo.protectedModel.validationView.BillToLocationVVO" type="ADFVO" />
  </testcase>
  <testcase name="invokeVORowImplAttributeGetter[MainphoneCountryCode1]" classname="oracle.apps.prc.po.commonPo.protectedModel.view.BillToLocationVVO.BillToLocationVVOTest" id="0" time="0.0010">
    <artifact_tested name="oracle.apps.prc.po.commonPo.protectedModel.validationView.BillToLocationVVO" type="ADFVO" />
  </testcase>
  <testcase name="invokeVORowImplAttributeGetter[MainphoneAreaCode1]" classname="oracle.apps.prc.po.commonPo.protectedModel.view.BillToLocationVVO.BillToLocationVVOTest" id="0" time="0.0">
    <artifact_tested name="oracle.apps.prc.po.commonPo.protectedModel.validationView.BillToLocationVVO" type="ADFVO" />
  </testcase>
  <testcase name="invokeVORowImplAttributeGetter[MainphoneSubscriberNum1]" classname="oracle.apps.prc.po.commonPo.protectedModel.view.BillToLocationVVO.BillToLocationVVOTest" id="0" time="0.0">
    <artifact_tested name="oracle.apps.prc.po.commonPo.protectedModel.validationView.BillToLocationVVO" type="ADFVO" />
  </testcase>
  <testcase name="invokeVORowImplAttributeGetter[MainphoneExtension1]" classname="oracle.apps.prc.po.commonPo.protectedModel.view.BillToLocationVVO.BillToLocationVVOTest" id="0" time="0.0010">
    <artifact_tested name="oracle.apps.prc.po.commonPo.protectedModel.validationView.BillToLocationVVO" type="ADFVO" />
  </testcase>
  <testcase name="invokeVORowImplAttributeGetter[TelephoneNumber2]" classname="oracle.apps.prc.po.commonPo.protectedModel.view.BillToLocationVVO.BillToLocationVVOTest" id="0" time="0.0">
    <artifact_tested name="oracle.apps.prc.po.commonPo.protectedModel.validationView.BillToLocationVVO" type="ADFVO" />
  </testcase>
  <testcase name="invokeVORowImplAttributeGetter[FaxCountryCode2]" classname="oracle.apps.prc.po.commonPo.protectedModel.view.BillToLocationVVO.BillToLocationVVOTest" id="0" time="0.0">
    <artifact_tested name="oracle.apps.prc.po.commonPo.protectedModel.validationView.BillToLocationVVO" type="ADFVO" />
  </testcase>
  <testcase name="invokeVORowImplAttributeGetter[FaxAreaCode2]" classname="oracle.apps.prc.po.commonPo.protectedModel.view.BillToLocationVVO.BillToLocationVVOTest" id="0" time="0.0">
    <artifact_tested name="oracle.apps.prc.po.commonPo.protectedModel.validationView.BillToLocationVVO" type="ADFVO" />
  </testcase>
  <testcase name="invokeVORowImplAttributeGetter[FaxSubscriberNum2]" classname="oracle.apps.prc.po.commonPo.protectedModel.view.BillToLocationVVO.BillToLocationVVOTest" id="0" time="0.0">
    <artifact_tested name="oracle.apps.prc.po.commonPo.protectedModel.validationView.BillToLocationVVO" type="ADFVO" />
  </testcase>
  <testcase name="invokeVORowImplAttributeGetter[FaxExtension2]" classname="oracle.apps.prc.po.commonPo.protectedModel.view.BillToLocationVVO.BillToLocationVVOTest" id="0" time="0.0">
    <artifact_tested name="oracle.apps.prc.po.commonPo.protectedModel.validationView.BillToLocationVVO" type="ADFVO" />
  </testcase>
  <testcase name="invokeVORowImplAttributeGetter[TelephoneNumber3]" classname="oracle.apps.prc.po.commonPo.protectedModel.view.BillToLocationVVO.BillToLocationVVOTest" id="0" time="0.0010">
    <artifact_tested name="oracle.apps.prc.po.commonPo.protectedModel.validationView.BillToLocationVVO" type="ADFVO" />
  </testcase>
  <testcase name="invokeVORowImplAttributeGetter[OtherphoneCountryCode3]" classname="oracle.apps.prc.po.commonPo.protectedModel.view.BillToLocationVVO.BillToLocationVVOTest" id="0" time="0.0">
    <artifact_tested name="oracle.apps.prc.po.commonPo.protectedModel.validationView.BillToLocationVVO" type="ADFVO" />
  </testcase>
  <testcase name="invokeVORowImplAttributeGetter[OtherphoneAreaCode3]" classname="oracle.apps.prc.po.commonPo.protectedModel.view.BillToLocationVVO.BillToLocationVVOTest" id="0" time="0.0010">
    <artifact_tested name="oracle.apps.prc.po.commonPo.protectedModel.validationView.BillToLocationVVO" type="ADFVO" />
  </testcase>
  <testcase name="invokeVORowImplAttributeGetter[OtherphoneSubscriberNum3]" classname="oracle.apps.prc.po.commonPo.protectedModel.view.BillToLocationVVO.BillToLocationVVOTest" id="0" time="0.0010">
    <artifact_tested name="oracle.apps.prc.po.commonPo.protectedModel.validationView.BillToLocationVVO" type="ADFVO" />
  </testcase>
  <testcase name="invokeVORowImplAttributeGetter[OtherphoneExtension3]" classname="oracle.apps.prc.po.commonPo.protectedModel.view.BillToLocationVVO.BillToLocationVVOTest" id="0" time="0.0">
    <artifact_tested name="oracle.apps.prc.po.commonPo.protectedModel.validationView.BillToLocationVVO" type="ADFVO" />
  </testcase>
  <testcase name="invokeVORowImplAttributeGetter[GeoHierarchyNodeId]" classname="oracle.apps.prc.po.commonPo.protectedModel.view.BillToLocationVVO.BillToLocationVVOTest" id="0" time="0.0">
    <artifact_tested name="oracle.apps.prc.po.commonPo.protectedModel.validationView.BillToLocationVVO" type="ADFVO" />
  </testcase>
  <testcase name="invokeVORowImplAttributeGetter[GeoHierarchyNodeValue]" classname="oracle.apps.prc.po.commonPo.protectedModel.view.BillToLocationVVO.BillToLocationVVOTest" id="0" time="0.0010">
    <artifact_tested name="oracle.apps.prc.po.commonPo.protectedModel.validationView.BillToLocationVVO" type="ADFVO" />
  </testcase>
  <testcase name="invokeVORowImplAttributeGetter[AddressId]" classname="oracle.apps.prc.po.commonPo.protectedModel.view.BillToLocationVVO.BillToLocationVVOTest" id="0" time="0.0010">
    <artifact_tested name="oracle.apps.prc.po.commonPo.protectedModel.validationView.BillToLocationVVO" type="ADFVO" />
  </testcase>
  <testcase name="invokeVORowImplAttributeGetter[Style]" classname="oracle.apps.prc.po.commonPo.protectedModel.view.BillToLocationVVO.BillToLocationVVOTest" id="0" time="0.0010">
    <artifact_tested name="oracle.apps.prc.po.commonPo.protectedModel.validationView.BillToLocationVVO" type="ADFVO" />
  </testcase>
  <testcase name="invokeVORowImplAttributeGetter[AddressLine1]" classname="oracle.apps.prc.po.commonPo.protectedModel.view.BillToLocationVVO.BillToLocationVVOTest" id="0" time="0.0">
    <artifact_tested name="oracle.apps.prc.po.commonPo.protectedModel.validationView.BillToLocationVVO" type="ADFVO" />
  </testcase>
  <testcase name="invokeVORowImplAttributeGetter[AddressLine2]" classname="oracle.apps.prc.po.commonPo.protectedModel.view.BillToLocationVVO.BillToLocationVVOTest" id="0" time="0.0010">
    <artifact_tested name="oracle.apps.prc.po.commonPo.protectedModel.validationView.BillToLocationVVO" type="ADFVO" />
  </testcase>
  <testcase name="invokeVORowImplAttributeGetter[AddressLine3]" classname="oracle.apps.prc.po.commonPo.protectedModel.view.BillToLocationVVO.BillToLocationVVOTest" id="0" time="0.0010">
    <artifact_tested name="oracle.apps.prc.po.commonPo.protectedModel.validationView.BillToLocationVVO" type="ADFVO" />
  </testcase>
  <testcase name="invokeVORowImplAttributeGetter[AddressLine4]" classname="oracle.apps.prc.po.commonPo.protectedModel.view.BillToLocationVVO.BillToLocationVVOTest" id="0" time="0.0010">
    <artifact_tested name="oracle.apps.prc.po.commonPo.protectedModel.validationView.BillToLocationVVO" type="ADFVO" />
  </testcase>
  <testcase name="invokeVORowImplAttributeGetter[Building]" classname="oracle.apps.prc.po.commonPo.protectedModel.view.BillToLocationVVO.BillToLocationVVOTest" id="0" time="0.0010">
    <artifact_tested name="oracle.apps.prc.po.commonPo.protectedModel.validationView.BillToLocationVVO" type="ADFVO" />
  </testcase>
  <testcase name="invokeVORowImplAttributeGetter[FloorNumber]" classname="oracle.apps.prc.po.commonPo.protectedModel.view.BillToLocationVVO.BillToLocationVVOTest" id="0" time="0.0010">
    <artifact_tested name="oracle.apps.prc.po.commonPo.protectedModel.validationView.BillToLocationVVO" type="ADFVO" />
  </testcase>
  <testcase name="invokeVORowImplAttributeGetter[TownOrCity]" classname="oracle.apps.prc.po.commonPo.protectedModel.view.BillToLocationVVO.BillToLocationVVOTest" id="0" time="0.0">
    <artifact_tested name="oracle.apps.prc.po.commonPo.protectedModel.validationView.BillToLocationVVO" type="ADFVO" />
  </testcase>
  <testcase name="invokeVORowImplAttributeGetter[PostalCode]" classname="oracle.apps.prc.po.commonPo.protectedModel.view.BillToLocationVVO.BillToLocationVVOTest" id="0" time="0.0">
    <artifact_tested name="oracle.apps.prc.po.commonPo.protectedModel.validationView.BillToLocationVVO" type="ADFVO" />
  </testcase>
  <testcase name="invokeVORowImplAttributeGetter[LongPostalCode]" classname="oracle.apps.prc.po.commonPo.protectedModel.view.BillToLocationVVO.BillToLocationVVOTest" id="0" time="0.0">
    <artifact_tested name="oracle.apps.prc.po.commonPo.protectedModel.validationView.BillToLocationVVO" type="ADFVO" />
  </testcase>
  <testcase name="invokeVORowImplAttributeGetter[Region1]" classname="oracle.apps.prc.po.commonPo.protectedModel.view.BillToLocationVVO.BillToLocationVVOTest" id="0" time="0.0010">
    <artifact_tested name="oracle.apps.prc.po.commonPo.protectedModel.validationView.BillToLocationVVO" type="ADFVO" />
  </testcase>
  <testcase name="invokeVORowImplAttributeGetter[Region2]" classname="oracle.apps.prc.po.commonPo.protectedModel.view.BillToLocationVVO.BillToLocationVVOTest" id="0" time="0.0">
    <artifact_tested name="oracle.apps.prc.po.commonPo.protectedModel.validationView.BillToLocationVVO" type="ADFVO" />
  </testcase>
  <testcase name="invokeVORowImplAttributeGetter[Region3]" classname="oracle.apps.prc.po.commonPo.protectedModel.view.BillToLocationVVO.BillToLocationVVOTest" id="0" time="0.0">
    <artifact_tested name="oracle.apps.prc.po.commonPo.protectedModel.validationView.BillToLocationVVO" type="ADFVO" />
  </testcase>
  <testcase name="invokeVORowImplAttributeGetter[Country]" classname="oracle.apps.prc.po.commonPo.protectedModel.view.BillToLocationVVO.BillToLocationVVOTest" id="0" time="0.0">
    <artifact_tested name="oracle.apps.prc.po.commonPo.protectedModel.validationView.BillToLocationVVO" type="ADFVO" />
  </testcase>
  <testcase name="invokeVORowImplAttributeGetter[DerivedLocale]" classname="oracle.apps.prc.po.commonPo.protectedModel.view.BillToLocationVVO.BillToLocationVVOTest" id="0" time="0.0010">
    <artifact_tested name="oracle.apps.prc.po.commonPo.protectedModel.validationView.BillToLocationVVO" type="ADFVO" />
  </testcase>
  <testcase name="invokeVORowImplAttributeGetter[Geometry]" classname="oracle.apps.prc.po.commonPo.protectedModel.view.BillToLocationVVO.BillToLocationVVOTest" id="0" time="0.0">
    <artifact_tested name="oracle.apps.prc.po.commonPo.protectedModel.validationView.BillToLocationVVO" type="ADFVO" />
  </testcase>
  <testcase name="invokeVORowImplAttributeGetter[LocInformation13]" classname="oracle.apps.prc.po.commonPo.protectedModel.view.BillToLocationVVO.BillToLocationVVOTest" id="0" time="0.0">
    <artifact_tested name="oracle.apps.prc.po.commonPo.protectedModel.validationView.BillToLocationVVO" type="ADFVO" />
  </testcase>
  <testcase name="invokeVORowImplAttributeGetter[LocInformation14]" classname="oracle.apps.prc.po.commonPo.protectedModel.view.BillToLocationVVO.BillToLocationVVOTest" id="0" time="0.0">
    <artifact_tested name="oracle.apps.prc.po.commonPo.protectedModel.validationView.BillToLocationVVO" type="ADFVO" />
  </testcase>
  <testcase name="invokeVORowImplAttributeGetter[LocInformation15]" classname="oracle.apps.prc.po.commonPo.protectedModel.view.BillToLocationVVO.BillToLocationVVOTest" id="0" time="0.0">
    <artifact_tested name="oracle.apps.prc.po.commonPo.protectedModel.validationView.BillToLocationVVO" type="ADFVO" />
  </testcase>
  <testcase name="invokeVORowImplAttributeGetter[LocInformation16]" classname="oracle.apps.prc.po.commonPo.protectedModel.view.BillToLocationVVO.BillToLocationVVOTest" id="0" time="0.0">
    <artifact_tested name="oracle.apps.prc.po.commonPo.protectedModel.validationView.BillToLocationVVO" type="ADFVO" />
  </testcase>
  <testcase name="invokeVORowImplAttributeGetter[LocInformation17]" classname="oracle.apps.prc.po.commonPo.protectedModel.view.BillToLocationVVO.BillToLocationVVOTest" id="0" time="0.0">
    <artifact_tested name="oracle.apps.prc.po.commonPo.protectedModel.validationView.BillToLocationVVO" type="ADFVO" />
  </testcase>
  <testcase name="invokeVORowImplAttributeGetter[LocInformation18]" classname="oracle.apps.prc.po.commonPo.protectedModel.view.BillToLocationVVO.BillToLocationVVOTest" id="0" time="0.0">
    <artifact_tested name="oracle.apps.prc.po.commonPo.protectedModel.validationView.BillToLocationVVO" type="ADFVO" />
  </testcase>
  <testcase name="invokeVORowImplAttributeGetter[LocInformation19]" classname="oracle.apps.prc.po.commonPo.protectedModel.view.BillToLocationVVO.BillToLocationVVOTest" id="0" time="0.0">
    <artifact_tested name="oracle.apps.prc.po.commonPo.protectedModel.validationView.BillToLocationVVO" type="ADFVO" />
  </testcase>
  <testcase name="invokeVORowImplAttributeGetter[LocInformation20]" classname="oracle.apps.prc.po.commonPo.protectedModel.view.BillToLocationVVO.BillToLocationVVOTest" id="0" time="0.0010">
    <artifact_tested name="oracle.apps.prc.po.commonPo.protectedModel.validationView.BillToLocationVVO" type="ADFVO" />
  </testcase>
  <testcase name="invokeVORowImplAttributeGetter[LocInformation21]" classname="oracle.apps.prc.po.commonPo.protectedModel.view.BillToLocationVVO.BillToLocationVVOTest" id="0" time="0.0010">
    <artifact_tested name="oracle.apps.prc.po.commonPo.protectedModel.validationView.BillToLocationVVO" type="ADFVO" />
  </testcase>
  <testcase name="invokeVORowImplAttributeGetter[LocInformation22]" classname="oracle.apps.prc.po.commonPo.protectedModel.view.BillToLocationVVO.BillToLocationVVOTest" id="0" time="0.0010">
    <artifact_tested name="oracle.apps.prc.po.commonPo.protectedModel.validationView.BillToLocationVVO" type="ADFVO" />
  </testcase>
  <testcase name="invokeVORowImplAttributeGetter[AddInformation11]" classname="oracle.apps.prc.po.commonPo.protectedModel.view.BillToLocationVVO.BillToLocationVVOTest" id="0" time="0.0">
    <artifact_tested name="oracle.apps.prc.po.commonPo.protectedModel.validationView.BillToLocationVVO" type="ADFVO" />
  </testcase>
  <testcase name="invokeVORowImplAttributeGetter[AddInformation12]" classname="oracle.apps.prc.po.commonPo.protectedModel.view.BillToLocationVVO.BillToLocationVVOTest" id="0" time="0.0">
    <artifact_tested name="oracle.apps.prc.po.commonPo.protectedModel.validationView.BillToLocationVVO" type="ADFVO" />
  </testcase>
  <testcase name="invokeVORowImplAttributeGetter[AddInformation13]" classname="oracle.apps.prc.po.commonPo.protectedModel.view.BillToLocationVVO.BillToLocationVVOTest" id="0" time="0.0010">
    <artifact_tested name="oracle.apps.prc.po.commonPo.protectedModel.validationView.BillToLocationVVO" type="ADFVO" />
  </testcase>
  <testcase name="invokeVORowImplAttributeGetter[AddInformation14]" classname="oracle.apps.prc.po.commonPo.protectedModel.view.BillToLocationVVO.BillToLocationVVOTest" id="0" time="0.0010">
    <artifact_tested name="oracle.apps.prc.po.commonPo.protectedModel.validationView.BillToLocationVVO" type="ADFVO" />
  </testcase>
  <testcase name="invokeVORowImplAttributeGetter[AddInformation15]" classname="oracle.apps.prc.po.commonPo.protectedModel.view.BillToLocationVVO.BillToLocationVVOTest" id="0" time="0.0010">
    <artifact_tested name="oracle.apps.prc.po.commonPo.protectedModel.validationView.BillToLocationVVO" type="ADFVO" />
  </testcase>
  <testcase name="invokeVORowImplAttributeGetter[AddInformation16]" classname="oracle.apps.prc.po.commonPo.protectedModel.view.BillToLocationVVO.BillToLocationVVOTest" id="0" time="0.0010">
    <artifact_tested name="oracle.apps.prc.po.commonPo.protectedModel.validationView.BillToLocationVVO" type="ADFVO" />
  </testcase>
  <testcase name="invokeVORowImplAttributeGetter[AddInformation17]" classname="oracle.apps.prc.po.commonPo.protectedModel.view.BillToLocationVVO.BillToLocationVVOTest" id="0" time="0.0">
    <artifact_tested name="oracle.apps.prc.po.commonPo.protectedModel.validationView.BillToLocationVVO" type="ADFVO" />
  </testcase>
  <testcase name="invokeVORowImplAttributeGetter[AddInformation18]" classname="oracle.apps.prc.po.commonPo.protectedModel.view.BillToLocationVVO.BillToLocationVVOTest" id="0" time="0.0">
    <artifact_tested name="oracle.apps.prc.po.commonPo.protectedModel.validationView.BillToLocationVVO" type="ADFVO" />
  </testcase>
  <testcase name="invokeVORowImplAttributeGetter[AddInformation19]" classname="oracle.apps.prc.po.commonPo.protectedModel.view.BillToLocationVVO.BillToLocationVVOTest" id="0" time="0.0010">
    <artifact_tested name="oracle.apps.prc.po.commonPo.protectedModel.validationView.BillToLocationVVO" type="ADFVO" />
  </testcase>
  <testcase name="invokeVORowImplAttributeGetter[AddInformation20]" classname="oracle.apps.prc.po.commonPo.protectedModel.view.BillToLocationVVO.BillToLocationVVOTest" id="0" time="0.0010">
    <artifact_tested name="oracle.apps.prc.po.commonPo.protectedModel.validationView.BillToLocationVVO" type="ADFVO" />
  </testcase>
  <testcase name="invokeVORowImplAttributeGetter[TimezoneCode]" classname="oracle.apps.prc.po.commonPo.protectedModel.view.BillToLocationVVO.BillToLocationVVOTest" id="0" time="0.0">
    <artifact_tested name="oracle.apps.prc.po.commonPo.protectedModel.validationView.BillToLocationVVO" type="ADFVO" />
  </testcase>
  <testcase name="invokeVORowImplAttributeGetter[AttributeCategory]" classname="oracle.apps.prc.po.commonPo.protectedModel.view.BillToLocationVVO.BillToLocationVVOTest" id="0" time="0.0">
    <artifact_tested name="oracle.apps.prc.po.commonPo.protectedModel.validationView.BillToLocationVVO" type="ADFVO" />
  </testcase>
  <testcase name="invokeVORowImplAttributeGetter[Attribute1]" classname="oracle.apps.prc.po.commonPo.protectedModel.view.BillToLocationVVO.BillToLocationVVOTest" id="0" time="0.0010">
    <artifact_tested name="oracle.apps.prc.po.commonPo.protectedModel.validationView.BillToLocationVVO" type="ADFVO" />
  </testcase>
  <testcase name="invokeVORowImplAttributeGetter[Attribute2]" classname="oracle.apps.prc.po.commonPo.protectedModel.view.BillToLocationVVO.BillToLocationVVOTest" id="0" time="0.0">
    <artifact_tested name="oracle.apps.prc.po.commonPo.protectedModel.validationView.BillToLocationVVO" type="ADFVO" />
  </testcase>
  <testcase name="invokeVORowImplAttributeGetter[Attribute3]" classname="oracle.apps.prc.po.commonPo.protectedModel.view.BillToLocationVVO.BillToLocationVVOTest" id="0" time="0.0">
    <artifact_tested name="oracle.apps.prc.po.commonPo.protectedModel.validationView.BillToLocationVVO" type="ADFVO" />
  </testcase>
  <testcase name="invokeVORowImplAttributeGetter[Attribute4]" classname="oracle.apps.prc.po.commonPo.protectedModel.view.BillToLocationVVO.BillToLocationVVOTest" id="0" time="0.0">
    <artifact_tested name="oracle.apps.prc.po.commonPo.protectedModel.validationView.BillToLocationVVO" type="ADFVO" />
  </testcase>
  <testcase name="invokeVORowImplAttributeGetter[Attribute5]" classname="oracle.apps.prc.po.commonPo.protectedModel.view.BillToLocationVVO.BillToLocationVVOTest" id="0" time="0.0010">
    <artifact_tested name="oracle.apps.prc.po.commonPo.protectedModel.validationView.BillToLocationVVO" type="ADFVO" />
  </testcase>
  <testcase name="invokeVORowImplAttributeGetter[Attribute6]" classname="oracle.apps.prc.po.commonPo.protectedModel.view.BillToLocationVVO.BillToLocationVVOTest" id="0" time="0.0">
    <artifact_tested name="oracle.apps.prc.po.commonPo.protectedModel.validationView.BillToLocationVVO" type="ADFVO" />
  </testcase>
  <testcase name="invokeVORowImplAttributeGetter[Attribute7]" classname="oracle.apps.prc.po.commonPo.protectedModel.view.BillToLocationVVO.BillToLocationVVOTest" id="0" time="0.0">
    <artifact_tested name="oracle.apps.prc.po.commonPo.protectedModel.validationView.BillToLocationVVO" type="ADFVO" />
  </testcase>
  <testcase name="invokeVORowImplAttributeGetter[Attribute8]" classname="oracle.apps.prc.po.commonPo.protectedModel.view.BillToLocationVVO.BillToLocationVVOTest" id="0" time="0.0">
    <artifact_tested name="oracle.apps.prc.po.commonPo.protectedModel.validationView.BillToLocationVVO" type="ADFVO" />
  </testcase>
  <testcase name="invokeVORowImplAttributeGetter[Attribute9]" classname="oracle.apps.prc.po.commonPo.protectedModel.view.BillToLocationVVO.BillToLocationVVOTest" id="0" time="0.0010">
    <artifact_tested name="oracle.apps.prc.po.commonPo.protectedModel.validationView.BillToLocationVVO" type="ADFVO" />
  </testcase>
  <testcase name="invokeVORowImplAttributeGetter[Attribute10]" classname="oracle.apps.prc.po.commonPo.protectedModel.view.BillToLocationVVO.BillToLocationVVOTest" id="0" time="0.0010">
    <artifact_tested name="oracle.apps.prc.po.commonPo.protectedModel.validationView.BillToLocationVVO" type="ADFVO" />
  </testcase>
  <testcase name="invokeVORowImplAttributeGetter[Attribute11]" classname="oracle.apps.prc.po.commonPo.protectedModel.view.BillToLocationVVO.BillToLocationVVOTest" id="0" time="0.0">
    <artifact_tested name="oracle.apps.prc.po.commonPo.protectedModel.validationView.BillToLocationVVO" type="ADFVO" />
  </testcase>
  <testcase name="invokeVORowImplAttributeGetter[Attribute12]" classname="oracle.apps.prc.po.commonPo.protectedModel.view.BillToLocationVVO.BillToLocationVVOTest" id="0" time="0.0">
    <artifact_tested name="oracle.apps.prc.po.commonPo.protectedModel.validationView.BillToLocationVVO" type="ADFVO" />
  </testcase>
  <testcase name="invokeVORowImplAttributeGetter[Attribute13]" classname="oracle.apps.prc.po.commonPo.protectedModel.view.BillToLocationVVO.BillToLocationVVOTest" id="0" time="0.0010">
    <artifact_tested name="oracle.apps.prc.po.commonPo.protectedModel.validationView.BillToLocationVVO" type="ADFVO" />
  </testcase>
  <testcase name="invokeVORowImplAttributeGetter[Attribute14]" classname="oracle.apps.prc.po.commonPo.protectedModel.view.BillToLocationVVO.BillToLocationVVOTest" id="0" time="0.0">
    <artifact_tested name="oracle.apps.prc.po.commonPo.protectedModel.validationView.BillToLocationVVO" type="ADFVO" />
  </testcase>
  <testcase name="invokeVORowImplAttributeGetter[Attribute15]" classname="oracle.apps.prc.po.commonPo.protectedModel.view.BillToLocationVVO.BillToLocationVVOTest" id="0" time="0.0">
    <artifact_tested name="oracle.apps.prc.po.commonPo.protectedModel.validationView.BillToLocationVVO" type="ADFVO" />
  </testcase>
  <testcase name="invokeVORowImplAttributeGetter[Attribute16]" classname="oracle.apps.prc.po.commonPo.protectedModel.view.BillToLocationVVO.BillToLocationVVOTest" id="0" time="0.0010">
    <artifact_tested name="oracle.apps.prc.po.commonPo.protectedModel.validationView.BillToLocationVVO" type="ADFVO" />
  </testcase>
  <testcase name="invokeVORowImplAttributeGetter[Attribute17]" classname="oracle.apps.prc.po.commonPo.protectedModel.view.BillToLocationVVO.BillToLocationVVOTest" id="0" time="0.0">
    <artifact_tested name="oracle.apps.prc.po.commonPo.protectedModel.validationView.BillToLocationVVO" type="ADFVO" />
  </testcase>
  <testcase name="invokeVORowImplAttributeGetter[Attribute18]" classname="oracle.apps.prc.po.commonPo.protectedModel.view.BillToLocationVVO.BillToLocationVVOTest" id="0" time="0.0">
    <artifact_tested name="oracle.apps.prc.po.commonPo.protectedModel.validationView.BillToLocationVVO" type="ADFVO" />
  </testcase>
  <testcase name="invokeVORowImplAttributeGetter[Attribute19]" classname="oracle.apps.prc.po.commonPo.protectedModel.view.BillToLocationVVO.BillToLocationVVOTest" id="0" time="0.0">
    <artifact_tested name="oracle.apps.prc.po.commonPo.protectedModel.validationView.BillToLocationVVO" type="ADFVO" />
  </testcase>
  <testcase name="invokeVORowImplAttributeGetter[Attribute20]" classname="oracle.apps.prc.po.commonPo.protectedModel.view.BillToLocationVVO.BillToLocationVVOTest" id="0" time="0.0010">
    <artifact_tested name="oracle.apps.prc.po.commonPo.protectedModel.validationView.BillToLocationVVO" type="ADFVO" />
  </testcase>
  <testcase name="invokeVORowImplAttributeGetter[Attribute21]" classname="oracle.apps.prc.po.commonPo.protectedModel.view.BillToLocationVVO.BillToLocationVVOTest" id="0" time="0.0">
    <artifact_tested name="oracle.apps.prc.po.commonPo.protectedModel.validationView.BillToLocationVVO" type="ADFVO" />
  </testcase>
  <testcase name="invokeVORowImplAttributeGetter[Attribute22]" classname="oracle.apps.prc.po.commonPo.protectedModel.view.BillToLocationVVO.BillToLocationVVOTest" id="0" time="0.0010">
    <artifact_tested name="oracle.apps.prc.po.commonPo.protectedModel.validationView.BillToLocationVVO" type="ADFVO" />
  </testcase>
  <testcase name="invokeVORowImplAttributeGetter[Attribute23]" classname="oracle.apps.prc.po.commonPo.protectedModel.view.BillToLocationVVO.BillToLocationVVOTest" id="0" time="0.0">
    <artifact_tested name="oracle.apps.prc.po.commonPo.protectedModel.validationView.BillToLocationVVO" type="ADFVO" />
  </testcase>
  <testcase name="invokeVORowImplAttributeGetter[Attribute24]" classname="oracle.apps.prc.po.commonPo.protectedModel.view.BillToLocationVVO.BillToLocationVVOTest" id="0" time="0.0">
    <artifact_tested name="oracle.apps.prc.po.commonPo.protectedModel.validationView.BillToLocationVVO" type="ADFVO" />
  </testcase>
  <testcase name="invokeVORowImplAttributeGetter[Attribute25]" classname="oracle.apps.prc.po.commonPo.protectedModel.view.BillToLocationVVO.BillToLocationVVOTest" id="0" time="0.0010">
    <artifact_tested name="oracle.apps.prc.po.commonPo.protectedModel.validationView.BillToLocationVVO" type="ADFVO" />
  </testcase>
  <testcase name="invokeVORowImplAttributeGetter[Attribute26]" classname="oracle.apps.prc.po.commonPo.protectedModel.view.BillToLocationVVO.BillToLocationVVOTest" id="0" time="0.0">
    <artifact_tested name="oracle.apps.prc.po.commonPo.protectedModel.validationView.BillToLocationVVO" type="ADFVO" />
  </testcase>
  <testcase name="invokeVORowImplAttributeGetter[Attribute27]" classname="oracle.apps.prc.po.commonPo.protectedModel.view.BillToLocationVVO.BillToLocationVVOTest" id="0" time="0.0">
    <artifact_tested name="oracle.apps.prc.po.commonPo.protectedModel.validationView.BillToLocationVVO" type="ADFVO" />
  </testcase>
  <testcase name="invokeVORowImplAttributeGetter[Attribute28]" classname="oracle.apps.prc.po.commonPo.protectedModel.view.BillToLocationVVO.BillToLocationVVOTest" id="0" time="0.0010">
    <artifact_tested name="oracle.apps.prc.po.commonPo.protectedModel.validationView.BillToLocationVVO" type="ADFVO" />
  </testcase>
  <testcase name="invokeVORowImplAttributeGetter[Attribute29]" classname="oracle.apps.prc.po.commonPo.protectedModel.view.BillToLocationVVO.BillToLocationVVOTest" id="0" time="0.0">
    <artifact_tested name="oracle.apps.prc.po.commonPo.protectedModel.validationView.BillToLocationVVO" type="ADFVO" />
  </testcase>
  <testcase name="invokeVORowImplAttributeGetter[Attribute30]" classname="oracle.apps.prc.po.commonPo.protectedModel.view.BillToLocationVVO.BillToLocationVVOTest" id="0" time="0.0">
    <artifact_tested name="oracle.apps.prc.po.commonPo.protectedModel.validationView.BillToLocationVVO" type="ADFVO" />
  </testcase>
  <testcase name="invokeVORowImplAttributeGetter[ObjectVersionNumber]" classname="oracle.apps.prc.po.commonPo.protectedModel.view.BillToLocationVVO.BillToLocationVVOTest" id="0" time="0.0">
    <artifact_tested name="oracle.apps.prc.po.commonPo.protectedModel.validationView.BillToLocationVVO" type="ADFVO" />
  </testcase>
  <testcase name="invokeVORowImplAttributeGetter[CreatedBy]" classname="oracle.apps.prc.po.commonPo.protectedModel.view.BillToLocationVVO.BillToLocationVVOTest" id="0" time="0.0">
    <artifact_tested name="oracle.apps.prc.po.commonPo.protectedModel.validationView.BillToLocationVVO" type="ADFVO" />
  </testcase>
  <testcase name="invokeVORowImplAttributeGetter[CreationDate]" classname="oracle.apps.prc.po.commonPo.protectedModel.view.BillToLocationVVO.BillToLocationVVOTest" id="0" time="0.0010">
    <artifact_tested name="oracle.apps.prc.po.commonPo.protectedModel.validationView.BillToLocationVVO" type="ADFVO" />
  </testcase>
  <testcase name="invokeVORowImplAttributeGetter[LastUpdatedBy]" classname="oracle.apps.prc.po.commonPo.protectedModel.view.BillToLocationVVO.BillToLocationVVOTest" id="0" time="0.0">
    <artifact_tested name="oracle.apps.prc.po.commonPo.protectedModel.validationView.BillToLocationVVO" type="ADFVO" />
  </testcase>
  <testcase name="invokeVORowImplAttributeGetter[LastUpdateDate]" classname="oracle.apps.prc.po.commonPo.protectedModel.view.BillToLocationVVO.BillToLocationVVOTest" id="0" time="0.0010">
    <artifact_tested name="oracle.apps.prc.po.commonPo.protectedModel.validationView.BillToLocationVVO" type="ADFVO" />
  </testcase>
  <testcase name="invokeVORowImplAttributeGetter[LastUpdateLogin]" classname="oracle.apps.prc.po.commonPo.protectedModel.view.BillToLocationVVO.BillToLocationVVOTest" id="0" time="0.0010">
    <artifact_tested name="oracle.apps.prc.po.commonPo.protectedModel.validationView.BillToLocationVVO" type="ADFVO" />
  </testcase>
  <testcase name="invokeVORowImplAttributeGetter[LocLongitude]" classname="oracle.apps.prc.po.commonPo.protectedModel.view.BillToLocationVVO.BillToLocationVVOTest" id="0" time="0.0010">
    <artifact_tested name="oracle.apps.prc.po.commonPo.protectedModel.validationView.BillToLocationVVO" type="ADFVO" />
  </testcase>
  <testcase name="invokeVORowImplAttributeGetter[LocLatitude]" classname="oracle.apps.prc.po.commonPo.protectedModel.view.BillToLocationVVO.BillToLocationVVOTest" id="0" time="0.0010">
    <artifact_tested name="oracle.apps.prc.po.commonPo.protectedModel.validationView.BillToLocationVVO" type="ADFVO" />
  </testcase>
  <testcase name="invokeVORowImplAttributeGetter[FormattedMultiLineAddress]" classname="oracle.apps.prc.po.commonPo.protectedModel.view.BillToLocationVVO.BillToLocationVVOTest" id="0" time="0.957">
    <artifact_tested name="oracle.apps.prc.po.commonPo.protectedModel.validationView.BillToLocationVVO" type="ADFVO" />
  </testcase>
  <testcase name="invokeVORowImplAttributeGetter[LocationAddress]" classname="oracle.apps.prc.po.commonPo.protectedModel.view.BillToLocationVVO.BillToLocationVVOTest" id="0" time="0.0030">
    <artifact_tested name="oracle.apps.prc.po.commonPo.protectedModel.validationView.BillToLocationVVO" type="ADFVO" />
  </testcase>
  <testcase name="invokeVORowImplAttributeGetter[SetId1]" classname="oracle.apps.prc.po.commonPo.protectedModel.view.BillToLocationVVO.BillToLocationVVOTest" id="0" time="0.0">
    <artifact_tested name="oracle.apps.prc.po.commonPo.protectedModel.validationView.BillToLocationVVO" type="ADFVO" />
  </testcase>
  <testcase name="invokeVORowImplAttributeGetter[Description1]" classname="oracle.apps.prc.po.commonPo.protectedModel.view.BillToLocationVVO.BillToLocationVVOTest" id="0" time="0.0">
    <artifact_tested name="oracle.apps.prc.po.commonPo.protectedModel.validationView.BillToLocationVVO" type="ADFVO" />
  </testcase>
  <testcase name="invokeVORowImplAttributeGetter[LanguageCode]" classname="oracle.apps.prc.po.commonPo.protectedModel.view.BillToLocationVVO.BillToLocationVVOTest" id="0" time="0.0010">
    <artifact_tested name="oracle.apps.prc.po.commonPo.protectedModel.validationView.BillToLocationVVO" type="ADFVO" />
  </testcase>
  <testcase name="invokeVORowImplAttributeGetter[FormattedFaxPhoneNumber]" classname="oracle.apps.prc.po.commonPo.protectedModel.view.BillToLocationVVO.BillToLocationVVOTest" id="0" time="0.357">
    <artifact_tested name="oracle.apps.prc.po.commonPo.protectedModel.validationView.BillToLocationVVO" type="ADFVO" />
  </testcase>
  <testcase name="invokeVORowImplAttributeGetter[FormattedMainPhoneNumber]" classname="oracle.apps.prc.po.commonPo.protectedModel.view.BillToLocationVVO.BillToLocationVVOTest" id="0" time="0.058">
    <artifact_tested name="oracle.apps.prc.po.commonPo.protectedModel.validationView.BillToLocationVVO" type="ADFVO" />
  </testcase>
  <testcase name="invokeVORowImplAttributeGetter[FormattedOtherPhoneNumber]" classname="oracle.apps.prc.po.commonPo.protectedModel.view.BillToLocationVVO.BillToLocationVVOTest" id="0" time="0.0010">
    <artifact_tested name="oracle.apps.prc.po.commonPo.protectedModel.validationView.BillToLocationVVO" type="ADFVO" />
  </testcase>
  <testcase name="invokeVORowImplAttributeGetter[InventoryOrganizationName]" classname="oracle.apps.prc.po.commonPo.protectedModel.view.BillToLocationVVO.BillToLocationVVOTest" id="0" time="0.0010">
    <artifact_tested name="oracle.apps.prc.po.commonPo.protectedModel.validationView.BillToLocationVVO" type="ADFVO" />
  </testcase>
  <testcase name="invokeVORowImplAttributeGetter[OrganizationId]" classname="oracle.apps.prc.po.commonPo.protectedModel.view.BillToLocationVVO.BillToLocationVVOTest" id="0" time="0.0">
    <artifact_tested name="oracle.apps.prc.po.commonPo.protectedModel.validationView.BillToLocationVVO" type="ADFVO" />
  </testcase>
  <testcase name="invokeVORowImplAttributeGetter[EffectiveStartDate2]" classname="oracle.apps.prc.po.commonPo.protectedModel.view.BillToLocationVVO.BillToLocationVVOTest" id="0" time="0.0">
    <artifact_tested name="oracle.apps.prc.po.commonPo.protectedModel.validationView.BillToLocationVVO" type="ADFVO" />
  </testcase>
  <testcase name="invokeVORowImplAttributeGetter[EffectiveEndDate2]" classname="oracle.apps.prc.po.commonPo.protectedModel.view.BillToLocationVVO.BillToLocationVVOTest" id="0" time="0.0">
    <artifact_tested name="oracle.apps.prc.po.commonPo.protectedModel.validationView.BillToLocationVVO" type="ADFVO" />
  </testcase>
  <testcase name="invokeVORowImplAttributeGetter[Language]" classname="oracle.apps.prc.po.commonPo.protectedModel.view.BillToLocationVVO.BillToLocationVVOTest" id="0" time="0.0">
    <artifact_tested name="oracle.apps.prc.po.commonPo.protectedModel.validationView.BillToLocationVVO" type="ADFVO" />
  </testcase>
  <testcase name="invokeVORowImplAttributeGetter[ObjectVersionNumber1]" classname="oracle.apps.prc.po.commonPo.protectedModel.view.BillToLocationVVO.BillToLocationVVOTest" id="0" time="0.0010">
    <artifact_tested name="oracle.apps.prc.po.commonPo.protectedModel.validationView.BillToLocationVVO" type="ADFVO" />
  </testcase>
  <testcase name="invokeVORowImplAttributeGetter[SysEffectiveDate]" classname="oracle.apps.prc.po.commonPo.protectedModel.view.BillToLocationVVO.BillToLocationVVOTest" id="0" time="0.0">
    <artifact_tested name="oracle.apps.prc.po.commonPo.protectedModel.validationView.BillToLocationVVO" type="ADFVO" />
  </testcase>
  <testcase name="invokeVORowImplAttributeGetter[InventoryOrganizationCode]" classname="oracle.apps.prc.po.commonPo.protectedModel.view.BillToLocationVVO.BillToLocationVVOTest" id="0" time="0.0020">
    <artifact_tested name="oracle.apps.prc.po.commonPo.protectedModel.validationView.BillToLocationVVO" type="ADFVO" />
  </testcase>
  <testcase name="invokeVORowImplAttributeGetter[OrganizationId1]" classname="oracle.apps.prc.po.commonPo.protectedModel.view.BillToLocationVVO.BillToLocationVVOTest" id="0" time="0.0">
    <artifact_tested name="oracle.apps.prc.po.commonPo.protectedModel.validationView.BillToLocationVVO" type="ADFVO" />
  </testcase>
  <testcase name="invokeVORowImplAttributeGetter[LocationExtraInfo]" classname="oracle.apps.prc.po.commonPo.protectedModel.view.BillToLocationVVO.BillToLocationVVOTest" id="0" time="0.194">
    <artifact_tested name="oracle.apps.prc.po.commonPo.protectedModel.validationView.BillToLocationVVO" type="ADFVO" />
  </testcase>
  <testcase name="invokeVORowImplAttributeGetter[LocationLegislative]" classname="oracle.apps.prc.po.commonPo.protectedModel.view.BillToLocationVVO.BillToLocationVVOTest" id="0" time="0.203">
    <artifact_tested name="oracle.apps.prc.po.commonPo.protectedModel.validationView.BillToLocationVVO" type="ADFVO" />
  </testcase>
  <testcase name="invokeVORowImplAttributeGetter[LocationOtherAddress]" classname="oracle.apps.prc.po.commonPo.protectedModel.view.BillToLocationVVO.BillToLocationVVOTest" id="0" time="0.211">
    <artifact_tested name="oracle.apps.prc.po.commonPo.protectedModel.validationView.BillToLocationVVO" type="ADFVO" />
  </testcase>
  <testcase name="invokeVORowImplAttributeGetter[ActiveInactiveVA]" classname="oracle.apps.prc.po.commonPo.protectedModel.view.BillToLocationVVO.BillToLocationVVOTest" id="0" time="0.24">
    <artifact_tested name="oracle.apps.prc.po.commonPo.protectedModel.validationView.BillToLocationVVO" type="ADFVO" />
  </testcase>
</testsuite><testsuite name="oracle.apps.prc.po.commonPo.protectedModel.utilTest.TestPoShipmentNumberUtil" timestamp="2017-06-20T11:30:10" hostname="indl76040" family="NO_REGISTERED_LBA_FOR_JPR_NAME" initiative="prc_po_lrg" jpr="PrcPoCommonPoProtectedModelTest" label="" product="NO_REGISTERED_LBA_FOR_JPR_NAME" lba="NO_REGISTERED_LBA_FOR_JPR_NAME" tests="5" failures="0" errors="0" time="2.566" runId="0">
  <properties />
  <testcase name="testCalculateMaxShipmentNum[Test calculateMaxShipmentNum 1]" classname="oracle.apps.prc.po.commonPo.protectedModel.utilTest.TestPoShipmentNumberUtil" id="0" time="0.258" />
  <testcase name="testCalculateMaxShipmentNum[Test calculateMaxShipmentNum 2]" classname="oracle.apps.prc.po.commonPo.protectedModel.utilTest.TestPoShipmentNumberUtil" id="0" time="0.011" />
  <testcase name="testCalculateMaxShipmentNumInMemory[Test calculateMaxShipmentNumInMemory 1]" classname="oracle.apps.prc.po.commonPo.protectedModel.utilTest.TestPoShipmentNumberUtil" id="0" time="0.0040" />
  <testcase name="testCalculateMaxShipmentNumInMemory[Test calculateMaxShipmentNumInMemory 2]" classname="oracle.apps.prc.po.commonPo.protectedModel.utilTest.TestPoShipmentNumberUtil" id="0" time="0.0040" />
  <testcase name="testGetMinOpenSchedule[Test Get Min Open Schedule]" classname="oracle.apps.prc.po.commonPo.protectedModel.utilTest.TestPoShipmentNumberUtil" id="0" time="0.014" />
</testsuite><testsuite name="oracle.apps.prc.po.commonPo.protectedModel.utilTest.TestLineNumberUtil" timestamp="2017-06-20T11:29:49" hostname="indl76040" family="NO_REGISTERED_LBA_FOR_JPR_NAME" initiative="prc_po_lrg" jpr="PrcPoCommonPoProtectedModelTest" label="" product="NO_REGISTERED_LBA_FOR_JPR_NAME" lba="NO_REGISTERED_LBA_FOR_JPR_NAME" tests="8" failures="0" errors="0" time="1.531" runId="0">
  <properties />
  <testcase name="testGetMaxLineNum[test Get Maximum LineNumber]" classname="oracle.apps.prc.po.commonPo.protectedModel.utilTest.TestLineNumberUtil" id="0" time="0.226" />
  <testcase name="testGetMinLineNumber[test Get Minimum LineNumber]" classname="oracle.apps.prc.po.commonPo.protectedModel.utilTest.TestLineNumberUtil" id="0" time="0.018" />
  <testcase name="testGetLineId[test Get LineId]" classname="oracle.apps.prc.po.commonPo.protectedModel.utilTest.TestLineNumberUtil" id="0" time="0.0090" />
  <testcase name="testFindMaxLineNumber[test Find Max LineNumber]" classname="oracle.apps.prc.po.commonPo.protectedModel.utilTest.TestLineNumberUtil" id="0" time="0.011" />
  <testcase name="calcMaxLineNumForModified[calculate Max LineNum For Modified]" classname="oracle.apps.prc.po.commonPo.protectedModel.utilTest.TestLineNumberUtil" id="0" time="0.012" />
  <testcase name="testCalcMaxLineNumForAll[test Calculate Max LineNum For All]" classname="oracle.apps.prc.po.commonPo.protectedModel.utilTest.TestLineNumberUtil" id="0" time="0.0090" />
  <testcase name="testResetMaxLineParametersOnDelete[reset Max Line Parameters On LineNum Change]" classname="oracle.apps.prc.po.commonPo.protectedModel.utilTest.TestLineNumberUtil" id="0" time="0.0020" />
  <testcase name="testResetMaxLineParametersOnLineNumChange[reset Max Line Parameters On LineNum Change]" classname="oracle.apps.prc.po.commonPo.protectedModel.utilTest.TestLineNumberUtil" id="0" time="0.0020" />
</testsuite><testsuite name="oracle.apps.prc.po.commonPo.protectedModel.utilTest.TestPoReqProcessingActionsUtil" timestamp="2017-06-20T11:30:06" hostname="indl76040" family="NO_REGISTERED_LBA_FOR_JPR_NAME" initiative="prc_po_lrg" jpr="PrcPoCommonPoProtectedModelTest" label="" product="NO_REGISTERED_LBA_FOR_JPR_NAME" lba="NO_REGISTERED_LBA_FOR_JPR_NAME" tests="8" failures="0" errors="0" time="1.125" runId="0">
  <properties />
  <testcase name="testReturnRequisitionLines[test Return Requisition Lines]" classname="oracle.apps.prc.po.commonPo.protectedModel.utilTest.TestPoReqProcessingActionsUtil" id="0" time="0.015" />
  <testcase name="testReassignRequisitionLines[test Reassign Requisition Lines]" classname="oracle.apps.prc.po.commonPo.protectedModel.utilTest.TestPoReqProcessingActionsUtil" id="0" time="0.0" />
  <testcase name="testCheckAndLockReqLines[test Check And Lock ReqLines]" classname="oracle.apps.prc.po.commonPo.protectedModel.utilTest.TestPoReqProcessingActionsUtil" id="0" time="0.0010" />
  <testcase name="testGetDBReqLineObjectVerNum[test Get DB ReqLineObject VerNum]" classname="oracle.apps.prc.po.commonPo.protectedModel.utilTest.TestPoReqProcessingActionsUtil" id="0" time="0.0" />
  <testcase name="testCheckIfRequisitionsAreModified[test Check If Requisitions Are Modified]" classname="oracle.apps.prc.po.commonPo.protectedModel.utilTest.TestPoReqProcessingActionsUtil" id="0" time="0.0010" />
  <testcase name="testCheckIfRequisitionsAreLockedOrAlreadyProcessed[test Check If Requisitions Are Locked Or Already Processed]" classname="oracle.apps.prc.po.commonPo.protectedModel.utilTest.TestPoReqProcessingActionsUtil" id="0" time="0.0" />
  <testcase name="testCheckIfRequisitionsAreLocked[test Check If Requisitions Are Locked]" classname="oracle.apps.prc.po.commonPo.protectedModel.utilTest.TestPoReqProcessingActionsUtil" id="0" time="0.0010" />
  <testcase name="testEditAllowedForConsolidatedPo[test Edit Allowed For Consolidated Po]" classname="oracle.apps.prc.po.commonPo.protectedModel.utilTest.TestPoReqProcessingActionsUtil" id="0" time="0.0" />
</testsuite><testsuite name="oracle.apps.prc.po.commonPo.protectedModel.utilTest.TestPoSupplierUtil" timestamp="2017-06-20T11:30:21" hostname="indl76040" family="NO_REGISTERED_LBA_FOR_JPR_NAME" initiative="prc_po_lrg" jpr="PrcPoCommonPoProtectedModelTest" label="" product="NO_REGISTERED_LBA_FOR_JPR_NAME" lba="NO_REGISTERED_LBA_FOR_JPR_NAME" tests="1" failures="0" errors="0" time="5.285" runId="0">
  <properties />
  <testcase name="testPoSupplierUtil[Test Supplier Util Methods]" classname="oracle.apps.prc.po.commonPo.protectedModel.utilTest.TestPoSupplierUtil" id="0" time="2.096" />
</testsuite><testsuite name="oracle.apps.prc.po.commonPo.protectedModel.view.SupplierForReqBUVVO.SupplierForReqBUVVOTest" timestamp="2017-06-20T11:34:18" hostname="indl76040" family="NO_REGISTERED_LBA_FOR_JPR_NAME" initiative="prc_po_lrg" jpr="PrcPoCommonPoProtectedModelTest" label="" product="NO_REGISTERED_LBA_FOR_JPR_NAME" lba="NO_REGISTERED_LBA_FOR_JPR_NAME" tests="8" failures="0" errors="0" time="6.223" runId="0">
  <properties />
  <testcase name="entitiesNonUpdateable" classname="oracle.apps.prc.po.commonPo.protectedModel.view.SupplierForReqBUVVO.SupplierForReqBUVVOTest" id="0" time="0.098">
    <artifact_tested name="oracle.apps.prc.po.commonPo.protectedModel.validationView.SupplierForReqBUVVO" type="ADFVO" />
  </testcase>
  <testcase name="testVOAccess" classname="oracle.apps.prc.po.commonPo.protectedModel.view.SupplierForReqBUVVO.SupplierForReqBUVVOTest" id="0" time="0.0010">
    <artifact_tested name="oracle.apps.prc.po.commonPo.protectedModel.validationView.SupplierForReqBUVVO" type="ADFVO" />
  </testcase>
  <testcase name="invokeVORowImplAttributeGetter[VendorId]" classname="oracle.apps.prc.po.commonPo.protectedModel.view.SupplierForReqBUVVO.SupplierForReqBUVVOTest" id="0" time="4.202">
    <artifact_tested name="oracle.apps.prc.po.commonPo.protectedModel.validationView.SupplierForReqBUVVO" type="ADFVO" />
  </testcase>
  <testcase name="invokeVORowImplAttributeGetter[VendorName]" classname="oracle.apps.prc.po.commonPo.protectedModel.view.SupplierForReqBUVVO.SupplierForReqBUVVOTest" id="0" time="0.0">
    <artifact_tested name="oracle.apps.prc.po.commonPo.protectedModel.validationView.SupplierForReqBUVVO" type="ADFVO" />
  </testcase>
  <testcase name="invokeVORowImplAttributeGetter[Segment1]" classname="oracle.apps.prc.po.commonPo.protectedModel.view.SupplierForReqBUVVO.SupplierForReqBUVVOTest" id="0" time="0.0010">
    <artifact_tested name="oracle.apps.prc.po.commonPo.protectedModel.validationView.SupplierForReqBUVVO" type="ADFVO" />
  </testcase>
  <testcase name="invokeVORowImplAttributeGetter[DunsNumberC]" classname="oracle.apps.prc.po.commonPo.protectedModel.view.SupplierForReqBUVVO.SupplierForReqBUVVOTest" id="0" time="0.0">
    <artifact_tested name="oracle.apps.prc.po.commonPo.protectedModel.validationView.SupplierForReqBUVVO" type="ADFVO" />
  </testcase>
  <testcase name="invokeVORowImplAttributeGetter[PartyNameId]" classname="oracle.apps.prc.po.commonPo.protectedModel.view.SupplierForReqBUVVO.SupplierForReqBUVVOTest" id="0" time="0.0010">
    <artifact_tested name="oracle.apps.prc.po.commonPo.protectedModel.validationView.SupplierForReqBUVVO" type="ADFVO" />
  </testcase>
  <testcase name="invokeVORowImplAttributeGetter[AlternateName]" classname="oracle.apps.prc.po.commonPo.protectedModel.view.SupplierForReqBUVVO.SupplierForReqBUVVOTest" id="0" time="0.0">
    <artifact_tested name="oracle.apps.prc.po.commonPo.protectedModel.validationView.SupplierForReqBUVVO" type="ADFVO" />
  </testcase>
</testsuite><testsuite name="oracle.apps.prc.po.commonPo.protectedModel.utilTest.TestPoQuantityAmountUtil" timestamp="2017-06-20T11:30:04" hostname="indl76040" family="NO_REGISTERED_LBA_FOR_JPR_NAME" initiative="prc_po_lrg" jpr="PrcPoCommonPoProtectedModelTest" label="" product="NO_REGISTERED_LBA_FOR_JPR_NAME" lba="NO_REGISTERED_LBA_FOR_JPR_NAME" tests="1" failures="0" errors="0" time="2.228" runId="0">
  <properties />
  <testcase name="getAgreementReleasedAmount[Test Po Quantity Amount Util]" classname="oracle.apps.prc.po.commonPo.protectedModel.utilTest.TestPoQuantityAmountUtil" id="0" time="0.441" />
</testsuite><testsuite name="oracle.apps.prc.po.commonPo.protectedModel.helper.TestPoServiceScheduleValidationHelper" timestamp="2017-06-20T11:28:06" hostname="indl76040" family="NO_REGISTERED_LBA_FOR_JPR_NAME" initiative="prc_po_lrg" jpr="PrcPoCommonPoProtectedModelTest" label="" product="NO_REGISTERED_LBA_FOR_JPR_NAME" lba="NO_REGISTERED_LBA_FOR_JPR_NAME" tests="22" failures="0" errors="0" time="11.348" runId="0">
  <properties />
  <testcase name="deriveShipToCustomerLocationId[Id Validation]" classname="oracle.apps.prc.po.commonPo.protectedModel.helper.TestPoServiceScheduleValidationHelper" id="0" time="0.037" />
  <testcase name="deriveShipToCustomerId[Id Validation]" classname="oracle.apps.prc.po.commonPo.protectedModel.helper.TestPoServiceScheduleValidationHelper" id="0" time="0.031" />
  <testcase name="deriveShipToCustomerContactId[Id Validation]" classname="oracle.apps.prc.po.commonPo.protectedModel.helper.TestPoServiceScheduleValidationHelper" id="0" time="0.0040" />
  <testcase name="testDeriveIntendedUseId[1. Derive Id with provided name null]" classname="oracle.apps.prc.po.commonPo.protectedModel.helper.TestPoServiceScheduleValidationHelper" id="0" time="1.636" />
  <testcase name="testDeriveIntendedUseId[2. Derive Id with provided id null]" classname="oracle.apps.prc.po.commonPo.protectedModel.helper.TestPoServiceScheduleValidationHelper" id="0" time="0.54" />
  <testcase name="testDeriveProductFiscalClassificationId[1. Derive Id with provided name null]" classname="oracle.apps.prc.po.commonPo.protectedModel.helper.TestPoServiceScheduleValidationHelper" id="0" time="0.83" />
  <testcase name="testDeriveProductCategoryCode[1. Derive ProductCategoryCode with provided name null]" classname="oracle.apps.prc.po.commonPo.protectedModel.helper.TestPoServiceScheduleValidationHelper" id="0" time="0.387" />
  <testcase name="testDeriveProductCategoryCode[2. Derive ProductCategoryCode with provided code null]" classname="oracle.apps.prc.po.commonPo.protectedModel.helper.TestPoServiceScheduleValidationHelper" id="0" time="0.029" />
  <testcase name="testDeriveTaxClassificationCode[1. Derive TaxClassificationCode with provided name null]" classname="oracle.apps.prc.po.commonPo.protectedModel.helper.TestPoServiceScheduleValidationHelper" id="0" time="0.522" />
  <testcase name="testDeriveTaxClassificationCode[2. Derive TaxClassificationCode with provided code null]" classname="oracle.apps.prc.po.commonPo.protectedModel.helper.TestPoServiceScheduleValidationHelper" id="0" time="1.518" />
  <testcase name="testDeriveProductTypeCode[1. Derive ProductTypeCode with provided name null]" classname="oracle.apps.prc.po.commonPo.protectedModel.helper.TestPoServiceScheduleValidationHelper" id="0" time="0.062" />
  <testcase name="testDeriveProductTypeCode[2. Derive ProductTypeCode with provided code null]" classname="oracle.apps.prc.po.commonPo.protectedModel.helper.TestPoServiceScheduleValidationHelper" id="0" time="0.022" />
  <testcase name="testDeriveShipToLocationId[1. Derive ShipToLocationId with provided name null]" classname="oracle.apps.prc.po.commonPo.protectedModel.helper.TestPoServiceScheduleValidationHelper" id="0" time="1.739" />
  <testcase name="testDeriveShipToLocationId[2. Derive ShipToLocationId with provided code null]" classname="oracle.apps.prc.po.commonPo.protectedModel.helper.TestPoServiceScheduleValidationHelper" id="0" time="0.864" />
  <testcase name="testDeriveShipToOrganizationId[1. Derive ShipToOrganizationId with provided name null]" classname="oracle.apps.prc.po.commonPo.protectedModel.helper.TestPoServiceScheduleValidationHelper" id="0" time="0.432" />
  <testcase name="testDeriveShippingMethodForSplit[1. Derive Shipping method]" classname="oracle.apps.prc.po.commonPo.protectedModel.helper.TestPoServiceScheduleValidationHelper" id="0" time="0.036" />
  <testcase name="testDeriveParentLinelocationId[1. Derive Parent LinelocationId]" classname="oracle.apps.prc.po.commonPo.protectedModel.helper.TestPoServiceScheduleValidationHelper" id="0" time="0.044" />
  <testcase name="testValidateParentLinelocationId[1. Validate Parent LinelocationId]" classname="oracle.apps.prc.po.commonPo.protectedModel.helper.TestPoServiceScheduleValidationHelper" id="0" time="0.01" />
  <testcase name="testHasScheduleMultipleDistributions[1. Validate multiple schedule distributions]" classname="oracle.apps.prc.po.commonPo.protectedModel.helper.TestPoServiceScheduleValidationHelper" id="0" time="0.07" />
  <testcase name="testGetDistributionIdForScheduleSplit[1. Get Distribution Id  for schedule split]" classname="oracle.apps.prc.po.commonPo.protectedModel.helper.TestPoServiceScheduleValidationHelper" id="0" time="0.0060" />
  <testcase name="testValidateFinalDischargeLocationId[1. Validate FinalDischarge LocationId]" classname="oracle.apps.prc.po.commonPo.protectedModel.helper.TestPoServiceScheduleValidationHelper" id="0" time="0.252" />
  <testcase name="testValidateFinalDischargeLocationCode[1. Validate FinalDischarge LocationCode]" classname="oracle.apps.prc.po.commonPo.protectedModel.helper.TestPoServiceScheduleValidationHelper" id="0" time="0.082" />
</testsuite><testsuite name="oracle.apps.prc.po.commonPo.protectedModel.helper.TestPoServiceValidationHelper" timestamp="2017-06-20T11:28:17" hostname="indl76040" family="NO_REGISTERED_LBA_FOR_JPR_NAME" initiative="prc_po_lrg" jpr="PrcPoCommonPoProtectedModelTest" label="" product="NO_REGISTERED_LBA_FOR_JPR_NAME" lba="NO_REGISTERED_LBA_FOR_JPR_NAME" tests="20" failures="0" errors="0" time="4.04" runId="0">
  <properties />
  <testcase name="testValidateProcurementBu[1. Validating Procurement BU Id]" classname="oracle.apps.prc.po.commonPo.protectedModel.helper.TestPoServiceValidationHelper" id="0" time="0.349" />
  <testcase name="testValidateProcurementBuIsNotNull[1. Validating whether Procurement BU Id is null or not]" classname="oracle.apps.prc.po.commonPo.protectedModel.helper.TestPoServiceValidationHelper" id="0" time="0.067" />
  <testcase name="testIsLookupCodeValid[1. Validating Lookup code]" classname="oracle.apps.prc.po.commonPo.protectedModel.helper.TestPoServiceValidationHelper" id="0" time="0.069" />
  <testcase name="testIsLookupCodeValid[2. Validating Lookup code]" classname="oracle.apps.prc.po.commonPo.protectedModel.helper.TestPoServiceValidationHelper" id="0" time="0.022" />
  <testcase name="testDeriveLookupCode[1. Derive Lookup code]" classname="oracle.apps.prc.po.commonPo.protectedModel.helper.TestPoServiceValidationHelper" id="0" time="0.0090" />
  <testcase name="testDeriveLookupCode[2. Derive Lookup code]" classname="oracle.apps.prc.po.commonPo.protectedModel.helper.TestPoServiceValidationHelper" id="0" time="0.0070" />
  <testcase name="testConvertYesNo[1. Converting Yes or No]" classname="oracle.apps.prc.po.commonPo.protectedModel.helper.TestPoServiceValidationHelper" id="0" time="0.0010" />
  <testcase name="testConvertYesNo[2. Converting Yes or No from look up codes]" classname="oracle.apps.prc.po.commonPo.protectedModel.helper.TestPoServiceValidationHelper" id="0" time="0.06" />
  <testcase name="testConvertConfirmingOrder[1. Convert confirming order]" classname="oracle.apps.prc.po.commonPo.protectedModel.helper.TestPoServiceValidationHelper" id="0" time="0.033" />
  <testcase name="testValidateRequisitioningBu[1. Validating Requisition Bu]" classname="oracle.apps.prc.po.commonPo.protectedModel.helper.TestPoServiceValidationHelper" id="0" time="0.183" />
  <testcase name="testValidateRequisitioningBu[2. Validating Requisition Bu with different Bu Ids]" classname="oracle.apps.prc.po.commonPo.protectedModel.helper.TestPoServiceValidationHelper" id="0" time="0.25" />
  <testcase name="testConvertNegotiated[1. To validate and convert provided Negotiated flag]" classname="oracle.apps.prc.po.commonPo.protectedModel.helper.TestPoServiceValidationHelper" id="0" time="0.03" />
  <testcase name="testConvertAllowSubstituteReceipts[1. To validate and convert provided Allow Substitute Receipts flag.]" classname="oracle.apps.prc.po.commonPo.protectedModel.helper.TestPoServiceValidationHelper" id="0" time="0.036" />
  <testcase name="testConvertAccrueAtReceipt[1. To validate and convert provided Accrue At Receipt flag.]" classname="oracle.apps.prc.po.commonPo.protectedModel.helper.TestPoServiceValidationHelper" id="0" time="0.032" />
  <testcase name="testDeriveSourceAgreementPrcBuIdFromName[1. To derive Source Agreement Id from Bu Name]" classname="oracle.apps.prc.po.commonPo.protectedModel.helper.TestPoServiceValidationHelper" id="0" time="0.038" />
  <testcase name="testDeriveSourceAgreementIdFromNumber[1. To derive Source Agreement Id from Souce Agreement Number]" classname="oracle.apps.prc.po.commonPo.protectedModel.helper.TestPoServiceValidationHelper" id="0" time="0.0090" />
  <testcase name="testValidatePoChargeAccount[1. To validate PO Charge Account Id]" classname="oracle.apps.prc.po.commonPo.protectedModel.helper.TestPoServiceValidationHelper" id="0" time="0.496" />
  <testcase name="testValidateDestinationChargeAccount[1. To validate Destination Charge Account Id]" classname="oracle.apps.prc.po.commonPo.protectedModel.helper.TestPoServiceValidationHelper" id="0" time="0.338" />
  <testcase name="testConvertPayOnReceipt[1. To validate and convert provided Pay On Receipt flag.]" classname="oracle.apps.prc.po.commonPo.protectedModel.helper.TestPoServiceValidationHelper" id="0" time="0.03" />
  <testcase name="testGetCoStatus[1. To get Change Order Status.]" classname="oracle.apps.prc.po.commonPo.protectedModel.helper.TestPoServiceValidationHelper" id="0" time="0.0020" />
</testsuite><testsuite name="oracle.apps.prc.po.commonPo.protectedModel.view.ProductCategoriesVVO.ProductCategoriesVVOTest" timestamp="2017-06-20T11:34:00" hostname="indl76040" family="NO_REGISTERED_LBA_FOR_JPR_NAME" initiative="prc_po_lrg" jpr="PrcPoCommonPoProtectedModelTest" label="" product="NO_REGISTERED_LBA_FOR_JPR_NAME" lba="NO_REGISTERED_LBA_FOR_JPR_NAME" tests="9" failures="0" errors="0" time="2.062" runId="0">
  <properties />
  <testcase name="entitiesNonUpdateable" classname="oracle.apps.prc.po.commonPo.protectedModel.view.ProductCategoriesVVO.ProductCategoriesVVOTest" id="0" time="0.249">
    <artifact_tested name="oracle.apps.prc.po.commonPo.protectedModel.validationView.ProductCategoriesVVO" type="ADFVO" />
  </testcase>
  <testcase name="testVOAccess" classname="oracle.apps.prc.po.commonPo.protectedModel.view.ProductCategoriesVVO.ProductCategoriesVVOTest" id="0" time="0.0010">
    <artifact_tested name="oracle.apps.prc.po.commonPo.protectedModel.validationView.ProductCategoriesVVO" type="ADFVO" />
  </testcase>
  <testcase name="invokeVORowImplAttributeGetter[ClassificationName]" classname="oracle.apps.prc.po.commonPo.protectedModel.view.ProductCategoriesVVO.ProductCategoriesVVOTest" id="0" time="0.057">
    <artifact_tested name="oracle.apps.prc.po.commonPo.protectedModel.validationView.ProductCategoriesVVO" type="ADFVO" />
  </testcase>
  <testcase name="invokeVORowImplAttributeGetter[ClassificationCode]" classname="oracle.apps.prc.po.commonPo.protectedModel.view.ProductCategoriesVVO.ProductCategoriesVVOTest" id="0" time="0.0010">
    <artifact_tested name="oracle.apps.prc.po.commonPo.protectedModel.validationView.ProductCategoriesVVO" type="ADFVO" />
  </testcase>
  <testcase name="invokeVORowImplAttributeGetter[CountryCode]" classname="oracle.apps.prc.po.commonPo.protectedModel.view.ProductCategoriesVVO.ProductCategoriesVVOTest" id="0" time="0.0">
    <artifact_tested name="oracle.apps.prc.po.commonPo.protectedModel.validationView.ProductCategoriesVVO" type="ADFVO" />
  </testcase>
  <testcase name="invokeVORowImplAttributeGetter[EffectiveFrom]" classname="oracle.apps.prc.po.commonPo.protectedModel.view.ProductCategoriesVVO.ProductCategoriesVVOTest" id="0" time="0.0">
    <artifact_tested name="oracle.apps.prc.po.commonPo.protectedModel.validationView.ProductCategoriesVVO" type="ADFVO" />
  </testcase>
  <testcase name="invokeVORowImplAttributeGetter[EffectiveTo]" classname="oracle.apps.prc.po.commonPo.protectedModel.view.ProductCategoriesVVO.ProductCategoriesVVOTest" id="0" time="0.0010">
    <artifact_tested name="oracle.apps.prc.po.commonPo.protectedModel.validationView.ProductCategoriesVVO" type="ADFVO" />
  </testcase>
  <testcase name="invokeVORowImplAttributeGetter[ConcatLeafName]" classname="oracle.apps.prc.po.commonPo.protectedModel.view.ProductCategoriesVVO.ProductCategoriesVVOTest" id="0" time="0.0">
    <artifact_tested name="oracle.apps.prc.po.commonPo.protectedModel.validationView.ProductCategoriesVVO" type="ADFVO" />
  </testcase>
  <testcase name="invokeVORowImplAttributeGetter[ConcatLeafCode]" classname="oracle.apps.prc.po.commonPo.protectedModel.view.ProductCategoriesVVO.ProductCategoriesVVOTest" id="0" time="0.0010">
    <artifact_tested name="oracle.apps.prc.po.commonPo.protectedModel.validationView.ProductCategoriesVVO" type="ADFVO" />
  </testcase>
</testsuite><testsuite name="oracle.apps.prc.po.commonPo.protectedModel.utilTest.TestPoDetermineBuyerUtil" timestamp="2017-06-20T11:29:52" hostname="indl76040" family="NO_REGISTERED_LBA_FOR_JPR_NAME" initiative="prc_po_lrg" jpr="PrcPoCommonPoProtectedModelTest" label="" product="NO_REGISTERED_LBA_FOR_JPR_NAME" lba="NO_REGISTERED_LBA_FOR_JPR_NAME" tests="164" failures="0" errors="0" time="2.666" runId="0">
  <properties />
  <testcase name="determineBuyer[Requisitioning BU, Procurement BU]" classname="oracle.apps.prc.po.commonPo.protectedModel.utilTest.TestPoDetermineBuyerUtil" id="0" time="0.671" />
  <testcase name="determineBuyer[Requisitioning BU]" classname="oracle.apps.prc.po.commonPo.protectedModel.utilTest.TestPoDetermineBuyerUtil" id="0" time="0.064" />
  <testcase name="determineBuyer[Requisitioning BU, Deliver To Organization, Procurement BU]" classname="oracle.apps.prc.po.commonPo.protectedModel.utilTest.TestPoDetermineBuyerUtil" id="0" time="0.0040" />
  <testcase name="determineBuyer[Requisitioning BU, Deliver To Organization]" classname="oracle.apps.prc.po.commonPo.protectedModel.utilTest.TestPoDetermineBuyerUtil" id="0" time="0.0020" />
  <testcase name="determineBuyer[Requisitioning BU, Deliver To Organization, Procurement BU - Negative]" classname="oracle.apps.prc.po.commonPo.protectedModel.utilTest.TestPoDetermineBuyerUtil" id="0" time="0.0020" />
  <testcase name="determineBuyer[Requisitioning BU, Deliver To Organization - Negative]" classname="oracle.apps.prc.po.commonPo.protectedModel.utilTest.TestPoDetermineBuyerUtil" id="0" time="0.0020" />
  <testcase name="determineBuyer[Requisitioning BU, Project, Procurement BU]" classname="oracle.apps.prc.po.commonPo.protectedModel.utilTest.TestPoDetermineBuyerUtil" id="0" time="0.0020" />
  <testcase name="determineBuyer[Requisitioning BU, Project]" classname="oracle.apps.prc.po.commonPo.protectedModel.utilTest.TestPoDetermineBuyerUtil" id="0" time="0.0020" />
  <testcase name="determineBuyer[Requisitioning BU, Project, Procurement BU - Negative]" classname="oracle.apps.prc.po.commonPo.protectedModel.utilTest.TestPoDetermineBuyerUtil" id="0" time="0.0020" />
  <testcase name="determineBuyer[Requisitioning BU, Project - Negative]" classname="oracle.apps.prc.po.commonPo.protectedModel.utilTest.TestPoDetermineBuyerUtil" id="0" time="0.0020" />
  <testcase name="determineBuyer[Requisitioning BU, Supplier, Procurement BU]" classname="oracle.apps.prc.po.commonPo.protectedModel.utilTest.TestPoDetermineBuyerUtil" id="0" time="0.0020" />
  <testcase name="determineBuyer[Requisitioning BU, Supplier]" classname="oracle.apps.prc.po.commonPo.protectedModel.utilTest.TestPoDetermineBuyerUtil" id="0" time="0.0020" />
  <testcase name="determineBuyer[Requisitioning BU, Supplier, Procurement BU - Negative]" classname="oracle.apps.prc.po.commonPo.protectedModel.utilTest.TestPoDetermineBuyerUtil" id="0" time="0.0010" />
  <testcase name="determineBuyer[Requisitioning BU, Supplier - Negative]" classname="oracle.apps.prc.po.commonPo.protectedModel.utilTest.TestPoDetermineBuyerUtil" id="0" time="0.0020" />
  <testcase name="determineBuyer[Requisitioning BU, Non-Catalog Request, Procurement BU]" classname="oracle.apps.prc.po.commonPo.protectedModel.utilTest.TestPoDetermineBuyerUtil" id="0" time="0.0020" />
  <testcase name="determineBuyer[Requisitioning BU, Non-Catalog Request]" classname="oracle.apps.prc.po.commonPo.protectedModel.utilTest.TestPoDetermineBuyerUtil" id="0" time="0.0020" />
  <testcase name="determineBuyer[Requisitioning BU, Non-Catalog Request, Procurement BU - Negative]" classname="oracle.apps.prc.po.commonPo.protectedModel.utilTest.TestPoDetermineBuyerUtil" id="0" time="0.0010" />
  <testcase name="determineBuyer[Requisitioning BU, Non-Catalog Request - Negative]" classname="oracle.apps.prc.po.commonPo.protectedModel.utilTest.TestPoDetermineBuyerUtil" id="0" time="0.0020" />
  <testcase name="determineBuyer[Requisitioning BU, Deliverver To Organization, Project, Procurement BU]" classname="oracle.apps.prc.po.commonPo.protectedModel.utilTest.TestPoDetermineBuyerUtil" id="0" time="0.0020" />
  <testcase name="determineBuyer[Requisitioning BU, Deliverver To Organization, Project]" classname="oracle.apps.prc.po.commonPo.protectedModel.utilTest.TestPoDetermineBuyerUtil" id="0" time="0.0020" />
  <testcase name="determineBuyer[Requisitioning BU, Deliverver To Organization, Project, Procurement BU - Negative 1]" classname="oracle.apps.prc.po.commonPo.protectedModel.utilTest.TestPoDetermineBuyerUtil" id="0" time="0.0020" />
  <testcase name="determineBuyer[Requisitioning BU, Deliverver To Organization, Project - Negative 1]" classname="oracle.apps.prc.po.commonPo.protectedModel.utilTest.TestPoDetermineBuyerUtil" id="0" time="0.0020" />
  <testcase name="determineBuyer[Requisitioning BU, Deliverver To Organization, Project, Procurement BU - Negative 2]" classname="oracle.apps.prc.po.commonPo.protectedModel.utilTest.TestPoDetermineBuyerUtil" id="0" time="0.0030" />
  <testcase name="determineBuyer[Requisitioning BU, Deliverver To Organization, Project - Negative 2]" classname="oracle.apps.prc.po.commonPo.protectedModel.utilTest.TestPoDetermineBuyerUtil" id="0" time="0.0020" />
  <testcase name="determineBuyer[Requisitioning BU, Deliverver To Organization, Project, Procurement BU - Negative 3]" classname="oracle.apps.prc.po.commonPo.protectedModel.utilTest.TestPoDetermineBuyerUtil" id="0" time="0.0030" />
  <testcase name="determineBuyer[Requisitioning BU, Deliverver To Organization, Project - Negative 3]" classname="oracle.apps.prc.po.commonPo.protectedModel.utilTest.TestPoDetermineBuyerUtil" id="0" time="0.0030" />
  <testcase name="determineBuyer[Requisitioning BU, Deliverver To Organization, Supplier, Procurement BU]" classname="oracle.apps.prc.po.commonPo.protectedModel.utilTest.TestPoDetermineBuyerUtil" id="0" time="0.0020" />
  <testcase name="determineBuyer[Requisitioning BU, Deliverver To Organization, Supplier]" classname="oracle.apps.prc.po.commonPo.protectedModel.utilTest.TestPoDetermineBuyerUtil" id="0" time="0.0020" />
  <testcase name="determineBuyer[Requisitioning BU, Deliverver To Organization, Supplier, Procurement BU - Negative 1]" classname="oracle.apps.prc.po.commonPo.protectedModel.utilTest.TestPoDetermineBuyerUtil" id="0" time="0.0020" />
  <testcase name="determineBuyer[Requisitioning BU, Deliverver To Organization, Supplier - Negative 1]" classname="oracle.apps.prc.po.commonPo.protectedModel.utilTest.TestPoDetermineBuyerUtil" id="0" time="0.0030" />
  <testcase name="determineBuyer[Requisitioning BU, Deliverver To Organization, Supplier, Procurement BU - Negative 2]" classname="oracle.apps.prc.po.commonPo.protectedModel.utilTest.TestPoDetermineBuyerUtil" id="0" time="0.0020" />
  <testcase name="determineBuyer[Requisitioning BU, Deliverver To Organization, Supplier - Negative 2]" classname="oracle.apps.prc.po.commonPo.protectedModel.utilTest.TestPoDetermineBuyerUtil" id="0" time="0.0020" />
  <testcase name="determineBuyer[Requisitioning BU, Deliverver To Organization, Supplier, Procurement BU - Negative 3]" classname="oracle.apps.prc.po.commonPo.protectedModel.utilTest.TestPoDetermineBuyerUtil" id="0" time="0.0020" />
  <testcase name="determineBuyer[Requisitioning BU, Deliverver To Organization, Supplier - Negative 3]" classname="oracle.apps.prc.po.commonPo.protectedModel.utilTest.TestPoDetermineBuyerUtil" id="0" time="0.0020" />
  <testcase name="determineBuyer[Requisitioning BU, Deliverver To Organization, Non-Catalog Request, Procurement BU]" classname="oracle.apps.prc.po.commonPo.protectedModel.utilTest.TestPoDetermineBuyerUtil" id="0" time="0.0020" />
  <testcase name="determineBuyer[Requisitioning BU, Deliverver To Organization, Non-Catalog Request]" classname="oracle.apps.prc.po.commonPo.protectedModel.utilTest.TestPoDetermineBuyerUtil" id="0" time="0.0020" />
  <testcase name="determineBuyer[Requisitioning BU, Deliverver To Organization, Non-Catalog Request, Procurement BU - Negative 1]" classname="oracle.apps.prc.po.commonPo.protectedModel.utilTest.TestPoDetermineBuyerUtil" id="0" time="0.0020" />
  <testcase name="determineBuyer[Requisitioning BU, Deliverver To Organization, Non-Catalog Request - Negative 1]" classname="oracle.apps.prc.po.commonPo.protectedModel.utilTest.TestPoDetermineBuyerUtil" id="0" time="0.0020" />
  <testcase name="determineBuyer[Requisitioning BU, Deliverver To Organization, Non-Catalog Request, Procurement BU - Negative 2]" classname="oracle.apps.prc.po.commonPo.protectedModel.utilTest.TestPoDetermineBuyerUtil" id="0" time="0.0020" />
  <testcase name="determineBuyer[Requisitioning BU, Deliverver To Organization, Non-Catalog Request - Negative 2]" classname="oracle.apps.prc.po.commonPo.protectedModel.utilTest.TestPoDetermineBuyerUtil" id="0" time="0.0020" />
  <testcase name="determineBuyer[Requisitioning BU, Deliverver To Organization, Non-Catalog Request, Procurement BU - Negative 3]" classname="oracle.apps.prc.po.commonPo.protectedModel.utilTest.TestPoDetermineBuyerUtil" id="0" time="0.0020" />
  <testcase name="determineBuyer[Requisitioning BU, Deliverver To Organization, Non-Catalog Request - Negative 3]" classname="oracle.apps.prc.po.commonPo.protectedModel.utilTest.TestPoDetermineBuyerUtil" id="0" time="0.0020" />
  <testcase name="determineBuyer[Requisitioning BU, Project, Supplier, Procurement BU]" classname="oracle.apps.prc.po.commonPo.protectedModel.utilTest.TestPoDetermineBuyerUtil" id="0" time="0.0020" />
  <testcase name="determineBuyer[Requisitioning BU, Project, Supplier]" classname="oracle.apps.prc.po.commonPo.protectedModel.utilTest.TestPoDetermineBuyerUtil" id="0" time="0.0020" />
  <testcase name="determineBuyer[Requisitioning BU, Project, Supplier, Procurement BU - Negative 1]" classname="oracle.apps.prc.po.commonPo.protectedModel.utilTest.TestPoDetermineBuyerUtil" id="0" time="0.0030" />
  <testcase name="determineBuyer[Requisitioning BU, Project, Supplier - Negative 1]" classname="oracle.apps.prc.po.commonPo.protectedModel.utilTest.TestPoDetermineBuyerUtil" id="0" time="0.0020" />
  <testcase name="determineBuyer[Requisitioning BU, Project, Supplier, Procurement BU - Negative 2]" classname="oracle.apps.prc.po.commonPo.protectedModel.utilTest.TestPoDetermineBuyerUtil" id="0" time="0.0020" />
  <testcase name="determineBuyer[Requisitioning BU, Project, Supplier - Negative 2]" classname="oracle.apps.prc.po.commonPo.protectedModel.utilTest.TestPoDetermineBuyerUtil" id="0" time="0.0020" />
  <testcase name="determineBuyer[Requisitioning BU, Project, Supplier, Procurement BU - Negative 3]" classname="oracle.apps.prc.po.commonPo.protectedModel.utilTest.TestPoDetermineBuyerUtil" id="0" time="0.0020" />
  <testcase name="determineBuyer[Requisitioning BU, Project, Supplier - Negative 3]" classname="oracle.apps.prc.po.commonPo.protectedModel.utilTest.TestPoDetermineBuyerUtil" id="0" time="0.0010" />
  <testcase name="determineBuyer[Requisitioning BU, Project, Non-Catalog Request, Procurement BU]" classname="oracle.apps.prc.po.commonPo.protectedModel.utilTest.TestPoDetermineBuyerUtil" id="0" time="0.0040" />
  <testcase name="determineBuyer[Requisitioning BU, Project, Non-Catalog Request]" classname="oracle.apps.prc.po.commonPo.protectedModel.utilTest.TestPoDetermineBuyerUtil" id="0" time="0.0030" />
  <testcase name="determineBuyer[Requisitioning BU, Project, Non-Catalog Request, Procurement BU - Negative 1]" classname="oracle.apps.prc.po.commonPo.protectedModel.utilTest.TestPoDetermineBuyerUtil" id="0" time="0.0020" />
  <testcase name="determineBuyer[Requisitioning BU, Project, Non-Catalog Request - Negative 1]" classname="oracle.apps.prc.po.commonPo.protectedModel.utilTest.TestPoDetermineBuyerUtil" id="0" time="0.0020" />
  <testcase name="determineBuyer[Requisitioning BU, Project, Non-Catalog Request, Procurement BU - Negative 2]" classname="oracle.apps.prc.po.commonPo.protectedModel.utilTest.TestPoDetermineBuyerUtil" id="0" time="0.0030" />
  <testcase name="determineBuyer[Requisitioning BU, Project, Non-Catalog Request - Negative 2]" classname="oracle.apps.prc.po.commonPo.protectedModel.utilTest.TestPoDetermineBuyerUtil" id="0" time="0.0020" />
  <testcase name="determineBuyer[Requisitioning BU, Project, Non-Catalog Request, Procurement BU - Negative 3]" classname="oracle.apps.prc.po.commonPo.protectedModel.utilTest.TestPoDetermineBuyerUtil" id="0" time="0.0020" />
  <testcase name="determineBuyer[Requisitioning BU, Project, Non-Catalog Request - Negative 3]" classname="oracle.apps.prc.po.commonPo.protectedModel.utilTest.TestPoDetermineBuyerUtil" id="0" time="0.0020" />
  <testcase name="determineBuyer[Requisitioning BU, Supplier, Non-Catalog Request, Procurement BU]" classname="oracle.apps.prc.po.commonPo.protectedModel.utilTest.TestPoDetermineBuyerUtil" id="0" time="0.0020" />
  <testcase name="determineBuyer[Requisitioning BU, Supplier, Non-Catalog Request]" classname="oracle.apps.prc.po.commonPo.protectedModel.utilTest.TestPoDetermineBuyerUtil" id="0" time="0.0040" />
  <testcase name="determineBuyer[Requisitioning BU, Supplier, Non-Catalog Request, Procurement BU - Negative 1]" classname="oracle.apps.prc.po.commonPo.protectedModel.utilTest.TestPoDetermineBuyerUtil" id="0" time="0.0020" />
  <testcase name="determineBuyer[Requisitioning BU, Supplier, Non-Catalog Request - Negative 1]" classname="oracle.apps.prc.po.commonPo.protectedModel.utilTest.TestPoDetermineBuyerUtil" id="0" time="0.0020" />
  <testcase name="determineBuyer[Requisitioning BU, Supplier, Non-Catalog Request, Procurement BU - Negative 2]" classname="oracle.apps.prc.po.commonPo.protectedModel.utilTest.TestPoDetermineBuyerUtil" id="0" time="0.0020" />
  <testcase name="determineBuyer[Requisitioning BU, Supplier, Non-Catalog Request - Negative 2]" classname="oracle.apps.prc.po.commonPo.protectedModel.utilTest.TestPoDetermineBuyerUtil" id="0" time="0.0020" />
  <testcase name="determineBuyer[Requisitioning BU, Supplier, Non-Catalog Request, Procurement BU - Negative 3]" classname="oracle.apps.prc.po.commonPo.protectedModel.utilTest.TestPoDetermineBuyerUtil" id="0" time="0.0020" />
  <testcase name="determineBuyer[Requisitioning BU, Supplier, Non-Catalog Request - Negative 3]" classname="oracle.apps.prc.po.commonPo.protectedModel.utilTest.TestPoDetermineBuyerUtil" id="0" time="0.0030" />
  <testcase name="determineBuyer[Requisitioning BU, Deliver To Organization, Project, Supplier, Procurement BU]" classname="oracle.apps.prc.po.commonPo.protectedModel.utilTest.TestPoDetermineBuyerUtil" id="0" time="0.0020" />
  <testcase name="determineBuyer[Requisitioning BU, Deliver To Organization, Project, Supplier]" classname="oracle.apps.prc.po.commonPo.protectedModel.utilTest.TestPoDetermineBuyerUtil" id="0" time="0.0020" />
  <testcase name="determineBuyer[Requisitioning BU, Deliver To Organization, Project, Supplier, Procurement BU - Negative 1]" classname="oracle.apps.prc.po.commonPo.protectedModel.utilTest.TestPoDetermineBuyerUtil" id="0" time="0.0020" />
  <testcase name="determineBuyer[Requisitioning BU, Deliver To Organization, Project, Supplier - Negative 1]" classname="oracle.apps.prc.po.commonPo.protectedModel.utilTest.TestPoDetermineBuyerUtil" id="0" time="0.0020" />
  <testcase name="determineBuyer[Requisitioning BU, Deliver To Organization, Project, Supplier, Procurement BU - Negative 2]" classname="oracle.apps.prc.po.commonPo.protectedModel.utilTest.TestPoDetermineBuyerUtil" id="0" time="0.0020" />
  <testcase name="determineBuyer[Requisitioning BU, Deliver To Organization, Project, Supplier - Negative 2]" classname="oracle.apps.prc.po.commonPo.protectedModel.utilTest.TestPoDetermineBuyerUtil" id="0" time="0.0020" />
  <testcase name="determineBuyer[Requisitioning BU, Deliver To Organization, Project, Supplier, Procurement BU - Negative 3]" classname="oracle.apps.prc.po.commonPo.protectedModel.utilTest.TestPoDetermineBuyerUtil" id="0" time="0.0030" />
  <testcase name="determineBuyer[Requisitioning BU, Deliver To Organization, Project, Supplier - Negative 3]" classname="oracle.apps.prc.po.commonPo.protectedModel.utilTest.TestPoDetermineBuyerUtil" id="0" time="0.0020" />
  <testcase name="determineBuyer[Requisitioning BU, Deliver To Organization, Project, Supplier, Procurement BU - Negative 4]" classname="oracle.apps.prc.po.commonPo.protectedModel.utilTest.TestPoDetermineBuyerUtil" id="0" time="0.0020" />
  <testcase name="determineBuyer[Requisitioning BU, Deliver To Organization, Project, Supplier - Negative 4]" classname="oracle.apps.prc.po.commonPo.protectedModel.utilTest.TestPoDetermineBuyerUtil" id="0" time="0.0020" />
  <testcase name="determineBuyer[Requisitioning BU, Deliver To Organization, Project, Supplier, Procurement BU - Negative 5]" classname="oracle.apps.prc.po.commonPo.protectedModel.utilTest.TestPoDetermineBuyerUtil" id="0" time="0.0020" />
  <testcase name="determineBuyer[Requisitioning BU, Deliver To Organization, Project, Supplier - Negative 5]" classname="oracle.apps.prc.po.commonPo.protectedModel.utilTest.TestPoDetermineBuyerUtil" id="0" time="0.0030" />
  <testcase name="determineBuyer[Requisitioning BU, Deliver To Organization, Project, Supplier, Procurement BU - Negative 6]" classname="oracle.apps.prc.po.commonPo.protectedModel.utilTest.TestPoDetermineBuyerUtil" id="0" time="0.0020" />
  <testcase name="determineBuyer[Requisitioning BU, Deliver To Organization, Project, Supplier - Negative 6]" classname="oracle.apps.prc.po.commonPo.protectedModel.utilTest.TestPoDetermineBuyerUtil" id="0" time="0.0020" />
  <testcase name="determineBuyer[Requisitioning BU, Deliver To Organization, Project, Supplier, Procurement BU - Negative 7]" classname="oracle.apps.prc.po.commonPo.protectedModel.utilTest.TestPoDetermineBuyerUtil" id="0" time="0.0020" />
  <testcase name="determineBuyer[Requisitioning BU, Deliver To Organization, Project, Supplier - Negative 7]" classname="oracle.apps.prc.po.commonPo.protectedModel.utilTest.TestPoDetermineBuyerUtil" id="0" time="0.0020" />
  <testcase name="determineBuyer[Requisitioning BU, Deliver To Organization, Project, Non-Catalog Request, Procurement BU]" classname="oracle.apps.prc.po.commonPo.protectedModel.utilTest.TestPoDetermineBuyerUtil" id="0" time="0.0020" />
  <testcase name="determineBuyer[Requisitioning BU, Deliver To Organization, Project, Non-Catalog Request]" classname="oracle.apps.prc.po.commonPo.protectedModel.utilTest.TestPoDetermineBuyerUtil" id="0" time="0.0020" />
  <testcase name="determineBuyer[Requisitioning BU, Deliver To Organization, Project, Non-Catalog Request, Procurement BU - Negative 1]" classname="oracle.apps.prc.po.commonPo.protectedModel.utilTest.TestPoDetermineBuyerUtil" id="0" time="0.0020" />
  <testcase name="determineBuyer[Requisitioning BU, Deliver To Organization, Project, Non-Catalog Request - Negative 1]" classname="oracle.apps.prc.po.commonPo.protectedModel.utilTest.TestPoDetermineBuyerUtil" id="0" time="0.0020" />
  <testcase name="determineBuyer[Requisitioning BU, Deliver To Organization, Project, Non-Catalog Request, Procurement BU - Negative 2]" classname="oracle.apps.prc.po.commonPo.protectedModel.utilTest.TestPoDetermineBuyerUtil" id="0" time="0.0020" />
  <testcase name="determineBuyer[Requisitioning BU, Deliver To Organization, Project, Non-Catalog Request - Negative 2]" classname="oracle.apps.prc.po.commonPo.protectedModel.utilTest.TestPoDetermineBuyerUtil" id="0" time="0.0020" />
  <testcase name="determineBuyer[Requisitioning BU, Deliver To Organization, Project, Non-Catalog Request, Procurement BU - Negative 3]" classname="oracle.apps.prc.po.commonPo.protectedModel.utilTest.TestPoDetermineBuyerUtil" id="0" time="0.0020" />
  <testcase name="determineBuyer[Requisitioning BU, Deliver To Organization, Project, Non-Catalog Request - Negative 3]" classname="oracle.apps.prc.po.commonPo.protectedModel.utilTest.TestPoDetermineBuyerUtil" id="0" time="0.0020" />
  <testcase name="determineBuyer[Requisitioning BU, Deliver To Organization, Project, Non-Catalog Request, Procurement BU - Negative 4]" classname="oracle.apps.prc.po.commonPo.protectedModel.utilTest.TestPoDetermineBuyerUtil" id="0" time="0.0030" />
  <testcase name="determineBuyer[Requisitioning BU, Deliver To Organization, Project, Non-Catalog Request - Negative 4]" classname="oracle.apps.prc.po.commonPo.protectedModel.utilTest.TestPoDetermineBuyerUtil" id="0" time="0.0020" />
  <testcase name="determineBuyer[Requisitioning BU, Deliver To Organization, Project, Non-Catalog Request, Procurement BU - Negative 5]" classname="oracle.apps.prc.po.commonPo.protectedModel.utilTest.TestPoDetermineBuyerUtil" id="0" time="0.0020" />
  <testcase name="determineBuyer[Requisitioning BU, Deliver To Organization, Project, Non-Catalog Request - Negative 5]" classname="oracle.apps.prc.po.commonPo.protectedModel.utilTest.TestPoDetermineBuyerUtil" id="0" time="0.0020" />
  <testcase name="determineBuyer[Requisitioning BU, Deliver To Organization, Project, Non-Catalog Request, Procurement BU - Negative 6]" classname="oracle.apps.prc.po.commonPo.protectedModel.utilTest.TestPoDetermineBuyerUtil" id="0" time="0.0020" />
  <testcase name="determineBuyer[Requisitioning BU, Deliver To Organization, Project, Non-Catalog Request - Negative 6]" classname="oracle.apps.prc.po.commonPo.protectedModel.utilTest.TestPoDetermineBuyerUtil" id="0" time="0.0030" />
  <testcase name="determineBuyer[Requisitioning BU, Deliver To Organization, Project, Non-Catalog Request, Procurement BU - Negative 7]" classname="oracle.apps.prc.po.commonPo.protectedModel.utilTest.TestPoDetermineBuyerUtil" id="0" time="0.0020" />
  <testcase name="determineBuyer[Requisitioning BU, Deliver To Organization, Project, Non-Catalog Request - Negative 7]" classname="oracle.apps.prc.po.commonPo.protectedModel.utilTest.TestPoDetermineBuyerUtil" id="0" time="0.0020" />
  <testcase name="determineBuyer[Requisitioning BU, Deliver To Organization, Supplier, Non-Catalog Request, Procurement BU]" classname="oracle.apps.prc.po.commonPo.protectedModel.utilTest.TestPoDetermineBuyerUtil" id="0" time="0.0020" />
  <testcase name="determineBuyer[Requisitioning BU, Deliver To Organization, Supplier, Non-Catalog Request]" classname="oracle.apps.prc.po.commonPo.protectedModel.utilTest.TestPoDetermineBuyerUtil" id="0" time="0.0030" />
  <testcase name="determineBuyer[Requisitioning BU, Deliver To Organization, Supplier, Non-Catalog Request, Procurement BU - Negative 1]" classname="oracle.apps.prc.po.commonPo.protectedModel.utilTest.TestPoDetermineBuyerUtil" id="0" time="0.0020" />
  <testcase name="determineBuyer[Requisitioning BU, Deliver To Organization, Supplier, Non-Catalog Request - Negative 1]" classname="oracle.apps.prc.po.commonPo.protectedModel.utilTest.TestPoDetermineBuyerUtil" id="0" time="0.0020" />
  <testcase name="determineBuyer[Requisitioning BU, Deliver To Organization, Supplier, Non-Catalog Request, Procurement BU - Negative 2]" classname="oracle.apps.prc.po.commonPo.protectedModel.utilTest.TestPoDetermineBuyerUtil" id="0" time="0.0020" />
  <testcase name="determineBuyer[Requisitioning BU, Deliver To Organization, Supplier, Non-Catalog Request - Negative 2]" classname="oracle.apps.prc.po.commonPo.protectedModel.utilTest.TestPoDetermineBuyerUtil" id="0" time="0.0020" />
  <testcase name="determineBuyer[Requisitioning BU, Deliver To Organization, Supplier, Non-Catalog Request, Procurement BU - Negative 3]" classname="oracle.apps.prc.po.commonPo.protectedModel.utilTest.TestPoDetermineBuyerUtil" id="0" time="0.0020" />
  <testcase name="determineBuyer[Requisitioning BU, Deliver To Organization, Supplier, Non-Catalog Request - Negative 3]" classname="oracle.apps.prc.po.commonPo.protectedModel.utilTest.TestPoDetermineBuyerUtil" id="0" time="0.0020" />
  <testcase name="determineBuyer[Requisitioning BU, Deliver To Organization, Supplier, Non-Catalog Request, Procurement BU - Negative 4]" classname="oracle.apps.prc.po.commonPo.protectedModel.utilTest.TestPoDetermineBuyerUtil" id="0" time="0.0020" />
  <testcase name="determineBuyer[Requisitioning BU, Deliver To Organization, Supplier, Non-Catalog Request - Negative 4]" classname="oracle.apps.prc.po.commonPo.protectedModel.utilTest.TestPoDetermineBuyerUtil" id="0" time="0.0020" />
  <testcase name="determineBuyer[Requisitioning BU, Deliver To Organization, Supplier, Non-Catalog Request, Procurement BU - Negative 5]" classname="oracle.apps.prc.po.commonPo.protectedModel.utilTest.TestPoDetermineBuyerUtil" id="0" time="0.0020" />
  <testcase name="determineBuyer[Requisitioning BU, Deliver To Organization, Supplier, Non-Catalog Request - Negative 5]" classname="oracle.apps.prc.po.commonPo.protectedModel.utilTest.TestPoDetermineBuyerUtil" id="0" time="0.0020" />
  <testcase name="determineBuyer[Requisitioning BU, Deliver To Organization, Supplier, Non-Catalog Request, Procurement BU - Negative 6]" classname="oracle.apps.prc.po.commonPo.protectedModel.utilTest.TestPoDetermineBuyerUtil" id="0" time="0.0020" />
  <testcase name="determineBuyer[Requisitioning BU, Deliver To Organization, Supplier, Non-Catalog Request - Negative 6]" classname="oracle.apps.prc.po.commonPo.protectedModel.utilTest.TestPoDetermineBuyerUtil" id="0" time="0.0020" />
  <testcase name="determineBuyer[Requisitioning BU, Deliver To Organization, Supplier, Non-Catalog Request, Procurement BU - Negative 7]" classname="oracle.apps.prc.po.commonPo.protectedModel.utilTest.TestPoDetermineBuyerUtil" id="0" time="0.0020" />
  <testcase name="determineBuyer[Requisitioning BU, Deliver To Organization, Supplier, Non-Catalog Request - Negative 7]" classname="oracle.apps.prc.po.commonPo.protectedModel.utilTest.TestPoDetermineBuyerUtil" id="0" time="0.0020" />
  <testcase name="determineBuyer[Requisitioning BU, Project, Supplier, Non-Catalog Request, Procurement BU]" classname="oracle.apps.prc.po.commonPo.protectedModel.utilTest.TestPoDetermineBuyerUtil" id="0" time="0.0020" />
  <testcase name="determineBuyer[Requisitioning BU, Project, Supplier, Non-Catalog Request]" classname="oracle.apps.prc.po.commonPo.protectedModel.utilTest.TestPoDetermineBuyerUtil" id="0" time="0.0020" />
  <testcase name="determineBuyer[Requisitioning BU, Project, Supplier, Non-Catalog Request, Procurement BU - Negative 1]" classname="oracle.apps.prc.po.commonPo.protectedModel.utilTest.TestPoDetermineBuyerUtil" id="0" time="0.0030" />
  <testcase name="determineBuyer[Requisitioning BU, Project, Supplier, Non-Catalog Request - Negative 1]" classname="oracle.apps.prc.po.commonPo.protectedModel.utilTest.TestPoDetermineBuyerUtil" id="0" time="0.0020" />
  <testcase name="determineBuyer[Requisitioning BU, Project, Supplier, Non-Catalog Request, Procurement BU - Negative 2]" classname="oracle.apps.prc.po.commonPo.protectedModel.utilTest.TestPoDetermineBuyerUtil" id="0" time="0.0020" />
  <testcase name="determineBuyer[Requisitioning BU, Project, Supplier, Non-Catalog Request - Negative 2]" classname="oracle.apps.prc.po.commonPo.protectedModel.utilTest.TestPoDetermineBuyerUtil" id="0" time="0.0020" />
  <testcase name="determineBuyer[Requisitioning BU, Project, Supplier, Non-Catalog Request, Procurement BU - Negative 3]" classname="oracle.apps.prc.po.commonPo.protectedModel.utilTest.TestPoDetermineBuyerUtil" id="0" time="0.0020" />
  <testcase name="determineBuyer[Requisitioning BU, Project, Supplier, Non-Catalog Request - Negative 3]" classname="oracle.apps.prc.po.commonPo.protectedModel.utilTest.TestPoDetermineBuyerUtil" id="0" time="0.0020" />
  <testcase name="determineBuyer[Requisitioning BU, Project, Supplier, Non-Catalog Request, Procurement BU - Negative 4]" classname="oracle.apps.prc.po.commonPo.protectedModel.utilTest.TestPoDetermineBuyerUtil" id="0" time="0.0020" />
  <testcase name="determineBuyer[Requisitioning BU, Project, Supplier, Non-Catalog Request - Negative 4]" classname="oracle.apps.prc.po.commonPo.protectedModel.utilTest.TestPoDetermineBuyerUtil" id="0" time="0.0030" />
  <testcase name="determineBuyer[Requisitioning BU, Project, Supplier, Non-Catalog Request, Procurement BU - Negative 5]" classname="oracle.apps.prc.po.commonPo.protectedModel.utilTest.TestPoDetermineBuyerUtil" id="0" time="0.0020" />
  <testcase name="determineBuyer[Requisitioning BU, Project, Supplier, Non-Catalog Request - Negative 5]" classname="oracle.apps.prc.po.commonPo.protectedModel.utilTest.TestPoDetermineBuyerUtil" id="0" time="0.0030" />
  <testcase name="determineBuyer[Requisitioning BU, Project, Supplier, Non-Catalog Request, Procurement BU - Negative 6]" classname="oracle.apps.prc.po.commonPo.protectedModel.utilTest.TestPoDetermineBuyerUtil" id="0" time="0.0020" />
  <testcase name="determineBuyer[Requisitioning BU, Project, Supplier, Non-Catalog Request - Negative 6]" classname="oracle.apps.prc.po.commonPo.protectedModel.utilTest.TestPoDetermineBuyerUtil" id="0" time="0.0020" />
  <testcase name="determineBuyer[Requisitioning BU, Project, Supplier, Non-Catalog Request, Procurement BU - Negative 7]" classname="oracle.apps.prc.po.commonPo.protectedModel.utilTest.TestPoDetermineBuyerUtil" id="0" time="0.0020" />
  <testcase name="determineBuyer[Requisitioning BU, Project, Supplier, Non-Catalog Request - Negative 7]" classname="oracle.apps.prc.po.commonPo.protectedModel.utilTest.TestPoDetermineBuyerUtil" id="0" time="0.0020" />
  <testcase name="determineBuyer[Requisitioning BU, Deliver To Organization, Project, Supplier, Non-Catalog Request, Procurement BU]" classname="oracle.apps.prc.po.commonPo.protectedModel.utilTest.TestPoDetermineBuyerUtil" id="0" time="0.0030" />
  <testcase name="determineBuyer[Requisitioning BU, Deliver To Organization, Project, Supplier, Non-Catalog Request]" classname="oracle.apps.prc.po.commonPo.protectedModel.utilTest.TestPoDetermineBuyerUtil" id="0" time="0.0020" />
  <testcase name="determineBuyer[Requisitioning BU, Deliver To Organization, Project, Supplier, Non-Catalog Request, Procurement BU - Negative 1]" classname="oracle.apps.prc.po.commonPo.protectedModel.utilTest.TestPoDetermineBuyerUtil" id="0" time="0.0020" />
  <testcase name="determineBuyer[Requisitioning BU, Deliver To Organization, Project, Supplier, Non-Catalog Request - Negative 1]" classname="oracle.apps.prc.po.commonPo.protectedModel.utilTest.TestPoDetermineBuyerUtil" id="0" time="0.0030" />
  <testcase name="determineBuyer[Requisitioning BU, Deliver To Organization, Project, Supplier, Non-Catalog Request, Procurement BU - Negative 2]" classname="oracle.apps.prc.po.commonPo.protectedModel.utilTest.TestPoDetermineBuyerUtil" id="0" time="0.0030" />
  <testcase name="determineBuyer[Requisitioning BU, Deliver To Organization, Project, Supplier, Non-Catalog Request - Negative 2]" classname="oracle.apps.prc.po.commonPo.protectedModel.utilTest.TestPoDetermineBuyerUtil" id="0" time="0.0020" />
  <testcase name="determineBuyer[Requisitioning BU, Deliver To Organization, Project, Supplier, Non-Catalog Request, Procurement BU - Negative 3]" classname="oracle.apps.prc.po.commonPo.protectedModel.utilTest.TestPoDetermineBuyerUtil" id="0" time="0.0030" />
  <testcase name="determineBuyer[Requisitioning BU, Deliver To Organization, Project, Supplier, Non-Catalog Request - Negative 3]" classname="oracle.apps.prc.po.commonPo.protectedModel.utilTest.TestPoDetermineBuyerUtil" id="0" time="0.0020" />
  <testcase name="determineBuyer[Requisitioning BU, Deliver To Organization, Project, Supplier, Non-Catalog Request, Procurement BU - Negative 4]" classname="oracle.apps.prc.po.commonPo.protectedModel.utilTest.TestPoDetermineBuyerUtil" id="0" time="0.0020" />
  <testcase name="determineBuyer[Requisitioning BU, Deliver To Organization, Project, Supplier, Non-Catalog Request - Negative 4]" classname="oracle.apps.prc.po.commonPo.protectedModel.utilTest.TestPoDetermineBuyerUtil" id="0" time="0.0020" />
  <testcase name="determineBuyer[Requisitioning BU, Deliver To Organization, Project, Supplier, Non-Catalog Request, Procurement BU - Negative 5]" classname="oracle.apps.prc.po.commonPo.protectedModel.utilTest.TestPoDetermineBuyerUtil" id="0" time="0.0020" />
  <testcase name="determineBuyer[Requisitioning BU, Deliver To Organization, Project, Supplier, Non-Catalog Request - Negative 5]" classname="oracle.apps.prc.po.commonPo.protectedModel.utilTest.TestPoDetermineBuyerUtil" id="0" time="0.0020" />
  <testcase name="determineBuyer[Requisitioning BU, Deliver To Organization, Project, Supplier, Non-Catalog Request, Procurement BU - Negative 6]" classname="oracle.apps.prc.po.commonPo.protectedModel.utilTest.TestPoDetermineBuyerUtil" id="0" time="0.0020" />
  <testcase name="determineBuyer[Requisitioning BU, Deliver To Organization, Project, Supplier, Non-Catalog Request - Negative 6]" classname="oracle.apps.prc.po.commonPo.protectedModel.utilTest.TestPoDetermineBuyerUtil" id="0" time="0.0030" />
  <testcase name="determineBuyer[Requisitioning BU, Deliver To Organization, Project, Supplier, Non-Catalog Request, Procurement BU - Negative 7]" classname="oracle.apps.prc.po.commonPo.protectedModel.utilTest.TestPoDetermineBuyerUtil" id="0" time="0.0020" />
  <testcase name="determineBuyer[Requisitioning BU, Deliver To Organization, Project, Supplier, Non-Catalog Request - Negative 7]" classname="oracle.apps.prc.po.commonPo.protectedModel.utilTest.TestPoDetermineBuyerUtil" id="0" time="0.0020" />
  <testcase name="determineBuyer[Requisitioning BU, Deliver To Organization, Project, Supplier, Non-Catalog Request, Procurement BU - Negative 8]" classname="oracle.apps.prc.po.commonPo.protectedModel.utilTest.TestPoDetermineBuyerUtil" id="0" time="0.0020" />
  <testcase name="determineBuyer[Requisitioning BU, Deliver To Organization, Project, Supplier, Non-Catalog Request - Negative 8]" classname="oracle.apps.prc.po.commonPo.protectedModel.utilTest.TestPoDetermineBuyerUtil" id="0" time="0.0020" />
  <testcase name="determineBuyer[Requisitioning BU, Deliver To Organization, Project, Supplier, Non-Catalog Request, Procurement BU - Negative 9]" classname="oracle.apps.prc.po.commonPo.protectedModel.utilTest.TestPoDetermineBuyerUtil" id="0" time="0.0020" />
  <testcase name="determineBuyer[Requisitioning BU, Deliver To Organization, Project, Supplier, Non-Catalog Request - Negative 9]" classname="oracle.apps.prc.po.commonPo.protectedModel.utilTest.TestPoDetermineBuyerUtil" id="0" time="0.0020" />
  <testcase name="determineBuyer[Requisitioning BU, Deliver To Organization, Project, Supplier, Non-Catalog Request, Procurement BU - Negative 10]" classname="oracle.apps.prc.po.commonPo.protectedModel.utilTest.TestPoDetermineBuyerUtil" id="0" time="0.0020" />
  <testcase name="determineBuyer[Requisitioning BU, Deliver To Organization, Project, Supplier, Non-Catalog Request - Negative 10]" classname="oracle.apps.prc.po.commonPo.protectedModel.utilTest.TestPoDetermineBuyerUtil" id="0" time="0.0020" />
  <testcase name="determineBuyer[Requisitioning BU, Deliver To Organization, Project, Supplier, Non-Catalog Request, Procurement BU - Negative 11]" classname="oracle.apps.prc.po.commonPo.protectedModel.utilTest.TestPoDetermineBuyerUtil" id="0" time="0.0020" />
  <testcase name="determineBuyer[Requisitioning BU, Deliver To Organization, Project, Supplier, Non-Catalog Request - Negative 11]" classname="oracle.apps.prc.po.commonPo.protectedModel.utilTest.TestPoDetermineBuyerUtil" id="0" time="0.0020" />
  <testcase name="determineBuyer[Requisitioning BU, Deliver To Organization, Project, Supplier, Non-Catalog Request, Procurement BU - Negative 12]" classname="oracle.apps.prc.po.commonPo.protectedModel.utilTest.TestPoDetermineBuyerUtil" id="0" time="0.0020" />
  <testcase name="determineBuyer[Requisitioning BU, Deliver To Organization, Project, Supplier, Non-Catalog Request - Negative 12]" classname="oracle.apps.prc.po.commonPo.protectedModel.utilTest.TestPoDetermineBuyerUtil" id="0" time="0.0020" />
  <testcase name="determineBuyer[Requisitioning BU, Deliver To Organization, Project, Supplier, Non-Catalog Request, Procurement BU - Negative 13]" classname="oracle.apps.prc.po.commonPo.protectedModel.utilTest.TestPoDetermineBuyerUtil" id="0" time="0.0020" />
  <testcase name="determineBuyer[Requisitioning BU, Deliver To Organization, Project, Supplier, Non-Catalog Request - Negative 13]" classname="oracle.apps.prc.po.commonPo.protectedModel.utilTest.TestPoDetermineBuyerUtil" id="0" time="0.0020" />
  <testcase name="determineBuyer[Requisitioning BU, Deliver To Organization, Project, Supplier, Non-Catalog Request, Procurement BU - Negative 14]" classname="oracle.apps.prc.po.commonPo.protectedModel.utilTest.TestPoDetermineBuyerUtil" id="0" time="0.0020" />
  <testcase name="determineBuyer[Requisitioning BU, Deliver To Organization, Project, Supplier, Non-Catalog Request - Negative 14]" classname="oracle.apps.prc.po.commonPo.protectedModel.utilTest.TestPoDetermineBuyerUtil" id="0" time="0.0020" />
  <testcase name="determineBuyer[Requisitioning BU, Deliver To Organization, Project, Supplier, Non-Catalog Request, Procurement BU - Negative 15]" classname="oracle.apps.prc.po.commonPo.protectedModel.utilTest.TestPoDetermineBuyerUtil" id="0" time="0.0040" />
  <testcase name="determineBuyer[Requisitioning BU, Deliver To Organization, Project, Supplier, Non-Catalog Request - Negative 15]" classname="oracle.apps.prc.po.commonPo.protectedModel.utilTest.TestPoDetermineBuyerUtil" id="0" time="0.0020" />
  <testcase name="determineBuyerWithNullAsserts[Requisitioning BU returning Invalid Buyer]" classname="oracle.apps.prc.po.commonPo.protectedModel.utilTest.TestPoDetermineBuyerUtil" id="0" time="0.0020" />
  <testcase name="determineBuyerWithNullAsserts[Requisitioning BU, Procurement BU returning Invalid Buyer]" classname="oracle.apps.prc.po.commonPo.protectedModel.utilTest.TestPoDetermineBuyerUtil" id="0" time="0.0020" />
</testsuite><testsuite name="oracle.apps.prc.po.commonPo.protectedModel.utilTest.TestPoNotificationControlUtil" timestamp="2017-06-20T11:29:58" hostname="indl76040" family="NO_REGISTERED_LBA_FOR_JPR_NAME" initiative="prc_po_lrg" jpr="PrcPoCommonPoProtectedModelTest" label="" product="NO_REGISTERED_LBA_FOR_JPR_NAME" lba="NO_REGISTERED_LBA_FOR_JPR_NAME" tests="2" failures="0" errors="0" time="4.633" runId="0">
  <properties />
  <testcase name="testDoesHeaderHaveExpirationNotifControls[Test Blanket Header Expiration NotifControls]" classname="oracle.apps.prc.po.commonPo.protectedModel.utilTest.TestPoNotificationControlUtil" id="0" time="0.038" />
  <testcase name="testDoesHeaderHaveExpirationNotifControls[Test Contract Header Expiration NotifControls]" classname="oracle.apps.prc.po.commonPo.protectedModel.utilTest.TestPoNotificationControlUtil" id="0" time="0.01" />
</testsuite><testsuite name="oracle.apps.prc.po.commonPo.protectedModel.view.PoDistributionsAllVOTest" timestamp="2017-06-20T11:33:39" hostname="indl76040" family="NO_REGISTERED_LBA_FOR_JPR_NAME" initiative="prc_po_lrg" jpr="PrcPoCommonPoProtectedModelTest" label="" product="NO_REGISTERED_LBA_FOR_JPR_NAME" lba="NO_REGISTERED_LBA_FOR_JPR_NAME" tests="176" failures="0" errors="0" time="3.086" runId="0">
  <properties />
  <testcase name="simpleCreateAndRemove" classname="oracle.apps.prc.po.commonPo.protectedModel.view.PoDistributionsAllVOTest" id="0" time="0.659">
    <artifact_tested name="oracle.apps.prc.po.commonPo.protectedModel.view.PoDistributionsAllVO" type="ADFVO" />
  </testcase>
  <testcase name="simpleUpdateAndRemove" classname="oracle.apps.prc.po.commonPo.protectedModel.view.PoDistributionsAllVOTest" id="0" time="0.0090">
    <artifact_tested name="oracle.apps.prc.po.commonPo.protectedModel.view.PoDistributionsAllVO" type="ADFVO" />
  </testcase>
  <testcase name="voRowImplHasAttributeMetadata" classname="oracle.apps.prc.po.commonPo.protectedModel.view.PoDistributionsAllVOTest" id="0" time="0.0050">
    <artifact_tested name="oracle.apps.prc.po.commonPo.protectedModel.view.PoDistributionsAllVO" type="ADFVO" />
  </testcase>
  <testcase name="testVOAccess" classname="oracle.apps.prc.po.commonPo.protectedModel.view.PoDistributionsAllVOTest" id="0" time="0.0">
    <artifact_tested name="oracle.apps.prc.po.commonPo.protectedModel.view.PoDistributionsAllVO" type="ADFVO" />
  </testcase>
  <testcase name="invokeVORowImplAttributeGetter[PoDistributionId]" classname="oracle.apps.prc.po.commonPo.protectedModel.view.PoDistributionsAllVOTest" id="0" time="0.0020">
    <artifact_tested name="oracle.apps.prc.po.commonPo.protectedModel.view.PoDistributionsAllVO" type="ADFVO" />
  </testcase>
  <testcase name="invokeVORowImplAttributeGetter[LastUpdateDate]" classname="oracle.apps.prc.po.commonPo.protectedModel.view.PoDistributionsAllVOTest" id="0" time="0.0010">
    <artifact_tested name="oracle.apps.prc.po.commonPo.protectedModel.view.PoDistributionsAllVO" type="ADFVO" />
  </testcase>
  <testcase name="invokeVORowImplAttributeGetter[DistIntendedUse]" classname="oracle.apps.prc.po.commonPo.protectedModel.view.PoDistributionsAllVOTest" id="0" time="0.0010">
    <artifact_tested name="oracle.apps.prc.po.commonPo.protectedModel.view.PoDistributionsAllVO" type="ADFVO" />
  </testcase>
  <testcase name="invokeVORowImplAttributeGetter[PrcBuId]" classname="oracle.apps.prc.po.commonPo.protectedModel.view.PoDistributionsAllVOTest" id="0" time="0.0">
    <artifact_tested name="oracle.apps.prc.po.commonPo.protectedModel.view.PoDistributionsAllVO" type="ADFVO" />
  </testcase>
  <testcase name="invokeVORowImplAttributeGetter[ReqBuId]" classname="oracle.apps.prc.po.commonPo.protectedModel.view.PoDistributionsAllVOTest" id="0" time="0.0010">
    <artifact_tested name="oracle.apps.prc.po.commonPo.protectedModel.view.PoDistributionsAllVO" type="ADFVO" />
  </testcase>
  <testcase name="invokeVORowImplAttributeGetter[LastUpdatedBy]" classname="oracle.apps.prc.po.commonPo.protectedModel.view.PoDistributionsAllVOTest" id="0" time="0.0010">
    <artifact_tested name="oracle.apps.prc.po.commonPo.protectedModel.view.PoDistributionsAllVO" type="ADFVO" />
  </testcase>
  <testcase name="invokeVORowImplAttributeGetter[PoHeaderId]" classname="oracle.apps.prc.po.commonPo.protectedModel.view.PoDistributionsAllVOTest" id="0" time="0.0010">
    <artifact_tested name="oracle.apps.prc.po.commonPo.protectedModel.view.PoDistributionsAllVO" type="ADFVO" />
  </testcase>
  <testcase name="invokeVORowImplAttributeGetter[PoLineId]" classname="oracle.apps.prc.po.commonPo.protectedModel.view.PoDistributionsAllVOTest" id="0" time="0.0">
    <artifact_tested name="oracle.apps.prc.po.commonPo.protectedModel.view.PoDistributionsAllVO" type="ADFVO" />
  </testcase>
  <testcase name="invokeVORowImplAttributeGetter[LineLocationId]" classname="oracle.apps.prc.po.commonPo.protectedModel.view.PoDistributionsAllVOTest" id="0" time="0.0">
    <artifact_tested name="oracle.apps.prc.po.commonPo.protectedModel.view.PoDistributionsAllVO" type="ADFVO" />
  </testcase>
  <testcase name="invokeVORowImplAttributeGetter[SetOfBooksId]" classname="oracle.apps.prc.po.commonPo.protectedModel.view.PoDistributionsAllVOTest" id="0" time="0.0010">
    <artifact_tested name="oracle.apps.prc.po.commonPo.protectedModel.view.PoDistributionsAllVO" type="ADFVO" />
  </testcase>
  <testcase name="invokeVORowImplAttributeGetter[CodeCombinationId]" classname="oracle.apps.prc.po.commonPo.protectedModel.view.PoDistributionsAllVOTest" id="0" time="0.0">
    <artifact_tested name="oracle.apps.prc.po.commonPo.protectedModel.view.PoDistributionsAllVO" type="ADFVO" />
  </testcase>
  <testcase name="invokeVORowImplAttributeGetter[QuantityOrdered]" classname="oracle.apps.prc.po.commonPo.protectedModel.view.PoDistributionsAllVOTest" id="0" time="0.0010">
    <artifact_tested name="oracle.apps.prc.po.commonPo.protectedModel.view.PoDistributionsAllVO" type="ADFVO" />
  </testcase>
  <testcase name="invokeVORowImplAttributeGetter[LastUpdateLogin]" classname="oracle.apps.prc.po.commonPo.protectedModel.view.PoDistributionsAllVOTest" id="0" time="0.0010">
    <artifact_tested name="oracle.apps.prc.po.commonPo.protectedModel.view.PoDistributionsAllVO" type="ADFVO" />
  </testcase>
  <testcase name="invokeVORowImplAttributeGetter[CreationDate]" classname="oracle.apps.prc.po.commonPo.protectedModel.view.PoDistributionsAllVOTest" id="0" time="0.0010">
    <artifact_tested name="oracle.apps.prc.po.commonPo.protectedModel.view.PoDistributionsAllVO" type="ADFVO" />
  </testcase>
  <testcase name="invokeVORowImplAttributeGetter[CreatedBy]" classname="oracle.apps.prc.po.commonPo.protectedModel.view.PoDistributionsAllVOTest" id="0" time="0.0010">
    <artifact_tested name="oracle.apps.prc.po.commonPo.protectedModel.view.PoDistributionsAllVO" type="ADFVO" />
  </testcase>
  <testcase name="invokeVORowImplAttributeGetter[QuantityDelivered]" classname="oracle.apps.prc.po.commonPo.protectedModel.view.PoDistributionsAllVOTest" id="0" time="0.0010">
    <artifact_tested name="oracle.apps.prc.po.commonPo.protectedModel.view.PoDistributionsAllVO" type="ADFVO" />
  </testcase>
  <testcase name="invokeVORowImplAttributeGetter[QuantityBilled]" classname="oracle.apps.prc.po.commonPo.protectedModel.view.PoDistributionsAllVOTest" id="0" time="0.0">
    <artifact_tested name="oracle.apps.prc.po.commonPo.protectedModel.view.PoDistributionsAllVO" type="ADFVO" />
  </testcase>
  <testcase name="invokeVORowImplAttributeGetter[QuantityCancelled]" classname="oracle.apps.prc.po.commonPo.protectedModel.view.PoDistributionsAllVOTest" id="0" time="0.0010">
    <artifact_tested name="oracle.apps.prc.po.commonPo.protectedModel.view.PoDistributionsAllVO" type="ADFVO" />
  </testcase>
  <testcase name="invokeVORowImplAttributeGetter[ReqHeaderReferenceNum]" classname="oracle.apps.prc.po.commonPo.protectedModel.view.PoDistributionsAllVOTest" id="0" time="0.0">
    <artifact_tested name="oracle.apps.prc.po.commonPo.protectedModel.view.PoDistributionsAllVO" type="ADFVO" />
  </testcase>
  <testcase name="invokeVORowImplAttributeGetter[ReqLineReferenceNum]" classname="oracle.apps.prc.po.commonPo.protectedModel.view.PoDistributionsAllVOTest" id="0" time="0.0">
    <artifact_tested name="oracle.apps.prc.po.commonPo.protectedModel.view.PoDistributionsAllVO" type="ADFVO" />
  </testcase>
  <testcase name="invokeVORowImplAttributeGetter[ReqDistributionId]" classname="oracle.apps.prc.po.commonPo.protectedModel.view.PoDistributionsAllVOTest" id="0" time="0.0">
    <artifact_tested name="oracle.apps.prc.po.commonPo.protectedModel.view.PoDistributionsAllVO" type="ADFVO" />
  </testcase>
  <testcase name="invokeVORowImplAttributeGetter[DeliverToLocationId]" classname="oracle.apps.prc.po.commonPo.protectedModel.view.PoDistributionsAllVOTest" id="0" time="0.0">
    <artifact_tested name="oracle.apps.prc.po.commonPo.protectedModel.view.PoDistributionsAllVO" type="ADFVO" />
  </testcase>
  <testcase name="invokeVORowImplAttributeGetter[DeliverToPersonId]" classname="oracle.apps.prc.po.commonPo.protectedModel.view.PoDistributionsAllVOTest" id="0" time="0.0010">
    <artifact_tested name="oracle.apps.prc.po.commonPo.protectedModel.view.PoDistributionsAllVO" type="ADFVO" />
  </testcase>
  <testcase name="invokeVORowImplAttributeGetter[RateDate]" classname="oracle.apps.prc.po.commonPo.protectedModel.view.PoDistributionsAllVOTest" id="0" time="0.0010">
    <artifact_tested name="oracle.apps.prc.po.commonPo.protectedModel.view.PoDistributionsAllVO" type="ADFVO" />
  </testcase>
  <testcase name="invokeVORowImplAttributeGetter[Rate]" classname="oracle.apps.prc.po.commonPo.protectedModel.view.PoDistributionsAllVOTest" id="0" time="0.0010">
    <artifact_tested name="oracle.apps.prc.po.commonPo.protectedModel.view.PoDistributionsAllVO" type="ADFVO" />
  </testcase>
  <testcase name="invokeVORowImplAttributeGetter[AmountBilled]" classname="oracle.apps.prc.po.commonPo.protectedModel.view.PoDistributionsAllVOTest" id="0" time="0.0010">
    <artifact_tested name="oracle.apps.prc.po.commonPo.protectedModel.view.PoDistributionsAllVO" type="ADFVO" />
  </testcase>
  <testcase name="invokeVORowImplAttributeGetter[AccruedFlag]" classname="oracle.apps.prc.po.commonPo.protectedModel.view.PoDistributionsAllVOTest" id="0" time="0.0010">
    <artifact_tested name="oracle.apps.prc.po.commonPo.protectedModel.view.PoDistributionsAllVO" type="ADFVO" />
  </testcase>
  <testcase name="invokeVORowImplAttributeGetter[DestinationTypeCode]" classname="oracle.apps.prc.po.commonPo.protectedModel.view.PoDistributionsAllVOTest" id="0" time="0.0010">
    <artifact_tested name="oracle.apps.prc.po.commonPo.protectedModel.view.PoDistributionsAllVO" type="ADFVO" />
  </testcase>
  <testcase name="invokeVORowImplAttributeGetter[DestinationOrganizationId]" classname="oracle.apps.prc.po.commonPo.protectedModel.view.PoDistributionsAllVOTest" id="0" time="0.0010">
    <artifact_tested name="oracle.apps.prc.po.commonPo.protectedModel.view.PoDistributionsAllVO" type="ADFVO" />
  </testcase>
  <testcase name="invokeVORowImplAttributeGetter[DestinationSubinventory]" classname="oracle.apps.prc.po.commonPo.protectedModel.view.PoDistributionsAllVOTest" id="0" time="0.0010">
    <artifact_tested name="oracle.apps.prc.po.commonPo.protectedModel.view.PoDistributionsAllVO" type="ADFVO" />
  </testcase>
  <testcase name="invokeVORowImplAttributeGetter[AttributeCategory]" classname="oracle.apps.prc.po.commonPo.protectedModel.view.PoDistributionsAllVOTest" id="0" time="0.0010">
    <artifact_tested name="oracle.apps.prc.po.commonPo.protectedModel.view.PoDistributionsAllVO" type="ADFVO" />
  </testcase>
  <testcase name="invokeVORowImplAttributeGetter[Attribute1]" classname="oracle.apps.prc.po.commonPo.protectedModel.view.PoDistributionsAllVOTest" id="0" time="0.0010">
    <artifact_tested name="oracle.apps.prc.po.commonPo.protectedModel.view.PoDistributionsAllVO" type="ADFVO" />
  </testcase>
  <testcase name="invokeVORowImplAttributeGetter[Attribute2]" classname="oracle.apps.prc.po.commonPo.protectedModel.view.PoDistributionsAllVOTest" id="0" time="0.0010">
    <artifact_tested name="oracle.apps.prc.po.commonPo.protectedModel.view.PoDistributionsAllVO" type="ADFVO" />
  </testcase>
  <testcase name="invokeVORowImplAttributeGetter[Attribute3]" classname="oracle.apps.prc.po.commonPo.protectedModel.view.PoDistributionsAllVOTest" id="0" time="0.0010">
    <artifact_tested name="oracle.apps.prc.po.commonPo.protectedModel.view.PoDistributionsAllVO" type="ADFVO" />
  </testcase>
  <testcase name="invokeVORowImplAttributeGetter[Attribute4]" classname="oracle.apps.prc.po.commonPo.protectedModel.view.PoDistributionsAllVOTest" id="0" time="0.0010">
    <artifact_tested name="oracle.apps.prc.po.commonPo.protectedModel.view.PoDistributionsAllVO" type="ADFVO" />
  </testcase>
  <testcase name="invokeVORowImplAttributeGetter[Attribute5]" classname="oracle.apps.prc.po.commonPo.protectedModel.view.PoDistributionsAllVOTest" id="0" time="0.0010">
    <artifact_tested name="oracle.apps.prc.po.commonPo.protectedModel.view.PoDistributionsAllVO" type="ADFVO" />
  </testcase>
  <testcase name="invokeVORowImplAttributeGetter[Attribute6]" classname="oracle.apps.prc.po.commonPo.protectedModel.view.PoDistributionsAllVOTest" id="0" time="0.0010">
    <artifact_tested name="oracle.apps.prc.po.commonPo.protectedModel.view.PoDistributionsAllVO" type="ADFVO" />
  </testcase>
  <testcase name="invokeVORowImplAttributeGetter[Attribute7]" classname="oracle.apps.prc.po.commonPo.protectedModel.view.PoDistributionsAllVOTest" id="0" time="0.0010">
    <artifact_tested name="oracle.apps.prc.po.commonPo.protectedModel.view.PoDistributionsAllVO" type="ADFVO" />
  </testcase>
  <testcase name="invokeVORowImplAttributeGetter[Attribute8]" classname="oracle.apps.prc.po.commonPo.protectedModel.view.PoDistributionsAllVOTest" id="0" time="0.0010">
    <artifact_tested name="oracle.apps.prc.po.commonPo.protectedModel.view.PoDistributionsAllVO" type="ADFVO" />
  </testcase>
  <testcase name="invokeVORowImplAttributeGetter[Attribute9]" classname="oracle.apps.prc.po.commonPo.protectedModel.view.PoDistributionsAllVOTest" id="0" time="0.0010">
    <artifact_tested name="oracle.apps.prc.po.commonPo.protectedModel.view.PoDistributionsAllVO" type="ADFVO" />
  </testcase>
  <testcase name="invokeVORowImplAttributeGetter[Attribute10]" classname="oracle.apps.prc.po.commonPo.protectedModel.view.PoDistributionsAllVOTest" id="0" time="0.0010">
    <artifact_tested name="oracle.apps.prc.po.commonPo.protectedModel.view.PoDistributionsAllVO" type="ADFVO" />
  </testcase>
  <testcase name="invokeVORowImplAttributeGetter[Attribute11]" classname="oracle.apps.prc.po.commonPo.protectedModel.view.PoDistributionsAllVOTest" id="0" time="0.0010">
    <artifact_tested name="oracle.apps.prc.po.commonPo.protectedModel.view.PoDistributionsAllVO" type="ADFVO" />
  </testcase>
  <testcase name="invokeVORowImplAttributeGetter[Attribute12]" classname="oracle.apps.prc.po.commonPo.protectedModel.view.PoDistributionsAllVOTest" id="0" time="0.0010">
    <artifact_tested name="oracle.apps.prc.po.commonPo.protectedModel.view.PoDistributionsAllVO" type="ADFVO" />
  </testcase>
  <testcase name="invokeVORowImplAttributeGetter[Attribute13]" classname="oracle.apps.prc.po.commonPo.protectedModel.view.PoDistributionsAllVOTest" id="0" time="0.0010">
    <artifact_tested name="oracle.apps.prc.po.commonPo.protectedModel.view.PoDistributionsAllVO" type="ADFVO" />
  </testcase>
  <testcase name="invokeVORowImplAttributeGetter[Attribute14]" classname="oracle.apps.prc.po.commonPo.protectedModel.view.PoDistributionsAllVOTest" id="0" time="0.0010">
    <artifact_tested name="oracle.apps.prc.po.commonPo.protectedModel.view.PoDistributionsAllVO" type="ADFVO" />
  </testcase>
  <testcase name="invokeVORowImplAttributeGetter[Attribute15]" classname="oracle.apps.prc.po.commonPo.protectedModel.view.PoDistributionsAllVOTest" id="0" time="0.0010">
    <artifact_tested name="oracle.apps.prc.po.commonPo.protectedModel.view.PoDistributionsAllVO" type="ADFVO" />
  </testcase>
  <testcase name="invokeVORowImplAttributeGetter[WipEntityId]" classname="oracle.apps.prc.po.commonPo.protectedModel.view.PoDistributionsAllVOTest" id="0" time="0.0010">
    <artifact_tested name="oracle.apps.prc.po.commonPo.protectedModel.view.PoDistributionsAllVO" type="ADFVO" />
  </testcase>
  <testcase name="invokeVORowImplAttributeGetter[WipOperationSeqNum]" classname="oracle.apps.prc.po.commonPo.protectedModel.view.PoDistributionsAllVOTest" id="0" time="0.0">
    <artifact_tested name="oracle.apps.prc.po.commonPo.protectedModel.view.PoDistributionsAllVO" type="ADFVO" />
  </testcase>
  <testcase name="invokeVORowImplAttributeGetter[WipResourceSeqNum]" classname="oracle.apps.prc.po.commonPo.protectedModel.view.PoDistributionsAllVOTest" id="0" time="0.0010">
    <artifact_tested name="oracle.apps.prc.po.commonPo.protectedModel.view.PoDistributionsAllVO" type="ADFVO" />
  </testcase>
  <testcase name="invokeVORowImplAttributeGetter[WipRepetitiveScheduleId]" classname="oracle.apps.prc.po.commonPo.protectedModel.view.PoDistributionsAllVOTest" id="0" time="0.0010">
    <artifact_tested name="oracle.apps.prc.po.commonPo.protectedModel.view.PoDistributionsAllVO" type="ADFVO" />
  </testcase>
  <testcase name="invokeVORowImplAttributeGetter[WipLineId]" classname="oracle.apps.prc.po.commonPo.protectedModel.view.PoDistributionsAllVOTest" id="0" time="0.0010">
    <artifact_tested name="oracle.apps.prc.po.commonPo.protectedModel.view.PoDistributionsAllVO" type="ADFVO" />
  </testcase>
  <testcase name="invokeVORowImplAttributeGetter[BomResourceId]" classname="oracle.apps.prc.po.commonPo.protectedModel.view.PoDistributionsAllVOTest" id="0" time="0.0">
    <artifact_tested name="oracle.apps.prc.po.commonPo.protectedModel.view.PoDistributionsAllVO" type="ADFVO" />
  </testcase>
  <testcase name="invokeVORowImplAttributeGetter[AccrualAccountId]" classname="oracle.apps.prc.po.commonPo.protectedModel.view.PoDistributionsAllVOTest" id="0" time="0.0010">
    <artifact_tested name="oracle.apps.prc.po.commonPo.protectedModel.view.PoDistributionsAllVO" type="ADFVO" />
  </testcase>
  <testcase name="invokeVORowImplAttributeGetter[VarianceAccountId]" classname="oracle.apps.prc.po.commonPo.protectedModel.view.PoDistributionsAllVOTest" id="0" time="0.0010">
    <artifact_tested name="oracle.apps.prc.po.commonPo.protectedModel.view.PoDistributionsAllVO" type="ADFVO" />
  </testcase>
  <testcase name="invokeVORowImplAttributeGetter[GovernmentContext]" classname="oracle.apps.prc.po.commonPo.protectedModel.view.PoDistributionsAllVOTest" id="0" time="0.0">
    <artifact_tested name="oracle.apps.prc.po.commonPo.protectedModel.view.PoDistributionsAllVO" type="ADFVO" />
  </testcase>
  <testcase name="invokeVORowImplAttributeGetter[DestinationContext]" classname="oracle.apps.prc.po.commonPo.protectedModel.view.PoDistributionsAllVOTest" id="0" time="0.0010">
    <artifact_tested name="oracle.apps.prc.po.commonPo.protectedModel.view.PoDistributionsAllVO" type="ADFVO" />
  </testcase>
  <testcase name="invokeVORowImplAttributeGetter[DistributionNum]" classname="oracle.apps.prc.po.commonPo.protectedModel.view.PoDistributionsAllVOTest" id="0" time="0.0010">
    <artifact_tested name="oracle.apps.prc.po.commonPo.protectedModel.view.PoDistributionsAllVO" type="ADFVO" />
  </testcase>
  <testcase name="invokeVORowImplAttributeGetter[SourceDistributionId]" classname="oracle.apps.prc.po.commonPo.protectedModel.view.PoDistributionsAllVOTest" id="0" time="0.0010">
    <artifact_tested name="oracle.apps.prc.po.commonPo.protectedModel.view.PoDistributionsAllVO" type="ADFVO" />
  </testcase>
  <testcase name="invokeVORowImplAttributeGetter[RequestId]" classname="oracle.apps.prc.po.commonPo.protectedModel.view.PoDistributionsAllVOTest" id="0" time="0.0010">
    <artifact_tested name="oracle.apps.prc.po.commonPo.protectedModel.view.PoDistributionsAllVO" type="ADFVO" />
  </testcase>
  <testcase name="invokeVORowImplAttributeGetter[ProgramName]" classname="oracle.apps.prc.po.commonPo.protectedModel.view.PoDistributionsAllVOTest" id="0" time="0.0010">
    <artifact_tested name="oracle.apps.prc.po.commonPo.protectedModel.view.PoDistributionsAllVO" type="ADFVO" />
  </testcase>
  <testcase name="invokeVORowImplAttributeGetter[ProgramAppName]" classname="oracle.apps.prc.po.commonPo.protectedModel.view.PoDistributionsAllVOTest" id="0" time="0.0010">
    <artifact_tested name="oracle.apps.prc.po.commonPo.protectedModel.view.PoDistributionsAllVO" type="ADFVO" />
  </testcase>
  <testcase name="invokeVORowImplAttributeGetter[AccrueOnReceiptFlag]" classname="oracle.apps.prc.po.commonPo.protectedModel.view.PoDistributionsAllVOTest" id="0" time="0.0010">
    <artifact_tested name="oracle.apps.prc.po.commonPo.protectedModel.view.PoDistributionsAllVO" type="ADFVO" />
  </testcase>
  <testcase name="invokeVORowImplAttributeGetter[KanbanCardId]" classname="oracle.apps.prc.po.commonPo.protectedModel.view.PoDistributionsAllVOTest" id="0" time="0.0010">
    <artifact_tested name="oracle.apps.prc.po.commonPo.protectedModel.view.PoDistributionsAllVO" type="ADFVO" />
  </testcase>
  <testcase name="invokeVORowImplAttributeGetter[AwardId]" classname="oracle.apps.prc.po.commonPo.protectedModel.view.PoDistributionsAllVOTest" id="0" time="0.0010">
    <artifact_tested name="oracle.apps.prc.po.commonPo.protectedModel.view.PoDistributionsAllVO" type="ADFVO" />
  </testcase>
  <testcase name="invokeVORowImplAttributeGetter[EndItemUnitNumber]" classname="oracle.apps.prc.po.commonPo.protectedModel.view.PoDistributionsAllVOTest" id="0" time="0.0010">
    <artifact_tested name="oracle.apps.prc.po.commonPo.protectedModel.view.PoDistributionsAllVO" type="ADFVO" />
  </testcase>
  <testcase name="invokeVORowImplAttributeGetter[TaxRecoveryOverrideFlag]" classname="oracle.apps.prc.po.commonPo.protectedModel.view.PoDistributionsAllVOTest" id="0" time="0.0010">
    <artifact_tested name="oracle.apps.prc.po.commonPo.protectedModel.view.PoDistributionsAllVO" type="ADFVO" />
  </testcase>
  <testcase name="invokeVORowImplAttributeGetter[RecoverableTax]" classname="oracle.apps.prc.po.commonPo.protectedModel.view.PoDistributionsAllVOTest" id="0" time="0.0010">
    <artifact_tested name="oracle.apps.prc.po.commonPo.protectedModel.view.PoDistributionsAllVO" type="ADFVO" />
  </testcase>
  <testcase name="invokeVORowImplAttributeGetter[NonrecoverableTax]" classname="oracle.apps.prc.po.commonPo.protectedModel.view.PoDistributionsAllVOTest" id="0" time="0.0020">
    <artifact_tested name="oracle.apps.prc.po.commonPo.protectedModel.view.PoDistributionsAllVO" type="ADFVO" />
  </testcase>
  <testcase name="invokeVORowImplAttributeGetter[RecoverableInclusiveTax]" classname="oracle.apps.prc.po.commonPo.protectedModel.view.PoDistributionsAllVOTest" id="0" time="0.0010">
    <artifact_tested name="oracle.apps.prc.po.commonPo.protectedModel.view.PoDistributionsAllVO" type="ADFVO" />
  </testcase>
  <testcase name="invokeVORowImplAttributeGetter[NonrecoverableInclusiveTax]" classname="oracle.apps.prc.po.commonPo.protectedModel.view.PoDistributionsAllVOTest" id="0" time="0.0010">
    <artifact_tested name="oracle.apps.prc.po.commonPo.protectedModel.view.PoDistributionsAllVO" type="ADFVO" />
  </testcase>
  <testcase name="invokeVORowImplAttributeGetter[TaxExclusiveAmount]" classname="oracle.apps.prc.po.commonPo.protectedModel.view.PoDistributionsAllVOTest" id="0" time="0.0010">
    <artifact_tested name="oracle.apps.prc.po.commonPo.protectedModel.view.PoDistributionsAllVO" type="ADFVO" />
  </testcase>
  <testcase name="invokeVORowImplAttributeGetter[RecoveryRate]" classname="oracle.apps.prc.po.commonPo.protectedModel.view.PoDistributionsAllVOTest" id="0" time="0.0010">
    <artifact_tested name="oracle.apps.prc.po.commonPo.protectedModel.view.PoDistributionsAllVO" type="ADFVO" />
  </testcase>
  <testcase name="invokeVORowImplAttributeGetter[OkeContractLineId]" classname="oracle.apps.prc.po.commonPo.protectedModel.view.PoDistributionsAllVOTest" id="0" time="0.0010">
    <artifact_tested name="oracle.apps.prc.po.commonPo.protectedModel.view.PoDistributionsAllVO" type="ADFVO" />
  </testcase>
  <testcase name="invokeVORowImplAttributeGetter[OkeContractDeliverableId]" classname="oracle.apps.prc.po.commonPo.protectedModel.view.PoDistributionsAllVOTest" id="0" time="0.0010">
    <artifact_tested name="oracle.apps.prc.po.commonPo.protectedModel.view.PoDistributionsAllVO" type="ADFVO" />
  </testcase>
  <testcase name="invokeVORowImplAttributeGetter[AmountOrdered]" classname="oracle.apps.prc.po.commonPo.protectedModel.view.PoDistributionsAllVOTest" id="0" time="0.0010">
    <artifact_tested name="oracle.apps.prc.po.commonPo.protectedModel.view.PoDistributionsAllVO" type="ADFVO" />
  </testcase>
  <testcase name="invokeVORowImplAttributeGetter[AmountDelivered]" classname="oracle.apps.prc.po.commonPo.protectedModel.view.PoDistributionsAllVOTest" id="0" time="0.0010">
    <artifact_tested name="oracle.apps.prc.po.commonPo.protectedModel.view.PoDistributionsAllVO" type="ADFVO" />
  </testcase>
  <testcase name="invokeVORowImplAttributeGetter[AmountCancelled]" classname="oracle.apps.prc.po.commonPo.protectedModel.view.PoDistributionsAllVOTest" id="0" time="0.0010">
    <artifact_tested name="oracle.apps.prc.po.commonPo.protectedModel.view.PoDistributionsAllVO" type="ADFVO" />
  </testcase>
  <testcase name="invokeVORowImplAttributeGetter[DistributionType]" classname="oracle.apps.prc.po.commonPo.protectedModel.view.PoDistributionsAllVOTest" id="0" time="0.0010">
    <artifact_tested name="oracle.apps.prc.po.commonPo.protectedModel.view.PoDistributionsAllVO" type="ADFVO" />
  </testcase>
  <testcase name="invokeVORowImplAttributeGetter[InvoiceAdjustmentFlag]" classname="oracle.apps.prc.po.commonPo.protectedModel.view.PoDistributionsAllVOTest" id="0" time="0.0010">
    <artifact_tested name="oracle.apps.prc.po.commonPo.protectedModel.view.PoDistributionsAllVO" type="ADFVO" />
  </testcase>
  <testcase name="invokeVORowImplAttributeGetter[DestChargeAccountId]" classname="oracle.apps.prc.po.commonPo.protectedModel.view.PoDistributionsAllVOTest" id="0" time="0.0010">
    <artifact_tested name="oracle.apps.prc.po.commonPo.protectedModel.view.PoDistributionsAllVO" type="ADFVO" />
  </testcase>
  <testcase name="invokeVORowImplAttributeGetter[DestVarianceAccountId]" classname="oracle.apps.prc.po.commonPo.protectedModel.view.PoDistributionsAllVOTest" id="0" time="0.0010">
    <artifact_tested name="oracle.apps.prc.po.commonPo.protectedModel.view.PoDistributionsAllVO" type="ADFVO" />
  </testcase>
  <testcase name="invokeVORowImplAttributeGetter[QuantityFinanced]" classname="oracle.apps.prc.po.commonPo.protectedModel.view.PoDistributionsAllVOTest" id="0" time="0.0010">
    <artifact_tested name="oracle.apps.prc.po.commonPo.protectedModel.view.PoDistributionsAllVO" type="ADFVO" />
  </testcase>
  <testcase name="invokeVORowImplAttributeGetter[AmountFinanced]" classname="oracle.apps.prc.po.commonPo.protectedModel.view.PoDistributionsAllVOTest" id="0" time="0.0010">
    <artifact_tested name="oracle.apps.prc.po.commonPo.protectedModel.view.PoDistributionsAllVO" type="ADFVO" />
  </testcase>
  <testcase name="invokeVORowImplAttributeGetter[QuantityRecouped]" classname="oracle.apps.prc.po.commonPo.protectedModel.view.PoDistributionsAllVOTest" id="0" time="0.0010">
    <artifact_tested name="oracle.apps.prc.po.commonPo.protectedModel.view.PoDistributionsAllVO" type="ADFVO" />
  </testcase>
  <testcase name="invokeVORowImplAttributeGetter[AmountRecouped]" classname="oracle.apps.prc.po.commonPo.protectedModel.view.PoDistributionsAllVOTest" id="0" time="0.0010">
    <artifact_tested name="oracle.apps.prc.po.commonPo.protectedModel.view.PoDistributionsAllVO" type="ADFVO" />
  </testcase>
  <testcase name="invokeVORowImplAttributeGetter[RetainageWithheldAmount]" classname="oracle.apps.prc.po.commonPo.protectedModel.view.PoDistributionsAllVOTest" id="0" time="0.0">
    <artifact_tested name="oracle.apps.prc.po.commonPo.protectedModel.view.PoDistributionsAllVO" type="ADFVO" />
  </testcase>
  <testcase name="invokeVORowImplAttributeGetter[RetainageReleasedAmount]" classname="oracle.apps.prc.po.commonPo.protectedModel.view.PoDistributionsAllVOTest" id="0" time="0.0010">
    <artifact_tested name="oracle.apps.prc.po.commonPo.protectedModel.view.PoDistributionsAllVO" type="ADFVO" />
  </testcase>
  <testcase name="invokeVORowImplAttributeGetter[InvoicedValInNtfn]" classname="oracle.apps.prc.po.commonPo.protectedModel.view.PoDistributionsAllVOTest" id="0" time="0.0010">
    <artifact_tested name="oracle.apps.prc.po.commonPo.protectedModel.view.PoDistributionsAllVO" type="ADFVO" />
  </testcase>
  <testcase name="invokeVORowImplAttributeGetter[TaxAttributeUpdateCode]" classname="oracle.apps.prc.po.commonPo.protectedModel.view.PoDistributionsAllVOTest" id="0" time="0.0010">
    <artifact_tested name="oracle.apps.prc.po.commonPo.protectedModel.view.PoDistributionsAllVO" type="ADFVO" />
  </testcase>
  <testcase name="invokeVORowImplAttributeGetter[InterfaceDistributionRef]" classname="oracle.apps.prc.po.commonPo.protectedModel.view.PoDistributionsAllVOTest" id="0" time="0.0">
    <artifact_tested name="oracle.apps.prc.po.commonPo.protectedModel.view.PoDistributionsAllVO" type="ADFVO" />
  </testcase>
  <testcase name="invokeVORowImplAttributeGetter[ObjectVersionNumber]" classname="oracle.apps.prc.po.commonPo.protectedModel.view.PoDistributionsAllVOTest" id="0" time="0.0010">
    <artifact_tested name="oracle.apps.prc.po.commonPo.protectedModel.view.PoDistributionsAllVO" type="ADFVO" />
  </testcase>
  <testcase name="invokeVORowImplAttributeGetter[PjcExpenditureTypeId]" classname="oracle.apps.prc.po.commonPo.protectedModel.view.PoDistributionsAllVOTest" id="0" time="0.0010">
    <artifact_tested name="oracle.apps.prc.po.commonPo.protectedModel.view.PoDistributionsAllVO" type="ADFVO" />
  </testcase>
  <testcase name="invokeVORowImplAttributeGetter[PjcBillableFlag]" classname="oracle.apps.prc.po.commonPo.protectedModel.view.PoDistributionsAllVOTest" id="0" time="0.0010">
    <artifact_tested name="oracle.apps.prc.po.commonPo.protectedModel.view.PoDistributionsAllVO" type="ADFVO" />
  </testcase>
  <testcase name="invokeVORowImplAttributeGetter[PjcUserDefAttribute1]" classname="oracle.apps.prc.po.commonPo.protectedModel.view.PoDistributionsAllVOTest" id="0" time="0.0010">
    <artifact_tested name="oracle.apps.prc.po.commonPo.protectedModel.view.PoDistributionsAllVO" type="ADFVO" />
  </testcase>
  <testcase name="invokeVORowImplAttributeGetter[PjcUserDefAttribute2]" classname="oracle.apps.prc.po.commonPo.protectedModel.view.PoDistributionsAllVOTest" id="0" time="0.0010">
    <artifact_tested name="oracle.apps.prc.po.commonPo.protectedModel.view.PoDistributionsAllVO" type="ADFVO" />
  </testcase>
  <testcase name="invokeVORowImplAttributeGetter[PjcUserDefAttribute3]" classname="oracle.apps.prc.po.commonPo.protectedModel.view.PoDistributionsAllVOTest" id="0" time="0.0010">
    <artifact_tested name="oracle.apps.prc.po.commonPo.protectedModel.view.PoDistributionsAllVO" type="ADFVO" />
  </testcase>
  <testcase name="invokeVORowImplAttributeGetter[PjcUserDefAttribute4]" classname="oracle.apps.prc.po.commonPo.protectedModel.view.PoDistributionsAllVOTest" id="0" time="0.0010">
    <artifact_tested name="oracle.apps.prc.po.commonPo.protectedModel.view.PoDistributionsAllVO" type="ADFVO" />
  </testcase>
  <testcase name="invokeVORowImplAttributeGetter[PjcUserDefAttribute5]" classname="oracle.apps.prc.po.commonPo.protectedModel.view.PoDistributionsAllVOTest" id="0" time="0.0010">
    <artifact_tested name="oracle.apps.prc.po.commonPo.protectedModel.view.PoDistributionsAllVO" type="ADFVO" />
  </testcase>
  <testcase name="invokeVORowImplAttributeGetter[PjcUserDefAttribute6]" classname="oracle.apps.prc.po.commonPo.protectedModel.view.PoDistributionsAllVOTest" id="0" time="0.0010">
    <artifact_tested name="oracle.apps.prc.po.commonPo.protectedModel.view.PoDistributionsAllVO" type="ADFVO" />
  </testcase>
  <testcase name="invokeVORowImplAttributeGetter[PjcUserDefAttribute7]" classname="oracle.apps.prc.po.commonPo.protectedModel.view.PoDistributionsAllVOTest" id="0" time="0.0010">
    <artifact_tested name="oracle.apps.prc.po.commonPo.protectedModel.view.PoDistributionsAllVO" type="ADFVO" />
  </testcase>
  <testcase name="invokeVORowImplAttributeGetter[PjcUserDefAttribute8]" classname="oracle.apps.prc.po.commonPo.protectedModel.view.PoDistributionsAllVOTest" id="0" time="0.0010">
    <artifact_tested name="oracle.apps.prc.po.commonPo.protectedModel.view.PoDistributionsAllVO" type="ADFVO" />
  </testcase>
  <testcase name="invokeVORowImplAttributeGetter[PjcUserDefAttribute9]" classname="oracle.apps.prc.po.commonPo.protectedModel.view.PoDistributionsAllVOTest" id="0" time="0.0010">
    <artifact_tested name="oracle.apps.prc.po.commonPo.protectedModel.view.PoDistributionsAllVO" type="ADFVO" />
  </testcase>
  <testcase name="invokeVORowImplAttributeGetter[PjcUserDefAttribute10]" classname="oracle.apps.prc.po.commonPo.protectedModel.view.PoDistributionsAllVOTest" id="0" time="0.0010">
    <artifact_tested name="oracle.apps.prc.po.commonPo.protectedModel.view.PoDistributionsAllVO" type="ADFVO" />
  </testcase>
  <testcase name="invokeVORowImplAttributeGetter[PjcContractId]" classname="oracle.apps.prc.po.commonPo.protectedModel.view.PoDistributionsAllVOTest" id="0" time="0.0010">
    <artifact_tested name="oracle.apps.prc.po.commonPo.protectedModel.view.PoDistributionsAllVO" type="ADFVO" />
  </testcase>
  <testcase name="invokeVORowImplAttributeGetter[PjcWorkTypeId]" classname="oracle.apps.prc.po.commonPo.protectedModel.view.PoDistributionsAllVOTest" id="0" time="0.0010">
    <artifact_tested name="oracle.apps.prc.po.commonPo.protectedModel.view.PoDistributionsAllVO" type="ADFVO" />
  </testcase>
  <testcase name="invokeVORowImplAttributeGetter[PjcCapitalizableFlag]" classname="oracle.apps.prc.po.commonPo.protectedModel.view.PoDistributionsAllVOTest" id="0" time="0.0010">
    <artifact_tested name="oracle.apps.prc.po.commonPo.protectedModel.view.PoDistributionsAllVO" type="ADFVO" />
  </testcase>
  <testcase name="invokeVORowImplAttributeGetter[PjcReservedAttribute3]" classname="oracle.apps.prc.po.commonPo.protectedModel.view.PoDistributionsAllVOTest" id="0" time="0.0010">
    <artifact_tested name="oracle.apps.prc.po.commonPo.protectedModel.view.PoDistributionsAllVO" type="ADFVO" />
  </testcase>
  <testcase name="invokeVORowImplAttributeGetter[PjcReservedAttribute4]" classname="oracle.apps.prc.po.commonPo.protectedModel.view.PoDistributionsAllVOTest" id="0" time="0.0010">
    <artifact_tested name="oracle.apps.prc.po.commonPo.protectedModel.view.PoDistributionsAllVO" type="ADFVO" />
  </testcase>
  <testcase name="invokeVORowImplAttributeGetter[PjcReservedAttribute5]" classname="oracle.apps.prc.po.commonPo.protectedModel.view.PoDistributionsAllVOTest" id="0" time="0.0010">
    <artifact_tested name="oracle.apps.prc.po.commonPo.protectedModel.view.PoDistributionsAllVO" type="ADFVO" />
  </testcase>
  <testcase name="invokeVORowImplAttributeGetter[PjcReservedAttribute6]" classname="oracle.apps.prc.po.commonPo.protectedModel.view.PoDistributionsAllVOTest" id="0" time="0.0010">
    <artifact_tested name="oracle.apps.prc.po.commonPo.protectedModel.view.PoDistributionsAllVO" type="ADFVO" />
  </testcase>
  <testcase name="invokeVORowImplAttributeGetter[PjcReservedAttribute7]" classname="oracle.apps.prc.po.commonPo.protectedModel.view.PoDistributionsAllVOTest" id="0" time="0.0">
    <artifact_tested name="oracle.apps.prc.po.commonPo.protectedModel.view.PoDistributionsAllVO" type="ADFVO" />
  </testcase>
  <testcase name="invokeVORowImplAttributeGetter[PjcReservedAttribute9]" classname="oracle.apps.prc.po.commonPo.protectedModel.view.PoDistributionsAllVOTest" id="0" time="0.0">
    <artifact_tested name="oracle.apps.prc.po.commonPo.protectedModel.view.PoDistributionsAllVO" type="ADFVO" />
  </testcase>
  <testcase name="invokeVORowImplAttributeGetter[PjcReservedAttribute10]" classname="oracle.apps.prc.po.commonPo.protectedModel.view.PoDistributionsAllVOTest" id="0" time="0.0010">
    <artifact_tested name="oracle.apps.prc.po.commonPo.protectedModel.view.PoDistributionsAllVO" type="ADFVO" />
  </testcase>
  <testcase name="invokeVORowImplAttributeGetter[PjcFundingAllocationId]" classname="oracle.apps.prc.po.commonPo.protectedModel.view.PoDistributionsAllVOTest" id="0" time="0.0010">
    <artifact_tested name="oracle.apps.prc.po.commonPo.protectedModel.view.PoDistributionsAllVO" type="ADFVO" />
  </testcase>
  <testcase name="invokeVORowImplAttributeGetter[PjcReservedAttribute1]" classname="oracle.apps.prc.po.commonPo.protectedModel.view.PoDistributionsAllVOTest" id="0" time="0.0010">
    <artifact_tested name="oracle.apps.prc.po.commonPo.protectedModel.view.PoDistributionsAllVO" type="ADFVO" />
  </testcase>
  <testcase name="invokeVORowImplAttributeGetter[PjcReservedAttribute2]" classname="oracle.apps.prc.po.commonPo.protectedModel.view.PoDistributionsAllVOTest" id="0" time="0.0010">
    <artifact_tested name="oracle.apps.prc.po.commonPo.protectedModel.view.PoDistributionsAllVO" type="ADFVO" />
  </testcase>
  <testcase name="invokeVORowImplAttributeGetter[PjcContextCategory]" classname="oracle.apps.prc.po.commonPo.protectedModel.view.PoDistributionsAllVOTest" id="0" time="0.0">
    <artifact_tested name="oracle.apps.prc.po.commonPo.protectedModel.view.PoDistributionsAllVO" type="ADFVO" />
  </testcase>
  <testcase name="invokeVORowImplAttributeGetter[PjcReservedAttribute8]" classname="oracle.apps.prc.po.commonPo.protectedModel.view.PoDistributionsAllVOTest" id="0" time="0.0010">
    <artifact_tested name="oracle.apps.prc.po.commonPo.protectedModel.view.PoDistributionsAllVO" type="ADFVO" />
  </testcase>
  <testcase name="invokeVORowImplAttributeGetter[PjcContractLineId]" classname="oracle.apps.prc.po.commonPo.protectedModel.view.PoDistributionsAllVOTest" id="0" time="0.0010">
    <artifact_tested name="oracle.apps.prc.po.commonPo.protectedModel.view.PoDistributionsAllVO" type="ADFVO" />
  </testcase>
  <testcase name="invokeVORowImplAttributeGetter[PjcProjectId]" classname="oracle.apps.prc.po.commonPo.protectedModel.view.PoDistributionsAllVOTest" id="0" time="0.0">
    <artifact_tested name="oracle.apps.prc.po.commonPo.protectedModel.view.PoDistributionsAllVO" type="ADFVO" />
  </testcase>
  <testcase name="invokeVORowImplAttributeGetter[PjcTaskId]" classname="oracle.apps.prc.po.commonPo.protectedModel.view.PoDistributionsAllVOTest" id="0" time="0.0">
    <artifact_tested name="oracle.apps.prc.po.commonPo.protectedModel.view.PoDistributionsAllVO" type="ADFVO" />
  </testcase>
  <testcase name="invokeVORowImplAttributeGetter[PjcExpenditureItemDate]" classname="oracle.apps.prc.po.commonPo.protectedModel.view.PoDistributionsAllVOTest" id="0" time="0.0">
    <artifact_tested name="oracle.apps.prc.po.commonPo.protectedModel.view.PoDistributionsAllVO" type="ADFVO" />
  </testcase>
  <testcase name="invokeVORowImplAttributeGetter[PjcOrganizationId]" classname="oracle.apps.prc.po.commonPo.protectedModel.view.PoDistributionsAllVOTest" id="0" time="0.0">
    <artifact_tested name="oracle.apps.prc.po.commonPo.protectedModel.view.PoDistributionsAllVO" type="ADFVO" />
  </testcase>
  <testcase name="invokeVORowImplAttributeGetter[JobDefinitionName]" classname="oracle.apps.prc.po.commonPo.protectedModel.view.PoDistributionsAllVOTest" id="0" time="0.0010">
    <artifact_tested name="oracle.apps.prc.po.commonPo.protectedModel.view.PoDistributionsAllVO" type="ADFVO" />
  </testcase>
  <testcase name="invokeVORowImplAttributeGetter[JobDefinitionPackage]" classname="oracle.apps.prc.po.commonPo.protectedModel.view.PoDistributionsAllVOTest" id="0" time="0.0010">
    <artifact_tested name="oracle.apps.prc.po.commonPo.protectedModel.view.PoDistributionsAllVO" type="ADFVO" />
  </testcase>
  <testcase name="invokeVORowImplAttributeGetter[Attribute20]" classname="oracle.apps.prc.po.commonPo.protectedModel.view.PoDistributionsAllVOTest" id="0" time="0.0010">
    <artifact_tested name="oracle.apps.prc.po.commonPo.protectedModel.view.PoDistributionsAllVO" type="ADFVO" />
  </testcase>
  <testcase name="invokeVORowImplAttributeGetter[Attribute19]" classname="oracle.apps.prc.po.commonPo.protectedModel.view.PoDistributionsAllVOTest" id="0" time="0.0">
    <artifact_tested name="oracle.apps.prc.po.commonPo.protectedModel.view.PoDistributionsAllVO" type="ADFVO" />
  </testcase>
  <testcase name="invokeVORowImplAttributeGetter[Attribute16]" classname="oracle.apps.prc.po.commonPo.protectedModel.view.PoDistributionsAllVOTest" id="0" time="0.0">
    <artifact_tested name="oracle.apps.prc.po.commonPo.protectedModel.view.PoDistributionsAllVO" type="ADFVO" />
  </testcase>
  <testcase name="invokeVORowImplAttributeGetter[Attribute17]" classname="oracle.apps.prc.po.commonPo.protectedModel.view.PoDistributionsAllVOTest" id="0" time="0.0">
    <artifact_tested name="oracle.apps.prc.po.commonPo.protectedModel.view.PoDistributionsAllVO" type="ADFVO" />
  </testcase>
  <testcase name="invokeVORowImplAttributeGetter[Attribute18]" classname="oracle.apps.prc.po.commonPo.protectedModel.view.PoDistributionsAllVOTest" id="0" time="0.0">
    <artifact_tested name="oracle.apps.prc.po.commonPo.protectedModel.view.PoDistributionsAllVO" type="ADFVO" />
  </testcase>
  <testcase name="invokeVORowImplAttributeGetter[AttributeDate1]" classname="oracle.apps.prc.po.commonPo.protectedModel.view.PoDistributionsAllVOTest" id="0" time="0.0">
    <artifact_tested name="oracle.apps.prc.po.commonPo.protectedModel.view.PoDistributionsAllVO" type="ADFVO" />
  </testcase>
  <testcase name="invokeVORowImplAttributeGetter[AttributeDate10]" classname="oracle.apps.prc.po.commonPo.protectedModel.view.PoDistributionsAllVOTest" id="0" time="0.0010">
    <artifact_tested name="oracle.apps.prc.po.commonPo.protectedModel.view.PoDistributionsAllVO" type="ADFVO" />
  </testcase>
  <testcase name="invokeVORowImplAttributeGetter[AttributeDate2]" classname="oracle.apps.prc.po.commonPo.protectedModel.view.PoDistributionsAllVOTest" id="0" time="0.0010">
    <artifact_tested name="oracle.apps.prc.po.commonPo.protectedModel.view.PoDistributionsAllVO" type="ADFVO" />
  </testcase>
  <testcase name="invokeVORowImplAttributeGetter[AttributeDate3]" classname="oracle.apps.prc.po.commonPo.protectedModel.view.PoDistributionsAllVOTest" id="0" time="0.0010">
    <artifact_tested name="oracle.apps.prc.po.commonPo.protectedModel.view.PoDistributionsAllVO" type="ADFVO" />
  </testcase>
  <testcase name="invokeVORowImplAttributeGetter[AttributeDate4]" classname="oracle.apps.prc.po.commonPo.protectedModel.view.PoDistributionsAllVOTest" id="0" time="0.0010">
    <artifact_tested name="oracle.apps.prc.po.commonPo.protectedModel.view.PoDistributionsAllVO" type="ADFVO" />
  </testcase>
  <testcase name="invokeVORowImplAttributeGetter[AttributeDate5]" classname="oracle.apps.prc.po.commonPo.protectedModel.view.PoDistributionsAllVOTest" id="0" time="0.0010">
    <artifact_tested name="oracle.apps.prc.po.commonPo.protectedModel.view.PoDistributionsAllVO" type="ADFVO" />
  </testcase>
  <testcase name="invokeVORowImplAttributeGetter[AttributeDate6]" classname="oracle.apps.prc.po.commonPo.protectedModel.view.PoDistributionsAllVOTest" id="0" time="0.0010">
    <artifact_tested name="oracle.apps.prc.po.commonPo.protectedModel.view.PoDistributionsAllVO" type="ADFVO" />
  </testcase>
  <testcase name="invokeVORowImplAttributeGetter[AttributeDate7]" classname="oracle.apps.prc.po.commonPo.protectedModel.view.PoDistributionsAllVOTest" id="0" time="0.0010">
    <artifact_tested name="oracle.apps.prc.po.commonPo.protectedModel.view.PoDistributionsAllVO" type="ADFVO" />
  </testcase>
  <testcase name="invokeVORowImplAttributeGetter[AttributeDate8]" classname="oracle.apps.prc.po.commonPo.protectedModel.view.PoDistributionsAllVOTest" id="0" time="0.0020">
    <artifact_tested name="oracle.apps.prc.po.commonPo.protectedModel.view.PoDistributionsAllVO" type="ADFVO" />
  </testcase>
  <testcase name="invokeVORowImplAttributeGetter[AttributeDate9]" classname="oracle.apps.prc.po.commonPo.protectedModel.view.PoDistributionsAllVOTest" id="0" time="0.0010">
    <artifact_tested name="oracle.apps.prc.po.commonPo.protectedModel.view.PoDistributionsAllVO" type="ADFVO" />
  </testcase>
  <testcase name="invokeVORowImplAttributeGetter[AttributeNumber1]" classname="oracle.apps.prc.po.commonPo.protectedModel.view.PoDistributionsAllVOTest" id="0" time="0.0010">
    <artifact_tested name="oracle.apps.prc.po.commonPo.protectedModel.view.PoDistributionsAllVO" type="ADFVO" />
  </testcase>
  <testcase name="invokeVORowImplAttributeGetter[AttributeNumber10]" classname="oracle.apps.prc.po.commonPo.protectedModel.view.PoDistributionsAllVOTest" id="0" time="0.0">
    <artifact_tested name="oracle.apps.prc.po.commonPo.protectedModel.view.PoDistributionsAllVO" type="ADFVO" />
  </testcase>
  <testcase name="invokeVORowImplAttributeGetter[AttributeNumber2]" classname="oracle.apps.prc.po.commonPo.protectedModel.view.PoDistributionsAllVOTest" id="0" time="0.0">
    <artifact_tested name="oracle.apps.prc.po.commonPo.protectedModel.view.PoDistributionsAllVO" type="ADFVO" />
  </testcase>
  <testcase name="invokeVORowImplAttributeGetter[AttributeNumber3]" classname="oracle.apps.prc.po.commonPo.protectedModel.view.PoDistributionsAllVOTest" id="0" time="0.0">
    <artifact_tested name="oracle.apps.prc.po.commonPo.protectedModel.view.PoDistributionsAllVO" type="ADFVO" />
  </testcase>
  <testcase name="invokeVORowImplAttributeGetter[AttributeNumber4]" classname="oracle.apps.prc.po.commonPo.protectedModel.view.PoDistributionsAllVOTest" id="0" time="0.0010">
    <artifact_tested name="oracle.apps.prc.po.commonPo.protectedModel.view.PoDistributionsAllVO" type="ADFVO" />
  </testcase>
  <testcase name="invokeVORowImplAttributeGetter[AttributeNumber5]" classname="oracle.apps.prc.po.commonPo.protectedModel.view.PoDistributionsAllVOTest" id="0" time="0.0010">
    <artifact_tested name="oracle.apps.prc.po.commonPo.protectedModel.view.PoDistributionsAllVO" type="ADFVO" />
  </testcase>
  <testcase name="invokeVORowImplAttributeGetter[AttributeNumber6]" classname="oracle.apps.prc.po.commonPo.protectedModel.view.PoDistributionsAllVOTest" id="0" time="0.0020">
    <artifact_tested name="oracle.apps.prc.po.commonPo.protectedModel.view.PoDistributionsAllVO" type="ADFVO" />
  </testcase>
  <testcase name="invokeVORowImplAttributeGetter[AttributeNumber7]" classname="oracle.apps.prc.po.commonPo.protectedModel.view.PoDistributionsAllVOTest" id="0" time="0.0010">
    <artifact_tested name="oracle.apps.prc.po.commonPo.protectedModel.view.PoDistributionsAllVO" type="ADFVO" />
  </testcase>
  <testcase name="invokeVORowImplAttributeGetter[AttributeNumber8]" classname="oracle.apps.prc.po.commonPo.protectedModel.view.PoDistributionsAllVOTest" id="0" time="0.0020">
    <artifact_tested name="oracle.apps.prc.po.commonPo.protectedModel.view.PoDistributionsAllVO" type="ADFVO" />
  </testcase>
  <testcase name="invokeVORowImplAttributeGetter[AttributeNumber9]" classname="oracle.apps.prc.po.commonPo.protectedModel.view.PoDistributionsAllVOTest" id="0" time="0.0010">
    <artifact_tested name="oracle.apps.prc.po.commonPo.protectedModel.view.PoDistributionsAllVO" type="ADFVO" />
  </testcase>
  <testcase name="invokeVORowImplAttributeGetter[AttributeTimestamp1]" classname="oracle.apps.prc.po.commonPo.protectedModel.view.PoDistributionsAllVOTest" id="0" time="0.0010">
    <artifact_tested name="oracle.apps.prc.po.commonPo.protectedModel.view.PoDistributionsAllVO" type="ADFVO" />
  </testcase>
  <testcase name="invokeVORowImplAttributeGetter[AttributeTimestamp10]" classname="oracle.apps.prc.po.commonPo.protectedModel.view.PoDistributionsAllVOTest" id="0" time="0.0010">
    <artifact_tested name="oracle.apps.prc.po.commonPo.protectedModel.view.PoDistributionsAllVO" type="ADFVO" />
  </testcase>
  <testcase name="invokeVORowImplAttributeGetter[AttributeTimestamp2]" classname="oracle.apps.prc.po.commonPo.protectedModel.view.PoDistributionsAllVOTest" id="0" time="0.0010">
    <artifact_tested name="oracle.apps.prc.po.commonPo.protectedModel.view.PoDistributionsAllVO" type="ADFVO" />
  </testcase>
  <testcase name="invokeVORowImplAttributeGetter[AttributeTimestamp3]" classname="oracle.apps.prc.po.commonPo.protectedModel.view.PoDistributionsAllVOTest" id="0" time="0.0010">
    <artifact_tested name="oracle.apps.prc.po.commonPo.protectedModel.view.PoDistributionsAllVO" type="ADFVO" />
  </testcase>
  <testcase name="invokeVORowImplAttributeGetter[AttributeTimestamp4]" classname="oracle.apps.prc.po.commonPo.protectedModel.view.PoDistributionsAllVOTest" id="0" time="0.0010">
    <artifact_tested name="oracle.apps.prc.po.commonPo.protectedModel.view.PoDistributionsAllVO" type="ADFVO" />
  </testcase>
  <testcase name="invokeVORowImplAttributeGetter[AttributeTimestamp5]" classname="oracle.apps.prc.po.commonPo.protectedModel.view.PoDistributionsAllVOTest" id="0" time="0.0040">
    <artifact_tested name="oracle.apps.prc.po.commonPo.protectedModel.view.PoDistributionsAllVO" type="ADFVO" />
  </testcase>
  <testcase name="invokeVORowImplAttributeGetter[AttributeTimestamp6]" classname="oracle.apps.prc.po.commonPo.protectedModel.view.PoDistributionsAllVOTest" id="0" time="0.0010">
    <artifact_tested name="oracle.apps.prc.po.commonPo.protectedModel.view.PoDistributionsAllVO" type="ADFVO" />
  </testcase>
  <testcase name="invokeVORowImplAttributeGetter[AttributeTimestamp7]" classname="oracle.apps.prc.po.commonPo.protectedModel.view.PoDistributionsAllVOTest" id="0" time="0.0010">
    <artifact_tested name="oracle.apps.prc.po.commonPo.protectedModel.view.PoDistributionsAllVO" type="ADFVO" />
  </testcase>
  <testcase name="invokeVORowImplAttributeGetter[AttributeTimestamp8]" classname="oracle.apps.prc.po.commonPo.protectedModel.view.PoDistributionsAllVOTest" id="0" time="0.0010">
    <artifact_tested name="oracle.apps.prc.po.commonPo.protectedModel.view.PoDistributionsAllVO" type="ADFVO" />
  </testcase>
  <testcase name="invokeVORowImplAttributeGetter[AttributeTimestamp9]" classname="oracle.apps.prc.po.commonPo.protectedModel.view.PoDistributionsAllVOTest" id="0" time="0.0010">
    <artifact_tested name="oracle.apps.prc.po.commonPo.protectedModel.view.PoDistributionsAllVO" type="ADFVO" />
  </testcase>
  <testcase name="invokeVORowImplAttributeGetter[OriginalDistributionId]" classname="oracle.apps.prc.po.commonPo.protectedModel.view.PoDistributionsAllVOTest" id="0" time="0.0010">
    <artifact_tested name="oracle.apps.prc.po.commonPo.protectedModel.view.PoDistributionsAllVO" type="ADFVO" />
  </testcase>
  <testcase name="invokeVORowImplAttributeGetter[UnitPrice]" classname="oracle.apps.prc.po.commonPo.protectedModel.view.PoDistributionsAllVOTest" id="0" time="0.0">
    <artifact_tested name="oracle.apps.prc.po.commonPo.protectedModel.view.PoDistributionsAllVO" type="ADFVO" />
  </testcase>
  <testcase name="invokeVORowImplAttributeGetter[PoLineId1]" classname="oracle.apps.prc.po.commonPo.protectedModel.view.PoDistributionsAllVOTest" id="0" time="0.0">
    <artifact_tested name="oracle.apps.prc.po.commonPo.protectedModel.view.PoDistributionsAllVO" type="ADFVO" />
  </testcase>
  <testcase name="invokeVORowImplAttributeGetter[ObjectVersionNumber1]" classname="oracle.apps.prc.po.commonPo.protectedModel.view.PoDistributionsAllVOTest" id="0" time="0.0">
    <artifact_tested name="oracle.apps.prc.po.commonPo.protectedModel.view.PoDistributionsAllVO" type="ADFVO" />
  </testcase>
  <testcase name="invokeVORowImplAttributeGetter[BudgetDate]" classname="oracle.apps.prc.po.commonPo.protectedModel.view.PoDistributionsAllVOTest" id="0" time="0.0">
    <artifact_tested name="oracle.apps.prc.po.commonPo.protectedModel.view.PoDistributionsAllVO" type="ADFVO" />
  </testcase>
  <testcase name="invokeVORowImplAttributeGetter[FundsStatus]" classname="oracle.apps.prc.po.commonPo.protectedModel.view.PoDistributionsAllVOTest" id="0" time="0.0010">
    <artifact_tested name="oracle.apps.prc.po.commonPo.protectedModel.view.PoDistributionsAllVO" type="ADFVO" />
  </testcase>
  <testcase name="invokeVORowImplAttributeGetter[DeliverToCustContactId]" classname="oracle.apps.prc.po.commonPo.protectedModel.view.PoDistributionsAllVOTest" id="0" time="0.0010">
    <artifact_tested name="oracle.apps.prc.po.commonPo.protectedModel.view.PoDistributionsAllVO" type="ADFVO" />
  </testcase>
  <testcase name="invokeVORowImplAttributeGetter[DeliverToCustId]" classname="oracle.apps.prc.po.commonPo.protectedModel.view.PoDistributionsAllVOTest" id="0" time="0.0">
    <artifact_tested name="oracle.apps.prc.po.commonPo.protectedModel.view.PoDistributionsAllVO" type="ADFVO" />
  </testcase>
  <testcase name="invokeVORowImplAttributeGetter[DeliverToCustLocationId]" classname="oracle.apps.prc.po.commonPo.protectedModel.view.PoDistributionsAllVOTest" id="0" time="0.0010">
    <artifact_tested name="oracle.apps.prc.po.commonPo.protectedModel.view.PoDistributionsAllVO" type="ADFVO" />
  </testcase>
  <testcase name="invokeVORowImplAttributeGetter[PreventEncumbranceFlag]" classname="oracle.apps.prc.po.commonPo.protectedModel.view.PoDistributionsAllVOTest" id="0" time="0.0010">
    <artifact_tested name="oracle.apps.prc.po.commonPo.protectedModel.view.PoDistributionsAllVO" type="ADFVO" />
  </testcase>
  <testcase name="invokeVORowImplAttributeGetter[AmountToEncumber]" classname="oracle.apps.prc.po.commonPo.protectedModel.view.PoDistributionsAllVOTest" id="0" time="0.0010">
    <artifact_tested name="oracle.apps.prc.po.commonPo.protectedModel.view.PoDistributionsAllVO" type="ADFVO" />
  </testcase>
  <testcase name="invokeVORowImplAttributeGetter[AmountForBc]" classname="oracle.apps.prc.po.commonPo.protectedModel.view.PoDistributionsAllVOTest" id="0" time="0.0010">
    <artifact_tested name="oracle.apps.prc.po.commonPo.protectedModel.view.PoDistributionsAllVO" type="ADFVO" />
  </testcase>
</testsuite><testsuite name="oracle.apps.prc.po.commonPo.protectedModel.view.PoHeadersAllVOTest" timestamp="2017-06-20T11:33:44" hostname="indl76040" family="NO_REGISTERED_LBA_FOR_JPR_NAME" initiative="prc_po_lrg" jpr="PrcPoCommonPoProtectedModelTest" label="" product="NO_REGISTERED_LBA_FOR_JPR_NAME" lba="NO_REGISTERED_LBA_FOR_JPR_NAME" tests="214" failures="0" errors="0" time="3.531" runId="0">
  <properties />
  <testcase name="simpleCreateAndRemove" classname="oracle.apps.prc.po.commonPo.protectedModel.view.PoHeadersAllVOTest" id="0" time="0.506">
    <artifact_tested name="oracle.apps.prc.po.commonPo.protectedModel.view.PoHeadersAllVO" type="ADFVO" />
  </testcase>
  <testcase name="simpleUpdateAndRemove" classname="oracle.apps.prc.po.commonPo.protectedModel.view.PoHeadersAllVOTest" id="0" time="0.033">
    <artifact_tested name="oracle.apps.prc.po.commonPo.protectedModel.view.PoHeadersAllVO" type="ADFVO" />
  </testcase>
  <testcase name="voRowImplHasAttributeMetadata" classname="oracle.apps.prc.po.commonPo.protectedModel.view.PoHeadersAllVOTest" id="0" time="0.0050">
    <artifact_tested name="oracle.apps.prc.po.commonPo.protectedModel.view.PoHeadersAllVO" type="ADFVO" />
  </testcase>
  <testcase name="testVOAccess" classname="oracle.apps.prc.po.commonPo.protectedModel.view.PoHeadersAllVOTest" id="0" time="0.0">
    <artifact_tested name="oracle.apps.prc.po.commonPo.protectedModel.view.PoHeadersAllVO" type="ADFVO" />
  </testcase>
  <testcase name="attributeDefaults[RevisionNum]" classname="oracle.apps.prc.po.commonPo.protectedModel.view.PoHeadersAllVOTest" id="0" time="0.0020">
    <artifact_tested name="oracle.apps.prc.po.commonPo.protectedModel.view.PoHeadersAllVO" type="ADFVO" />
  </testcase>
  <testcase name="attributeDefaults[DocumentStatus]" classname="oracle.apps.prc.po.commonPo.protectedModel.view.PoHeadersAllVOTest" id="0" time="0.0010">
    <artifact_tested name="oracle.apps.prc.po.commonPo.protectedModel.view.PoHeadersAllVO" type="ADFVO" />
  </testcase>
  <testcase name="invokeVORowImplAttributeGetter[PoHeaderId]" classname="oracle.apps.prc.po.commonPo.protectedModel.view.PoHeadersAllVOTest" id="0" time="0.0030">
    <artifact_tested name="oracle.apps.prc.po.commonPo.protectedModel.view.PoHeadersAllVO" type="ADFVO" />
  </testcase>
  <testcase name="invokeVORowImplAttributeGetter[PrcBuId]" classname="oracle.apps.prc.po.commonPo.protectedModel.view.PoHeadersAllVOTest" id="0" time="0.0010">
    <artifact_tested name="oracle.apps.prc.po.commonPo.protectedModel.view.PoHeadersAllVO" type="ADFVO" />
  </testcase>
  <testcase name="invokeVORowImplAttributeGetter[ReqBuId]" classname="oracle.apps.prc.po.commonPo.protectedModel.view.PoHeadersAllVOTest" id="0" time="0.0010">
    <artifact_tested name="oracle.apps.prc.po.commonPo.protectedModel.view.PoHeadersAllVO" type="ADFVO" />
  </testcase>
  <testcase name="invokeVORowImplAttributeGetter[DefaultTaxationCountry]" classname="oracle.apps.prc.po.commonPo.protectedModel.view.PoHeadersAllVOTest" id="0" time="0.0020">
    <artifact_tested name="oracle.apps.prc.po.commonPo.protectedModel.view.PoHeadersAllVO" type="ADFVO" />
  </testcase>
  <testcase name="invokeVORowImplAttributeGetter[AgentId]" classname="oracle.apps.prc.po.commonPo.protectedModel.view.PoHeadersAllVOTest" id="0" time="0.0010">
    <artifact_tested name="oracle.apps.prc.po.commonPo.protectedModel.view.PoHeadersAllVO" type="ADFVO" />
  </testcase>
  <testcase name="invokeVORowImplAttributeGetter[TypeLookupCode]" classname="oracle.apps.prc.po.commonPo.protectedModel.view.PoHeadersAllVOTest" id="0" time="0.0010">
    <artifact_tested name="oracle.apps.prc.po.commonPo.protectedModel.view.PoHeadersAllVO" type="ADFVO" />
  </testcase>
  <testcase name="invokeVORowImplAttributeGetter[LastUpdateDate]" classname="oracle.apps.prc.po.commonPo.protectedModel.view.PoHeadersAllVOTest" id="0" time="0.0010">
    <artifact_tested name="oracle.apps.prc.po.commonPo.protectedModel.view.PoHeadersAllVO" type="ADFVO" />
  </testcase>
  <testcase name="invokeVORowImplAttributeGetter[LastUpdatedBy]" classname="oracle.apps.prc.po.commonPo.protectedModel.view.PoHeadersAllVOTest" id="0" time="0.0010">
    <artifact_tested name="oracle.apps.prc.po.commonPo.protectedModel.view.PoHeadersAllVO" type="ADFVO" />
  </testcase>
  <testcase name="invokeVORowImplAttributeGetter[Segment1]" classname="oracle.apps.prc.po.commonPo.protectedModel.view.PoHeadersAllVOTest" id="0" time="0.0010">
    <artifact_tested name="oracle.apps.prc.po.commonPo.protectedModel.view.PoHeadersAllVO" type="ADFVO" />
  </testcase>
  <testcase name="invokeVORowImplAttributeGetter[SummaryFlag]" classname="oracle.apps.prc.po.commonPo.protectedModel.view.PoHeadersAllVOTest" id="0" time="0.0010">
    <artifact_tested name="oracle.apps.prc.po.commonPo.protectedModel.view.PoHeadersAllVO" type="ADFVO" />
  </testcase>
  <testcase name="invokeVORowImplAttributeGetter[EnabledFlag]" classname="oracle.apps.prc.po.commonPo.protectedModel.view.PoHeadersAllVOTest" id="0" time="0.0010">
    <artifact_tested name="oracle.apps.prc.po.commonPo.protectedModel.view.PoHeadersAllVO" type="ADFVO" />
  </testcase>
  <testcase name="invokeVORowImplAttributeGetter[Segment2]" classname="oracle.apps.prc.po.commonPo.protectedModel.view.PoHeadersAllVOTest" id="0" time="0.0010">
    <artifact_tested name="oracle.apps.prc.po.commonPo.protectedModel.view.PoHeadersAllVO" type="ADFVO" />
  </testcase>
  <testcase name="invokeVORowImplAttributeGetter[Segment3]" classname="oracle.apps.prc.po.commonPo.protectedModel.view.PoHeadersAllVOTest" id="0" time="0.0010">
    <artifact_tested name="oracle.apps.prc.po.commonPo.protectedModel.view.PoHeadersAllVO" type="ADFVO" />
  </testcase>
  <testcase name="invokeVORowImplAttributeGetter[Segment4]" classname="oracle.apps.prc.po.commonPo.protectedModel.view.PoHeadersAllVOTest" id="0" time="0.0010">
    <artifact_tested name="oracle.apps.prc.po.commonPo.protectedModel.view.PoHeadersAllVO" type="ADFVO" />
  </testcase>
  <testcase name="invokeVORowImplAttributeGetter[Segment5]" classname="oracle.apps.prc.po.commonPo.protectedModel.view.PoHeadersAllVOTest" id="0" time="0.0">
    <artifact_tested name="oracle.apps.prc.po.commonPo.protectedModel.view.PoHeadersAllVO" type="ADFVO" />
  </testcase>
  <testcase name="invokeVORowImplAttributeGetter[LastUpdateLogin]" classname="oracle.apps.prc.po.commonPo.protectedModel.view.PoHeadersAllVOTest" id="0" time="0.0010">
    <artifact_tested name="oracle.apps.prc.po.commonPo.protectedModel.view.PoHeadersAllVO" type="ADFVO" />
  </testcase>
  <testcase name="invokeVORowImplAttributeGetter[CreationDate]" classname="oracle.apps.prc.po.commonPo.protectedModel.view.PoHeadersAllVOTest" id="0" time="0.0010">
    <artifact_tested name="oracle.apps.prc.po.commonPo.protectedModel.view.PoHeadersAllVO" type="ADFVO" />
  </testcase>
  <testcase name="invokeVORowImplAttributeGetter[CreatedBy]" classname="oracle.apps.prc.po.commonPo.protectedModel.view.PoHeadersAllVOTest" id="0" time="0.0010">
    <artifact_tested name="oracle.apps.prc.po.commonPo.protectedModel.view.PoHeadersAllVO" type="ADFVO" />
  </testcase>
  <testcase name="invokeVORowImplAttributeGetter[VendorId]" classname="oracle.apps.prc.po.commonPo.protectedModel.view.PoHeadersAllVOTest" id="0" time="0.0">
    <artifact_tested name="oracle.apps.prc.po.commonPo.protectedModel.view.PoHeadersAllVO" type="ADFVO" />
  </testcase>
  <testcase name="invokeVORowImplAttributeGetter[VendorSiteId]" classname="oracle.apps.prc.po.commonPo.protectedModel.view.PoHeadersAllVOTest" id="0" time="0.0">
    <artifact_tested name="oracle.apps.prc.po.commonPo.protectedModel.view.PoHeadersAllVO" type="ADFVO" />
  </testcase>
  <testcase name="invokeVORowImplAttributeGetter[VendorContactId]" classname="oracle.apps.prc.po.commonPo.protectedModel.view.PoHeadersAllVOTest" id="0" time="0.0010">
    <artifact_tested name="oracle.apps.prc.po.commonPo.protectedModel.view.PoHeadersAllVO" type="ADFVO" />
  </testcase>
  <testcase name="invokeVORowImplAttributeGetter[ShipToLocationId]" classname="oracle.apps.prc.po.commonPo.protectedModel.view.PoHeadersAllVOTest" id="0" time="0.0010">
    <artifact_tested name="oracle.apps.prc.po.commonPo.protectedModel.view.PoHeadersAllVO" type="ADFVO" />
  </testcase>
  <testcase name="invokeVORowImplAttributeGetter[BillToLocationId]" classname="oracle.apps.prc.po.commonPo.protectedModel.view.PoHeadersAllVOTest" id="0" time="0.0010">
    <artifact_tested name="oracle.apps.prc.po.commonPo.protectedModel.view.PoHeadersAllVO" type="ADFVO" />
  </testcase>
  <testcase name="invokeVORowImplAttributeGetter[TermsId]" classname="oracle.apps.prc.po.commonPo.protectedModel.view.PoHeadersAllVOTest" id="0" time="0.0010">
    <artifact_tested name="oracle.apps.prc.po.commonPo.protectedModel.view.PoHeadersAllVO" type="ADFVO" />
  </testcase>
  <testcase name="invokeVORowImplAttributeGetter[FobLookupCode]" classname="oracle.apps.prc.po.commonPo.protectedModel.view.PoHeadersAllVOTest" id="0" time="0.0010">
    <artifact_tested name="oracle.apps.prc.po.commonPo.protectedModel.view.PoHeadersAllVO" type="ADFVO" />
  </testcase>
  <testcase name="invokeVORowImplAttributeGetter[FreightTermsLookupCode]" classname="oracle.apps.prc.po.commonPo.protectedModel.view.PoHeadersAllVOTest" id="0" time="0.0010">
    <artifact_tested name="oracle.apps.prc.po.commonPo.protectedModel.view.PoHeadersAllVO" type="ADFVO" />
  </testcase>
  <testcase name="invokeVORowImplAttributeGetter[CurrencyCode]" classname="oracle.apps.prc.po.commonPo.protectedModel.view.PoHeadersAllVOTest" id="0" time="0.0010">
    <artifact_tested name="oracle.apps.prc.po.commonPo.protectedModel.view.PoHeadersAllVO" type="ADFVO" />
  </testcase>
  <testcase name="invokeVORowImplAttributeGetter[RateType]" classname="oracle.apps.prc.po.commonPo.protectedModel.view.PoHeadersAllVOTest" id="0" time="0.0010">
    <artifact_tested name="oracle.apps.prc.po.commonPo.protectedModel.view.PoHeadersAllVO" type="ADFVO" />
  </testcase>
  <testcase name="invokeVORowImplAttributeGetter[RateDate]" classname="oracle.apps.prc.po.commonPo.protectedModel.view.PoHeadersAllVOTest" id="0" time="0.0010">
    <artifact_tested name="oracle.apps.prc.po.commonPo.protectedModel.view.PoHeadersAllVO" type="ADFVO" />
  </testcase>
  <testcase name="invokeVORowImplAttributeGetter[Rate]" classname="oracle.apps.prc.po.commonPo.protectedModel.view.PoHeadersAllVOTest" id="0" time="0.0010">
    <artifact_tested name="oracle.apps.prc.po.commonPo.protectedModel.view.PoHeadersAllVO" type="ADFVO" />
  </testcase>
  <testcase name="invokeVORowImplAttributeGetter[FromHeaderId]" classname="oracle.apps.prc.po.commonPo.protectedModel.view.PoHeadersAllVOTest" id="0" time="0.0010">
    <artifact_tested name="oracle.apps.prc.po.commonPo.protectedModel.view.PoHeadersAllVO" type="ADFVO" />
  </testcase>
  <testcase name="invokeVORowImplAttributeGetter[FromTypeLookupCode]" classname="oracle.apps.prc.po.commonPo.protectedModel.view.PoHeadersAllVOTest" id="0" time="0.0010">
    <artifact_tested name="oracle.apps.prc.po.commonPo.protectedModel.view.PoHeadersAllVO" type="ADFVO" />
  </testcase>
  <testcase name="invokeVORowImplAttributeGetter[StartDate]" classname="oracle.apps.prc.po.commonPo.protectedModel.view.PoHeadersAllVOTest" id="0" time="0.0010">
    <artifact_tested name="oracle.apps.prc.po.commonPo.protectedModel.view.PoHeadersAllVO" type="ADFVO" />
  </testcase>
  <testcase name="invokeVORowImplAttributeGetter[EndDate]" classname="oracle.apps.prc.po.commonPo.protectedModel.view.PoHeadersAllVOTest" id="0" time="0.0010">
    <artifact_tested name="oracle.apps.prc.po.commonPo.protectedModel.view.PoHeadersAllVO" type="ADFVO" />
  </testcase>
  <testcase name="invokeVORowImplAttributeGetter[BlanketTotalAmount]" classname="oracle.apps.prc.po.commonPo.protectedModel.view.PoHeadersAllVOTest" id="0" time="0.0010">
    <artifact_tested name="oracle.apps.prc.po.commonPo.protectedModel.view.PoHeadersAllVO" type="ADFVO" />
  </testcase>
  <testcase name="invokeVORowImplAttributeGetter[RevisionNum]" classname="oracle.apps.prc.po.commonPo.protectedModel.view.PoHeadersAllVOTest" id="0" time="0.0010">
    <artifact_tested name="oracle.apps.prc.po.commonPo.protectedModel.view.PoHeadersAllVO" type="ADFVO" />
  </testcase>
  <testcase name="invokeVORowImplAttributeGetter[RevisedDate]" classname="oracle.apps.prc.po.commonPo.protectedModel.view.PoHeadersAllVOTest" id="0" time="0.0010">
    <artifact_tested name="oracle.apps.prc.po.commonPo.protectedModel.view.PoHeadersAllVO" type="ADFVO" />
  </testcase>
  <testcase name="invokeVORowImplAttributeGetter[ApprovedFlag]" classname="oracle.apps.prc.po.commonPo.protectedModel.view.PoHeadersAllVOTest" id="0" time="0.0010">
    <artifact_tested name="oracle.apps.prc.po.commonPo.protectedModel.view.PoHeadersAllVO" type="ADFVO" />
  </testcase>
  <testcase name="invokeVORowImplAttributeGetter[AmountLimit]" classname="oracle.apps.prc.po.commonPo.protectedModel.view.PoHeadersAllVOTest" id="0" time="0.0010">
    <artifact_tested name="oracle.apps.prc.po.commonPo.protectedModel.view.PoHeadersAllVO" type="ADFVO" />
  </testcase>
  <testcase name="invokeVORowImplAttributeGetter[MinReleaseAmount]" classname="oracle.apps.prc.po.commonPo.protectedModel.view.PoHeadersAllVOTest" id="0" time="0.0010">
    <artifact_tested name="oracle.apps.prc.po.commonPo.protectedModel.view.PoHeadersAllVO" type="ADFVO" />
  </testcase>
  <testcase name="invokeVORowImplAttributeGetter[NoteToAuthorizer]" classname="oracle.apps.prc.po.commonPo.protectedModel.view.PoHeadersAllVOTest" id="0" time="0.0010">
    <artifact_tested name="oracle.apps.prc.po.commonPo.protectedModel.view.PoHeadersAllVO" type="ADFVO" />
  </testcase>
  <testcase name="invokeVORowImplAttributeGetter[NoteToVendor]" classname="oracle.apps.prc.po.commonPo.protectedModel.view.PoHeadersAllVOTest" id="0" time="0.0">
    <artifact_tested name="oracle.apps.prc.po.commonPo.protectedModel.view.PoHeadersAllVO" type="ADFVO" />
  </testcase>
  <testcase name="invokeVORowImplAttributeGetter[NoteToReceiver]" classname="oracle.apps.prc.po.commonPo.protectedModel.view.PoHeadersAllVOTest" id="0" time="0.0">
    <artifact_tested name="oracle.apps.prc.po.commonPo.protectedModel.view.PoHeadersAllVO" type="ADFVO" />
  </testcase>
  <testcase name="invokeVORowImplAttributeGetter[VendorOrderNum]" classname="oracle.apps.prc.po.commonPo.protectedModel.view.PoHeadersAllVOTest" id="0" time="0.0010">
    <artifact_tested name="oracle.apps.prc.po.commonPo.protectedModel.view.PoHeadersAllVO" type="ADFVO" />
  </testcase>
  <testcase name="invokeVORowImplAttributeGetter[ConfirmingOrderFlag]" classname="oracle.apps.prc.po.commonPo.protectedModel.view.PoHeadersAllVOTest" id="0" time="0.0010">
    <artifact_tested name="oracle.apps.prc.po.commonPo.protectedModel.view.PoHeadersAllVO" type="ADFVO" />
  </testcase>
  <testcase name="invokeVORowImplAttributeGetter[Comments]" classname="oracle.apps.prc.po.commonPo.protectedModel.view.PoHeadersAllVOTest" id="0" time="0.0010">
    <artifact_tested name="oracle.apps.prc.po.commonPo.protectedModel.view.PoHeadersAllVO" type="ADFVO" />
  </testcase>
  <testcase name="invokeVORowImplAttributeGetter[AcceptanceRequiredFlag]" classname="oracle.apps.prc.po.commonPo.protectedModel.view.PoHeadersAllVOTest" id="0" time="0.0">
    <artifact_tested name="oracle.apps.prc.po.commonPo.protectedModel.view.PoHeadersAllVO" type="ADFVO" />
  </testcase>
  <testcase name="invokeVORowImplAttributeGetter[AcceptanceDueDate]" classname="oracle.apps.prc.po.commonPo.protectedModel.view.PoHeadersAllVOTest" id="0" time="0.0">
    <artifact_tested name="oracle.apps.prc.po.commonPo.protectedModel.view.PoHeadersAllVO" type="ADFVO" />
  </testcase>
  <testcase name="invokeVORowImplAttributeGetter[ClosedDate]" classname="oracle.apps.prc.po.commonPo.protectedModel.view.PoHeadersAllVOTest" id="0" time="0.0">
    <artifact_tested name="oracle.apps.prc.po.commonPo.protectedModel.view.PoHeadersAllVO" type="ADFVO" />
  </testcase>
  <testcase name="invokeVORowImplAttributeGetter[CancelFlag]" classname="oracle.apps.prc.po.commonPo.protectedModel.view.PoHeadersAllVOTest" id="0" time="0.0010">
    <artifact_tested name="oracle.apps.prc.po.commonPo.protectedModel.view.PoHeadersAllVO" type="ADFVO" />
  </testcase>
  <testcase name="invokeVORowImplAttributeGetter[FirmStatusLookupCode]" classname="oracle.apps.prc.po.commonPo.protectedModel.view.PoHeadersAllVOTest" id="0" time="0.0010">
    <artifact_tested name="oracle.apps.prc.po.commonPo.protectedModel.view.PoHeadersAllVO" type="ADFVO" />
  </testcase>
  <testcase name="invokeVORowImplAttributeGetter[FirmDate]" classname="oracle.apps.prc.po.commonPo.protectedModel.view.PoHeadersAllVOTest" id="0" time="0.0010">
    <artifact_tested name="oracle.apps.prc.po.commonPo.protectedModel.view.PoHeadersAllVO" type="ADFVO" />
  </testcase>
  <testcase name="invokeVORowImplAttributeGetter[FrozenFlag]" classname="oracle.apps.prc.po.commonPo.protectedModel.view.PoHeadersAllVOTest" id="0" time="0.0010">
    <artifact_tested name="oracle.apps.prc.po.commonPo.protectedModel.view.PoHeadersAllVO" type="ADFVO" />
  </testcase>
  <testcase name="invokeVORowImplAttributeGetter[EdiProcessedFlag]" classname="oracle.apps.prc.po.commonPo.protectedModel.view.PoHeadersAllVOTest" id="0" time="0.0">
    <artifact_tested name="oracle.apps.prc.po.commonPo.protectedModel.view.PoHeadersAllVO" type="ADFVO" />
  </testcase>
  <testcase name="invokeVORowImplAttributeGetter[EdiProcessedStatus]" classname="oracle.apps.prc.po.commonPo.protectedModel.view.PoHeadersAllVOTest" id="0" time="0.0010">
    <artifact_tested name="oracle.apps.prc.po.commonPo.protectedModel.view.PoHeadersAllVO" type="ADFVO" />
  </testcase>
  <testcase name="invokeVORowImplAttributeGetter[AttributeCategory]" classname="oracle.apps.prc.po.commonPo.protectedModel.view.PoHeadersAllVOTest" id="0" time="0.0010">
    <artifact_tested name="oracle.apps.prc.po.commonPo.protectedModel.view.PoHeadersAllVO" type="ADFVO" />
  </testcase>
  <testcase name="invokeVORowImplAttributeGetter[Attribute1]" classname="oracle.apps.prc.po.commonPo.protectedModel.view.PoHeadersAllVOTest" id="0" time="0.0010">
    <artifact_tested name="oracle.apps.prc.po.commonPo.protectedModel.view.PoHeadersAllVO" type="ADFVO" />
  </testcase>
  <testcase name="invokeVORowImplAttributeGetter[Attribute2]" classname="oracle.apps.prc.po.commonPo.protectedModel.view.PoHeadersAllVOTest" id="0" time="0.0">
    <artifact_tested name="oracle.apps.prc.po.commonPo.protectedModel.view.PoHeadersAllVO" type="ADFVO" />
  </testcase>
  <testcase name="invokeVORowImplAttributeGetter[Attribute3]" classname="oracle.apps.prc.po.commonPo.protectedModel.view.PoHeadersAllVOTest" id="0" time="0.0">
    <artifact_tested name="oracle.apps.prc.po.commonPo.protectedModel.view.PoHeadersAllVO" type="ADFVO" />
  </testcase>
  <testcase name="invokeVORowImplAttributeGetter[Attribute4]" classname="oracle.apps.prc.po.commonPo.protectedModel.view.PoHeadersAllVOTest" id="0" time="0.0">
    <artifact_tested name="oracle.apps.prc.po.commonPo.protectedModel.view.PoHeadersAllVO" type="ADFVO" />
  </testcase>
  <testcase name="invokeVORowImplAttributeGetter[Attribute5]" classname="oracle.apps.prc.po.commonPo.protectedModel.view.PoHeadersAllVOTest" id="0" time="0.0010">
    <artifact_tested name="oracle.apps.prc.po.commonPo.protectedModel.view.PoHeadersAllVO" type="ADFVO" />
  </testcase>
  <testcase name="invokeVORowImplAttributeGetter[Attribute6]" classname="oracle.apps.prc.po.commonPo.protectedModel.view.PoHeadersAllVOTest" id="0" time="0.0010">
    <artifact_tested name="oracle.apps.prc.po.commonPo.protectedModel.view.PoHeadersAllVO" type="ADFVO" />
  </testcase>
  <testcase name="invokeVORowImplAttributeGetter[Attribute7]" classname="oracle.apps.prc.po.commonPo.protectedModel.view.PoHeadersAllVOTest" id="0" time="0.0010">
    <artifact_tested name="oracle.apps.prc.po.commonPo.protectedModel.view.PoHeadersAllVO" type="ADFVO" />
  </testcase>
  <testcase name="invokeVORowImplAttributeGetter[Attribute8]" classname="oracle.apps.prc.po.commonPo.protectedModel.view.PoHeadersAllVOTest" id="0" time="0.0010">
    <artifact_tested name="oracle.apps.prc.po.commonPo.protectedModel.view.PoHeadersAllVO" type="ADFVO" />
  </testcase>
  <testcase name="invokeVORowImplAttributeGetter[Attribute9]" classname="oracle.apps.prc.po.commonPo.protectedModel.view.PoHeadersAllVOTest" id="0" time="0.0010">
    <artifact_tested name="oracle.apps.prc.po.commonPo.protectedModel.view.PoHeadersAllVO" type="ADFVO" />
  </testcase>
  <testcase name="invokeVORowImplAttributeGetter[Attribute10]" classname="oracle.apps.prc.po.commonPo.protectedModel.view.PoHeadersAllVOTest" id="0" time="0.0010">
    <artifact_tested name="oracle.apps.prc.po.commonPo.protectedModel.view.PoHeadersAllVO" type="ADFVO" />
  </testcase>
  <testcase name="invokeVORowImplAttributeGetter[Attribute11]" classname="oracle.apps.prc.po.commonPo.protectedModel.view.PoHeadersAllVOTest" id="0" time="0.0">
    <artifact_tested name="oracle.apps.prc.po.commonPo.protectedModel.view.PoHeadersAllVO" type="ADFVO" />
  </testcase>
  <testcase name="invokeVORowImplAttributeGetter[Attribute12]" classname="oracle.apps.prc.po.commonPo.protectedModel.view.PoHeadersAllVOTest" id="0" time="0.0">
    <artifact_tested name="oracle.apps.prc.po.commonPo.protectedModel.view.PoHeadersAllVO" type="ADFVO" />
  </testcase>
  <testcase name="invokeVORowImplAttributeGetter[Attribute13]" classname="oracle.apps.prc.po.commonPo.protectedModel.view.PoHeadersAllVOTest" id="0" time="0.0010">
    <artifact_tested name="oracle.apps.prc.po.commonPo.protectedModel.view.PoHeadersAllVO" type="ADFVO" />
  </testcase>
  <testcase name="invokeVORowImplAttributeGetter[Attribute14]" classname="oracle.apps.prc.po.commonPo.protectedModel.view.PoHeadersAllVOTest" id="0" time="0.0010">
    <artifact_tested name="oracle.apps.prc.po.commonPo.protectedModel.view.PoHeadersAllVO" type="ADFVO" />
  </testcase>
  <testcase name="invokeVORowImplAttributeGetter[Attribute15]" classname="oracle.apps.prc.po.commonPo.protectedModel.view.PoHeadersAllVOTest" id="0" time="0.0010">
    <artifact_tested name="oracle.apps.prc.po.commonPo.protectedModel.view.PoHeadersAllVO" type="ADFVO" />
  </testcase>
  <testcase name="invokeVORowImplAttributeGetter[GovernmentContext]" classname="oracle.apps.prc.po.commonPo.protectedModel.view.PoHeadersAllVOTest" id="0" time="0.0010">
    <artifact_tested name="oracle.apps.prc.po.commonPo.protectedModel.view.PoHeadersAllVO" type="ADFVO" />
  </testcase>
  <testcase name="invokeVORowImplAttributeGetter[RequestId]" classname="oracle.apps.prc.po.commonPo.protectedModel.view.PoHeadersAllVOTest" id="0" time="0.0010">
    <artifact_tested name="oracle.apps.prc.po.commonPo.protectedModel.view.PoHeadersAllVO" type="ADFVO" />
  </testcase>
  <testcase name="invokeVORowImplAttributeGetter[ProgramName]" classname="oracle.apps.prc.po.commonPo.protectedModel.view.PoHeadersAllVOTest" id="0" time="0.0010">
    <artifact_tested name="oracle.apps.prc.po.commonPo.protectedModel.view.PoHeadersAllVO" type="ADFVO" />
  </testcase>
  <testcase name="invokeVORowImplAttributeGetter[ProgramAppName]" classname="oracle.apps.prc.po.commonPo.protectedModel.view.PoHeadersAllVOTest" id="0" time="0.0010">
    <artifact_tested name="oracle.apps.prc.po.commonPo.protectedModel.view.PoHeadersAllVO" type="ADFVO" />
  </testcase>
  <testcase name="invokeVORowImplAttributeGetter[GlobalAttributeCategory]" classname="oracle.apps.prc.po.commonPo.protectedModel.view.PoHeadersAllVOTest" id="0" time="0.0010">
    <artifact_tested name="oracle.apps.prc.po.commonPo.protectedModel.view.PoHeadersAllVO" type="ADFVO" />
  </testcase>
  <testcase name="invokeVORowImplAttributeGetter[GlobalAttribute1]" classname="oracle.apps.prc.po.commonPo.protectedModel.view.PoHeadersAllVOTest" id="0" time="0.0010">
    <artifact_tested name="oracle.apps.prc.po.commonPo.protectedModel.view.PoHeadersAllVO" type="ADFVO" />
  </testcase>
  <testcase name="invokeVORowImplAttributeGetter[GlobalAttribute2]" classname="oracle.apps.prc.po.commonPo.protectedModel.view.PoHeadersAllVOTest" id="0" time="0.0010">
    <artifact_tested name="oracle.apps.prc.po.commonPo.protectedModel.view.PoHeadersAllVO" type="ADFVO" />
  </testcase>
  <testcase name="invokeVORowImplAttributeGetter[GlobalAttribute3]" classname="oracle.apps.prc.po.commonPo.protectedModel.view.PoHeadersAllVOTest" id="0" time="0.0010">
    <artifact_tested name="oracle.apps.prc.po.commonPo.protectedModel.view.PoHeadersAllVO" type="ADFVO" />
  </testcase>
  <testcase name="invokeVORowImplAttributeGetter[GlobalAttribute4]" classname="oracle.apps.prc.po.commonPo.protectedModel.view.PoHeadersAllVOTest" id="0" time="0.0010">
    <artifact_tested name="oracle.apps.prc.po.commonPo.protectedModel.view.PoHeadersAllVO" type="ADFVO" />
  </testcase>
  <testcase name="invokeVORowImplAttributeGetter[GlobalAttribute5]" classname="oracle.apps.prc.po.commonPo.protectedModel.view.PoHeadersAllVOTest" id="0" time="0.0010">
    <artifact_tested name="oracle.apps.prc.po.commonPo.protectedModel.view.PoHeadersAllVO" type="ADFVO" />
  </testcase>
  <testcase name="invokeVORowImplAttributeGetter[GlobalAttribute6]" classname="oracle.apps.prc.po.commonPo.protectedModel.view.PoHeadersAllVOTest" id="0" time="0.0010">
    <artifact_tested name="oracle.apps.prc.po.commonPo.protectedModel.view.PoHeadersAllVO" type="ADFVO" />
  </testcase>
  <testcase name="invokeVORowImplAttributeGetter[GlobalAttribute7]" classname="oracle.apps.prc.po.commonPo.protectedModel.view.PoHeadersAllVOTest" id="0" time="0.0010">
    <artifact_tested name="oracle.apps.prc.po.commonPo.protectedModel.view.PoHeadersAllVO" type="ADFVO" />
  </testcase>
  <testcase name="invokeVORowImplAttributeGetter[GlobalAttribute8]" classname="oracle.apps.prc.po.commonPo.protectedModel.view.PoHeadersAllVOTest" id="0" time="0.0010">
    <artifact_tested name="oracle.apps.prc.po.commonPo.protectedModel.view.PoHeadersAllVO" type="ADFVO" />
  </testcase>
  <testcase name="invokeVORowImplAttributeGetter[GlobalAttribute9]" classname="oracle.apps.prc.po.commonPo.protectedModel.view.PoHeadersAllVOTest" id="0" time="0.0010">
    <artifact_tested name="oracle.apps.prc.po.commonPo.protectedModel.view.PoHeadersAllVO" type="ADFVO" />
  </testcase>
  <testcase name="invokeVORowImplAttributeGetter[GlobalAttribute10]" classname="oracle.apps.prc.po.commonPo.protectedModel.view.PoHeadersAllVOTest" id="0" time="0.0010">
    <artifact_tested name="oracle.apps.prc.po.commonPo.protectedModel.view.PoHeadersAllVO" type="ADFVO" />
  </testcase>
  <testcase name="invokeVORowImplAttributeGetter[GlobalAttribute11]" classname="oracle.apps.prc.po.commonPo.protectedModel.view.PoHeadersAllVOTest" id="0" time="0.0">
    <artifact_tested name="oracle.apps.prc.po.commonPo.protectedModel.view.PoHeadersAllVO" type="ADFVO" />
  </testcase>
  <testcase name="invokeVORowImplAttributeGetter[GlobalAttribute12]" classname="oracle.apps.prc.po.commonPo.protectedModel.view.PoHeadersAllVOTest" id="0" time="0.0">
    <artifact_tested name="oracle.apps.prc.po.commonPo.protectedModel.view.PoHeadersAllVO" type="ADFVO" />
  </testcase>
  <testcase name="invokeVORowImplAttributeGetter[GlobalAttribute13]" classname="oracle.apps.prc.po.commonPo.protectedModel.view.PoHeadersAllVOTest" id="0" time="0.0010">
    <artifact_tested name="oracle.apps.prc.po.commonPo.protectedModel.view.PoHeadersAllVO" type="ADFVO" />
  </testcase>
  <testcase name="invokeVORowImplAttributeGetter[GlobalAttribute14]" classname="oracle.apps.prc.po.commonPo.protectedModel.view.PoHeadersAllVOTest" id="0" time="0.0010">
    <artifact_tested name="oracle.apps.prc.po.commonPo.protectedModel.view.PoHeadersAllVO" type="ADFVO" />
  </testcase>
  <testcase name="invokeVORowImplAttributeGetter[GlobalAttribute15]" classname="oracle.apps.prc.po.commonPo.protectedModel.view.PoHeadersAllVOTest" id="0" time="0.0010">
    <artifact_tested name="oracle.apps.prc.po.commonPo.protectedModel.view.PoHeadersAllVO" type="ADFVO" />
  </testcase>
  <testcase name="invokeVORowImplAttributeGetter[GlobalAttribute16]" classname="oracle.apps.prc.po.commonPo.protectedModel.view.PoHeadersAllVOTest" id="0" time="0.0010">
    <artifact_tested name="oracle.apps.prc.po.commonPo.protectedModel.view.PoHeadersAllVO" type="ADFVO" />
  </testcase>
  <testcase name="invokeVORowImplAttributeGetter[GlobalAttribute17]" classname="oracle.apps.prc.po.commonPo.protectedModel.view.PoHeadersAllVOTest" id="0" time="0.0010">
    <artifact_tested name="oracle.apps.prc.po.commonPo.protectedModel.view.PoHeadersAllVO" type="ADFVO" />
  </testcase>
  <testcase name="invokeVORowImplAttributeGetter[GlobalAttribute18]" classname="oracle.apps.prc.po.commonPo.protectedModel.view.PoHeadersAllVOTest" id="0" time="0.0010">
    <artifact_tested name="oracle.apps.prc.po.commonPo.protectedModel.view.PoHeadersAllVO" type="ADFVO" />
  </testcase>
  <testcase name="invokeVORowImplAttributeGetter[GlobalAttribute19]" classname="oracle.apps.prc.po.commonPo.protectedModel.view.PoHeadersAllVOTest" id="0" time="0.0010">
    <artifact_tested name="oracle.apps.prc.po.commonPo.protectedModel.view.PoHeadersAllVO" type="ADFVO" />
  </testcase>
  <testcase name="invokeVORowImplAttributeGetter[GlobalAttribute20]" classname="oracle.apps.prc.po.commonPo.protectedModel.view.PoHeadersAllVOTest" id="0" time="0.0010">
    <artifact_tested name="oracle.apps.prc.po.commonPo.protectedModel.view.PoHeadersAllVO" type="ADFVO" />
  </testcase>
  <testcase name="invokeVORowImplAttributeGetter[InterfaceSourceCode]" classname="oracle.apps.prc.po.commonPo.protectedModel.view.PoHeadersAllVOTest" id="0" time="0.0010">
    <artifact_tested name="oracle.apps.prc.po.commonPo.protectedModel.view.PoHeadersAllVO" type="ADFVO" />
  </testcase>
  <testcase name="invokeVORowImplAttributeGetter[ReferenceNum]" classname="oracle.apps.prc.po.commonPo.protectedModel.view.PoHeadersAllVOTest" id="0" time="0.0010">
    <artifact_tested name="oracle.apps.prc.po.commonPo.protectedModel.view.PoHeadersAllVO" type="ADFVO" />
  </testcase>
  <testcase name="invokeVORowImplAttributeGetter[PcardId]" classname="oracle.apps.prc.po.commonPo.protectedModel.view.PoHeadersAllVOTest" id="0" time="0.0010">
    <artifact_tested name="oracle.apps.prc.po.commonPo.protectedModel.view.PoHeadersAllVO" type="ADFVO" />
  </testcase>
  <testcase name="invokeVORowImplAttributeGetter[PriceUpdateTolerance]" classname="oracle.apps.prc.po.commonPo.protectedModel.view.PoHeadersAllVOTest" id="0" time="0.0010">
    <artifact_tested name="oracle.apps.prc.po.commonPo.protectedModel.view.PoHeadersAllVO" type="ADFVO" />
  </testcase>
  <testcase name="invokeVORowImplAttributeGetter[PayOnCode]" classname="oracle.apps.prc.po.commonPo.protectedModel.view.PoHeadersAllVOTest" id="0" time="0.0010">
    <artifact_tested name="oracle.apps.prc.po.commonPo.protectedModel.view.PoHeadersAllVO" type="ADFVO" />
  </testcase>
  <testcase name="invokeVORowImplAttributeGetter[XmlFlag]" classname="oracle.apps.prc.po.commonPo.protectedModel.view.PoHeadersAllVOTest" id="0" time="0.0">
    <artifact_tested name="oracle.apps.prc.po.commonPo.protectedModel.view.PoHeadersAllVO" type="ADFVO" />
  </testcase>
  <testcase name="invokeVORowImplAttributeGetter[XmlSendDate]" classname="oracle.apps.prc.po.commonPo.protectedModel.view.PoHeadersAllVOTest" id="0" time="0.0010">
    <artifact_tested name="oracle.apps.prc.po.commonPo.protectedModel.view.PoHeadersAllVO" type="ADFVO" />
  </testcase>
  <testcase name="invokeVORowImplAttributeGetter[XmlChangeSendDate]" classname="oracle.apps.prc.po.commonPo.protectedModel.view.PoHeadersAllVOTest" id="0" time="0.0010">
    <artifact_tested name="oracle.apps.prc.po.commonPo.protectedModel.view.PoHeadersAllVO" type="ADFVO" />
  </testcase>
  <testcase name="invokeVORowImplAttributeGetter[ConsignedConsumptionFlag]" classname="oracle.apps.prc.po.commonPo.protectedModel.view.PoHeadersAllVOTest" id="0" time="0.0010">
    <artifact_tested name="oracle.apps.prc.po.commonPo.protectedModel.view.PoHeadersAllVO" type="ADFVO" />
  </testcase>
  <testcase name="invokeVORowImplAttributeGetter[ConsumeReqDemandFlag]" classname="oracle.apps.prc.po.commonPo.protectedModel.view.PoHeadersAllVOTest" id="0" time="0.0010">
    <artifact_tested name="oracle.apps.prc.po.commonPo.protectedModel.view.PoHeadersAllVO" type="ADFVO" />
  </testcase>
  <testcase name="invokeVORowImplAttributeGetter[ChangeRequestedBy]" classname="oracle.apps.prc.po.commonPo.protectedModel.view.PoHeadersAllVOTest" id="0" time="0.0010">
    <artifact_tested name="oracle.apps.prc.po.commonPo.protectedModel.view.PoHeadersAllVO" type="ADFVO" />
  </testcase>
  <testcase name="invokeVORowImplAttributeGetter[ShippingControl]" classname="oracle.apps.prc.po.commonPo.protectedModel.view.PoHeadersAllVOTest" id="0" time="0.0010">
    <artifact_tested name="oracle.apps.prc.po.commonPo.protectedModel.view.PoHeadersAllVO" type="ADFVO" />
  </testcase>
  <testcase name="invokeVORowImplAttributeGetter[ContermsExistFlag]" classname="oracle.apps.prc.po.commonPo.protectedModel.view.PoHeadersAllVOTest" id="0" time="0.0010">
    <artifact_tested name="oracle.apps.prc.po.commonPo.protectedModel.view.PoHeadersAllVO" type="ADFVO" />
  </testcase>
  <testcase name="invokeVORowImplAttributeGetter[ContermsArticlesUpdDate]" classname="oracle.apps.prc.po.commonPo.protectedModel.view.PoHeadersAllVOTest" id="0" time="0.0010">
    <artifact_tested name="oracle.apps.prc.po.commonPo.protectedModel.view.PoHeadersAllVO" type="ADFVO" />
  </testcase>
  <testcase name="invokeVORowImplAttributeGetter[ContermsDelivUpdDate]" classname="oracle.apps.prc.po.commonPo.protectedModel.view.PoHeadersAllVOTest" id="0" time="0.0010">
    <artifact_tested name="oracle.apps.prc.po.commonPo.protectedModel.view.PoHeadersAllVO" type="ADFVO" />
  </testcase>
  <testcase name="invokeVORowImplAttributeGetter[PendingSignatureFlag]" classname="oracle.apps.prc.po.commonPo.protectedModel.view.PoHeadersAllVOTest" id="0" time="0.0010">
    <artifact_tested name="oracle.apps.prc.po.commonPo.protectedModel.view.PoHeadersAllVO" type="ADFVO" />
  </testcase>
  <testcase name="invokeVORowImplAttributeGetter[ChangeSummary]" classname="oracle.apps.prc.po.commonPo.protectedModel.view.PoHeadersAllVOTest" id="0" time="0.0010">
    <artifact_tested name="oracle.apps.prc.po.commonPo.protectedModel.view.PoHeadersAllVO" type="ADFVO" />
  </testcase>
  <testcase name="invokeVORowImplAttributeGetter[DocumentCreationMethod]" classname="oracle.apps.prc.po.commonPo.protectedModel.view.PoHeadersAllVOTest" id="0" time="0.0010">
    <artifact_tested name="oracle.apps.prc.po.commonPo.protectedModel.view.PoHeadersAllVO" type="ADFVO" />
  </testcase>
  <testcase name="invokeVORowImplAttributeGetter[SubmitDate]" classname="oracle.apps.prc.po.commonPo.protectedModel.view.PoHeadersAllVOTest" id="0" time="0.0010">
    <artifact_tested name="oracle.apps.prc.po.commonPo.protectedModel.view.PoHeadersAllVO" type="ADFVO" />
  </testcase>
  <testcase name="invokeVORowImplAttributeGetter[SupplierNotifMethod]" classname="oracle.apps.prc.po.commonPo.protectedModel.view.PoHeadersAllVOTest" id="0" time="0.0010">
    <artifact_tested name="oracle.apps.prc.po.commonPo.protectedModel.view.PoHeadersAllVO" type="ADFVO" />
  </testcase>
  <testcase name="invokeVORowImplAttributeGetter[Fax]" classname="oracle.apps.prc.po.commonPo.protectedModel.view.PoHeadersAllVOTest" id="0" time="0.0010">
    <artifact_tested name="oracle.apps.prc.po.commonPo.protectedModel.view.PoHeadersAllVO" type="ADFVO" />
  </testcase>
  <testcase name="invokeVORowImplAttributeGetter[EmailAddress]" classname="oracle.apps.prc.po.commonPo.protectedModel.view.PoHeadersAllVOTest" id="0" time="0.0010">
    <artifact_tested name="oracle.apps.prc.po.commonPo.protectedModel.view.PoHeadersAllVO" type="ADFVO" />
  </testcase>
  <testcase name="invokeVORowImplAttributeGetter[RetroPriceCommUpdatesFlag]" classname="oracle.apps.prc.po.commonPo.protectedModel.view.PoHeadersAllVOTest" id="0" time="0.0010">
    <artifact_tested name="oracle.apps.prc.po.commonPo.protectedModel.view.PoHeadersAllVO" type="ADFVO" />
  </testcase>
  <testcase name="invokeVORowImplAttributeGetter[RetroPriceApplyUpdatesFlag]" classname="oracle.apps.prc.po.commonPo.protectedModel.view.PoHeadersAllVOTest" id="0" time="0.0">
    <artifact_tested name="oracle.apps.prc.po.commonPo.protectedModel.view.PoHeadersAllVO" type="ADFVO" />
  </testcase>
  <testcase name="invokeVORowImplAttributeGetter[UpdateSourcingRulesFlag]" classname="oracle.apps.prc.po.commonPo.protectedModel.view.PoHeadersAllVOTest" id="0" time="0.0010">
    <artifact_tested name="oracle.apps.prc.po.commonPo.protectedModel.view.PoHeadersAllVO" type="ADFVO" />
  </testcase>
  <testcase name="invokeVORowImplAttributeGetter[AutoSourcingFlag]" classname="oracle.apps.prc.po.commonPo.protectedModel.view.PoHeadersAllVOTest" id="0" time="0.0010">
    <artifact_tested name="oracle.apps.prc.po.commonPo.protectedModel.view.PoHeadersAllVO" type="ADFVO" />
  </testcase>
  <testcase name="invokeVORowImplAttributeGetter[CreatedLanguage]" classname="oracle.apps.prc.po.commonPo.protectedModel.view.PoHeadersAllVOTest" id="0" time="0.0010">
    <artifact_tested name="oracle.apps.prc.po.commonPo.protectedModel.view.PoHeadersAllVO" type="ADFVO" />
  </testcase>
  <testcase name="invokeVORowImplAttributeGetter[CpaReference]" classname="oracle.apps.prc.po.commonPo.protectedModel.view.PoHeadersAllVOTest" id="0" time="0.0010">
    <artifact_tested name="oracle.apps.prc.po.commonPo.protectedModel.view.PoHeadersAllVO" type="ADFVO" />
  </testcase>
  <testcase name="invokeVORowImplAttributeGetter[StyleId]" classname="oracle.apps.prc.po.commonPo.protectedModel.view.PoHeadersAllVOTest" id="0" time="0.0">
    <artifact_tested name="oracle.apps.prc.po.commonPo.protectedModel.view.PoHeadersAllVO" type="ADFVO" />
  </testcase>
  <testcase name="invokeVORowImplAttributeGetter[TaxAttributeUpdateCode]" classname="oracle.apps.prc.po.commonPo.protectedModel.view.PoHeadersAllVOTest" id="0" time="0.0010">
    <artifact_tested name="oracle.apps.prc.po.commonPo.protectedModel.view.PoHeadersAllVO" type="ADFVO" />
  </testcase>
  <testcase name="invokeVORowImplAttributeGetter[LastUpdatedProgram]" classname="oracle.apps.prc.po.commonPo.protectedModel.view.PoHeadersAllVOTest" id="0" time="0.0010">
    <artifact_tested name="oracle.apps.prc.po.commonPo.protectedModel.view.PoHeadersAllVO" type="ADFVO" />
  </testcase>
  <testcase name="invokeVORowImplAttributeGetter[CatAdminAuthEnabledFlag]" classname="oracle.apps.prc.po.commonPo.protectedModel.view.PoHeadersAllVOTest" id="0" time="0.0010">
    <artifact_tested name="oracle.apps.prc.po.commonPo.protectedModel.view.PoHeadersAllVO" type="ADFVO" />
  </testcase>
  <testcase name="invokeVORowImplAttributeGetter[ObjectVersionNumber]" classname="oracle.apps.prc.po.commonPo.protectedModel.view.PoHeadersAllVOTest" id="0" time="0.0010">
    <artifact_tested name="oracle.apps.prc.po.commonPo.protectedModel.view.PoHeadersAllVO" type="ADFVO" />
  </testcase>
  <testcase name="invokeVORowImplAttributeGetter[TaxDocumentSubtype]" classname="oracle.apps.prc.po.commonPo.protectedModel.view.PoHeadersAllVOTest" id="0" time="0.0">
    <artifact_tested name="oracle.apps.prc.po.commonPo.protectedModel.view.PoHeadersAllVO" type="ADFVO" />
  </testcase>
  <testcase name="invokeVORowImplAttributeGetter[CarrierId]" classname="oracle.apps.prc.po.commonPo.protectedModel.view.PoHeadersAllVOTest" id="0" time="0.0010">
    <artifact_tested name="oracle.apps.prc.po.commonPo.protectedModel.view.PoHeadersAllVO" type="ADFVO" />
  </testcase>
  <testcase name="invokeVORowImplAttributeGetter[ReleaseMethod]" classname="oracle.apps.prc.po.commonPo.protectedModel.view.PoHeadersAllVOTest" id="0" time="0.0">
    <artifact_tested name="oracle.apps.prc.po.commonPo.protectedModel.view.PoHeadersAllVO" type="ADFVO" />
  </testcase>
  <testcase name="invokeVORowImplAttributeGetter[ReviewAutogeneratedReleases]" classname="oracle.apps.prc.po.commonPo.protectedModel.view.PoHeadersAllVOTest" id="0" time="0.0">
    <artifact_tested name="oracle.apps.prc.po.commonPo.protectedModel.view.PoHeadersAllVO" type="ADFVO" />
  </testcase>
  <testcase name="invokeVORowImplAttributeGetter[JobDefinitionName]" classname="oracle.apps.prc.po.commonPo.protectedModel.view.PoHeadersAllVOTest" id="0" time="0.0010">
    <artifact_tested name="oracle.apps.prc.po.commonPo.protectedModel.view.PoHeadersAllVO" type="ADFVO" />
  </testcase>
  <testcase name="invokeVORowImplAttributeGetter[JobDefinitionPackage]" classname="oracle.apps.prc.po.commonPo.protectedModel.view.PoHeadersAllVOTest" id="0" time="0.0010">
    <artifact_tested name="oracle.apps.prc.po.commonPo.protectedModel.view.PoHeadersAllVO" type="ADFVO" />
  </testcase>
  <testcase name="invokeVORowImplAttributeGetter[DocumentStatus]" classname="oracle.apps.prc.po.commonPo.protectedModel.view.PoHeadersAllVOTest" id="0" time="0.0">
    <artifact_tested name="oracle.apps.prc.po.commonPo.protectedModel.view.PoHeadersAllVO" type="ADFVO" />
  </testcase>
  <testcase name="invokeVORowImplAttributeGetter[CurrentVersionId]" classname="oracle.apps.prc.po.commonPo.protectedModel.view.PoHeadersAllVOTest" id="0" time="0.0010">
    <artifact_tested name="oracle.apps.prc.po.commonPo.protectedModel.view.PoHeadersAllVO" type="ADFVO" />
  </testcase>
  <testcase name="invokeVORowImplAttributeGetter[AmountReleased]" classname="oracle.apps.prc.po.commonPo.protectedModel.view.PoHeadersAllVOTest" id="0" time="0.0010">
    <artifact_tested name="oracle.apps.prc.po.commonPo.protectedModel.view.PoHeadersAllVO" type="ADFVO" />
  </testcase>
  <testcase name="invokeVORowImplAttributeGetter[GroupRequisitionLines]" classname="oracle.apps.prc.po.commonPo.protectedModel.view.PoHeadersAllVOTest" id="0" time="0.0010">
    <artifact_tested name="oracle.apps.prc.po.commonPo.protectedModel.view.PoHeadersAllVO" type="ADFVO" />
  </testcase>
  <testcase name="invokeVORowImplAttributeGetter[AcceptanceWithinDays]" classname="oracle.apps.prc.po.commonPo.protectedModel.view.PoHeadersAllVOTest" id="0" time="0.0010">
    <artifact_tested name="oracle.apps.prc.po.commonPo.protectedModel.view.PoHeadersAllVO" type="ADFVO" />
  </testcase>
  <testcase name="invokeVORowImplAttributeGetter[UseNeedByDate]" classname="oracle.apps.prc.po.commonPo.protectedModel.view.PoHeadersAllVOTest" id="0" time="0.0010">
    <artifact_tested name="oracle.apps.prc.po.commonPo.protectedModel.view.PoHeadersAllVO" type="ADFVO" />
  </testcase>
  <testcase name="invokeVORowImplAttributeGetter[UseShipTo]" classname="oracle.apps.prc.po.commonPo.protectedModel.view.PoHeadersAllVOTest" id="0" time="0.0">
    <artifact_tested name="oracle.apps.prc.po.commonPo.protectedModel.view.PoHeadersAllVO" type="ADFVO" />
  </testcase>
  <testcase name="invokeVORowImplAttributeGetter[GenerateOrdersAutomatic]" classname="oracle.apps.prc.po.commonPo.protectedModel.view.PoHeadersAllVOTest" id="0" time="0.0">
    <artifact_tested name="oracle.apps.prc.po.commonPo.protectedModel.view.PoHeadersAllVO" type="ADFVO" />
  </testcase>
  <testcase name="invokeVORowImplAttributeGetter[SubmitApprovalAutomatic]" classname="oracle.apps.prc.po.commonPo.protectedModel.view.PoHeadersAllVOTest" id="0" time="0.0010">
    <artifact_tested name="oracle.apps.prc.po.commonPo.protectedModel.view.PoHeadersAllVO" type="ADFVO" />
  </testcase>
  <testcase name="invokeVORowImplAttributeGetter[GroupRequisitions]" classname="oracle.apps.prc.po.commonPo.protectedModel.view.PoHeadersAllVOTest" id="0" time="0.0010">
    <artifact_tested name="oracle.apps.prc.po.commonPo.protectedModel.view.PoHeadersAllVO" type="ADFVO" />
  </testcase>
  <testcase name="invokeVORowImplAttributeGetter[ApprovedDate]" classname="oracle.apps.prc.po.commonPo.protectedModel.view.PoHeadersAllVOTest" id="0" time="0.0">
    <artifact_tested name="oracle.apps.prc.po.commonPo.protectedModel.view.PoHeadersAllVO" type="ADFVO" />
  </testcase>
  <testcase name="invokeVORowImplAttributeGetter[Attribute18]" classname="oracle.apps.prc.po.commonPo.protectedModel.view.PoHeadersAllVOTest" id="0" time="0.0010">
    <artifact_tested name="oracle.apps.prc.po.commonPo.protectedModel.view.PoHeadersAllVO" type="ADFVO" />
  </testcase>
  <testcase name="invokeVORowImplAttributeGetter[Attribute17]" classname="oracle.apps.prc.po.commonPo.protectedModel.view.PoHeadersAllVOTest" id="0" time="0.0">
    <artifact_tested name="oracle.apps.prc.po.commonPo.protectedModel.view.PoHeadersAllVO" type="ADFVO" />
  </testcase>
  <testcase name="invokeVORowImplAttributeGetter[Attribute20]" classname="oracle.apps.prc.po.commonPo.protectedModel.view.PoHeadersAllVOTest" id="0" time="0.0">
    <artifact_tested name="oracle.apps.prc.po.commonPo.protectedModel.view.PoHeadersAllVO" type="ADFVO" />
  </testcase>
  <testcase name="invokeVORowImplAttributeGetter[Attribute19]" classname="oracle.apps.prc.po.commonPo.protectedModel.view.PoHeadersAllVOTest" id="0" time="0.0010">
    <artifact_tested name="oracle.apps.prc.po.commonPo.protectedModel.view.PoHeadersAllVO" type="ADFVO" />
  </testcase>
  <testcase name="invokeVORowImplAttributeGetter[Attribute16]" classname="oracle.apps.prc.po.commonPo.protectedModel.view.PoHeadersAllVOTest" id="0" time="0.0010">
    <artifact_tested name="oracle.apps.prc.po.commonPo.protectedModel.view.PoHeadersAllVO" type="ADFVO" />
  </testcase>
  <testcase name="invokeVORowImplAttributeGetter[AttributeDate1]" classname="oracle.apps.prc.po.commonPo.protectedModel.view.PoHeadersAllVOTest" id="0" time="0.0">
    <artifact_tested name="oracle.apps.prc.po.commonPo.protectedModel.view.PoHeadersAllVO" type="ADFVO" />
  </testcase>
  <testcase name="invokeVORowImplAttributeGetter[AttributeDate10]" classname="oracle.apps.prc.po.commonPo.protectedModel.view.PoHeadersAllVOTest" id="0" time="0.0">
    <artifact_tested name="oracle.apps.prc.po.commonPo.protectedModel.view.PoHeadersAllVO" type="ADFVO" />
  </testcase>
  <testcase name="invokeVORowImplAttributeGetter[AttributeDate2]" classname="oracle.apps.prc.po.commonPo.protectedModel.view.PoHeadersAllVOTest" id="0" time="0.0010">
    <artifact_tested name="oracle.apps.prc.po.commonPo.protectedModel.view.PoHeadersAllVO" type="ADFVO" />
  </testcase>
  <testcase name="invokeVORowImplAttributeGetter[AttributeDate3]" classname="oracle.apps.prc.po.commonPo.protectedModel.view.PoHeadersAllVOTest" id="0" time="0.0010">
    <artifact_tested name="oracle.apps.prc.po.commonPo.protectedModel.view.PoHeadersAllVO" type="ADFVO" />
  </testcase>
  <testcase name="invokeVORowImplAttributeGetter[AttributeDate4]" classname="oracle.apps.prc.po.commonPo.protectedModel.view.PoHeadersAllVOTest" id="0" time="0.0">
    <artifact_tested name="oracle.apps.prc.po.commonPo.protectedModel.view.PoHeadersAllVO" type="ADFVO" />
  </testcase>
  <testcase name="invokeVORowImplAttributeGetter[AttributeDate5]" classname="oracle.apps.prc.po.commonPo.protectedModel.view.PoHeadersAllVOTest" id="0" time="0.0">
    <artifact_tested name="oracle.apps.prc.po.commonPo.protectedModel.view.PoHeadersAllVO" type="ADFVO" />
  </testcase>
  <testcase name="invokeVORowImplAttributeGetter[AttributeDate6]" classname="oracle.apps.prc.po.commonPo.protectedModel.view.PoHeadersAllVOTest" id="0" time="0.0">
    <artifact_tested name="oracle.apps.prc.po.commonPo.protectedModel.view.PoHeadersAllVO" type="ADFVO" />
  </testcase>
  <testcase name="invokeVORowImplAttributeGetter[AttributeDate7]" classname="oracle.apps.prc.po.commonPo.protectedModel.view.PoHeadersAllVOTest" id="0" time="0.0010">
    <artifact_tested name="oracle.apps.prc.po.commonPo.protectedModel.view.PoHeadersAllVO" type="ADFVO" />
  </testcase>
  <testcase name="invokeVORowImplAttributeGetter[AttributeDate8]" classname="oracle.apps.prc.po.commonPo.protectedModel.view.PoHeadersAllVOTest" id="0" time="0.0010">
    <artifact_tested name="oracle.apps.prc.po.commonPo.protectedModel.view.PoHeadersAllVO" type="ADFVO" />
  </testcase>
  <testcase name="invokeVORowImplAttributeGetter[AttributeDate9]" classname="oracle.apps.prc.po.commonPo.protectedModel.view.PoHeadersAllVOTest" id="0" time="0.0010">
    <artifact_tested name="oracle.apps.prc.po.commonPo.protectedModel.view.PoHeadersAllVO" type="ADFVO" />
  </testcase>
  <testcase name="invokeVORowImplAttributeGetter[AttributeTimestamp1]" classname="oracle.apps.prc.po.commonPo.protectedModel.view.PoHeadersAllVOTest" id="0" time="0.0010">
    <artifact_tested name="oracle.apps.prc.po.commonPo.protectedModel.view.PoHeadersAllVO" type="ADFVO" />
  </testcase>
  <testcase name="invokeVORowImplAttributeGetter[AttributeTimestamp10]" classname="oracle.apps.prc.po.commonPo.protectedModel.view.PoHeadersAllVOTest" id="0" time="0.0">
    <artifact_tested name="oracle.apps.prc.po.commonPo.protectedModel.view.PoHeadersAllVO" type="ADFVO" />
  </testcase>
  <testcase name="invokeVORowImplAttributeGetter[AttributeTimestamp2]" classname="oracle.apps.prc.po.commonPo.protectedModel.view.PoHeadersAllVOTest" id="0" time="0.0010">
    <artifact_tested name="oracle.apps.prc.po.commonPo.protectedModel.view.PoHeadersAllVO" type="ADFVO" />
  </testcase>
  <testcase name="invokeVORowImplAttributeGetter[AttributeTimestamp3]" classname="oracle.apps.prc.po.commonPo.protectedModel.view.PoHeadersAllVOTest" id="0" time="0.0010">
    <artifact_tested name="oracle.apps.prc.po.commonPo.protectedModel.view.PoHeadersAllVO" type="ADFVO" />
  </testcase>
  <testcase name="invokeVORowImplAttributeGetter[AttributeTimestamp4]" classname="oracle.apps.prc.po.commonPo.protectedModel.view.PoHeadersAllVOTest" id="0" time="0.0010">
    <artifact_tested name="oracle.apps.prc.po.commonPo.protectedModel.view.PoHeadersAllVO" type="ADFVO" />
  </testcase>
  <testcase name="invokeVORowImplAttributeGetter[AttributeTimestamp5]" classname="oracle.apps.prc.po.commonPo.protectedModel.view.PoHeadersAllVOTest" id="0" time="0.0010">
    <artifact_tested name="oracle.apps.prc.po.commonPo.protectedModel.view.PoHeadersAllVO" type="ADFVO" />
  </testcase>
  <testcase name="invokeVORowImplAttributeGetter[AttributeTimestamp6]" classname="oracle.apps.prc.po.commonPo.protectedModel.view.PoHeadersAllVOTest" id="0" time="0.0010">
    <artifact_tested name="oracle.apps.prc.po.commonPo.protectedModel.view.PoHeadersAllVO" type="ADFVO" />
  </testcase>
  <testcase name="invokeVORowImplAttributeGetter[AttributeTimestamp7]" classname="oracle.apps.prc.po.commonPo.protectedModel.view.PoHeadersAllVOTest" id="0" time="0.0">
    <artifact_tested name="oracle.apps.prc.po.commonPo.protectedModel.view.PoHeadersAllVO" type="ADFVO" />
  </testcase>
  <testcase name="invokeVORowImplAttributeGetter[AttributeTimestamp8]" classname="oracle.apps.prc.po.commonPo.protectedModel.view.PoHeadersAllVOTest" id="0" time="0.0">
    <artifact_tested name="oracle.apps.prc.po.commonPo.protectedModel.view.PoHeadersAllVO" type="ADFVO" />
  </testcase>
  <testcase name="invokeVORowImplAttributeGetter[AttributeTimestamp9]" classname="oracle.apps.prc.po.commonPo.protectedModel.view.PoHeadersAllVOTest" id="0" time="0.0">
    <artifact_tested name="oracle.apps.prc.po.commonPo.protectedModel.view.PoHeadersAllVO" type="ADFVO" />
  </testcase>
  <testcase name="invokeVORowImplAttributeGetter[AttributeNumber1]" classname="oracle.apps.prc.po.commonPo.protectedModel.view.PoHeadersAllVOTest" id="0" time="0.0">
    <artifact_tested name="oracle.apps.prc.po.commonPo.protectedModel.view.PoHeadersAllVO" type="ADFVO" />
  </testcase>
  <testcase name="invokeVORowImplAttributeGetter[AttributeNumber10]" classname="oracle.apps.prc.po.commonPo.protectedModel.view.PoHeadersAllVOTest" id="0" time="0.0">
    <artifact_tested name="oracle.apps.prc.po.commonPo.protectedModel.view.PoHeadersAllVO" type="ADFVO" />
  </testcase>
  <testcase name="invokeVORowImplAttributeGetter[AttributeNumber2]" classname="oracle.apps.prc.po.commonPo.protectedModel.view.PoHeadersAllVOTest" id="0" time="0.0">
    <artifact_tested name="oracle.apps.prc.po.commonPo.protectedModel.view.PoHeadersAllVO" type="ADFVO" />
  </testcase>
  <testcase name="invokeVORowImplAttributeGetter[AttributeNumber3]" classname="oracle.apps.prc.po.commonPo.protectedModel.view.PoHeadersAllVOTest" id="0" time="0.0010">
    <artifact_tested name="oracle.apps.prc.po.commonPo.protectedModel.view.PoHeadersAllVO" type="ADFVO" />
  </testcase>
  <testcase name="invokeVORowImplAttributeGetter[AttributeNumber4]" classname="oracle.apps.prc.po.commonPo.protectedModel.view.PoHeadersAllVOTest" id="0" time="0.0010">
    <artifact_tested name="oracle.apps.prc.po.commonPo.protectedModel.view.PoHeadersAllVO" type="ADFVO" />
  </testcase>
  <testcase name="invokeVORowImplAttributeGetter[AttributeNumber5]" classname="oracle.apps.prc.po.commonPo.protectedModel.view.PoHeadersAllVOTest" id="0" time="0.0010">
    <artifact_tested name="oracle.apps.prc.po.commonPo.protectedModel.view.PoHeadersAllVO" type="ADFVO" />
  </testcase>
  <testcase name="invokeVORowImplAttributeGetter[AttributeNumber6]" classname="oracle.apps.prc.po.commonPo.protectedModel.view.PoHeadersAllVOTest" id="0" time="0.0010">
    <artifact_tested name="oracle.apps.prc.po.commonPo.protectedModel.view.PoHeadersAllVO" type="ADFVO" />
  </testcase>
  <testcase name="invokeVORowImplAttributeGetter[AttributeNumber7]" classname="oracle.apps.prc.po.commonPo.protectedModel.view.PoHeadersAllVOTest" id="0" time="0.0">
    <artifact_tested name="oracle.apps.prc.po.commonPo.protectedModel.view.PoHeadersAllVO" type="ADFVO" />
  </testcase>
  <testcase name="invokeVORowImplAttributeGetter[AttributeNumber8]" classname="oracle.apps.prc.po.commonPo.protectedModel.view.PoHeadersAllVOTest" id="0" time="0.0">
    <artifact_tested name="oracle.apps.prc.po.commonPo.protectedModel.view.PoHeadersAllVO" type="ADFVO" />
  </testcase>
  <testcase name="invokeVORowImplAttributeGetter[AttributeNumber9]" classname="oracle.apps.prc.po.commonPo.protectedModel.view.PoHeadersAllVOTest" id="0" time="0.0010">
    <artifact_tested name="oracle.apps.prc.po.commonPo.protectedModel.view.PoHeadersAllVO" type="ADFVO" />
  </testcase>
  <testcase name="invokeVORowImplAttributeGetter[ActiveVersionFlag]" classname="oracle.apps.prc.po.commonPo.protectedModel.view.PoHeadersAllVOTest" id="0" time="0.0010">
    <artifact_tested name="oracle.apps.prc.po.commonPo.protectedModel.view.PoHeadersAllVO" type="ADFVO" />
  </testcase>
  <testcase name="invokeVORowImplAttributeGetter[AgingOnsetPoint]" classname="oracle.apps.prc.po.commonPo.protectedModel.view.PoHeadersAllVOTest" id="0" time="0.0">
    <artifact_tested name="oracle.apps.prc.po.commonPo.protectedModel.view.PoHeadersAllVO" type="ADFVO" />
  </testcase>
  <testcase name="invokeVORowImplAttributeGetter[AgingPeriodDays]" classname="oracle.apps.prc.po.commonPo.protectedModel.view.PoHeadersAllVOTest" id="0" time="0.0">
    <artifact_tested name="oracle.apps.prc.po.commonPo.protectedModel.view.PoHeadersAllVO" type="ADFVO" />
  </testcase>
  <testcase name="invokeVORowImplAttributeGetter[ConsumptionAdviceFrequency]" classname="oracle.apps.prc.po.commonPo.protectedModel.view.PoHeadersAllVOTest" id="0" time="0.0010">
    <artifact_tested name="oracle.apps.prc.po.commonPo.protectedModel.view.PoHeadersAllVO" type="ADFVO" />
  </testcase>
  <testcase name="invokeVORowImplAttributeGetter[ConsumptionAdviceSummary]" classname="oracle.apps.prc.po.commonPo.protectedModel.view.PoHeadersAllVOTest" id="0" time="0.0010">
    <artifact_tested name="oracle.apps.prc.po.commonPo.protectedModel.view.PoHeadersAllVO" type="ADFVO" />
  </testcase>
  <testcase name="invokeVORowImplAttributeGetter[DefaultConsignmentLineFlag]" classname="oracle.apps.prc.po.commonPo.protectedModel.view.PoHeadersAllVOTest" id="0" time="0.0010">
    <artifact_tested name="oracle.apps.prc.po.commonPo.protectedModel.view.PoHeadersAllVO" type="ADFVO" />
  </testcase>
  <testcase name="invokeVORowImplAttributeGetter[PayOnUseFlag]" classname="oracle.apps.prc.po.commonPo.protectedModel.view.PoHeadersAllVOTest" id="0" time="0.0010">
    <artifact_tested name="oracle.apps.prc.po.commonPo.protectedModel.view.PoHeadersAllVO" type="ADFVO" />
  </testcase>
  <testcase name="invokeVORowImplAttributeGetter[SoldtoLeId]" classname="oracle.apps.prc.po.commonPo.protectedModel.view.PoHeadersAllVOTest" id="0" time="0.0010">
    <artifact_tested name="oracle.apps.prc.po.commonPo.protectedModel.view.PoHeadersAllVO" type="ADFVO" />
  </testcase>
  <testcase name="invokeVORowImplAttributeGetter[BilltoBuId]" classname="oracle.apps.prc.po.commonPo.protectedModel.view.PoHeadersAllVOTest" id="0" time="0.0">
    <artifact_tested name="oracle.apps.prc.po.commonPo.protectedModel.view.PoHeadersAllVO" type="ADFVO" />
  </testcase>
  <testcase name="invokeVORowImplAttributeGetter[FundsStatus]" classname="oracle.apps.prc.po.commonPo.protectedModel.view.PoHeadersAllVOTest" id="0" time="0.0010">
    <artifact_tested name="oracle.apps.prc.po.commonPo.protectedModel.view.PoHeadersAllVO" type="ADFVO" />
  </testcase>
  <testcase name="invokeVORowImplAttributeGetter[ModeOfTransport]" classname="oracle.apps.prc.po.commonPo.protectedModel.view.PoHeadersAllVOTest" id="0" time="0.0010">
    <artifact_tested name="oracle.apps.prc.po.commonPo.protectedModel.view.PoHeadersAllVO" type="ADFVO" />
  </testcase>
  <testcase name="invokeVORowImplAttributeGetter[ServiceLevel]" classname="oracle.apps.prc.po.commonPo.protectedModel.view.PoHeadersAllVOTest" id="0" time="0.0">
    <artifact_tested name="oracle.apps.prc.po.commonPo.protectedModel.view.PoHeadersAllVO" type="ADFVO" />
  </testcase>
  <testcase name="invokeVORowImplAttributeGetter[BuyerManagedTransportFlag]" classname="oracle.apps.prc.po.commonPo.protectedModel.view.PoHeadersAllVOTest" id="0" time="0.0010">
    <artifact_tested name="oracle.apps.prc.po.commonPo.protectedModel.view.PoHeadersAllVO" type="ADFVO" />
  </testcase>
  <testcase name="invokeVORowImplAttributeGetter[OrchestrationOrderFlag]" classname="oracle.apps.prc.po.commonPo.protectedModel.view.PoHeadersAllVOTest" id="0" time="0.0">
    <artifact_tested name="oracle.apps.prc.po.commonPo.protectedModel.view.PoHeadersAllVO" type="ADFVO" />
  </testcase>
  <testcase name="invokeVORowImplAttributeGetter[DefaultPoTradeOrgId]" classname="oracle.apps.prc.po.commonPo.protectedModel.view.PoHeadersAllVOTest" id="0" time="0.0010">
    <artifact_tested name="oracle.apps.prc.po.commonPo.protectedModel.view.PoHeadersAllVO" type="ADFVO" />
  </testcase>
  <testcase name="invokeVORowImplAttributeGetter[BillingCycleClosingDate]" classname="oracle.apps.prc.po.commonPo.protectedModel.view.PoHeadersAllVOTest" id="0" time="0.0010">
    <artifact_tested name="oracle.apps.prc.po.commonPo.protectedModel.view.PoHeadersAllVO" type="ADFVO" />
  </testcase>
  <testcase name="invokeVORowImplAttributeGetter[UseSalesOrderNumberFlag]" classname="oracle.apps.prc.po.commonPo.protectedModel.view.PoHeadersAllVOTest" id="0" time="0.0">
    <artifact_tested name="oracle.apps.prc.po.commonPo.protectedModel.view.PoHeadersAllVO" type="ADFVO" />
  </testcase>
  <testcase name="invokeVORowImplAttributeGetter[FirstPtyRegId]" classname="oracle.apps.prc.po.commonPo.protectedModel.view.PoHeadersAllVOTest" id="0" time="0.0010">
    <artifact_tested name="oracle.apps.prc.po.commonPo.protectedModel.view.PoHeadersAllVO" type="ADFVO" />
  </testcase>
  <testcase name="invokeVORowImplAttributeGetter[ThirdPtyRegId]" classname="oracle.apps.prc.po.commonPo.protectedModel.view.PoHeadersAllVOTest" id="0" time="0.0010">
    <artifact_tested name="oracle.apps.prc.po.commonPo.protectedModel.view.PoHeadersAllVO" type="ADFVO" />
  </testcase>
  <testcase name="invokeVORowImplAttributeGetter[DisableAutosourcingFlag]" classname="oracle.apps.prc.po.commonPo.protectedModel.view.PoHeadersAllVOTest" id="0" time="0.0010">
    <artifact_tested name="oracle.apps.prc.po.commonPo.protectedModel.view.PoHeadersAllVO" type="ADFVO" />
  </testcase>
  <testcase name="invokeVORowImplAttributeGetter[PunchoutSourcingOnlyFlag]" classname="oracle.apps.prc.po.commonPo.protectedModel.view.PoHeadersAllVOTest" id="0" time="0.0010">
    <artifact_tested name="oracle.apps.prc.po.commonPo.protectedModel.view.PoHeadersAllVO" type="ADFVO" />
  </testcase>
  <testcase name="invokeVORowImplAttributeGetter[BudgetControlEnabledFlag]" classname="oracle.apps.prc.po.commonPo.protectedModel.view.PoHeadersAllVOTest" id="0" time="0.0010">
    <artifact_tested name="oracle.apps.prc.po.commonPo.protectedModel.view.PoHeadersAllVO" type="ADFVO" />
  </testcase>
  <testcase name="invokeVORowImplAttributeGetter[RetroPriceInitApprovalFlag]" classname="oracle.apps.prc.po.commonPo.protectedModel.view.PoHeadersAllVOTest" id="0" time="0.0010">
    <artifact_tested name="oracle.apps.prc.po.commonPo.protectedModel.view.PoHeadersAllVO" type="ADFVO" />
  </testcase>
  <testcase name="invokeVORowImplAttributeGetter[RetroPriceOpenOrderFlag]" classname="oracle.apps.prc.po.commonPo.protectedModel.view.PoHeadersAllVOTest" id="0" time="0.0010">
    <artifact_tested name="oracle.apps.prc.po.commonPo.protectedModel.view.PoHeadersAllVO" type="ADFVO" />
  </testcase>
  <testcase name="invokeVORowImplAttributeGetter[SignatureRequiredFlag]" classname="oracle.apps.prc.po.commonPo.protectedModel.view.PoHeadersAllVOTest" id="0" time="0.0010">
    <artifact_tested name="oracle.apps.prc.po.commonPo.protectedModel.view.PoHeadersAllVO" type="ADFVO" />
  </testcase>
  <testcase name="invokeVORowImplAttributeGetter[AllowMultipleSitesFlag]" classname="oracle.apps.prc.po.commonPo.protectedModel.view.PoHeadersAllVOTest" id="0" time="0.0">
    <artifact_tested name="oracle.apps.prc.po.commonPo.protectedModel.view.PoHeadersAllVO" type="ADFVO" />
  </testcase>
  <testcase name="invokeVORowImplAttributeGetter[PurchasingDocumentTrxOsn]" classname="oracle.apps.prc.po.commonPo.protectedModel.view.PoHeadersAllVOTest" id="0" time="0.164">
    <artifact_tested name="oracle.apps.prc.po.commonPo.protectedModel.view.PoHeadersAllVO" type="ADFVO" />
  </testcase>
</testsuite><testsuite name="oracle.apps.prc.po.commonPo.protectedModel.utilTest.TestDocumentStylesUtil" timestamp="2017-06-20T11:29:27" hostname="indl76040" family="NO_REGISTERED_LBA_FOR_JPR_NAME" initiative="prc_po_lrg" jpr="PrcPoCommonPoProtectedModelTest" label="" product="NO_REGISTERED_LBA_FOR_JPR_NAME" lba="NO_REGISTERED_LBA_FOR_JPR_NAME" tests="8" failures="0" errors="0" time="2.891" runId="0">
  <properties />
  <testcase name="testIsOspItemsEnabled[test Style Allows OSP 1]" classname="oracle.apps.prc.po.commonPo.protectedModel.utilTest.TestDocumentStylesUtil" id="0" time="0.359" />
  <testcase name="testIsOspItemsEnabled[test Style Allows OSP 2]" classname="oracle.apps.prc.po.commonPo.protectedModel.utilTest.TestDocumentStylesUtil" id="0" time="0.0030" />
  <testcase name="testIsCtoItemsEnabled[test Style Allows CTO 1]" classname="oracle.apps.prc.po.commonPo.protectedModel.utilTest.TestDocumentStylesUtil" id="0" time="0.0020" />
  <testcase name="testIsCtoItemsEnabled[test Style Allows CTO 2]" classname="oracle.apps.prc.po.commonPo.protectedModel.utilTest.TestDocumentStylesUtil" id="0" time="0.0020" />
  <testcase name="testIsConsignItemsEnabled[test Style Allows Consignment 1]" classname="oracle.apps.prc.po.commonPo.protectedModel.utilTest.TestDocumentStylesUtil" id="0" time="0.0010" />
  <testcase name="testIsConsignItemsEnabled[test Style Allows Consignment 2]" classname="oracle.apps.prc.po.commonPo.protectedModel.utilTest.TestDocumentStylesUtil" id="0" time="0.0010" />
  <testcase name="testGetLineTypesEnabledByStyle[test Get LineTypes Enabled By Style]" classname="oracle.apps.prc.po.commonPo.protectedModel.utilTest.TestDocumentStylesUtil" id="0" time="0.078" />
  <testcase name="testGetNegotiationStyleName[test Get Negotiation StyleName]" classname="oracle.apps.prc.po.commonPo.protectedModel.utilTest.TestDocumentStylesUtil" id="0" time="0.16" />
</testsuite><testsuite name="oracle.apps.prc.po.commonPo.protectedModel.utilTest.TestPoDocumentTypesUtil" timestamp="2017-06-20T11:29:55" hostname="indl76040" family="NO_REGISTERED_LBA_FOR_JPR_NAME" initiative="prc_po_lrg" jpr="PrcPoCommonPoProtectedModelTest" label="" product="NO_REGISTERED_LBA_FOR_JPR_NAME" lba="NO_REGISTERED_LBA_FOR_JPR_NAME" tests="3" failures="0" errors="0" time="1.35" runId="0">
  <properties />
  <testcase name="testGetDocumentTypeDisplayName[Test Get BPA DocumentType DisplayName]" classname="oracle.apps.prc.po.commonPo.protectedModel.utilTest.TestPoDocumentTypesUtil" id="0" time="0.283" />
  <testcase name="testGetDocumentTypeDisplayName[Test Get CPA DocumentType DisplayName]" classname="oracle.apps.prc.po.commonPo.protectedModel.utilTest.TestPoDocumentTypesUtil" id="0" time="0.012" />
  <testcase name="testGetDocumentTypeDisplayName[Test Get Standard DocumentType DisplayName]" classname="oracle.apps.prc.po.commonPo.protectedModel.utilTest.TestPoDocumentTypesUtil" id="0" time="0.019" />
</testsuite><testsuite name="oracle.apps.prc.po.commonPo.protectedModel.utilTest.TestPoVo" timestamp="2017-06-20T11:30:29" hostname="indl76040" family="NO_REGISTERED_LBA_FOR_JPR_NAME" initiative="prc_po_lrg" jpr="PrcPoCommonPoProtectedModelTest" label="" product="NO_REGISTERED_LBA_FOR_JPR_NAME" lba="NO_REGISTERED_LBA_FOR_JPR_NAME" tests="1" failures="0" errors="0" time="1.277" runId="0">
  <properties />
  <testcase name="testAllVo[1. PoHeadersAllVO Test]" classname="oracle.apps.prc.po.commonPo.protectedModel.utilTest.TestPoVo" id="0" time="0.0080" />
</testsuite><testsuite name="oracle.apps.prc.po.commonPo.protectedModel.view.PoGaOrgAssignmentsVOTest" timestamp="2017-06-20T11:33:42" hostname="indl76040" family="NO_REGISTERED_LBA_FOR_JPR_NAME" initiative="prc_po_lrg" jpr="PrcPoCommonPoProtectedModelTest" label="" product="NO_REGISTERED_LBA_FOR_JPR_NAME" lba="NO_REGISTERED_LBA_FOR_JPR_NAME" tests="20" failures="0" errors="0" time="2.389" runId="0">
  <properties />
  <testcase name="simpleCreateAndRemove" classname="oracle.apps.prc.po.commonPo.protectedModel.view.PoGaOrgAssignmentsVOTest" id="0" time="0.473">
    <artifact_tested name="oracle.apps.prc.po.commonPo.protectedModel.view.PoGaOrgAssignmentsVO" type="ADFVO" />
  </testcase>
  <testcase name="simpleUpdateAndRemove" classname="oracle.apps.prc.po.commonPo.protectedModel.view.PoGaOrgAssignmentsVOTest" id="0" time="0.091">
    <artifact_tested name="oracle.apps.prc.po.commonPo.protectedModel.view.PoGaOrgAssignmentsVO" type="ADFVO" />
  </testcase>
  <testcase name="voRowImplHasAttributeMetadata" classname="oracle.apps.prc.po.commonPo.protectedModel.view.PoGaOrgAssignmentsVOTest" id="0" time="0.0020">
    <artifact_tested name="oracle.apps.prc.po.commonPo.protectedModel.view.PoGaOrgAssignmentsVO" type="ADFVO" />
  </testcase>
  <testcase name="testVOAccess" classname="oracle.apps.prc.po.commonPo.protectedModel.view.PoGaOrgAssignmentsVOTest" id="0" time="0.0">
    <artifact_tested name="oracle.apps.prc.po.commonPo.protectedModel.view.PoGaOrgAssignmentsVO" type="ADFVO" />
  </testcase>
  <testcase name="invokeVORowImplAttributeGetter[PoHeaderId]" classname="oracle.apps.prc.po.commonPo.protectedModel.view.PoGaOrgAssignmentsVOTest" id="0" time="0.0020">
    <artifact_tested name="oracle.apps.prc.po.commonPo.protectedModel.view.PoGaOrgAssignmentsVO" type="ADFVO" />
  </testcase>
  <testcase name="invokeVORowImplAttributeGetter[PrcBuId]" classname="oracle.apps.prc.po.commonPo.protectedModel.view.PoGaOrgAssignmentsVOTest" id="0" time="0.0010">
    <artifact_tested name="oracle.apps.prc.po.commonPo.protectedModel.view.PoGaOrgAssignmentsVO" type="ADFVO" />
  </testcase>
  <testcase name="invokeVORowImplAttributeGetter[ReqBuId]" classname="oracle.apps.prc.po.commonPo.protectedModel.view.PoGaOrgAssignmentsVOTest" id="0" time="0.0">
    <artifact_tested name="oracle.apps.prc.po.commonPo.protectedModel.view.PoGaOrgAssignmentsVO" type="ADFVO" />
  </testcase>
  <testcase name="invokeVORowImplAttributeGetter[ShipToLocationId]" classname="oracle.apps.prc.po.commonPo.protectedModel.view.PoGaOrgAssignmentsVOTest" id="0" time="0.0">
    <artifact_tested name="oracle.apps.prc.po.commonPo.protectedModel.view.PoGaOrgAssignmentsVO" type="ADFVO" />
  </testcase>
  <testcase name="invokeVORowImplAttributeGetter[BillToLocationId]" classname="oracle.apps.prc.po.commonPo.protectedModel.view.PoGaOrgAssignmentsVOTest" id="0" time="0.0">
    <artifact_tested name="oracle.apps.prc.po.commonPo.protectedModel.view.PoGaOrgAssignmentsVO" type="ADFVO" />
  </testcase>
  <testcase name="invokeVORowImplAttributeGetter[EnabledFlag]" classname="oracle.apps.prc.po.commonPo.protectedModel.view.PoGaOrgAssignmentsVOTest" id="0" time="0.0010">
    <artifact_tested name="oracle.apps.prc.po.commonPo.protectedModel.view.PoGaOrgAssignmentsVO" type="ADFVO" />
  </testcase>
  <testcase name="invokeVORowImplAttributeGetter[VendorSiteId]" classname="oracle.apps.prc.po.commonPo.protectedModel.view.PoGaOrgAssignmentsVOTest" id="0" time="0.0010">
    <artifact_tested name="oracle.apps.prc.po.commonPo.protectedModel.view.PoGaOrgAssignmentsVO" type="ADFVO" />
  </testcase>
  <testcase name="invokeVORowImplAttributeGetter[LastUpdateDate]" classname="oracle.apps.prc.po.commonPo.protectedModel.view.PoGaOrgAssignmentsVOTest" id="0" time="0.0010">
    <artifact_tested name="oracle.apps.prc.po.commonPo.protectedModel.view.PoGaOrgAssignmentsVO" type="ADFVO" />
  </testcase>
  <testcase name="invokeVORowImplAttributeGetter[LastUpdatedBy]" classname="oracle.apps.prc.po.commonPo.protectedModel.view.PoGaOrgAssignmentsVOTest" id="0" time="0.0010">
    <artifact_tested name="oracle.apps.prc.po.commonPo.protectedModel.view.PoGaOrgAssignmentsVO" type="ADFVO" />
  </testcase>
  <testcase name="invokeVORowImplAttributeGetter[CreationDate]" classname="oracle.apps.prc.po.commonPo.protectedModel.view.PoGaOrgAssignmentsVOTest" id="0" time="0.0010">
    <artifact_tested name="oracle.apps.prc.po.commonPo.protectedModel.view.PoGaOrgAssignmentsVO" type="ADFVO" />
  </testcase>
  <testcase name="invokeVORowImplAttributeGetter[CreatedBy]" classname="oracle.apps.prc.po.commonPo.protectedModel.view.PoGaOrgAssignmentsVOTest" id="0" time="0.0010">
    <artifact_tested name="oracle.apps.prc.po.commonPo.protectedModel.view.PoGaOrgAssignmentsVO" type="ADFVO" />
  </testcase>
  <testcase name="invokeVORowImplAttributeGetter[LastUpdateLogin]" classname="oracle.apps.prc.po.commonPo.protectedModel.view.PoGaOrgAssignmentsVOTest" id="0" time="0.0010">
    <artifact_tested name="oracle.apps.prc.po.commonPo.protectedModel.view.PoGaOrgAssignmentsVO" type="ADFVO" />
  </testcase>
  <testcase name="invokeVORowImplAttributeGetter[OrgAssignmentId]" classname="oracle.apps.prc.po.commonPo.protectedModel.view.PoGaOrgAssignmentsVOTest" id="0" time="0.0010">
    <artifact_tested name="oracle.apps.prc.po.commonPo.protectedModel.view.PoGaOrgAssignmentsVO" type="ADFVO" />
  </testcase>
  <testcase name="invokeVORowImplAttributeGetter[ObjectVersionNumber]" classname="oracle.apps.prc.po.commonPo.protectedModel.view.PoGaOrgAssignmentsVOTest" id="0" time="0.0">
    <artifact_tested name="oracle.apps.prc.po.commonPo.protectedModel.view.PoGaOrgAssignmentsVO" type="ADFVO" />
  </testcase>
  <testcase name="invokeVORowImplAttributeGetter[OrderedLocallyFlag]" classname="oracle.apps.prc.po.commonPo.protectedModel.view.PoGaOrgAssignmentsVOTest" id="0" time="0.0">
    <artifact_tested name="oracle.apps.prc.po.commonPo.protectedModel.view.PoGaOrgAssignmentsVO" type="ADFVO" />
  </testcase>
  <testcase name="invokeVORowImplAttributeGetter[BilltoBuId]" classname="oracle.apps.prc.po.commonPo.protectedModel.view.PoGaOrgAssignmentsVOTest" id="0" time="0.0010">
    <artifact_tested name="oracle.apps.prc.po.commonPo.protectedModel.view.PoGaOrgAssignmentsVO" type="ADFVO" />
  </testcase>
</testsuite><testsuite name="oracle.apps.prc.po.commonPo.protectedModel.utilTest.TestPoUomUtil" timestamp="2017-06-20T11:30:27" hostname="indl76040" family="NO_REGISTERED_LBA_FOR_JPR_NAME" initiative="prc_po_lrg" jpr="PrcPoCommonPoProtectedModelTest" label="" product="NO_REGISTERED_LBA_FOR_JPR_NAME" lba="NO_REGISTERED_LBA_FOR_JPR_NAME" tests="4" failures="0" errors="0" time="2.797" runId="0">
  <properties />
  <testcase name="testGetUomConvertedValue[Test Uom Converted Value]" classname="oracle.apps.prc.po.commonPo.protectedModel.utilTest.TestPoUomUtil" id="0" time="0.445" />
  <testcase name="testGetConvertedQty[Test Uom Converted Qty]" classname="oracle.apps.prc.po.commonPo.protectedModel.utilTest.TestPoUomUtil" id="0" time="0.3" />
  <testcase name="testIsQtyWithinUomDeviation[Test Qty Within Uom Deviation]" classname="oracle.apps.prc.po.commonPo.protectedModel.utilTest.TestPoUomUtil" id="0" time="0.177" />
  <testcase name="testGetUomDisplayFromCode[Test Get Uom Display From Code]" classname="oracle.apps.prc.po.commonPo.protectedModel.utilTest.TestPoUomUtil" id="0" time="0.743" />
</testsuite><testsuite name="oracle.apps.prc.po.commonPo.protectedModel.view.PoNotificationControlsVOTest" timestamp="2017-06-20T11:33:55" hostname="indl76040" family="NO_REGISTERED_LBA_FOR_JPR_NAME" initiative="prc_po_lrg" jpr="PrcPoCommonPoProtectedModelTest" label="" product="NO_REGISTERED_LBA_FOR_JPR_NAME" lba="NO_REGISTERED_LBA_FOR_JPR_NAME" tests="68" failures="0" errors="0" time="2.679" runId="0">
  <properties />
  <testcase name="simpleCreateAndRemove" classname="oracle.apps.prc.po.commonPo.protectedModel.view.PoNotificationControlsVOTest" id="0" time="0.44">
    <artifact_tested name="oracle.apps.prc.po.commonPo.protectedModel.view.PoNotificationControlsVO" type="ADFVO" />
  </testcase>
  <testcase name="simpleUpdateAndRemove" classname="oracle.apps.prc.po.commonPo.protectedModel.view.PoNotificationControlsVOTest" id="0" time="0.119">
    <artifact_tested name="oracle.apps.prc.po.commonPo.protectedModel.view.PoNotificationControlsVO" type="ADFVO" />
  </testcase>
  <testcase name="voRowImplHasAttributeMetadata" classname="oracle.apps.prc.po.commonPo.protectedModel.view.PoNotificationControlsVOTest" id="0" time="0.0030">
    <artifact_tested name="oracle.apps.prc.po.commonPo.protectedModel.view.PoNotificationControlsVO" type="ADFVO" />
  </testcase>
  <testcase name="testVOAccess" classname="oracle.apps.prc.po.commonPo.protectedModel.view.PoNotificationControlsVOTest" id="0" time="0.0010">
    <artifact_tested name="oracle.apps.prc.po.commonPo.protectedModel.view.PoNotificationControlsVO" type="ADFVO" />
  </testcase>
  <testcase name="invokeVORowImplAttributeGetter[NotificationId]" classname="oracle.apps.prc.po.commonPo.protectedModel.view.PoNotificationControlsVOTest" id="0" time="0.0020">
    <artifact_tested name="oracle.apps.prc.po.commonPo.protectedModel.view.PoNotificationControlsVO" type="ADFVO" />
  </testcase>
  <testcase name="invokeVORowImplAttributeGetter[PoHeaderId]" classname="oracle.apps.prc.po.commonPo.protectedModel.view.PoNotificationControlsVOTest" id="0" time="0.0">
    <artifact_tested name="oracle.apps.prc.po.commonPo.protectedModel.view.PoNotificationControlsVO" type="ADFVO" />
  </testcase>
  <testcase name="invokeVORowImplAttributeGetter[StartDateActive]" classname="oracle.apps.prc.po.commonPo.protectedModel.view.PoNotificationControlsVOTest" id="0" time="0.0010">
    <artifact_tested name="oracle.apps.prc.po.commonPo.protectedModel.view.PoNotificationControlsVO" type="ADFVO" />
  </testcase>
  <testcase name="invokeVORowImplAttributeGetter[EndDateActive]" classname="oracle.apps.prc.po.commonPo.protectedModel.view.PoNotificationControlsVOTest" id="0" time="0.0">
    <artifact_tested name="oracle.apps.prc.po.commonPo.protectedModel.view.PoNotificationControlsVO" type="ADFVO" />
  </testcase>
  <testcase name="invokeVORowImplAttributeGetter[NotificationAmount]" classname="oracle.apps.prc.po.commonPo.protectedModel.view.PoNotificationControlsVOTest" id="0" time="0.0010">
    <artifact_tested name="oracle.apps.prc.po.commonPo.protectedModel.view.PoNotificationControlsVO" type="ADFVO" />
  </testcase>
  <testcase name="invokeVORowImplAttributeGetter[NotificationConditionCode]" classname="oracle.apps.prc.po.commonPo.protectedModel.view.PoNotificationControlsVOTest" id="0" time="0.0">
    <artifact_tested name="oracle.apps.prc.po.commonPo.protectedModel.view.PoNotificationControlsVO" type="ADFVO" />
  </testcase>
  <testcase name="invokeVORowImplAttributeGetter[NotificationQtyPercentage]" classname="oracle.apps.prc.po.commonPo.protectedModel.view.PoNotificationControlsVOTest" id="0" time="0.0010">
    <artifact_tested name="oracle.apps.prc.po.commonPo.protectedModel.view.PoNotificationControlsVO" type="ADFVO" />
  </testcase>
  <testcase name="invokeVORowImplAttributeGetter[LastUpdateDate]" classname="oracle.apps.prc.po.commonPo.protectedModel.view.PoNotificationControlsVOTest" id="0" time="0.0010">
    <artifact_tested name="oracle.apps.prc.po.commonPo.protectedModel.view.PoNotificationControlsVO" type="ADFVO" />
  </testcase>
  <testcase name="invokeVORowImplAttributeGetter[LastUpdateLogin]" classname="oracle.apps.prc.po.commonPo.protectedModel.view.PoNotificationControlsVOTest" id="0" time="0.0">
    <artifact_tested name="oracle.apps.prc.po.commonPo.protectedModel.view.PoNotificationControlsVO" type="ADFVO" />
  </testcase>
  <testcase name="invokeVORowImplAttributeGetter[LastUpdatedBy]" classname="oracle.apps.prc.po.commonPo.protectedModel.view.PoNotificationControlsVOTest" id="0" time="0.0010">
    <artifact_tested name="oracle.apps.prc.po.commonPo.protectedModel.view.PoNotificationControlsVO" type="ADFVO" />
  </testcase>
  <testcase name="invokeVORowImplAttributeGetter[CreatedBy]" classname="oracle.apps.prc.po.commonPo.protectedModel.view.PoNotificationControlsVOTest" id="0" time="0.0010">
    <artifact_tested name="oracle.apps.prc.po.commonPo.protectedModel.view.PoNotificationControlsVO" type="ADFVO" />
  </testcase>
  <testcase name="invokeVORowImplAttributeGetter[CreationDate]" classname="oracle.apps.prc.po.commonPo.protectedModel.view.PoNotificationControlsVOTest" id="0" time="0.0010">
    <artifact_tested name="oracle.apps.prc.po.commonPo.protectedModel.view.PoNotificationControlsVO" type="ADFVO" />
  </testcase>
  <testcase name="invokeVORowImplAttributeGetter[AttributeCategory]" classname="oracle.apps.prc.po.commonPo.protectedModel.view.PoNotificationControlsVOTest" id="0" time="0.0010">
    <artifact_tested name="oracle.apps.prc.po.commonPo.protectedModel.view.PoNotificationControlsVO" type="ADFVO" />
  </testcase>
  <testcase name="invokeVORowImplAttributeGetter[Attribute1]" classname="oracle.apps.prc.po.commonPo.protectedModel.view.PoNotificationControlsVOTest" id="0" time="0.0010">
    <artifact_tested name="oracle.apps.prc.po.commonPo.protectedModel.view.PoNotificationControlsVO" type="ADFVO" />
  </testcase>
  <testcase name="invokeVORowImplAttributeGetter[Attribute10]" classname="oracle.apps.prc.po.commonPo.protectedModel.view.PoNotificationControlsVOTest" id="0" time="0.0010">
    <artifact_tested name="oracle.apps.prc.po.commonPo.protectedModel.view.PoNotificationControlsVO" type="ADFVO" />
  </testcase>
  <testcase name="invokeVORowImplAttributeGetter[Attribute11]" classname="oracle.apps.prc.po.commonPo.protectedModel.view.PoNotificationControlsVOTest" id="0" time="0.0010">
    <artifact_tested name="oracle.apps.prc.po.commonPo.protectedModel.view.PoNotificationControlsVO" type="ADFVO" />
  </testcase>
  <testcase name="invokeVORowImplAttributeGetter[Attribute12]" classname="oracle.apps.prc.po.commonPo.protectedModel.view.PoNotificationControlsVOTest" id="0" time="0.0010">
    <artifact_tested name="oracle.apps.prc.po.commonPo.protectedModel.view.PoNotificationControlsVO" type="ADFVO" />
  </testcase>
  <testcase name="invokeVORowImplAttributeGetter[Attribute13]" classname="oracle.apps.prc.po.commonPo.protectedModel.view.PoNotificationControlsVOTest" id="0" time="0.0">
    <artifact_tested name="oracle.apps.prc.po.commonPo.protectedModel.view.PoNotificationControlsVO" type="ADFVO" />
  </testcase>
  <testcase name="invokeVORowImplAttributeGetter[Attribute14]" classname="oracle.apps.prc.po.commonPo.protectedModel.view.PoNotificationControlsVOTest" id="0" time="0.0010">
    <artifact_tested name="oracle.apps.prc.po.commonPo.protectedModel.view.PoNotificationControlsVO" type="ADFVO" />
  </testcase>
  <testcase name="invokeVORowImplAttributeGetter[Attribute15]" classname="oracle.apps.prc.po.commonPo.protectedModel.view.PoNotificationControlsVOTest" id="0" time="0.0010">
    <artifact_tested name="oracle.apps.prc.po.commonPo.protectedModel.view.PoNotificationControlsVO" type="ADFVO" />
  </testcase>
  <testcase name="invokeVORowImplAttributeGetter[Attribute2]" classname="oracle.apps.prc.po.commonPo.protectedModel.view.PoNotificationControlsVOTest" id="0" time="0.0010">
    <artifact_tested name="oracle.apps.prc.po.commonPo.protectedModel.view.PoNotificationControlsVO" type="ADFVO" />
  </testcase>
  <testcase name="invokeVORowImplAttributeGetter[Attribute3]" classname="oracle.apps.prc.po.commonPo.protectedModel.view.PoNotificationControlsVOTest" id="0" time="0.0010">
    <artifact_tested name="oracle.apps.prc.po.commonPo.protectedModel.view.PoNotificationControlsVO" type="ADFVO" />
  </testcase>
  <testcase name="invokeVORowImplAttributeGetter[Attribute4]" classname="oracle.apps.prc.po.commonPo.protectedModel.view.PoNotificationControlsVOTest" id="0" time="0.0010">
    <artifact_tested name="oracle.apps.prc.po.commonPo.protectedModel.view.PoNotificationControlsVO" type="ADFVO" />
  </testcase>
  <testcase name="invokeVORowImplAttributeGetter[Attribute5]" classname="oracle.apps.prc.po.commonPo.protectedModel.view.PoNotificationControlsVOTest" id="0" time="0.0010">
    <artifact_tested name="oracle.apps.prc.po.commonPo.protectedModel.view.PoNotificationControlsVO" type="ADFVO" />
  </testcase>
  <testcase name="invokeVORowImplAttributeGetter[Attribute6]" classname="oracle.apps.prc.po.commonPo.protectedModel.view.PoNotificationControlsVOTest" id="0" time="0.0010">
    <artifact_tested name="oracle.apps.prc.po.commonPo.protectedModel.view.PoNotificationControlsVO" type="ADFVO" />
  </testcase>
  <testcase name="invokeVORowImplAttributeGetter[Attribute7]" classname="oracle.apps.prc.po.commonPo.protectedModel.view.PoNotificationControlsVOTest" id="0" time="0.0010">
    <artifact_tested name="oracle.apps.prc.po.commonPo.protectedModel.view.PoNotificationControlsVO" type="ADFVO" />
  </testcase>
  <testcase name="invokeVORowImplAttributeGetter[Attribute8]" classname="oracle.apps.prc.po.commonPo.protectedModel.view.PoNotificationControlsVOTest" id="0" time="0.0010">
    <artifact_tested name="oracle.apps.prc.po.commonPo.protectedModel.view.PoNotificationControlsVO" type="ADFVO" />
  </testcase>
  <testcase name="invokeVORowImplAttributeGetter[Attribute9]" classname="oracle.apps.prc.po.commonPo.protectedModel.view.PoNotificationControlsVOTest" id="0" time="0.0010">
    <artifact_tested name="oracle.apps.prc.po.commonPo.protectedModel.view.PoNotificationControlsVO" type="ADFVO" />
  </testcase>
  <testcase name="invokeVORowImplAttributeGetter[ObjectVersionNumber]" classname="oracle.apps.prc.po.commonPo.protectedModel.view.PoNotificationControlsVOTest" id="0" time="0.0010">
    <artifact_tested name="oracle.apps.prc.po.commonPo.protectedModel.view.PoNotificationControlsVO" type="ADFVO" />
  </testcase>
  <testcase name="invokeVORowImplAttributeGetter[Attribute18]" classname="oracle.apps.prc.po.commonPo.protectedModel.view.PoNotificationControlsVOTest" id="0" time="0.0010">
    <artifact_tested name="oracle.apps.prc.po.commonPo.protectedModel.view.PoNotificationControlsVO" type="ADFVO" />
  </testcase>
  <testcase name="invokeVORowImplAttributeGetter[Attribute20]" classname="oracle.apps.prc.po.commonPo.protectedModel.view.PoNotificationControlsVOTest" id="0" time="0.0010">
    <artifact_tested name="oracle.apps.prc.po.commonPo.protectedModel.view.PoNotificationControlsVO" type="ADFVO" />
  </testcase>
  <testcase name="invokeVORowImplAttributeGetter[Attribute19]" classname="oracle.apps.prc.po.commonPo.protectedModel.view.PoNotificationControlsVOTest" id="0" time="0.0010">
    <artifact_tested name="oracle.apps.prc.po.commonPo.protectedModel.view.PoNotificationControlsVO" type="ADFVO" />
  </testcase>
  <testcase name="invokeVORowImplAttributeGetter[Attribute17]" classname="oracle.apps.prc.po.commonPo.protectedModel.view.PoNotificationControlsVOTest" id="0" time="0.0010">
    <artifact_tested name="oracle.apps.prc.po.commonPo.protectedModel.view.PoNotificationControlsVO" type="ADFVO" />
  </testcase>
  <testcase name="invokeVORowImplAttributeGetter[Attribute16]" classname="oracle.apps.prc.po.commonPo.protectedModel.view.PoNotificationControlsVOTest" id="0" time="0.0010">
    <artifact_tested name="oracle.apps.prc.po.commonPo.protectedModel.view.PoNotificationControlsVO" type="ADFVO" />
  </testcase>
  <testcase name="invokeVORowImplAttributeGetter[AttributeDate1]" classname="oracle.apps.prc.po.commonPo.protectedModel.view.PoNotificationControlsVOTest" id="0" time="0.0010">
    <artifact_tested name="oracle.apps.prc.po.commonPo.protectedModel.view.PoNotificationControlsVO" type="ADFVO" />
  </testcase>
  <testcase name="invokeVORowImplAttributeGetter[AttributeDate10]" classname="oracle.apps.prc.po.commonPo.protectedModel.view.PoNotificationControlsVOTest" id="0" time="0.0010">
    <artifact_tested name="oracle.apps.prc.po.commonPo.protectedModel.view.PoNotificationControlsVO" type="ADFVO" />
  </testcase>
  <testcase name="invokeVORowImplAttributeGetter[AttributeDate2]" classname="oracle.apps.prc.po.commonPo.protectedModel.view.PoNotificationControlsVOTest" id="0" time="0.0010">
    <artifact_tested name="oracle.apps.prc.po.commonPo.protectedModel.view.PoNotificationControlsVO" type="ADFVO" />
  </testcase>
  <testcase name="invokeVORowImplAttributeGetter[AttributeDate3]" classname="oracle.apps.prc.po.commonPo.protectedModel.view.PoNotificationControlsVOTest" id="0" time="0.0010">
    <artifact_tested name="oracle.apps.prc.po.commonPo.protectedModel.view.PoNotificationControlsVO" type="ADFVO" />
  </testcase>
  <testcase name="invokeVORowImplAttributeGetter[AttributeDate4]" classname="oracle.apps.prc.po.commonPo.protectedModel.view.PoNotificationControlsVOTest" id="0" time="0.0">
    <artifact_tested name="oracle.apps.prc.po.commonPo.protectedModel.view.PoNotificationControlsVO" type="ADFVO" />
  </testcase>
  <testcase name="invokeVORowImplAttributeGetter[AttributeDate5]" classname="oracle.apps.prc.po.commonPo.protectedModel.view.PoNotificationControlsVOTest" id="0" time="0.0">
    <artifact_tested name="oracle.apps.prc.po.commonPo.protectedModel.view.PoNotificationControlsVO" type="ADFVO" />
  </testcase>
  <testcase name="invokeVORowImplAttributeGetter[AttributeDate6]" classname="oracle.apps.prc.po.commonPo.protectedModel.view.PoNotificationControlsVOTest" id="0" time="0.0">
    <artifact_tested name="oracle.apps.prc.po.commonPo.protectedModel.view.PoNotificationControlsVO" type="ADFVO" />
  </testcase>
  <testcase name="invokeVORowImplAttributeGetter[AttributeDate7]" classname="oracle.apps.prc.po.commonPo.protectedModel.view.PoNotificationControlsVOTest" id="0" time="0.0010">
    <artifact_tested name="oracle.apps.prc.po.commonPo.protectedModel.view.PoNotificationControlsVO" type="ADFVO" />
  </testcase>
  <testcase name="invokeVORowImplAttributeGetter[AttributeDate8]" classname="oracle.apps.prc.po.commonPo.protectedModel.view.PoNotificationControlsVOTest" id="0" time="0.0">
    <artifact_tested name="oracle.apps.prc.po.commonPo.protectedModel.view.PoNotificationControlsVO" type="ADFVO" />
  </testcase>
  <testcase name="invokeVORowImplAttributeGetter[AttributeDate9]" classname="oracle.apps.prc.po.commonPo.protectedModel.view.PoNotificationControlsVOTest" id="0" time="0.0010">
    <artifact_tested name="oracle.apps.prc.po.commonPo.protectedModel.view.PoNotificationControlsVO" type="ADFVO" />
  </testcase>
  <testcase name="invokeVORowImplAttributeGetter[AttributeTimestamp1]" classname="oracle.apps.prc.po.commonPo.protectedModel.view.PoNotificationControlsVOTest" id="0" time="0.0">
    <artifact_tested name="oracle.apps.prc.po.commonPo.protectedModel.view.PoNotificationControlsVO" type="ADFVO" />
  </testcase>
  <testcase name="invokeVORowImplAttributeGetter[AttributeTimestamp10]" classname="oracle.apps.prc.po.commonPo.protectedModel.view.PoNotificationControlsVOTest" id="0" time="0.0">
    <artifact_tested name="oracle.apps.prc.po.commonPo.protectedModel.view.PoNotificationControlsVO" type="ADFVO" />
  </testcase>
  <testcase name="invokeVORowImplAttributeGetter[AttributeTimestamp2]" classname="oracle.apps.prc.po.commonPo.protectedModel.view.PoNotificationControlsVOTest" id="0" time="0.0">
    <artifact_tested name="oracle.apps.prc.po.commonPo.protectedModel.view.PoNotificationControlsVO" type="ADFVO" />
  </testcase>
  <testcase name="invokeVORowImplAttributeGetter[AttributeTimestamp3]" classname="oracle.apps.prc.po.commonPo.protectedModel.view.PoNotificationControlsVOTest" id="0" time="0.0010">
    <artifact_tested name="oracle.apps.prc.po.commonPo.protectedModel.view.PoNotificationControlsVO" type="ADFVO" />
  </testcase>
  <testcase name="invokeVORowImplAttributeGetter[AttributeTimestamp4]" classname="oracle.apps.prc.po.commonPo.protectedModel.view.PoNotificationControlsVOTest" id="0" time="0.0010">
    <artifact_tested name="oracle.apps.prc.po.commonPo.protectedModel.view.PoNotificationControlsVO" type="ADFVO" />
  </testcase>
  <testcase name="invokeVORowImplAttributeGetter[AttributeTimestamp5]" classname="oracle.apps.prc.po.commonPo.protectedModel.view.PoNotificationControlsVOTest" id="0" time="0.0">
    <artifact_tested name="oracle.apps.prc.po.commonPo.protectedModel.view.PoNotificationControlsVO" type="ADFVO" />
  </testcase>
  <testcase name="invokeVORowImplAttributeGetter[AttributeTimestamp6]" classname="oracle.apps.prc.po.commonPo.protectedModel.view.PoNotificationControlsVOTest" id="0" time="0.0010">
    <artifact_tested name="oracle.apps.prc.po.commonPo.protectedModel.view.PoNotificationControlsVO" type="ADFVO" />
  </testcase>
  <testcase name="invokeVORowImplAttributeGetter[AttributeTimestamp7]" classname="oracle.apps.prc.po.commonPo.protectedModel.view.PoNotificationControlsVOTest" id="0" time="0.0">
    <artifact_tested name="oracle.apps.prc.po.commonPo.protectedModel.view.PoNotificationControlsVO" type="ADFVO" />
  </testcase>
  <testcase name="invokeVORowImplAttributeGetter[AttributeTimestamp8]" classname="oracle.apps.prc.po.commonPo.protectedModel.view.PoNotificationControlsVOTest" id="0" time="0.0010">
    <artifact_tested name="oracle.apps.prc.po.commonPo.protectedModel.view.PoNotificationControlsVO" type="ADFVO" />
  </testcase>
  <testcase name="invokeVORowImplAttributeGetter[AttributeTimestamp9]" classname="oracle.apps.prc.po.commonPo.protectedModel.view.PoNotificationControlsVOTest" id="0" time="0.0">
    <artifact_tested name="oracle.apps.prc.po.commonPo.protectedModel.view.PoNotificationControlsVO" type="ADFVO" />
  </testcase>
  <testcase name="invokeVORowImplAttributeGetter[AttributeNumber1]" classname="oracle.apps.prc.po.commonPo.protectedModel.view.PoNotificationControlsVOTest" id="0" time="0.0">
    <artifact_tested name="oracle.apps.prc.po.commonPo.protectedModel.view.PoNotificationControlsVO" type="ADFVO" />
  </testcase>
  <testcase name="invokeVORowImplAttributeGetter[AttributeNumber10]" classname="oracle.apps.prc.po.commonPo.protectedModel.view.PoNotificationControlsVOTest" id="0" time="0.0010">
    <artifact_tested name="oracle.apps.prc.po.commonPo.protectedModel.view.PoNotificationControlsVO" type="ADFVO" />
  </testcase>
  <testcase name="invokeVORowImplAttributeGetter[AttributeNumber2]" classname="oracle.apps.prc.po.commonPo.protectedModel.view.PoNotificationControlsVOTest" id="0" time="0.0010">
    <artifact_tested name="oracle.apps.prc.po.commonPo.protectedModel.view.PoNotificationControlsVO" type="ADFVO" />
  </testcase>
  <testcase name="invokeVORowImplAttributeGetter[AttributeNumber3]" classname="oracle.apps.prc.po.commonPo.protectedModel.view.PoNotificationControlsVOTest" id="0" time="0.0010">
    <artifact_tested name="oracle.apps.prc.po.commonPo.protectedModel.view.PoNotificationControlsVO" type="ADFVO" />
  </testcase>
  <testcase name="invokeVORowImplAttributeGetter[AttributeNumber4]" classname="oracle.apps.prc.po.commonPo.protectedModel.view.PoNotificationControlsVOTest" id="0" time="0.0010">
    <artifact_tested name="oracle.apps.prc.po.commonPo.protectedModel.view.PoNotificationControlsVO" type="ADFVO" />
  </testcase>
  <testcase name="invokeVORowImplAttributeGetter[AttributeNumber5]" classname="oracle.apps.prc.po.commonPo.protectedModel.view.PoNotificationControlsVOTest" id="0" time="0.0010">
    <artifact_tested name="oracle.apps.prc.po.commonPo.protectedModel.view.PoNotificationControlsVO" type="ADFVO" />
  </testcase>
  <testcase name="invokeVORowImplAttributeGetter[AttributeNumber6]" classname="oracle.apps.prc.po.commonPo.protectedModel.view.PoNotificationControlsVOTest" id="0" time="0.0">
    <artifact_tested name="oracle.apps.prc.po.commonPo.protectedModel.view.PoNotificationControlsVO" type="ADFVO" />
  </testcase>
  <testcase name="invokeVORowImplAttributeGetter[AttributeNumber7]" classname="oracle.apps.prc.po.commonPo.protectedModel.view.PoNotificationControlsVOTest" id="0" time="0.0010">
    <artifact_tested name="oracle.apps.prc.po.commonPo.protectedModel.view.PoNotificationControlsVO" type="ADFVO" />
  </testcase>
  <testcase name="invokeVORowImplAttributeGetter[AttributeNumber8]" classname="oracle.apps.prc.po.commonPo.protectedModel.view.PoNotificationControlsVOTest" id="0" time="0.0">
    <artifact_tested name="oracle.apps.prc.po.commonPo.protectedModel.view.PoNotificationControlsVO" type="ADFVO" />
  </testcase>
  <testcase name="invokeVORowImplAttributeGetter[AttributeNumber9]" classname="oracle.apps.prc.po.commonPo.protectedModel.view.PoNotificationControlsVOTest" id="0" time="0.0010">
    <artifact_tested name="oracle.apps.prc.po.commonPo.protectedModel.view.PoNotificationControlsVO" type="ADFVO" />
  </testcase>
</testsuite><testsuite name="oracle.apps.prc.po.commonPo.protectedModel.helper.TestPoActionHistoryHelper" timestamp="2017-06-20T11:26:33" hostname="indl76040" family="NO_REGISTERED_LBA_FOR_JPR_NAME" initiative="prc_po_lrg" jpr="PrcPoCommonPoProtectedModelTest" label="" product="NO_REGISTERED_LBA_FOR_JPR_NAME" lba="NO_REGISTERED_LBA_FOR_JPR_NAME" tests="3" failures="0" errors="0" time="14.345" runId="0">
  <properties />
  <testcase name="recordActionHistory[1. Recording Action History with ActionCode as SUBMIT]" classname="oracle.apps.prc.po.commonPo.protectedModel.helper.TestPoActionHistoryHelper" id="0" time="0.973" />
  <testcase name="recordActionHistory[2. Recording Action History with ActionCode as IMPLEMENT for External CO]" classname="oracle.apps.prc.po.commonPo.protectedModel.helper.TestPoActionHistoryHelper" id="0" time="0.076" />
  <testcase name="recordActionHistoryWithExtraParams[1. Recording Action History with ActionCode as IMPLEMENT for Internal CO]" classname="oracle.apps.prc.po.commonPo.protectedModel.helper.TestPoActionHistoryHelper" id="0" time="0.07" />
</testsuite><testsuite name="oracle.apps.prc.po.commonPo.protectedModel.utilTest.TestDocumentForeignKeyUtil" timestamp="2017-06-20T11:28:44" hostname="indl76040" family="NO_REGISTERED_LBA_FOR_JPR_NAME" initiative="prc_po_lrg" jpr="PrcPoCommonPoProtectedModelTest" label="" product="NO_REGISTERED_LBA_FOR_JPR_NAME" lba="NO_REGISTERED_LBA_FOR_JPR_NAME" tests="5" failures="0" errors="0" time="42.958" runId="0">
  <properties />
  <testcase name="testDocumentForeignKeyUtil[Test Document Foreign Key Util]" classname="oracle.apps.prc.po.commonPo.protectedModel.utilTest.TestDocumentForeignKeyUtil" id="0" time="41.641" />
  <testcase name="testGetScheduleMatchApprovalLevelCode[Test Get Schedule MatchApprovalLevelCode 1]" classname="oracle.apps.prc.po.commonPo.protectedModel.utilTest.TestDocumentForeignKeyUtil" id="0" time="0.0010" />
  <testcase name="testGetScheduleMatchApprovalLevelCode[Test Get Schedule MatchApprovalLevelCode 2]" classname="oracle.apps.prc.po.commonPo.protectedModel.utilTest.TestDocumentForeignKeyUtil" id="0" time="0.0010" />
  <testcase name="testGetScheduleMatchApprovalLevelCode[Test Get Schedule MatchApprovalLevelCode 3]" classname="oracle.apps.prc.po.commonPo.protectedModel.utilTest.TestDocumentForeignKeyUtil" id="0" time="0.0010" />
  <testcase name="testGetScheduleMatchApprovalLevelCode[Test Get Schedule MatchApprovalLevelCode 4]" classname="oracle.apps.prc.po.commonPo.protectedModel.utilTest.TestDocumentForeignKeyUtil" id="0" time="0.0010" />
</testsuite><testsuite name="oracle.apps.prc.po.commonPo.protectedModel.view.ProjectVVO.ProjectVVOTest" timestamp="2017-06-20T11:34:07" hostname="indl76040" family="NO_REGISTERED_LBA_FOR_JPR_NAME" initiative="prc_po_lrg" jpr="PrcPoCommonPoProtectedModelTest" label="" product="NO_REGISTERED_LBA_FOR_JPR_NAME" lba="NO_REGISTERED_LBA_FOR_JPR_NAME" tests="7" failures="0" errors="0" time="3.196" runId="0">
  <properties />
  <testcase name="entitiesNonUpdateable" classname="oracle.apps.prc.po.commonPo.protectedModel.view.ProjectVVO.ProjectVVOTest" id="0" time="0.163">
    <artifact_tested name="oracle.apps.prc.po.commonPo.protectedModel.validationView.ProjectVVO" type="ADFVO" />
  </testcase>
  <testcase name="testVOAccess" classname="oracle.apps.prc.po.commonPo.protectedModel.view.ProjectVVO.ProjectVVOTest" id="0" time="0.0">
    <artifact_tested name="oracle.apps.prc.po.commonPo.protectedModel.validationView.ProjectVVO" type="ADFVO" />
  </testcase>
  <testcase name="invokeVORowImplAttributeGetter[ProjectId]" classname="oracle.apps.prc.po.commonPo.protectedModel.view.ProjectVVO.ProjectVVOTest" id="0" time="1.053">
    <artifact_tested name="oracle.apps.prc.po.commonPo.protectedModel.validationView.ProjectVVO" type="ADFVO" />
  </testcase>
  <testcase name="invokeVORowImplAttributeGetter[Segment1]" classname="oracle.apps.prc.po.commonPo.protectedModel.view.ProjectVVO.ProjectVVOTest" id="0" time="0.0">
    <artifact_tested name="oracle.apps.prc.po.commonPo.protectedModel.validationView.ProjectVVO" type="ADFVO" />
  </testcase>
  <testcase name="invokeVORowImplAttributeGetter[Name]" classname="oracle.apps.prc.po.commonPo.protectedModel.view.ProjectVVO.ProjectVVOTest" id="0" time="0.0">
    <artifact_tested name="oracle.apps.prc.po.commonPo.protectedModel.validationView.ProjectVVO" type="ADFVO" />
  </testcase>
  <testcase name="invokeVORowImplAttributeGetter[OrgId]" classname="oracle.apps.prc.po.commonPo.protectedModel.view.ProjectVVO.ProjectVVOTest" id="0" time="0.0010">
    <artifact_tested name="oracle.apps.prc.po.commonPo.protectedModel.validationView.ProjectVVO" type="ADFVO" />
  </testcase>
  <testcase name="invokeVORowImplAttributeGetter[ObjectVersionNumber]" classname="oracle.apps.prc.po.commonPo.protectedModel.view.ProjectVVO.ProjectVVOTest" id="0" time="0.0">
    <artifact_tested name="oracle.apps.prc.po.commonPo.protectedModel.validationView.ProjectVVO" type="ADFVO" />
  </testcase>
</testsuite><testsuite name="oracle.apps.prc.po.commonPo.protectedModelTest.bdd.TestAckControlsCreatePo" timestamp="2017-06-20T11:35:42" hostname="indl76040" family="NO_REGISTERED_LBA_FOR_JPR_NAME" initiative="prc_po_lrg" jpr="PrcPoCommonPoProtectedModelTest" label="" product="NO_REGISTERED_LBA_FOR_JPR_NAME" lba="NO_REGISTERED_LBA_FOR_JPR_NAME" tests="2" failures="0" errors="0" time="0.0" runId="0">
  <properties />
  <testcase name="values_for_Required_Acknowledgment_and_Acknowledge_Within_Days_should_be_defaulted_from_supplier_site - Scenario: Values for Required Acknowledgment and Acknowledge Within Days should be defaulted from supplier site\." classname="oracle.apps.prc.po.commonPo.protectedModelTest.bdd.TestAckControlsCreatePo" id="0" time="3.258" />
  <testcase name="values_for_Required_Acknowledgment_and_Acknowledge_Within_Days_should_be_empty_if_supplier_site_defaults_are_not_defined - Scenario: Values for Required Acknowledgment and Acknowledge Within Days should be empty if supplier site defaults are not defined\." classname="oracle.apps.prc.po.commonPo.protectedModelTest.bdd.TestAckControlsCreatePo" id="0" time="0.0050" />
</testsuite><testsuite name="oracle.apps.prc.po.commonPo.protectedModel.view.PoLineLocationsAllVOTest" timestamp="2017-06-20T11:33:48" hostname="indl76040" family="NO_REGISTERED_LBA_FOR_JPR_NAME" initiative="prc_po_lrg" jpr="PrcPoCommonPoProtectedModelTest" label="" product="NO_REGISTERED_LBA_FOR_JPR_NAME" lba="NO_REGISTERED_LBA_FOR_JPR_NAME" tests="235" failures="0" errors="0" time="3.478" runId="0">
  <properties />
  <testcase name="simpleCreateAndRemove" classname="oracle.apps.prc.po.commonPo.protectedModel.view.PoLineLocationsAllVOTest" id="0" time="0.711">
    <artifact_tested name="oracle.apps.prc.po.commonPo.protectedModel.view.PoLineLocationsAllVO" type="ADFVO" />
  </testcase>
  <testcase name="simpleUpdateAndRemove" classname="oracle.apps.prc.po.commonPo.protectedModel.view.PoLineLocationsAllVOTest" id="0" time="0.115">
    <artifact_tested name="oracle.apps.prc.po.commonPo.protectedModel.view.PoLineLocationsAllVO" type="ADFVO" />
  </testcase>
  <testcase name="voRowImplHasAttributeMetadata" classname="oracle.apps.prc.po.commonPo.protectedModel.view.PoLineLocationsAllVOTest" id="0" time="0.01">
    <artifact_tested name="oracle.apps.prc.po.commonPo.protectedModel.view.PoLineLocationsAllVO" type="ADFVO" />
  </testcase>
  <testcase name="testVOAccess" classname="oracle.apps.prc.po.commonPo.protectedModel.view.PoLineLocationsAllVOTest" id="0" time="0.0">
    <artifact_tested name="oracle.apps.prc.po.commonPo.protectedModel.view.PoLineLocationsAllVO" type="ADFVO" />
  </testcase>
  <testcase name="attributeDefaults[ScheduleStatus]" classname="oracle.apps.prc.po.commonPo.protectedModel.view.PoLineLocationsAllVOTest" id="0" time="0.0020">
    <artifact_tested name="oracle.apps.prc.po.commonPo.protectedModel.view.PoLineLocationsAllVO" type="ADFVO" />
  </testcase>
  <testcase name="invokeVORowImplAttributeGetter[LineLocationId]" classname="oracle.apps.prc.po.commonPo.protectedModel.view.PoLineLocationsAllVOTest" id="0" time="0.0010">
    <artifact_tested name="oracle.apps.prc.po.commonPo.protectedModel.view.PoLineLocationsAllVO" type="ADFVO" />
  </testcase>
  <testcase name="invokeVORowImplAttributeGetter[TrxBusinessCategory]" classname="oracle.apps.prc.po.commonPo.protectedModel.view.PoLineLocationsAllVOTest" id="0" time="0.0010">
    <artifact_tested name="oracle.apps.prc.po.commonPo.protectedModel.view.PoLineLocationsAllVO" type="ADFVO" />
  </testcase>
  <testcase name="invokeVORowImplAttributeGetter[ProductCategory]" classname="oracle.apps.prc.po.commonPo.protectedModel.view.PoLineLocationsAllVOTest" id="0" time="0.0010">
    <artifact_tested name="oracle.apps.prc.po.commonPo.protectedModel.view.PoLineLocationsAllVO" type="ADFVO" />
  </testcase>
  <testcase name="invokeVORowImplAttributeGetter[ProductFiscClassification]" classname="oracle.apps.prc.po.commonPo.protectedModel.view.PoLineLocationsAllVOTest" id="0" time="0.0010">
    <artifact_tested name="oracle.apps.prc.po.commonPo.protectedModel.view.PoLineLocationsAllVO" type="ADFVO" />
  </testcase>
  <testcase name="invokeVORowImplAttributeGetter[LineIntendedUse]" classname="oracle.apps.prc.po.commonPo.protectedModel.view.PoLineLocationsAllVOTest" id="0" time="0.0010">
    <artifact_tested name="oracle.apps.prc.po.commonPo.protectedModel.view.PoLineLocationsAllVO" type="ADFVO" />
  </testcase>
  <testcase name="invokeVORowImplAttributeGetter[PrcBuId]" classname="oracle.apps.prc.po.commonPo.protectedModel.view.PoLineLocationsAllVOTest" id="0" time="0.0">
    <artifact_tested name="oracle.apps.prc.po.commonPo.protectedModel.view.PoLineLocationsAllVO" type="ADFVO" />
  </testcase>
  <testcase name="invokeVORowImplAttributeGetter[ReqBuId]" classname="oracle.apps.prc.po.commonPo.protectedModel.view.PoLineLocationsAllVOTest" id="0" time="0.0">
    <artifact_tested name="oracle.apps.prc.po.commonPo.protectedModel.view.PoLineLocationsAllVO" type="ADFVO" />
  </testcase>
  <testcase name="invokeVORowImplAttributeGetter[ProductType]" classname="oracle.apps.prc.po.commonPo.protectedModel.view.PoLineLocationsAllVOTest" id="0" time="0.0">
    <artifact_tested name="oracle.apps.prc.po.commonPo.protectedModel.view.PoLineLocationsAllVO" type="ADFVO" />
  </testcase>
  <testcase name="invokeVORowImplAttributeGetter[UserDefinedFiscClass]" classname="oracle.apps.prc.po.commonPo.protectedModel.view.PoLineLocationsAllVOTest" id="0" time="0.0010">
    <artifact_tested name="oracle.apps.prc.po.commonPo.protectedModel.view.PoLineLocationsAllVO" type="ADFVO" />
  </testcase>
  <testcase name="invokeVORowImplAttributeGetter[AssessableValue]" classname="oracle.apps.prc.po.commonPo.protectedModel.view.PoLineLocationsAllVOTest" id="0" time="0.0010">
    <artifact_tested name="oracle.apps.prc.po.commonPo.protectedModel.view.PoLineLocationsAllVO" type="ADFVO" />
  </testcase>
  <testcase name="invokeVORowImplAttributeGetter[InputTaxClassificationCode]" classname="oracle.apps.prc.po.commonPo.protectedModel.view.PoLineLocationsAllVOTest" id="0" time="0.0010">
    <artifact_tested name="oracle.apps.prc.po.commonPo.protectedModel.view.PoLineLocationsAllVO" type="ADFVO" />
  </testcase>
  <testcase name="invokeVORowImplAttributeGetter[LastUpdateDate]" classname="oracle.apps.prc.po.commonPo.protectedModel.view.PoLineLocationsAllVOTest" id="0" time="0.0010">
    <artifact_tested name="oracle.apps.prc.po.commonPo.protectedModel.view.PoLineLocationsAllVO" type="ADFVO" />
  </testcase>
  <testcase name="invokeVORowImplAttributeGetter[LastUpdatedBy]" classname="oracle.apps.prc.po.commonPo.protectedModel.view.PoLineLocationsAllVOTest" id="0" time="0.0">
    <artifact_tested name="oracle.apps.prc.po.commonPo.protectedModel.view.PoLineLocationsAllVO" type="ADFVO" />
  </testcase>
  <testcase name="invokeVORowImplAttributeGetter[PoHeaderId]" classname="oracle.apps.prc.po.commonPo.protectedModel.view.PoLineLocationsAllVOTest" id="0" time="0.0010">
    <artifact_tested name="oracle.apps.prc.po.commonPo.protectedModel.view.PoLineLocationsAllVO" type="ADFVO" />
  </testcase>
  <testcase name="invokeVORowImplAttributeGetter[PoLineId]" classname="oracle.apps.prc.po.commonPo.protectedModel.view.PoLineLocationsAllVOTest" id="0" time="0.0010">
    <artifact_tested name="oracle.apps.prc.po.commonPo.protectedModel.view.PoLineLocationsAllVO" type="ADFVO" />
  </testcase>
  <testcase name="invokeVORowImplAttributeGetter[LastUpdateLogin]" classname="oracle.apps.prc.po.commonPo.protectedModel.view.PoLineLocationsAllVOTest" id="0" time="0.0010">
    <artifact_tested name="oracle.apps.prc.po.commonPo.protectedModel.view.PoLineLocationsAllVO" type="ADFVO" />
  </testcase>
  <testcase name="invokeVORowImplAttributeGetter[CreationDate]" classname="oracle.apps.prc.po.commonPo.protectedModel.view.PoLineLocationsAllVOTest" id="0" time="0.0">
    <artifact_tested name="oracle.apps.prc.po.commonPo.protectedModel.view.PoLineLocationsAllVO" type="ADFVO" />
  </testcase>
  <testcase name="invokeVORowImplAttributeGetter[CreatedBy]" classname="oracle.apps.prc.po.commonPo.protectedModel.view.PoLineLocationsAllVOTest" id="0" time="0.0010">
    <artifact_tested name="oracle.apps.prc.po.commonPo.protectedModel.view.PoLineLocationsAllVO" type="ADFVO" />
  </testcase>
  <testcase name="invokeVORowImplAttributeGetter[Quantity]" classname="oracle.apps.prc.po.commonPo.protectedModel.view.PoLineLocationsAllVOTest" id="0" time="0.0010">
    <artifact_tested name="oracle.apps.prc.po.commonPo.protectedModel.view.PoLineLocationsAllVO" type="ADFVO" />
  </testcase>
  <testcase name="invokeVORowImplAttributeGetter[QuantityReceived]" classname="oracle.apps.prc.po.commonPo.protectedModel.view.PoLineLocationsAllVOTest" id="0" time="0.0010">
    <artifact_tested name="oracle.apps.prc.po.commonPo.protectedModel.view.PoLineLocationsAllVO" type="ADFVO" />
  </testcase>
  <testcase name="invokeVORowImplAttributeGetter[QuantityAccepted]" classname="oracle.apps.prc.po.commonPo.protectedModel.view.PoLineLocationsAllVOTest" id="0" time="0.0010">
    <artifact_tested name="oracle.apps.prc.po.commonPo.protectedModel.view.PoLineLocationsAllVO" type="ADFVO" />
  </testcase>
  <testcase name="invokeVORowImplAttributeGetter[QuantityRejected]" classname="oracle.apps.prc.po.commonPo.protectedModel.view.PoLineLocationsAllVOTest" id="0" time="0.0">
    <artifact_tested name="oracle.apps.prc.po.commonPo.protectedModel.view.PoLineLocationsAllVO" type="ADFVO" />
  </testcase>
  <testcase name="invokeVORowImplAttributeGetter[QuantityBilled]" classname="oracle.apps.prc.po.commonPo.protectedModel.view.PoLineLocationsAllVOTest" id="0" time="0.0">
    <artifact_tested name="oracle.apps.prc.po.commonPo.protectedModel.view.PoLineLocationsAllVO" type="ADFVO" />
  </testcase>
  <testcase name="invokeVORowImplAttributeGetter[QuantityCancelled]" classname="oracle.apps.prc.po.commonPo.protectedModel.view.PoLineLocationsAllVOTest" id="0" time="0.0">
    <artifact_tested name="oracle.apps.prc.po.commonPo.protectedModel.view.PoLineLocationsAllVO" type="ADFVO" />
  </testcase>
  <testcase name="invokeVORowImplAttributeGetter[ShipToLocationId]" classname="oracle.apps.prc.po.commonPo.protectedModel.view.PoLineLocationsAllVOTest" id="0" time="0.0010">
    <artifact_tested name="oracle.apps.prc.po.commonPo.protectedModel.view.PoLineLocationsAllVO" type="ADFVO" />
  </testcase>
  <testcase name="invokeVORowImplAttributeGetter[NeedByDate]" classname="oracle.apps.prc.po.commonPo.protectedModel.view.PoLineLocationsAllVOTest" id="0" time="0.0010">
    <artifact_tested name="oracle.apps.prc.po.commonPo.protectedModel.view.PoLineLocationsAllVO" type="ADFVO" />
  </testcase>
  <testcase name="invokeVORowImplAttributeGetter[PromisedDate]" classname="oracle.apps.prc.po.commonPo.protectedModel.view.PoLineLocationsAllVOTest" id="0" time="0.0">
    <artifact_tested name="oracle.apps.prc.po.commonPo.protectedModel.view.PoLineLocationsAllVO" type="ADFVO" />
  </testcase>
  <testcase name="invokeVORowImplAttributeGetter[PriceOverride]" classname="oracle.apps.prc.po.commonPo.protectedModel.view.PoLineLocationsAllVOTest" id="0" time="0.0">
    <artifact_tested name="oracle.apps.prc.po.commonPo.protectedModel.view.PoLineLocationsAllVO" type="ADFVO" />
  </testcase>
  <testcase name="invokeVORowImplAttributeGetter[FobLookupCode]" classname="oracle.apps.prc.po.commonPo.protectedModel.view.PoLineLocationsAllVOTest" id="0" time="0.0010">
    <artifact_tested name="oracle.apps.prc.po.commonPo.protectedModel.view.PoLineLocationsAllVO" type="ADFVO" />
  </testcase>
  <testcase name="invokeVORowImplAttributeGetter[FreightTermsLookupCode]" classname="oracle.apps.prc.po.commonPo.protectedModel.view.PoLineLocationsAllVOTest" id="0" time="0.0">
    <artifact_tested name="oracle.apps.prc.po.commonPo.protectedModel.view.PoLineLocationsAllVO" type="ADFVO" />
  </testcase>
  <testcase name="invokeVORowImplAttributeGetter[TaxableFlag]" classname="oracle.apps.prc.po.commonPo.protectedModel.view.PoLineLocationsAllVOTest" id="0" time="0.0010">
    <artifact_tested name="oracle.apps.prc.po.commonPo.protectedModel.view.PoLineLocationsAllVO" type="ADFVO" />
  </testcase>
  <testcase name="invokeVORowImplAttributeGetter[TaxName]" classname="oracle.apps.prc.po.commonPo.protectedModel.view.PoLineLocationsAllVOTest" id="0" time="0.0010">
    <artifact_tested name="oracle.apps.prc.po.commonPo.protectedModel.view.PoLineLocationsAllVO" type="ADFVO" />
  </testcase>
  <testcase name="invokeVORowImplAttributeGetter[EstimatedTaxAmount]" classname="oracle.apps.prc.po.commonPo.protectedModel.view.PoLineLocationsAllVOTest" id="0" time="0.0010">
    <artifact_tested name="oracle.apps.prc.po.commonPo.protectedModel.view.PoLineLocationsAllVO" type="ADFVO" />
  </testcase>
  <testcase name="invokeVORowImplAttributeGetter[FromHeaderId]" classname="oracle.apps.prc.po.commonPo.protectedModel.view.PoLineLocationsAllVOTest" id="0" time="0.0">
    <artifact_tested name="oracle.apps.prc.po.commonPo.protectedModel.view.PoLineLocationsAllVO" type="ADFVO" />
  </testcase>
  <testcase name="invokeVORowImplAttributeGetter[FromLineId]" classname="oracle.apps.prc.po.commonPo.protectedModel.view.PoLineLocationsAllVOTest" id="0" time="0.0010">
    <artifact_tested name="oracle.apps.prc.po.commonPo.protectedModel.view.PoLineLocationsAllVO" type="ADFVO" />
  </testcase>
  <testcase name="invokeVORowImplAttributeGetter[FromLineLocationId]" classname="oracle.apps.prc.po.commonPo.protectedModel.view.PoLineLocationsAllVOTest" id="0" time="0.0010">
    <artifact_tested name="oracle.apps.prc.po.commonPo.protectedModel.view.PoLineLocationsAllVO" type="ADFVO" />
  </testcase>
  <testcase name="invokeVORowImplAttributeGetter[StartDate]" classname="oracle.apps.prc.po.commonPo.protectedModel.view.PoLineLocationsAllVOTest" id="0" time="0.0">
    <artifact_tested name="oracle.apps.prc.po.commonPo.protectedModel.view.PoLineLocationsAllVO" type="ADFVO" />
  </testcase>
  <testcase name="invokeVORowImplAttributeGetter[EndDate]" classname="oracle.apps.prc.po.commonPo.protectedModel.view.PoLineLocationsAllVOTest" id="0" time="0.0">
    <artifact_tested name="oracle.apps.prc.po.commonPo.protectedModel.view.PoLineLocationsAllVO" type="ADFVO" />
  </testcase>
  <testcase name="invokeVORowImplAttributeGetter[LeadTime]" classname="oracle.apps.prc.po.commonPo.protectedModel.view.PoLineLocationsAllVOTest" id="0" time="0.0010">
    <artifact_tested name="oracle.apps.prc.po.commonPo.protectedModel.view.PoLineLocationsAllVO" type="ADFVO" />
  </testcase>
  <testcase name="invokeVORowImplAttributeGetter[LeadTimeUnit]" classname="oracle.apps.prc.po.commonPo.protectedModel.view.PoLineLocationsAllVOTest" id="0" time="0.0">
    <artifact_tested name="oracle.apps.prc.po.commonPo.protectedModel.view.PoLineLocationsAllVO" type="ADFVO" />
  </testcase>
  <testcase name="invokeVORowImplAttributeGetter[PriceDiscount]" classname="oracle.apps.prc.po.commonPo.protectedModel.view.PoLineLocationsAllVOTest" id="0" time="0.0010">
    <artifact_tested name="oracle.apps.prc.po.commonPo.protectedModel.view.PoLineLocationsAllVO" type="ADFVO" />
  </testcase>
  <testcase name="invokeVORowImplAttributeGetter[TermsId]" classname="oracle.apps.prc.po.commonPo.protectedModel.view.PoLineLocationsAllVOTest" id="0" time="0.0010">
    <artifact_tested name="oracle.apps.prc.po.commonPo.protectedModel.view.PoLineLocationsAllVO" type="ADFVO" />
  </testcase>
  <testcase name="invokeVORowImplAttributeGetter[CancelFlag]" classname="oracle.apps.prc.po.commonPo.protectedModel.view.PoLineLocationsAllVOTest" id="0" time="0.0">
    <artifact_tested name="oracle.apps.prc.po.commonPo.protectedModel.view.PoLineLocationsAllVO" type="ADFVO" />
  </testcase>
  <testcase name="invokeVORowImplAttributeGetter[CancelledBy]" classname="oracle.apps.prc.po.commonPo.protectedModel.view.PoLineLocationsAllVOTest" id="0" time="0.0010">
    <artifact_tested name="oracle.apps.prc.po.commonPo.protectedModel.view.PoLineLocationsAllVO" type="ADFVO" />
  </testcase>
  <testcase name="invokeVORowImplAttributeGetter[CancelDate]" classname="oracle.apps.prc.po.commonPo.protectedModel.view.PoLineLocationsAllVOTest" id="0" time="0.0010">
    <artifact_tested name="oracle.apps.prc.po.commonPo.protectedModel.view.PoLineLocationsAllVO" type="ADFVO" />
  </testcase>
  <testcase name="invokeVORowImplAttributeGetter[CancelReason]" classname="oracle.apps.prc.po.commonPo.protectedModel.view.PoLineLocationsAllVOTest" id="0" time="0.0">
    <artifact_tested name="oracle.apps.prc.po.commonPo.protectedModel.view.PoLineLocationsAllVO" type="ADFVO" />
  </testcase>
  <testcase name="invokeVORowImplAttributeGetter[FirmStatusLookupCode]" classname="oracle.apps.prc.po.commonPo.protectedModel.view.PoLineLocationsAllVOTest" id="0" time="0.0010">
    <artifact_tested name="oracle.apps.prc.po.commonPo.protectedModel.view.PoLineLocationsAllVO" type="ADFVO" />
  </testcase>
  <testcase name="invokeVORowImplAttributeGetter[FirmDate]" classname="oracle.apps.prc.po.commonPo.protectedModel.view.PoLineLocationsAllVOTest" id="0" time="0.0010">
    <artifact_tested name="oracle.apps.prc.po.commonPo.protectedModel.view.PoLineLocationsAllVO" type="ADFVO" />
  </testcase>
  <testcase name="invokeVORowImplAttributeGetter[AttributeCategory]" classname="oracle.apps.prc.po.commonPo.protectedModel.view.PoLineLocationsAllVOTest" id="0" time="0.0010">
    <artifact_tested name="oracle.apps.prc.po.commonPo.protectedModel.view.PoLineLocationsAllVO" type="ADFVO" />
  </testcase>
  <testcase name="invokeVORowImplAttributeGetter[Attribute1]" classname="oracle.apps.prc.po.commonPo.protectedModel.view.PoLineLocationsAllVOTest" id="0" time="0.0010">
    <artifact_tested name="oracle.apps.prc.po.commonPo.protectedModel.view.PoLineLocationsAllVO" type="ADFVO" />
  </testcase>
  <testcase name="invokeVORowImplAttributeGetter[Attribute2]" classname="oracle.apps.prc.po.commonPo.protectedModel.view.PoLineLocationsAllVOTest" id="0" time="0.0010">
    <artifact_tested name="oracle.apps.prc.po.commonPo.protectedModel.view.PoLineLocationsAllVO" type="ADFVO" />
  </testcase>
  <testcase name="invokeVORowImplAttributeGetter[Attribute3]" classname="oracle.apps.prc.po.commonPo.protectedModel.view.PoLineLocationsAllVOTest" id="0" time="0.0010">
    <artifact_tested name="oracle.apps.prc.po.commonPo.protectedModel.view.PoLineLocationsAllVO" type="ADFVO" />
  </testcase>
  <testcase name="invokeVORowImplAttributeGetter[Attribute4]" classname="oracle.apps.prc.po.commonPo.protectedModel.view.PoLineLocationsAllVOTest" id="0" time="0.0010">
    <artifact_tested name="oracle.apps.prc.po.commonPo.protectedModel.view.PoLineLocationsAllVO" type="ADFVO" />
  </testcase>
  <testcase name="invokeVORowImplAttributeGetter[Attribute5]" classname="oracle.apps.prc.po.commonPo.protectedModel.view.PoLineLocationsAllVOTest" id="0" time="0.0010">
    <artifact_tested name="oracle.apps.prc.po.commonPo.protectedModel.view.PoLineLocationsAllVO" type="ADFVO" />
  </testcase>
  <testcase name="invokeVORowImplAttributeGetter[Attribute6]" classname="oracle.apps.prc.po.commonPo.protectedModel.view.PoLineLocationsAllVOTest" id="0" time="0.0010">
    <artifact_tested name="oracle.apps.prc.po.commonPo.protectedModel.view.PoLineLocationsAllVO" type="ADFVO" />
  </testcase>
  <testcase name="invokeVORowImplAttributeGetter[Attribute7]" classname="oracle.apps.prc.po.commonPo.protectedModel.view.PoLineLocationsAllVOTest" id="0" time="0.0">
    <artifact_tested name="oracle.apps.prc.po.commonPo.protectedModel.view.PoLineLocationsAllVO" type="ADFVO" />
  </testcase>
  <testcase name="invokeVORowImplAttributeGetter[Attribute8]" classname="oracle.apps.prc.po.commonPo.protectedModel.view.PoLineLocationsAllVOTest" id="0" time="0.0">
    <artifact_tested name="oracle.apps.prc.po.commonPo.protectedModel.view.PoLineLocationsAllVO" type="ADFVO" />
  </testcase>
  <testcase name="invokeVORowImplAttributeGetter[Attribute9]" classname="oracle.apps.prc.po.commonPo.protectedModel.view.PoLineLocationsAllVOTest" id="0" time="0.0010">
    <artifact_tested name="oracle.apps.prc.po.commonPo.protectedModel.view.PoLineLocationsAllVO" type="ADFVO" />
  </testcase>
  <testcase name="invokeVORowImplAttributeGetter[Attribute10]" classname="oracle.apps.prc.po.commonPo.protectedModel.view.PoLineLocationsAllVOTest" id="0" time="0.0010">
    <artifact_tested name="oracle.apps.prc.po.commonPo.protectedModel.view.PoLineLocationsAllVO" type="ADFVO" />
  </testcase>
  <testcase name="invokeVORowImplAttributeGetter[Attribute11]" classname="oracle.apps.prc.po.commonPo.protectedModel.view.PoLineLocationsAllVOTest" id="0" time="0.0">
    <artifact_tested name="oracle.apps.prc.po.commonPo.protectedModel.view.PoLineLocationsAllVO" type="ADFVO" />
  </testcase>
  <testcase name="invokeVORowImplAttributeGetter[Attribute12]" classname="oracle.apps.prc.po.commonPo.protectedModel.view.PoLineLocationsAllVOTest" id="0" time="0.0010">
    <artifact_tested name="oracle.apps.prc.po.commonPo.protectedModel.view.PoLineLocationsAllVO" type="ADFVO" />
  </testcase>
  <testcase name="invokeVORowImplAttributeGetter[Attribute13]" classname="oracle.apps.prc.po.commonPo.protectedModel.view.PoLineLocationsAllVOTest" id="0" time="0.0010">
    <artifact_tested name="oracle.apps.prc.po.commonPo.protectedModel.view.PoLineLocationsAllVO" type="ADFVO" />
  </testcase>
  <testcase name="invokeVORowImplAttributeGetter[Attribute14]" classname="oracle.apps.prc.po.commonPo.protectedModel.view.PoLineLocationsAllVOTest" id="0" time="0.0">
    <artifact_tested name="oracle.apps.prc.po.commonPo.protectedModel.view.PoLineLocationsAllVO" type="ADFVO" />
  </testcase>
  <testcase name="invokeVORowImplAttributeGetter[Attribute15]" classname="oracle.apps.prc.po.commonPo.protectedModel.view.PoLineLocationsAllVOTest" id="0" time="0.0010">
    <artifact_tested name="oracle.apps.prc.po.commonPo.protectedModel.view.PoLineLocationsAllVO" type="ADFVO" />
  </testcase>
  <testcase name="invokeVORowImplAttributeGetter[InspectionRequiredFlag]" classname="oracle.apps.prc.po.commonPo.protectedModel.view.PoLineLocationsAllVOTest" id="0" time="0.0010">
    <artifact_tested name="oracle.apps.prc.po.commonPo.protectedModel.view.PoLineLocationsAllVO" type="ADFVO" />
  </testcase>
  <testcase name="invokeVORowImplAttributeGetter[ReceiptRequiredFlag]" classname="oracle.apps.prc.po.commonPo.protectedModel.view.PoLineLocationsAllVOTest" id="0" time="0.0">
    <artifact_tested name="oracle.apps.prc.po.commonPo.protectedModel.view.PoLineLocationsAllVO" type="ADFVO" />
  </testcase>
  <testcase name="invokeVORowImplAttributeGetter[QtyRcvTolerance]" classname="oracle.apps.prc.po.commonPo.protectedModel.view.PoLineLocationsAllVOTest" id="0" time="0.0010">
    <artifact_tested name="oracle.apps.prc.po.commonPo.protectedModel.view.PoLineLocationsAllVO" type="ADFVO" />
  </testcase>
  <testcase name="invokeVORowImplAttributeGetter[QtyRcvExceptionCode]" classname="oracle.apps.prc.po.commonPo.protectedModel.view.PoLineLocationsAllVOTest" id="0" time="0.0">
    <artifact_tested name="oracle.apps.prc.po.commonPo.protectedModel.view.PoLineLocationsAllVO" type="ADFVO" />
  </testcase>
  <testcase name="invokeVORowImplAttributeGetter[EnforceShipToLocationCode]" classname="oracle.apps.prc.po.commonPo.protectedModel.view.PoLineLocationsAllVOTest" id="0" time="0.0010">
    <artifact_tested name="oracle.apps.prc.po.commonPo.protectedModel.view.PoLineLocationsAllVO" type="ADFVO" />
  </testcase>
  <testcase name="invokeVORowImplAttributeGetter[AllowSubstituteReceiptsFlag]" classname="oracle.apps.prc.po.commonPo.protectedModel.view.PoLineLocationsAllVOTest" id="0" time="0.0">
    <artifact_tested name="oracle.apps.prc.po.commonPo.protectedModel.view.PoLineLocationsAllVO" type="ADFVO" />
  </testcase>
  <testcase name="invokeVORowImplAttributeGetter[DaysEarlyReceiptAllowed]" classname="oracle.apps.prc.po.commonPo.protectedModel.view.PoLineLocationsAllVOTest" id="0" time="0.0">
    <artifact_tested name="oracle.apps.prc.po.commonPo.protectedModel.view.PoLineLocationsAllVO" type="ADFVO" />
  </testcase>
  <testcase name="invokeVORowImplAttributeGetter[DaysLateReceiptAllowed]" classname="oracle.apps.prc.po.commonPo.protectedModel.view.PoLineLocationsAllVOTest" id="0" time="0.0">
    <artifact_tested name="oracle.apps.prc.po.commonPo.protectedModel.view.PoLineLocationsAllVO" type="ADFVO" />
  </testcase>
  <testcase name="invokeVORowImplAttributeGetter[ReceiptDaysExceptionCode]" classname="oracle.apps.prc.po.commonPo.protectedModel.view.PoLineLocationsAllVOTest" id="0" time="0.0">
    <artifact_tested name="oracle.apps.prc.po.commonPo.protectedModel.view.PoLineLocationsAllVO" type="ADFVO" />
  </testcase>
  <testcase name="invokeVORowImplAttributeGetter[InvoiceCloseTolerance]" classname="oracle.apps.prc.po.commonPo.protectedModel.view.PoLineLocationsAllVOTest" id="0" time="0.0010">
    <artifact_tested name="oracle.apps.prc.po.commonPo.protectedModel.view.PoLineLocationsAllVO" type="ADFVO" />
  </testcase>
  <testcase name="invokeVORowImplAttributeGetter[ReceiveCloseTolerance]" classname="oracle.apps.prc.po.commonPo.protectedModel.view.PoLineLocationsAllVOTest" id="0" time="0.0010">
    <artifact_tested name="oracle.apps.prc.po.commonPo.protectedModel.view.PoLineLocationsAllVO" type="ADFVO" />
  </testcase>
  <testcase name="invokeVORowImplAttributeGetter[ShipToOrganizationId]" classname="oracle.apps.prc.po.commonPo.protectedModel.view.PoLineLocationsAllVOTest" id="0" time="0.0010">
    <artifact_tested name="oracle.apps.prc.po.commonPo.protectedModel.view.PoLineLocationsAllVO" type="ADFVO" />
  </testcase>
  <testcase name="invokeVORowImplAttributeGetter[ShipmentNum]" classname="oracle.apps.prc.po.commonPo.protectedModel.view.PoLineLocationsAllVOTest" id="0" time="0.0010">
    <artifact_tested name="oracle.apps.prc.po.commonPo.protectedModel.view.PoLineLocationsAllVO" type="ADFVO" />
  </testcase>
  <testcase name="invokeVORowImplAttributeGetter[SourceShipmentId]" classname="oracle.apps.prc.po.commonPo.protectedModel.view.PoLineLocationsAllVOTest" id="0" time="0.0010">
    <artifact_tested name="oracle.apps.prc.po.commonPo.protectedModel.view.PoLineLocationsAllVO" type="ADFVO" />
  </testcase>
  <testcase name="invokeVORowImplAttributeGetter[ShipmentType]" classname="oracle.apps.prc.po.commonPo.protectedModel.view.PoLineLocationsAllVOTest" id="0" time="0.0010">
    <artifact_tested name="oracle.apps.prc.po.commonPo.protectedModel.view.PoLineLocationsAllVO" type="ADFVO" />
  </testcase>
  <testcase name="invokeVORowImplAttributeGetter[RequestId]" classname="oracle.apps.prc.po.commonPo.protectedModel.view.PoLineLocationsAllVOTest" id="0" time="0.0">
    <artifact_tested name="oracle.apps.prc.po.commonPo.protectedModel.view.PoLineLocationsAllVO" type="ADFVO" />
  </testcase>
  <testcase name="invokeVORowImplAttributeGetter[ProgramName]" classname="oracle.apps.prc.po.commonPo.protectedModel.view.PoLineLocationsAllVOTest" id="0" time="0.0">
    <artifact_tested name="oracle.apps.prc.po.commonPo.protectedModel.view.PoLineLocationsAllVO" type="ADFVO" />
  </testcase>
  <testcase name="invokeVORowImplAttributeGetter[ProgramAppName]" classname="oracle.apps.prc.po.commonPo.protectedModel.view.PoLineLocationsAllVOTest" id="0" time="0.0010">
    <artifact_tested name="oracle.apps.prc.po.commonPo.protectedModel.view.PoLineLocationsAllVO" type="ADFVO" />
  </testcase>
  <testcase name="invokeVORowImplAttributeGetter[GovernmentContext]" classname="oracle.apps.prc.po.commonPo.protectedModel.view.PoLineLocationsAllVOTest" id="0" time="0.0">
    <artifact_tested name="oracle.apps.prc.po.commonPo.protectedModel.view.PoLineLocationsAllVO" type="ADFVO" />
  </testcase>
  <testcase name="invokeVORowImplAttributeGetter[ReceivingRoutingId]" classname="oracle.apps.prc.po.commonPo.protectedModel.view.PoLineLocationsAllVOTest" id="0" time="0.0">
    <artifact_tested name="oracle.apps.prc.po.commonPo.protectedModel.view.PoLineLocationsAllVO" type="ADFVO" />
  </testcase>
  <testcase name="invokeVORowImplAttributeGetter[AccrueOnReceiptFlag]" classname="oracle.apps.prc.po.commonPo.protectedModel.view.PoLineLocationsAllVOTest" id="0" time="0.0010">
    <artifact_tested name="oracle.apps.prc.po.commonPo.protectedModel.view.PoLineLocationsAllVO" type="ADFVO" />
  </testcase>
  <testcase name="invokeVORowImplAttributeGetter[ClosedReason]" classname="oracle.apps.prc.po.commonPo.protectedModel.view.PoLineLocationsAllVOTest" id="0" time="0.0">
    <artifact_tested name="oracle.apps.prc.po.commonPo.protectedModel.view.PoLineLocationsAllVO" type="ADFVO" />
  </testcase>
  <testcase name="invokeVORowImplAttributeGetter[ClosedDate]" classname="oracle.apps.prc.po.commonPo.protectedModel.view.PoLineLocationsAllVOTest" id="0" time="0.0010">
    <artifact_tested name="oracle.apps.prc.po.commonPo.protectedModel.view.PoLineLocationsAllVO" type="ADFVO" />
  </testcase>
  <testcase name="invokeVORowImplAttributeGetter[ClosedBy]" classname="oracle.apps.prc.po.commonPo.protectedModel.view.PoLineLocationsAllVOTest" id="0" time="0.0010">
    <artifact_tested name="oracle.apps.prc.po.commonPo.protectedModel.view.PoLineLocationsAllVO" type="ADFVO" />
  </testcase>
  <testcase name="invokeVORowImplAttributeGetter[QuantityShipped]" classname="oracle.apps.prc.po.commonPo.protectedModel.view.PoLineLocationsAllVOTest" id="0" time="0.0">
    <artifact_tested name="oracle.apps.prc.po.commonPo.protectedModel.view.PoLineLocationsAllVO" type="ADFVO" />
  </testcase>
  <testcase name="invokeVORowImplAttributeGetter[GlobalAttributeCategory]" classname="oracle.apps.prc.po.commonPo.protectedModel.view.PoLineLocationsAllVOTest" id="0" time="0.0010">
    <artifact_tested name="oracle.apps.prc.po.commonPo.protectedModel.view.PoLineLocationsAllVO" type="ADFVO" />
  </testcase>
  <testcase name="invokeVORowImplAttributeGetter[GlobalAttribute1]" classname="oracle.apps.prc.po.commonPo.protectedModel.view.PoLineLocationsAllVOTest" id="0" time="0.0010">
    <artifact_tested name="oracle.apps.prc.po.commonPo.protectedModel.view.PoLineLocationsAllVO" type="ADFVO" />
  </testcase>
  <testcase name="invokeVORowImplAttributeGetter[GlobalAttribute2]" classname="oracle.apps.prc.po.commonPo.protectedModel.view.PoLineLocationsAllVOTest" id="0" time="0.0">
    <artifact_tested name="oracle.apps.prc.po.commonPo.protectedModel.view.PoLineLocationsAllVO" type="ADFVO" />
  </testcase>
  <testcase name="invokeVORowImplAttributeGetter[GlobalAttribute3]" classname="oracle.apps.prc.po.commonPo.protectedModel.view.PoLineLocationsAllVOTest" id="0" time="0.0010">
    <artifact_tested name="oracle.apps.prc.po.commonPo.protectedModel.view.PoLineLocationsAllVO" type="ADFVO" />
  </testcase>
  <testcase name="invokeVORowImplAttributeGetter[GlobalAttribute4]" classname="oracle.apps.prc.po.commonPo.protectedModel.view.PoLineLocationsAllVOTest" id="0" time="0.0010">
    <artifact_tested name="oracle.apps.prc.po.commonPo.protectedModel.view.PoLineLocationsAllVO" type="ADFVO" />
  </testcase>
  <testcase name="invokeVORowImplAttributeGetter[GlobalAttribute5]" classname="oracle.apps.prc.po.commonPo.protectedModel.view.PoLineLocationsAllVOTest" id="0" time="0.0010">
    <artifact_tested name="oracle.apps.prc.po.commonPo.protectedModel.view.PoLineLocationsAllVO" type="ADFVO" />
  </testcase>
  <testcase name="invokeVORowImplAttributeGetter[GlobalAttribute6]" classname="oracle.apps.prc.po.commonPo.protectedModel.view.PoLineLocationsAllVOTest" id="0" time="0.0">
    <artifact_tested name="oracle.apps.prc.po.commonPo.protectedModel.view.PoLineLocationsAllVO" type="ADFVO" />
  </testcase>
  <testcase name="invokeVORowImplAttributeGetter[GlobalAttribute7]" classname="oracle.apps.prc.po.commonPo.protectedModel.view.PoLineLocationsAllVOTest" id="0" time="0.0010">
    <artifact_tested name="oracle.apps.prc.po.commonPo.protectedModel.view.PoLineLocationsAllVO" type="ADFVO" />
  </testcase>
  <testcase name="invokeVORowImplAttributeGetter[GlobalAttribute8]" classname="oracle.apps.prc.po.commonPo.protectedModel.view.PoLineLocationsAllVOTest" id="0" time="0.0">
    <artifact_tested name="oracle.apps.prc.po.commonPo.protectedModel.view.PoLineLocationsAllVO" type="ADFVO" />
  </testcase>
  <testcase name="invokeVORowImplAttributeGetter[GlobalAttribute9]" classname="oracle.apps.prc.po.commonPo.protectedModel.view.PoLineLocationsAllVOTest" id="0" time="0.0010">
    <artifact_tested name="oracle.apps.prc.po.commonPo.protectedModel.view.PoLineLocationsAllVO" type="ADFVO" />
  </testcase>
  <testcase name="invokeVORowImplAttributeGetter[GlobalAttribute10]" classname="oracle.apps.prc.po.commonPo.protectedModel.view.PoLineLocationsAllVOTest" id="0" time="0.0010">
    <artifact_tested name="oracle.apps.prc.po.commonPo.protectedModel.view.PoLineLocationsAllVO" type="ADFVO" />
  </testcase>
  <testcase name="invokeVORowImplAttributeGetter[GlobalAttribute11]" classname="oracle.apps.prc.po.commonPo.protectedModel.view.PoLineLocationsAllVOTest" id="0" time="0.0010">
    <artifact_tested name="oracle.apps.prc.po.commonPo.protectedModel.view.PoLineLocationsAllVO" type="ADFVO" />
  </testcase>
  <testcase name="invokeVORowImplAttributeGetter[GlobalAttribute12]" classname="oracle.apps.prc.po.commonPo.protectedModel.view.PoLineLocationsAllVOTest" id="0" time="0.0010">
    <artifact_tested name="oracle.apps.prc.po.commonPo.protectedModel.view.PoLineLocationsAllVO" type="ADFVO" />
  </testcase>
  <testcase name="invokeVORowImplAttributeGetter[GlobalAttribute13]" classname="oracle.apps.prc.po.commonPo.protectedModel.view.PoLineLocationsAllVOTest" id="0" time="0.0">
    <artifact_tested name="oracle.apps.prc.po.commonPo.protectedModel.view.PoLineLocationsAllVO" type="ADFVO" />
  </testcase>
  <testcase name="invokeVORowImplAttributeGetter[GlobalAttribute14]" classname="oracle.apps.prc.po.commonPo.protectedModel.view.PoLineLocationsAllVOTest" id="0" time="0.0010">
    <artifact_tested name="oracle.apps.prc.po.commonPo.protectedModel.view.PoLineLocationsAllVO" type="ADFVO" />
  </testcase>
  <testcase name="invokeVORowImplAttributeGetter[GlobalAttribute15]" classname="oracle.apps.prc.po.commonPo.protectedModel.view.PoLineLocationsAllVOTest" id="0" time="0.0">
    <artifact_tested name="oracle.apps.prc.po.commonPo.protectedModel.view.PoLineLocationsAllVO" type="ADFVO" />
  </testcase>
  <testcase name="invokeVORowImplAttributeGetter[GlobalAttribute16]" classname="oracle.apps.prc.po.commonPo.protectedModel.view.PoLineLocationsAllVOTest" id="0" time="0.0">
    <artifact_tested name="oracle.apps.prc.po.commonPo.protectedModel.view.PoLineLocationsAllVO" type="ADFVO" />
  </testcase>
  <testcase name="invokeVORowImplAttributeGetter[GlobalAttribute17]" classname="oracle.apps.prc.po.commonPo.protectedModel.view.PoLineLocationsAllVOTest" id="0" time="0.0010">
    <artifact_tested name="oracle.apps.prc.po.commonPo.protectedModel.view.PoLineLocationsAllVO" type="ADFVO" />
  </testcase>
  <testcase name="invokeVORowImplAttributeGetter[GlobalAttribute18]" classname="oracle.apps.prc.po.commonPo.protectedModel.view.PoLineLocationsAllVOTest" id="0" time="0.0">
    <artifact_tested name="oracle.apps.prc.po.commonPo.protectedModel.view.PoLineLocationsAllVO" type="ADFVO" />
  </testcase>
  <testcase name="invokeVORowImplAttributeGetter[GlobalAttribute19]" classname="oracle.apps.prc.po.commonPo.protectedModel.view.PoLineLocationsAllVOTest" id="0" time="0.0">
    <artifact_tested name="oracle.apps.prc.po.commonPo.protectedModel.view.PoLineLocationsAllVO" type="ADFVO" />
  </testcase>
  <testcase name="invokeVORowImplAttributeGetter[GlobalAttribute20]" classname="oracle.apps.prc.po.commonPo.protectedModel.view.PoLineLocationsAllVOTest" id="0" time="0.0">
    <artifact_tested name="oracle.apps.prc.po.commonPo.protectedModel.view.PoLineLocationsAllVO" type="ADFVO" />
  </testcase>
  <testcase name="invokeVORowImplAttributeGetter[CountryOfOriginCode]" classname="oracle.apps.prc.po.commonPo.protectedModel.view.PoLineLocationsAllVOTest" id="0" time="0.0010">
    <artifact_tested name="oracle.apps.prc.po.commonPo.protectedModel.view.PoLineLocationsAllVO" type="ADFVO" />
  </testcase>
  <testcase name="invokeVORowImplAttributeGetter[TaxUserOverrideFlag]" classname="oracle.apps.prc.po.commonPo.protectedModel.view.PoLineLocationsAllVOTest" id="0" time="0.0010">
    <artifact_tested name="oracle.apps.prc.po.commonPo.protectedModel.view.PoLineLocationsAllVO" type="ADFVO" />
  </testcase>
  <testcase name="invokeVORowImplAttributeGetter[MatchOption]" classname="oracle.apps.prc.po.commonPo.protectedModel.view.PoLineLocationsAllVOTest" id="0" time="0.0010">
    <artifact_tested name="oracle.apps.prc.po.commonPo.protectedModel.view.PoLineLocationsAllVO" type="ADFVO" />
  </testcase>
  <testcase name="invokeVORowImplAttributeGetter[TaxCodeId]" classname="oracle.apps.prc.po.commonPo.protectedModel.view.PoLineLocationsAllVOTest" id="0" time="0.0010">
    <artifact_tested name="oracle.apps.prc.po.commonPo.protectedModel.view.PoLineLocationsAllVO" type="ADFVO" />
  </testcase>
  <testcase name="invokeVORowImplAttributeGetter[CalculateTaxFlag]" classname="oracle.apps.prc.po.commonPo.protectedModel.view.PoLineLocationsAllVOTest" id="0" time="0.0010">
    <artifact_tested name="oracle.apps.prc.po.commonPo.protectedModel.view.PoLineLocationsAllVO" type="ADFVO" />
  </testcase>
  <testcase name="invokeVORowImplAttributeGetter[ChangePromisedDateReason]" classname="oracle.apps.prc.po.commonPo.protectedModel.view.PoLineLocationsAllVOTest" id="0" time="0.0">
    <artifact_tested name="oracle.apps.prc.po.commonPo.protectedModel.view.PoLineLocationsAllVO" type="ADFVO" />
  </testcase>
  <testcase name="invokeVORowImplAttributeGetter[NoteToReceiver]" classname="oracle.apps.prc.po.commonPo.protectedModel.view.PoLineLocationsAllVOTest" id="0" time="0.0">
    <artifact_tested name="oracle.apps.prc.po.commonPo.protectedModel.view.PoLineLocationsAllVO" type="ADFVO" />
  </testcase>
  <testcase name="invokeVORowImplAttributeGetter[SecondaryQuantity]" classname="oracle.apps.prc.po.commonPo.protectedModel.view.PoLineLocationsAllVOTest" id="0" time="0.0010">
    <artifact_tested name="oracle.apps.prc.po.commonPo.protectedModel.view.PoLineLocationsAllVO" type="ADFVO" />
  </testcase>
  <testcase name="invokeVORowImplAttributeGetter[PreferredGrade]" classname="oracle.apps.prc.po.commonPo.protectedModel.view.PoLineLocationsAllVOTest" id="0" time="0.0">
    <artifact_tested name="oracle.apps.prc.po.commonPo.protectedModel.view.PoLineLocationsAllVO" type="ADFVO" />
  </testcase>
  <testcase name="invokeVORowImplAttributeGetter[SecondaryQuantityReceived]" classname="oracle.apps.prc.po.commonPo.protectedModel.view.PoLineLocationsAllVOTest" id="0" time="0.0">
    <artifact_tested name="oracle.apps.prc.po.commonPo.protectedModel.view.PoLineLocationsAllVO" type="ADFVO" />
  </testcase>
  <testcase name="invokeVORowImplAttributeGetter[SecondaryQuantityAccepted]" classname="oracle.apps.prc.po.commonPo.protectedModel.view.PoLineLocationsAllVOTest" id="0" time="0.0010">
    <artifact_tested name="oracle.apps.prc.po.commonPo.protectedModel.view.PoLineLocationsAllVO" type="ADFVO" />
  </testcase>
  <testcase name="invokeVORowImplAttributeGetter[SecondaryQuantityRejected]" classname="oracle.apps.prc.po.commonPo.protectedModel.view.PoLineLocationsAllVOTest" id="0" time="0.0010">
    <artifact_tested name="oracle.apps.prc.po.commonPo.protectedModel.view.PoLineLocationsAllVO" type="ADFVO" />
  </testcase>
  <testcase name="invokeVORowImplAttributeGetter[SecondaryQuantityCancelled]" classname="oracle.apps.prc.po.commonPo.protectedModel.view.PoLineLocationsAllVOTest" id="0" time="0.0010">
    <artifact_tested name="oracle.apps.prc.po.commonPo.protectedModel.view.PoLineLocationsAllVO" type="ADFVO" />
  </testcase>
  <testcase name="invokeVORowImplAttributeGetter[VmiFlag]" classname="oracle.apps.prc.po.commonPo.protectedModel.view.PoLineLocationsAllVOTest" id="0" time="0.0010">
    <artifact_tested name="oracle.apps.prc.po.commonPo.protectedModel.view.PoLineLocationsAllVO" type="ADFVO" />
  </testcase>
  <testcase name="invokeVORowImplAttributeGetter[ConsignedFlag]" classname="oracle.apps.prc.po.commonPo.protectedModel.view.PoLineLocationsAllVOTest" id="0" time="0.0010">
    <artifact_tested name="oracle.apps.prc.po.commonPo.protectedModel.view.PoLineLocationsAllVO" type="ADFVO" />
  </testcase>
  <testcase name="invokeVORowImplAttributeGetter[RetroactiveDate]" classname="oracle.apps.prc.po.commonPo.protectedModel.view.PoLineLocationsAllVOTest" id="0" time="0.0010">
    <artifact_tested name="oracle.apps.prc.po.commonPo.protectedModel.view.PoLineLocationsAllVO" type="ADFVO" />
  </testcase>
  <testcase name="invokeVORowImplAttributeGetter[SupplierOrderLineNumber]" classname="oracle.apps.prc.po.commonPo.protectedModel.view.PoLineLocationsAllVOTest" id="0" time="0.0010">
    <artifact_tested name="oracle.apps.prc.po.commonPo.protectedModel.view.PoLineLocationsAllVO" type="ADFVO" />
  </testcase>
  <testcase name="invokeVORowImplAttributeGetter[Amount]" classname="oracle.apps.prc.po.commonPo.protectedModel.view.PoLineLocationsAllVOTest" id="0" time="0.0">
    <artifact_tested name="oracle.apps.prc.po.commonPo.protectedModel.view.PoLineLocationsAllVO" type="ADFVO" />
  </testcase>
  <testcase name="invokeVORowImplAttributeGetter[AmountReceived]" classname="oracle.apps.prc.po.commonPo.protectedModel.view.PoLineLocationsAllVOTest" id="0" time="0.0">
    <artifact_tested name="oracle.apps.prc.po.commonPo.protectedModel.view.PoLineLocationsAllVO" type="ADFVO" />
  </testcase>
  <testcase name="invokeVORowImplAttributeGetter[AmountBilled]" classname="oracle.apps.prc.po.commonPo.protectedModel.view.PoLineLocationsAllVOTest" id="0" time="0.0">
    <artifact_tested name="oracle.apps.prc.po.commonPo.protectedModel.view.PoLineLocationsAllVO" type="ADFVO" />
  </testcase>
  <testcase name="invokeVORowImplAttributeGetter[AmountCancelled]" classname="oracle.apps.prc.po.commonPo.protectedModel.view.PoLineLocationsAllVOTest" id="0" time="0.0010">
    <artifact_tested name="oracle.apps.prc.po.commonPo.protectedModel.view.PoLineLocationsAllVO" type="ADFVO" />
  </testcase>
  <testcase name="invokeVORowImplAttributeGetter[AmountRejected]" classname="oracle.apps.prc.po.commonPo.protectedModel.view.PoLineLocationsAllVOTest" id="0" time="0.0010">
    <artifact_tested name="oracle.apps.prc.po.commonPo.protectedModel.view.PoLineLocationsAllVO" type="ADFVO" />
  </testcase>
  <testcase name="invokeVORowImplAttributeGetter[AmountAccepted]" classname="oracle.apps.prc.po.commonPo.protectedModel.view.PoLineLocationsAllVOTest" id="0" time="0.0">
    <artifact_tested name="oracle.apps.prc.po.commonPo.protectedModel.view.PoLineLocationsAllVO" type="ADFVO" />
  </testcase>
  <testcase name="invokeVORowImplAttributeGetter[SalesOrderUpdateDate]" classname="oracle.apps.prc.po.commonPo.protectedModel.view.PoLineLocationsAllVOTest" id="0" time="0.0010">
    <artifact_tested name="oracle.apps.prc.po.commonPo.protectedModel.view.PoLineLocationsAllVO" type="ADFVO" />
  </testcase>
  <testcase name="invokeVORowImplAttributeGetter[TransactionFlowHeaderId]" classname="oracle.apps.prc.po.commonPo.protectedModel.view.PoLineLocationsAllVOTest" id="0" time="0.0010">
    <artifact_tested name="oracle.apps.prc.po.commonPo.protectedModel.view.PoLineLocationsAllVO" type="ADFVO" />
  </testcase>
  <testcase name="invokeVORowImplAttributeGetter[SecondaryQuantityShipped]" classname="oracle.apps.prc.po.commonPo.protectedModel.view.PoLineLocationsAllVOTest" id="0" time="0.0">
    <artifact_tested name="oracle.apps.prc.po.commonPo.protectedModel.view.PoLineLocationsAllVO" type="ADFVO" />
  </testcase>
  <testcase name="invokeVORowImplAttributeGetter[FinalMatchFlag]" classname="oracle.apps.prc.po.commonPo.protectedModel.view.PoLineLocationsAllVOTest" id="0" time="0.0010">
    <artifact_tested name="oracle.apps.prc.po.commonPo.protectedModel.view.PoLineLocationsAllVO" type="ADFVO" />
  </testcase>
  <testcase name="invokeVORowImplAttributeGetter[ManualPriceChangeFlag]" classname="oracle.apps.prc.po.commonPo.protectedModel.view.PoLineLocationsAllVOTest" id="0" time="0.0010">
    <artifact_tested name="oracle.apps.prc.po.commonPo.protectedModel.view.PoLineLocationsAllVO" type="ADFVO" />
  </testcase>
  <testcase name="invokeVORowImplAttributeGetter[ShipmentClosedDate]" classname="oracle.apps.prc.po.commonPo.protectedModel.view.PoLineLocationsAllVOTest" id="0" time="0.0010">
    <artifact_tested name="oracle.apps.prc.po.commonPo.protectedModel.view.PoLineLocationsAllVO" type="ADFVO" />
  </testcase>
  <testcase name="invokeVORowImplAttributeGetter[ClosedForReceivingDate]" classname="oracle.apps.prc.po.commonPo.protectedModel.view.PoLineLocationsAllVOTest" id="0" time="0.0010">
    <artifact_tested name="oracle.apps.prc.po.commonPo.protectedModel.view.PoLineLocationsAllVO" type="ADFVO" />
  </testcase>
  <testcase name="invokeVORowImplAttributeGetter[ClosedForInvoiceDate]" classname="oracle.apps.prc.po.commonPo.protectedModel.view.PoLineLocationsAllVOTest" id="0" time="0.0010">
    <artifact_tested name="oracle.apps.prc.po.commonPo.protectedModel.view.PoLineLocationsAllVO" type="ADFVO" />
  </testcase>
  <testcase name="invokeVORowImplAttributeGetter[ValueBasis]" classname="oracle.apps.prc.po.commonPo.protectedModel.view.PoLineLocationsAllVOTest" id="0" time="0.0">
    <artifact_tested name="oracle.apps.prc.po.commonPo.protectedModel.view.PoLineLocationsAllVO" type="ADFVO" />
  </testcase>
  <testcase name="invokeVORowImplAttributeGetter[MatchingBasis]" classname="oracle.apps.prc.po.commonPo.protectedModel.view.PoLineLocationsAllVOTest" id="0" time="0.0010">
    <artifact_tested name="oracle.apps.prc.po.commonPo.protectedModel.view.PoLineLocationsAllVO" type="ADFVO" />
  </testcase>
  <testcase name="invokeVORowImplAttributeGetter[PaymentType]" classname="oracle.apps.prc.po.commonPo.protectedModel.view.PoLineLocationsAllVOTest" id="0" time="0.0010">
    <artifact_tested name="oracle.apps.prc.po.commonPo.protectedModel.view.PoLineLocationsAllVO" type="ADFVO" />
  </testcase>
  <testcase name="invokeVORowImplAttributeGetter[GroupName]" classname="oracle.apps.prc.po.commonPo.protectedModel.view.PoLineLocationsAllVOTest" id="0" time="0.0">
    <artifact_tested name="oracle.apps.prc.po.commonPo.protectedModel.view.PoLineLocationsAllVO" type="ADFVO" />
  </testcase>
  <testcase name="invokeVORowImplAttributeGetter[Description]" classname="oracle.apps.prc.po.commonPo.protectedModel.view.PoLineLocationsAllVOTest" id="0" time="0.0010">
    <artifact_tested name="oracle.apps.prc.po.commonPo.protectedModel.view.PoLineLocationsAllVO" type="ADFVO" />
  </testcase>
  <testcase name="invokeVORowImplAttributeGetter[WorkApproverId]" classname="oracle.apps.prc.po.commonPo.protectedModel.view.PoLineLocationsAllVOTest" id="0" time="0.0010">
    <artifact_tested name="oracle.apps.prc.po.commonPo.protectedModel.view.PoLineLocationsAllVO" type="ADFVO" />
  </testcase>
  <testcase name="invokeVORowImplAttributeGetter[BidPaymentId]" classname="oracle.apps.prc.po.commonPo.protectedModel.view.PoLineLocationsAllVOTest" id="0" time="0.0">
    <artifact_tested name="oracle.apps.prc.po.commonPo.protectedModel.view.PoLineLocationsAllVO" type="ADFVO" />
  </testcase>
  <testcase name="invokeVORowImplAttributeGetter[QuantityFinanced]" classname="oracle.apps.prc.po.commonPo.protectedModel.view.PoLineLocationsAllVOTest" id="0" time="0.0010">
    <artifact_tested name="oracle.apps.prc.po.commonPo.protectedModel.view.PoLineLocationsAllVO" type="ADFVO" />
  </testcase>
  <testcase name="invokeVORowImplAttributeGetter[AmountFinanced]" classname="oracle.apps.prc.po.commonPo.protectedModel.view.PoLineLocationsAllVOTest" id="0" time="0.0010">
    <artifact_tested name="oracle.apps.prc.po.commonPo.protectedModel.view.PoLineLocationsAllVO" type="ADFVO" />
  </testcase>
  <testcase name="invokeVORowImplAttributeGetter[QuantityRecouped]" classname="oracle.apps.prc.po.commonPo.protectedModel.view.PoLineLocationsAllVOTest" id="0" time="0.0010">
    <artifact_tested name="oracle.apps.prc.po.commonPo.protectedModel.view.PoLineLocationsAllVO" type="ADFVO" />
  </testcase>
  <testcase name="invokeVORowImplAttributeGetter[AmountRecouped]" classname="oracle.apps.prc.po.commonPo.protectedModel.view.PoLineLocationsAllVOTest" id="0" time="0.0010">
    <artifact_tested name="oracle.apps.prc.po.commonPo.protectedModel.view.PoLineLocationsAllVO" type="ADFVO" />
  </testcase>
  <testcase name="invokeVORowImplAttributeGetter[RetainageWithheldAmount]" classname="oracle.apps.prc.po.commonPo.protectedModel.view.PoLineLocationsAllVOTest" id="0" time="0.0010">
    <artifact_tested name="oracle.apps.prc.po.commonPo.protectedModel.view.PoLineLocationsAllVO" type="ADFVO" />
  </testcase>
  <testcase name="invokeVORowImplAttributeGetter[RetainageReleasedAmount]" classname="oracle.apps.prc.po.commonPo.protectedModel.view.PoLineLocationsAllVOTest" id="0" time="0.0010">
    <artifact_tested name="oracle.apps.prc.po.commonPo.protectedModel.view.PoLineLocationsAllVO" type="ADFVO" />
  </testcase>
  <testcase name="invokeVORowImplAttributeGetter[AmountShipped]" classname="oracle.apps.prc.po.commonPo.protectedModel.view.PoLineLocationsAllVOTest" id="0" time="0.0010">
    <artifact_tested name="oracle.apps.prc.po.commonPo.protectedModel.view.PoLineLocationsAllVO" type="ADFVO" />
  </testcase>
  <testcase name="invokeVORowImplAttributeGetter[OutsourcedAssembly]" classname="oracle.apps.prc.po.commonPo.protectedModel.view.PoLineLocationsAllVOTest" id="0" time="0.0010">
    <artifact_tested name="oracle.apps.prc.po.commonPo.protectedModel.view.PoLineLocationsAllVO" type="ADFVO" />
  </testcase>
  <testcase name="invokeVORowImplAttributeGetter[TaxAttributeUpdateCode]" classname="oracle.apps.prc.po.commonPo.protectedModel.view.PoLineLocationsAllVOTest" id="0" time="0.0">
    <artifact_tested name="oracle.apps.prc.po.commonPo.protectedModel.view.PoLineLocationsAllVO" type="ADFVO" />
  </testcase>
  <testcase name="invokeVORowImplAttributeGetter[OriginalShipmentId]" classname="oracle.apps.prc.po.commonPo.protectedModel.view.PoLineLocationsAllVOTest" id="0" time="0.0">
    <artifact_tested name="oracle.apps.prc.po.commonPo.protectedModel.view.PoLineLocationsAllVO" type="ADFVO" />
  </testcase>
  <testcase name="invokeVORowImplAttributeGetter[ObjectVersionNumber]" classname="oracle.apps.prc.po.commonPo.protectedModel.view.PoLineLocationsAllVOTest" id="0" time="0.0010">
    <artifact_tested name="oracle.apps.prc.po.commonPo.protectedModel.view.PoLineLocationsAllVO" type="ADFVO" />
  </testcase>
  <testcase name="invokeVORowImplAttributeGetter[CarrierId]" classname="oracle.apps.prc.po.commonPo.protectedModel.view.PoLineLocationsAllVOTest" id="0" time="0.0010">
    <artifact_tested name="oracle.apps.prc.po.commonPo.protectedModel.view.PoLineLocationsAllVO" type="ADFVO" />
  </testcase>
  <testcase name="invokeVORowImplAttributeGetter[JobDefinitionName]" classname="oracle.apps.prc.po.commonPo.protectedModel.view.PoLineLocationsAllVOTest" id="0" time="0.0010">
    <artifact_tested name="oracle.apps.prc.po.commonPo.protectedModel.view.PoLineLocationsAllVO" type="ADFVO" />
  </testcase>
  <testcase name="invokeVORowImplAttributeGetter[JobDefinitionPackage]" classname="oracle.apps.prc.po.commonPo.protectedModel.view.PoLineLocationsAllVOTest" id="0" time="0.0010">
    <artifact_tested name="oracle.apps.prc.po.commonPo.protectedModel.view.PoLineLocationsAllVO" type="ADFVO" />
  </testcase>
  <testcase name="invokeVORowImplAttributeGetter[ScheduleStatus]" classname="oracle.apps.prc.po.commonPo.protectedModel.view.PoLineLocationsAllVOTest" id="0" time="0.0">
    <artifact_tested name="oracle.apps.prc.po.commonPo.protectedModel.view.PoLineLocationsAllVO" type="ADFVO" />
  </testcase>
  <testcase name="invokeVORowImplAttributeGetter[UomCode]" classname="oracle.apps.prc.po.commonPo.protectedModel.view.PoLineLocationsAllVOTest" id="0" time="0.0010">
    <artifact_tested name="oracle.apps.prc.po.commonPo.protectedModel.view.PoLineLocationsAllVO" type="ADFVO" />
  </testcase>
  <testcase name="invokeVORowImplAttributeGetter[SecondaryUomCode]" classname="oracle.apps.prc.po.commonPo.protectedModel.view.PoLineLocationsAllVOTest" id="0" time="0.0">
    <artifact_tested name="oracle.apps.prc.po.commonPo.protectedModel.view.PoLineLocationsAllVO" type="ADFVO" />
  </testcase>
  <testcase name="invokeVORowImplAttributeGetter[DestinationTypeCode]" classname="oracle.apps.prc.po.commonPo.protectedModel.view.PoLineLocationsAllVOTest" id="0" time="0.0010">
    <artifact_tested name="oracle.apps.prc.po.commonPo.protectedModel.view.PoLineLocationsAllVO" type="ADFVO" />
  </testcase>
  <testcase name="invokeVORowImplAttributeGetter[PjcContextCategory]" classname="oracle.apps.prc.po.commonPo.protectedModel.view.PoLineLocationsAllVOTest" id="0" time="0.0010">
    <artifact_tested name="oracle.apps.prc.po.commonPo.protectedModel.view.PoLineLocationsAllVO" type="ADFVO" />
  </testcase>
  <testcase name="invokeVORowImplAttributeGetter[LastAcceptDate]" classname="oracle.apps.prc.po.commonPo.protectedModel.view.PoLineLocationsAllVOTest" id="0" time="0.0">
    <artifact_tested name="oracle.apps.prc.po.commonPo.protectedModel.view.PoLineLocationsAllVO" type="ADFVO" />
  </testcase>
  <testcase name="invokeVORowImplAttributeGetter[ProductFiscClassId]" classname="oracle.apps.prc.po.commonPo.protectedModel.view.PoLineLocationsAllVOTest" id="0" time="0.0">
    <artifact_tested name="oracle.apps.prc.po.commonPo.protectedModel.view.PoLineLocationsAllVO" type="ADFVO" />
  </testcase>
  <testcase name="invokeVORowImplAttributeGetter[LineIntendedUseId]" classname="oracle.apps.prc.po.commonPo.protectedModel.view.PoLineLocationsAllVOTest" id="0" time="0.0010">
    <artifact_tested name="oracle.apps.prc.po.commonPo.protectedModel.view.PoLineLocationsAllVO" type="ADFVO" />
  </testcase>
  <testcase name="invokeVORowImplAttributeGetter[Attribute20]" classname="oracle.apps.prc.po.commonPo.protectedModel.view.PoLineLocationsAllVOTest" id="0" time="0.0010">
    <artifact_tested name="oracle.apps.prc.po.commonPo.protectedModel.view.PoLineLocationsAllVO" type="ADFVO" />
  </testcase>
  <testcase name="invokeVORowImplAttributeGetter[Attribute17]" classname="oracle.apps.prc.po.commonPo.protectedModel.view.PoLineLocationsAllVOTest" id="0" time="0.0">
    <artifact_tested name="oracle.apps.prc.po.commonPo.protectedModel.view.PoLineLocationsAllVO" type="ADFVO" />
  </testcase>
  <testcase name="invokeVORowImplAttributeGetter[Attribute18]" classname="oracle.apps.prc.po.commonPo.protectedModel.view.PoLineLocationsAllVOTest" id="0" time="0.0010">
    <artifact_tested name="oracle.apps.prc.po.commonPo.protectedModel.view.PoLineLocationsAllVO" type="ADFVO" />
  </testcase>
  <testcase name="invokeVORowImplAttributeGetter[Attribute19]" classname="oracle.apps.prc.po.commonPo.protectedModel.view.PoLineLocationsAllVOTest" id="0" time="0.0010">
    <artifact_tested name="oracle.apps.prc.po.commonPo.protectedModel.view.PoLineLocationsAllVO" type="ADFVO" />
  </testcase>
  <testcase name="invokeVORowImplAttributeGetter[Attribute16]" classname="oracle.apps.prc.po.commonPo.protectedModel.view.PoLineLocationsAllVOTest" id="0" time="0.0">
    <artifact_tested name="oracle.apps.prc.po.commonPo.protectedModel.view.PoLineLocationsAllVO" type="ADFVO" />
  </testcase>
  <testcase name="invokeVORowImplAttributeGetter[AttributeDate1]" classname="oracle.apps.prc.po.commonPo.protectedModel.view.PoLineLocationsAllVOTest" id="0" time="0.0010">
    <artifact_tested name="oracle.apps.prc.po.commonPo.protectedModel.view.PoLineLocationsAllVO" type="ADFVO" />
  </testcase>
  <testcase name="invokeVORowImplAttributeGetter[AttributeDate10]" classname="oracle.apps.prc.po.commonPo.protectedModel.view.PoLineLocationsAllVOTest" id="0" time="0.0010">
    <artifact_tested name="oracle.apps.prc.po.commonPo.protectedModel.view.PoLineLocationsAllVO" type="ADFVO" />
  </testcase>
  <testcase name="invokeVORowImplAttributeGetter[AttributeDate2]" classname="oracle.apps.prc.po.commonPo.protectedModel.view.PoLineLocationsAllVOTest" id="0" time="0.0010">
    <artifact_tested name="oracle.apps.prc.po.commonPo.protectedModel.view.PoLineLocationsAllVO" type="ADFVO" />
  </testcase>
  <testcase name="invokeVORowImplAttributeGetter[AttributeDate3]" classname="oracle.apps.prc.po.commonPo.protectedModel.view.PoLineLocationsAllVOTest" id="0" time="0.0">
    <artifact_tested name="oracle.apps.prc.po.commonPo.protectedModel.view.PoLineLocationsAllVO" type="ADFVO" />
  </testcase>
  <testcase name="invokeVORowImplAttributeGetter[AttributeDate4]" classname="oracle.apps.prc.po.commonPo.protectedModel.view.PoLineLocationsAllVOTest" id="0" time="0.0010">
    <artifact_tested name="oracle.apps.prc.po.commonPo.protectedModel.view.PoLineLocationsAllVO" type="ADFVO" />
  </testcase>
  <testcase name="invokeVORowImplAttributeGetter[AttributeDate5]" classname="oracle.apps.prc.po.commonPo.protectedModel.view.PoLineLocationsAllVOTest" id="0" time="0.0">
    <artifact_tested name="oracle.apps.prc.po.commonPo.protectedModel.view.PoLineLocationsAllVO" type="ADFVO" />
  </testcase>
  <testcase name="invokeVORowImplAttributeGetter[AttributeDate6]" classname="oracle.apps.prc.po.commonPo.protectedModel.view.PoLineLocationsAllVOTest" id="0" time="0.0">
    <artifact_tested name="oracle.apps.prc.po.commonPo.protectedModel.view.PoLineLocationsAllVO" type="ADFVO" />
  </testcase>
  <testcase name="invokeVORowImplAttributeGetter[AttributeDate7]" classname="oracle.apps.prc.po.commonPo.protectedModel.view.PoLineLocationsAllVOTest" id="0" time="0.0010">
    <artifact_tested name="oracle.apps.prc.po.commonPo.protectedModel.view.PoLineLocationsAllVO" type="ADFVO" />
  </testcase>
  <testcase name="invokeVORowImplAttributeGetter[AttributeDate8]" classname="oracle.apps.prc.po.commonPo.protectedModel.view.PoLineLocationsAllVOTest" id="0" time="0.0010">
    <artifact_tested name="oracle.apps.prc.po.commonPo.protectedModel.view.PoLineLocationsAllVO" type="ADFVO" />
  </testcase>
  <testcase name="invokeVORowImplAttributeGetter[AttributeDate9]" classname="oracle.apps.prc.po.commonPo.protectedModel.view.PoLineLocationsAllVOTest" id="0" time="0.0010">
    <artifact_tested name="oracle.apps.prc.po.commonPo.protectedModel.view.PoLineLocationsAllVO" type="ADFVO" />
  </testcase>
  <testcase name="invokeVORowImplAttributeGetter[AttributeTimestamp1]" classname="oracle.apps.prc.po.commonPo.protectedModel.view.PoLineLocationsAllVOTest" id="0" time="0.0010">
    <artifact_tested name="oracle.apps.prc.po.commonPo.protectedModel.view.PoLineLocationsAllVO" type="ADFVO" />
  </testcase>
  <testcase name="invokeVORowImplAttributeGetter[AttributeTimestamp10]" classname="oracle.apps.prc.po.commonPo.protectedModel.view.PoLineLocationsAllVOTest" id="0" time="0.0010">
    <artifact_tested name="oracle.apps.prc.po.commonPo.protectedModel.view.PoLineLocationsAllVO" type="ADFVO" />
  </testcase>
  <testcase name="invokeVORowImplAttributeGetter[AttributeTimestamp2]" classname="oracle.apps.prc.po.commonPo.protectedModel.view.PoLineLocationsAllVOTest" id="0" time="0.0010">
    <artifact_tested name="oracle.apps.prc.po.commonPo.protectedModel.view.PoLineLocationsAllVO" type="ADFVO" />
  </testcase>
  <testcase name="invokeVORowImplAttributeGetter[AttributeTimestamp3]" classname="oracle.apps.prc.po.commonPo.protectedModel.view.PoLineLocationsAllVOTest" id="0" time="0.0010">
    <artifact_tested name="oracle.apps.prc.po.commonPo.protectedModel.view.PoLineLocationsAllVO" type="ADFVO" />
  </testcase>
  <testcase name="invokeVORowImplAttributeGetter[AttributeTimestamp4]" classname="oracle.apps.prc.po.commonPo.protectedModel.view.PoLineLocationsAllVOTest" id="0" time="0.0">
    <artifact_tested name="oracle.apps.prc.po.commonPo.protectedModel.view.PoLineLocationsAllVO" type="ADFVO" />
  </testcase>
  <testcase name="invokeVORowImplAttributeGetter[AttributeTimestamp5]" classname="oracle.apps.prc.po.commonPo.protectedModel.view.PoLineLocationsAllVOTest" id="0" time="0.0">
    <artifact_tested name="oracle.apps.prc.po.commonPo.protectedModel.view.PoLineLocationsAllVO" type="ADFVO" />
  </testcase>
  <testcase name="invokeVORowImplAttributeGetter[AttributeTimestamp6]" classname="oracle.apps.prc.po.commonPo.protectedModel.view.PoLineLocationsAllVOTest" id="0" time="0.0">
    <artifact_tested name="oracle.apps.prc.po.commonPo.protectedModel.view.PoLineLocationsAllVO" type="ADFVO" />
  </testcase>
  <testcase name="invokeVORowImplAttributeGetter[AttributeTimestamp7]" classname="oracle.apps.prc.po.commonPo.protectedModel.view.PoLineLocationsAllVOTest" id="0" time="0.0010">
    <artifact_tested name="oracle.apps.prc.po.commonPo.protectedModel.view.PoLineLocationsAllVO" type="ADFVO" />
  </testcase>
  <testcase name="invokeVORowImplAttributeGetter[AttributeTimestamp8]" classname="oracle.apps.prc.po.commonPo.protectedModel.view.PoLineLocationsAllVOTest" id="0" time="0.0010">
    <artifact_tested name="oracle.apps.prc.po.commonPo.protectedModel.view.PoLineLocationsAllVO" type="ADFVO" />
  </testcase>
  <testcase name="invokeVORowImplAttributeGetter[AttributeTimestamp9]" classname="oracle.apps.prc.po.commonPo.protectedModel.view.PoLineLocationsAllVOTest" id="0" time="0.0010">
    <artifact_tested name="oracle.apps.prc.po.commonPo.protectedModel.view.PoLineLocationsAllVO" type="ADFVO" />
  </testcase>
  <testcase name="invokeVORowImplAttributeGetter[AttributeNumber1]" classname="oracle.apps.prc.po.commonPo.protectedModel.view.PoLineLocationsAllVOTest" id="0" time="0.0010">
    <artifact_tested name="oracle.apps.prc.po.commonPo.protectedModel.view.PoLineLocationsAllVO" type="ADFVO" />
  </testcase>
  <testcase name="invokeVORowImplAttributeGetter[AttributeNumber10]" classname="oracle.apps.prc.po.commonPo.protectedModel.view.PoLineLocationsAllVOTest" id="0" time="0.0010">
    <artifact_tested name="oracle.apps.prc.po.commonPo.protectedModel.view.PoLineLocationsAllVO" type="ADFVO" />
  </testcase>
  <testcase name="invokeVORowImplAttributeGetter[AttributeNumber2]" classname="oracle.apps.prc.po.commonPo.protectedModel.view.PoLineLocationsAllVOTest" id="0" time="0.0010">
    <artifact_tested name="oracle.apps.prc.po.commonPo.protectedModel.view.PoLineLocationsAllVO" type="ADFVO" />
  </testcase>
  <testcase name="invokeVORowImplAttributeGetter[AttributeNumber3]" classname="oracle.apps.prc.po.commonPo.protectedModel.view.PoLineLocationsAllVOTest" id="0" time="0.0">
    <artifact_tested name="oracle.apps.prc.po.commonPo.protectedModel.view.PoLineLocationsAllVO" type="ADFVO" />
  </testcase>
  <testcase name="invokeVORowImplAttributeGetter[AttributeNumber4]" classname="oracle.apps.prc.po.commonPo.protectedModel.view.PoLineLocationsAllVOTest" id="0" time="0.0">
    <artifact_tested name="oracle.apps.prc.po.commonPo.protectedModel.view.PoLineLocationsAllVO" type="ADFVO" />
  </testcase>
  <testcase name="invokeVORowImplAttributeGetter[AttributeNumber5]" classname="oracle.apps.prc.po.commonPo.protectedModel.view.PoLineLocationsAllVOTest" id="0" time="0.0010">
    <artifact_tested name="oracle.apps.prc.po.commonPo.protectedModel.view.PoLineLocationsAllVO" type="ADFVO" />
  </testcase>
  <testcase name="invokeVORowImplAttributeGetter[AttributeNumber6]" classname="oracle.apps.prc.po.commonPo.protectedModel.view.PoLineLocationsAllVOTest" id="0" time="0.0">
    <artifact_tested name="oracle.apps.prc.po.commonPo.protectedModel.view.PoLineLocationsAllVO" type="ADFVO" />
  </testcase>
  <testcase name="invokeVORowImplAttributeGetter[AttributeNumber7]" classname="oracle.apps.prc.po.commonPo.protectedModel.view.PoLineLocationsAllVOTest" id="0" time="0.0010">
    <artifact_tested name="oracle.apps.prc.po.commonPo.protectedModel.view.PoLineLocationsAllVO" type="ADFVO" />
  </testcase>
  <testcase name="invokeVORowImplAttributeGetter[AttributeNumber8]" classname="oracle.apps.prc.po.commonPo.protectedModel.view.PoLineLocationsAllVOTest" id="0" time="0.0010">
    <artifact_tested name="oracle.apps.prc.po.commonPo.protectedModel.view.PoLineLocationsAllVO" type="ADFVO" />
  </testcase>
  <testcase name="invokeVORowImplAttributeGetter[AttributeNumber9]" classname="oracle.apps.prc.po.commonPo.protectedModel.view.PoLineLocationsAllVOTest" id="0" time="0.0010">
    <artifact_tested name="oracle.apps.prc.po.commonPo.protectedModel.view.PoLineLocationsAllVO" type="ADFVO" />
  </testcase>
  <testcase name="invokeVORowImplAttributeGetter[SfoAgreementLineNumber]" classname="oracle.apps.prc.po.commonPo.protectedModel.view.PoLineLocationsAllVOTest" id="0" time="0.0010">
    <artifact_tested name="oracle.apps.prc.po.commonPo.protectedModel.view.PoLineLocationsAllVO" type="ADFVO" />
  </testcase>
  <testcase name="invokeVORowImplAttributeGetter[SfoAgreementNumber]" classname="oracle.apps.prc.po.commonPo.protectedModel.view.PoLineLocationsAllVOTest" id="0" time="0.0010">
    <artifact_tested name="oracle.apps.prc.po.commonPo.protectedModel.view.PoLineLocationsAllVO" type="ADFVO" />
  </testcase>
  <testcase name="invokeVORowImplAttributeGetter[SfoPtrId]" classname="oracle.apps.prc.po.commonPo.protectedModel.view.PoLineLocationsAllVOTest" id="0" time="0.0010">
    <artifact_tested name="oracle.apps.prc.po.commonPo.protectedModel.view.PoLineLocationsAllVO" type="ADFVO" />
  </testcase>
  <testcase name="invokeVORowImplAttributeGetter[PoTradingOrganizationId]" classname="oracle.apps.prc.po.commonPo.protectedModel.view.PoLineLocationsAllVOTest" id="0" time="0.0">
    <artifact_tested name="oracle.apps.prc.po.commonPo.protectedModel.view.PoLineLocationsAllVO" type="ADFVO" />
  </testcase>
  <testcase name="invokeVORowImplAttributeGetter[BackToBackFlag]" classname="oracle.apps.prc.po.commonPo.protectedModel.view.PoLineLocationsAllVOTest" id="0" time="0.0010">
    <artifact_tested name="oracle.apps.prc.po.commonPo.protectedModel.view.PoLineLocationsAllVO" type="ADFVO" />
  </testcase>
  <testcase name="invokeVORowImplAttributeGetter[CustomerItem]" classname="oracle.apps.prc.po.commonPo.protectedModel.view.PoLineLocationsAllVOTest" id="0" time="0.0010">
    <artifact_tested name="oracle.apps.prc.po.commonPo.protectedModel.view.PoLineLocationsAllVO" type="ADFVO" />
  </testcase>
  <testcase name="invokeVORowImplAttributeGetter[CustomerItemDesc]" classname="oracle.apps.prc.po.commonPo.protectedModel.view.PoLineLocationsAllVOTest" id="0" time="0.0">
    <artifact_tested name="oracle.apps.prc.po.commonPo.protectedModel.view.PoLineLocationsAllVO" type="ADFVO" />
  </testcase>
  <testcase name="invokeVORowImplAttributeGetter[CustomerPoLineNumber]" classname="oracle.apps.prc.po.commonPo.protectedModel.view.PoLineLocationsAllVOTest" id="0" time="0.0010">
    <artifact_tested name="oracle.apps.prc.po.commonPo.protectedModel.view.PoLineLocationsAllVO" type="ADFVO" />
  </testcase>
  <testcase name="invokeVORowImplAttributeGetter[CustomerPoNumber]" classname="oracle.apps.prc.po.commonPo.protectedModel.view.PoLineLocationsAllVOTest" id="0" time="0.0">
    <artifact_tested name="oracle.apps.prc.po.commonPo.protectedModel.view.PoLineLocationsAllVO" type="ADFVO" />
  </testcase>
  <testcase name="invokeVORowImplAttributeGetter[CustomerPoScheduleNumber]" classname="oracle.apps.prc.po.commonPo.protectedModel.view.PoLineLocationsAllVOTest" id="0" time="0.0">
    <artifact_tested name="oracle.apps.prc.po.commonPo.protectedModel.view.PoLineLocationsAllVO" type="ADFVO" />
  </testcase>
  <testcase name="invokeVORowImplAttributeGetter[SalesOrderLineNumber]" classname="oracle.apps.prc.po.commonPo.protectedModel.view.PoLineLocationsAllVOTest" id="0" time="0.0010">
    <artifact_tested name="oracle.apps.prc.po.commonPo.protectedModel.view.PoLineLocationsAllVO" type="ADFVO" />
  </testcase>
  <testcase name="invokeVORowImplAttributeGetter[SalesOrderNumber]" classname="oracle.apps.prc.po.commonPo.protectedModel.view.PoLineLocationsAllVOTest" id="0" time="0.0010">
    <artifact_tested name="oracle.apps.prc.po.commonPo.protectedModel.view.PoLineLocationsAllVO" type="ADFVO" />
  </testcase>
  <testcase name="invokeVORowImplAttributeGetter[SalesOrderScheduleNumber]" classname="oracle.apps.prc.po.commonPo.protectedModel.view.PoLineLocationsAllVOTest" id="0" time="0.0">
    <artifact_tested name="oracle.apps.prc.po.commonPo.protectedModel.view.PoLineLocationsAllVO" type="ADFVO" />
  </testcase>
  <testcase name="invokeVORowImplAttributeGetter[ShipToCustContactId]" classname="oracle.apps.prc.po.commonPo.protectedModel.view.PoLineLocationsAllVOTest" id="0" time="0.0010">
    <artifact_tested name="oracle.apps.prc.po.commonPo.protectedModel.view.PoLineLocationsAllVO" type="ADFVO" />
  </testcase>
  <testcase name="invokeVORowImplAttributeGetter[ShipToCustId]" classname="oracle.apps.prc.po.commonPo.protectedModel.view.PoLineLocationsAllVOTest" id="0" time="0.0">
    <artifact_tested name="oracle.apps.prc.po.commonPo.protectedModel.view.PoLineLocationsAllVO" type="ADFVO" />
  </testcase>
  <testcase name="invokeVORowImplAttributeGetter[ShipToCustLocationId]" classname="oracle.apps.prc.po.commonPo.protectedModel.view.PoLineLocationsAllVOTest" id="0" time="0.0">
    <artifact_tested name="oracle.apps.prc.po.commonPo.protectedModel.view.PoLineLocationsAllVO" type="ADFVO" />
  </testcase>
  <testcase name="invokeVORowImplAttributeGetter[FundsStatus]" classname="oracle.apps.prc.po.commonPo.protectedModel.view.PoLineLocationsAllVOTest" id="0" time="0.0010">
    <artifact_tested name="oracle.apps.prc.po.commonPo.protectedModel.view.PoLineLocationsAllVO" type="ADFVO" />
  </testcase>
  <testcase name="invokeVORowImplAttributeGetter[ModeOfTransport]" classname="oracle.apps.prc.po.commonPo.protectedModel.view.PoLineLocationsAllVOTest" id="0" time="0.0010">
    <artifact_tested name="oracle.apps.prc.po.commonPo.protectedModel.view.PoLineLocationsAllVO" type="ADFVO" />
  </testcase>
  <testcase name="invokeVORowImplAttributeGetter[ServiceLevel]" classname="oracle.apps.prc.po.commonPo.protectedModel.view.PoLineLocationsAllVOTest" id="0" time="0.0">
    <artifact_tested name="oracle.apps.prc.po.commonPo.protectedModel.view.PoLineLocationsAllVO" type="ADFVO" />
  </testcase>
  <testcase name="invokeVORowImplAttributeGetter[RequestedShipDate]" classname="oracle.apps.prc.po.commonPo.protectedModel.view.PoLineLocationsAllVOTest" id="0" time="0.0010">
    <artifact_tested name="oracle.apps.prc.po.commonPo.protectedModel.view.PoLineLocationsAllVO" type="ADFVO" />
  </testcase>
  <testcase name="invokeVORowImplAttributeGetter[PromisedShipDate]" classname="oracle.apps.prc.po.commonPo.protectedModel.view.PoLineLocationsAllVOTest" id="0" time="0.0010">
    <artifact_tested name="oracle.apps.prc.po.commonPo.protectedModel.view.PoLineLocationsAllVO" type="ADFVO" />
  </testcase>
  <testcase name="invokeVORowImplAttributeGetter[CancelBudgetDate]" classname="oracle.apps.prc.po.commonPo.protectedModel.view.PoLineLocationsAllVOTest" id="0" time="0.0">
    <artifact_tested name="oracle.apps.prc.po.commonPo.protectedModel.view.PoLineLocationsAllVO" type="ADFVO" />
  </testcase>
  <testcase name="invokeVORowImplAttributeGetter[CancelBudgetDateOption]" classname="oracle.apps.prc.po.commonPo.protectedModel.view.PoLineLocationsAllVOTest" id="0" time="0.0010">
    <artifact_tested name="oracle.apps.prc.po.commonPo.protectedModel.view.PoLineLocationsAllVO" type="ADFVO" />
  </testcase>
  <testcase name="invokeVORowImplAttributeGetter[FinalDischargeLocationId]" classname="oracle.apps.prc.po.commonPo.protectedModel.view.PoLineLocationsAllVOTest" id="0" time="0.0">
    <artifact_tested name="oracle.apps.prc.po.commonPo.protectedModel.view.PoLineLocationsAllVO" type="ADFVO" />
  </testcase>
  <testcase name="invokeVORowImplAttributeGetter[FirmFlag]" classname="oracle.apps.prc.po.commonPo.protectedModel.view.PoLineLocationsAllVOTest" id="0" time="0.0010">
    <artifact_tested name="oracle.apps.prc.po.commonPo.protectedModel.view.PoLineLocationsAllVO" type="ADFVO" />
  </testcase>
</testsuite><testsuite name="oracle.apps.prc.po.commonPo.protectedModel.view.PurchasingDocumentTrxOsnVOTest" timestamp="2017-06-20T11:34:10" hostname="indl76040" family="NO_REGISTERED_LBA_FOR_JPR_NAME" initiative="prc_po_lrg" jpr="PrcPoCommonPoProtectedModelTest" label="" product="NO_REGISTERED_LBA_FOR_JPR_NAME" lba="NO_REGISTERED_LBA_FOR_JPR_NAME" tests="41" failures="0" errors="0" time="2.945" runId="0">
  <properties />
  <testcase name="testVOAccess" classname="oracle.apps.prc.po.commonPo.protectedModel.view.PurchasingDocumentTrxOsnVOTest" id="0" time="0.118">
    <artifact_tested name="oracle.apps.prc.po.commonPo.protectedModel.osn.view.PurchasingDocumentTrxOsnVO" type="ADFVO" />
  </testcase>
  <testcase name="invokeVORowImplAttributeGetter[SupplierSiteCode]" classname="oracle.apps.prc.po.commonPo.protectedModel.view.PurchasingDocumentTrxOsnVOTest" id="0" time="0.567">
    <artifact_tested name="oracle.apps.prc.po.commonPo.protectedModel.osn.view.PurchasingDocumentTrxOsnVO" type="ADFVO" />
  </testcase>
  <testcase name="invokeVORowImplAttributeGetter[SupplierNameTransient]" classname="oracle.apps.prc.po.commonPo.protectedModel.view.PurchasingDocumentTrxOsnVOTest" id="0" time="0.0010">
    <artifact_tested name="oracle.apps.prc.po.commonPo.protectedModel.osn.view.PurchasingDocumentTrxOsnVO" type="ADFVO" />
  </testcase>
  <testcase name="invokeVORowImplAttributeGetter[Buyer]" classname="oracle.apps.prc.po.commonPo.protectedModel.view.PurchasingDocumentTrxOsnVOTest" id="0" time="0.0">
    <artifact_tested name="oracle.apps.prc.po.commonPo.protectedModel.osn.view.PurchasingDocumentTrxOsnVO" type="ADFVO" />
  </testcase>
  <testcase name="invokeVORowImplAttributeGetter[SoldtoLeName]" classname="oracle.apps.prc.po.commonPo.protectedModel.view.PurchasingDocumentTrxOsnVOTest" id="0" time="0.0">
    <artifact_tested name="oracle.apps.prc.po.commonPo.protectedModel.osn.view.PurchasingDocumentTrxOsnVO" type="ADFVO" />
  </testcase>
  <testcase name="invokeVORowImplAttributeGetter[Total]" classname="oracle.apps.prc.po.commonPo.protectedModel.view.PurchasingDocumentTrxOsnVOTest" id="0" time="0.0">
    <artifact_tested name="oracle.apps.prc.po.commonPo.protectedModel.osn.view.PurchasingDocumentTrxOsnVO" type="ADFVO" />
  </testcase>
  <testcase name="invokeVORowImplAttributeGetter[Description]" classname="oracle.apps.prc.po.commonPo.protectedModel.view.PurchasingDocumentTrxOsnVOTest" id="0" time="0.0">
    <artifact_tested name="oracle.apps.prc.po.commonPo.protectedModel.osn.view.PurchasingDocumentTrxOsnVO" type="ADFVO" />
  </testcase>
  <testcase name="invokeVORowImplAttributeGetter[PoHeaderId]" classname="oracle.apps.prc.po.commonPo.protectedModel.view.PurchasingDocumentTrxOsnVOTest" id="0" time="0.0">
    <artifact_tested name="oracle.apps.prc.po.commonPo.protectedModel.osn.view.PurchasingDocumentTrxOsnVO" type="ADFVO" />
  </testcase>
  <testcase name="invokeVORowImplAttributeGetter[ObjectVersionNumber]" classname="oracle.apps.prc.po.commonPo.protectedModel.view.PurchasingDocumentTrxOsnVOTest" id="0" time="0.0">
    <artifact_tested name="oracle.apps.prc.po.commonPo.protectedModel.osn.view.PurchasingDocumentTrxOsnVO" type="ADFVO" />
  </testcase>
  <testcase name="invokeVORowImplAttributeGetter[CurrencyCode]" classname="oracle.apps.prc.po.commonPo.protectedModel.view.PurchasingDocumentTrxOsnVOTest" id="0" time="0.0010">
    <artifact_tested name="oracle.apps.prc.po.commonPo.protectedModel.osn.view.PurchasingDocumentTrxOsnVO" type="ADFVO" />
  </testcase>
  <testcase name="invokeVORowImplAttributeGetter[Segment1]" classname="oracle.apps.prc.po.commonPo.protectedModel.view.PurchasingDocumentTrxOsnVOTest" id="0" time="0.0">
    <artifact_tested name="oracle.apps.prc.po.commonPo.protectedModel.osn.view.PurchasingDocumentTrxOsnVO" type="ADFVO" />
  </testcase>
  <testcase name="invokeVORowImplAttributeGetter[VendorSiteId]" classname="oracle.apps.prc.po.commonPo.protectedModel.view.PurchasingDocumentTrxOsnVOTest" id="0" time="0.0">
    <artifact_tested name="oracle.apps.prc.po.commonPo.protectedModel.osn.view.PurchasingDocumentTrxOsnVO" type="ADFVO" />
  </testcase>
  <testcase name="invokeVORowImplAttributeGetter[ObjectVersionNumber1]" classname="oracle.apps.prc.po.commonPo.protectedModel.view.PurchasingDocumentTrxOsnVOTest" id="0" time="0.0010">
    <artifact_tested name="oracle.apps.prc.po.commonPo.protectedModel.osn.view.PurchasingDocumentTrxOsnVO" type="ADFVO" />
  </testcase>
  <testcase name="invokeVORowImplAttributeGetter[PartyId]" classname="oracle.apps.prc.po.commonPo.protectedModel.view.PurchasingDocumentTrxOsnVOTest" id="0" time="0.0">
    <artifact_tested name="oracle.apps.prc.po.commonPo.protectedModel.osn.view.PurchasingDocumentTrxOsnVO" type="ADFVO" />
  </testcase>
  <testcase name="invokeVORowImplAttributeGetter[PersonNameId]" classname="oracle.apps.prc.po.commonPo.protectedModel.view.PurchasingDocumentTrxOsnVOTest" id="0" time="0.0010">
    <artifact_tested name="oracle.apps.prc.po.commonPo.protectedModel.osn.view.PurchasingDocumentTrxOsnVO" type="ADFVO" />
  </testcase>
  <testcase name="invokeVORowImplAttributeGetter[EffectiveStartDate]" classname="oracle.apps.prc.po.commonPo.protectedModel.view.PurchasingDocumentTrxOsnVOTest" id="0" time="0.0">
    <artifact_tested name="oracle.apps.prc.po.commonPo.protectedModel.osn.view.PurchasingDocumentTrxOsnVO" type="ADFVO" />
  </testcase>
  <testcase name="invokeVORowImplAttributeGetter[EffectiveEndDate]" classname="oracle.apps.prc.po.commonPo.protectedModel.view.PurchasingDocumentTrxOsnVOTest" id="0" time="0.0">
    <artifact_tested name="oracle.apps.prc.po.commonPo.protectedModel.osn.view.PurchasingDocumentTrxOsnVO" type="ADFVO" />
  </testcase>
  <testcase name="invokeVORowImplAttributeGetter[ObjectVersionNumber2]" classname="oracle.apps.prc.po.commonPo.protectedModel.view.PurchasingDocumentTrxOsnVOTest" id="0" time="0.0010">
    <artifact_tested name="oracle.apps.prc.po.commonPo.protectedModel.osn.view.PurchasingDocumentTrxOsnVO" type="ADFVO" />
  </testcase>
  <testcase name="invokeVORowImplAttributeGetter[StyleName]" classname="oracle.apps.prc.po.commonPo.protectedModel.view.PurchasingDocumentTrxOsnVOTest" id="0" time="0.0020">
    <artifact_tested name="oracle.apps.prc.po.commonPo.protectedModel.osn.view.PurchasingDocumentTrxOsnVO" type="ADFVO" />
  </testcase>
  <testcase name="invokeVORowImplAttributeGetter[StyleId]" classname="oracle.apps.prc.po.commonPo.protectedModel.view.PurchasingDocumentTrxOsnVOTest" id="0" time="0.0">
    <artifact_tested name="oracle.apps.prc.po.commonPo.protectedModel.osn.view.PurchasingDocumentTrxOsnVO" type="ADFVO" />
  </testcase>
  <testcase name="invokeVORowImplAttributeGetter[DocumentSubtype]" classname="oracle.apps.prc.po.commonPo.protectedModel.view.PurchasingDocumentTrxOsnVOTest" id="0" time="0.0">
    <artifact_tested name="oracle.apps.prc.po.commonPo.protectedModel.osn.view.PurchasingDocumentTrxOsnVO" type="ADFVO" />
  </testcase>
  <testcase name="invokeVORowImplAttributeGetter[TotalTax]" classname="oracle.apps.prc.po.commonPo.protectedModel.view.PurchasingDocumentTrxOsnVOTest" id="0" time="0.072">
    <artifact_tested name="oracle.apps.prc.po.commonPo.protectedModel.osn.view.PurchasingDocumentTrxOsnVO" type="ADFVO" />
  </testcase>
  <testcase name="invokeVORowImplAttributeGetter[Ordered]" classname="oracle.apps.prc.po.commonPo.protectedModel.view.PurchasingDocumentTrxOsnVOTest" id="0" time="0.165">
    <artifact_tested name="oracle.apps.prc.po.commonPo.protectedModel.osn.view.PurchasingDocumentTrxOsnVO" type="ADFVO" />
  </testcase>
  <testcase name="invokeVORowImplAttributeGetter[Title]" classname="oracle.apps.prc.po.commonPo.protectedModel.view.PurchasingDocumentTrxOsnVOTest" id="0" time="0.0">
    <artifact_tested name="oracle.apps.prc.po.commonPo.protectedModel.osn.view.PurchasingDocumentTrxOsnVO" type="ADFVO" />
  </testcase>
  <testcase name="invokeVORowImplAttributeGetter[OsnKey]" classname="oracle.apps.prc.po.commonPo.protectedModel.view.PurchasingDocumentTrxOsnVOTest" id="0" time="0.0010">
    <artifact_tested name="oracle.apps.prc.po.commonPo.protectedModel.osn.view.PurchasingDocumentTrxOsnVO" type="ADFVO" />
  </testcase>
  <testcase name="invokeVORowImplAttributeGetter[TypeLookupCode]" classname="oracle.apps.prc.po.commonPo.protectedModel.view.PurchasingDocumentTrxOsnVOTest" id="0" time="0.0010">
    <artifact_tested name="oracle.apps.prc.po.commonPo.protectedModel.osn.view.PurchasingDocumentTrxOsnVO" type="ADFVO" />
  </testcase>
  <testcase name="invokeVORowImplAttributeGetter[SupplierName]" classname="oracle.apps.prc.po.commonPo.protectedModel.view.PurchasingDocumentTrxOsnVOTest" id="0" time="0.0">
    <artifact_tested name="oracle.apps.prc.po.commonPo.protectedModel.osn.view.PurchasingDocumentTrxOsnVO" type="ADFVO" />
  </testcase>
  <testcase name="invokeVORowImplAttributeGetter[LegalEntityId]" classname="oracle.apps.prc.po.commonPo.protectedModel.view.PurchasingDocumentTrxOsnVOTest" id="0" time="0.0010">
    <artifact_tested name="oracle.apps.prc.po.commonPo.protectedModel.osn.view.PurchasingDocumentTrxOsnVO" type="ADFVO" />
  </testcase>
  <testcase name="invokeVORowImplAttributeGetter[BlanketTotalAmount]" classname="oracle.apps.prc.po.commonPo.protectedModel.view.PurchasingDocumentTrxOsnVOTest" id="0" time="0.0010">
    <artifact_tested name="oracle.apps.prc.po.commonPo.protectedModel.osn.view.PurchasingDocumentTrxOsnVO" type="ADFVO" />
  </testcase>
  <testcase name="invokeVORowImplAttributeGetter[ObjectVersionNumber3]" classname="oracle.apps.prc.po.commonPo.protectedModel.view.PurchasingDocumentTrxOsnVOTest" id="0" time="0.0">
    <artifact_tested name="oracle.apps.prc.po.commonPo.protectedModel.osn.view.PurchasingDocumentTrxOsnVO" type="ADFVO" />
  </testcase>
  <testcase name="invokeVORowImplAttributeGetter[PrcBuName]" classname="oracle.apps.prc.po.commonPo.protectedModel.view.PurchasingDocumentTrxOsnVOTest" id="0" time="0.0">
    <artifact_tested name="oracle.apps.prc.po.commonPo.protectedModel.osn.view.PurchasingDocumentTrxOsnVO" type="ADFVO" />
  </testcase>
  <testcase name="invokeVORowImplAttributeGetter[OrganizationId]" classname="oracle.apps.prc.po.commonPo.protectedModel.view.PurchasingDocumentTrxOsnVOTest" id="0" time="0.0010">
    <artifact_tested name="oracle.apps.prc.po.commonPo.protectedModel.osn.view.PurchasingDocumentTrxOsnVO" type="ADFVO" />
  </testcase>
  <testcase name="invokeVORowImplAttributeGetter[EffectiveStartDate1]" classname="oracle.apps.prc.po.commonPo.protectedModel.view.PurchasingDocumentTrxOsnVOTest" id="0" time="0.0010">
    <artifact_tested name="oracle.apps.prc.po.commonPo.protectedModel.osn.view.PurchasingDocumentTrxOsnVO" type="ADFVO" />
  </testcase>
  <testcase name="invokeVORowImplAttributeGetter[EffectiveEndDate1]" classname="oracle.apps.prc.po.commonPo.protectedModel.view.PurchasingDocumentTrxOsnVOTest" id="0" time="0.0010">
    <artifact_tested name="oracle.apps.prc.po.commonPo.protectedModel.osn.view.PurchasingDocumentTrxOsnVO" type="ADFVO" />
  </testcase>
  <testcase name="invokeVORowImplAttributeGetter[Language]" classname="oracle.apps.prc.po.commonPo.protectedModel.view.PurchasingDocumentTrxOsnVOTest" id="0" time="0.0">
    <artifact_tested name="oracle.apps.prc.po.commonPo.protectedModel.osn.view.PurchasingDocumentTrxOsnVO" type="ADFVO" />
  </testcase>
  <testcase name="invokeVORowImplAttributeGetter[SoldtoBuName]" classname="oracle.apps.prc.po.commonPo.protectedModel.view.PurchasingDocumentTrxOsnVOTest" id="0" time="0.0010">
    <artifact_tested name="oracle.apps.prc.po.commonPo.protectedModel.osn.view.PurchasingDocumentTrxOsnVO" type="ADFVO" />
  </testcase>
  <testcase name="invokeVORowImplAttributeGetter[OrganizationId1]" classname="oracle.apps.prc.po.commonPo.protectedModel.view.PurchasingDocumentTrxOsnVOTest" id="0" time="0.0">
    <artifact_tested name="oracle.apps.prc.po.commonPo.protectedModel.osn.view.PurchasingDocumentTrxOsnVO" type="ADFVO" />
  </testcase>
  <testcase name="invokeVORowImplAttributeGetter[EffectiveStartDate2]" classname="oracle.apps.prc.po.commonPo.protectedModel.view.PurchasingDocumentTrxOsnVOTest" id="0" time="0.0010">
    <artifact_tested name="oracle.apps.prc.po.commonPo.protectedModel.osn.view.PurchasingDocumentTrxOsnVO" type="ADFVO" />
  </testcase>
  <testcase name="invokeVORowImplAttributeGetter[EffectiveEndDate2]" classname="oracle.apps.prc.po.commonPo.protectedModel.view.PurchasingDocumentTrxOsnVOTest" id="0" time="0.0">
    <artifact_tested name="oracle.apps.prc.po.commonPo.protectedModel.osn.view.PurchasingDocumentTrxOsnVO" type="ADFVO" />
  </testcase>
  <testcase name="invokeVORowImplAttributeGetter[Language1]" classname="oracle.apps.prc.po.commonPo.protectedModel.view.PurchasingDocumentTrxOsnVOTest" id="0" time="0.0">
    <artifact_tested name="oracle.apps.prc.po.commonPo.protectedModel.osn.view.PurchasingDocumentTrxOsnVO" type="ADFVO" />
  </testcase>
  <testcase name="invokeVORowImplAttributeGetter[PoHeaderTaxUi]" classname="oracle.apps.prc.po.commonPo.protectedModel.view.PurchasingDocumentTrxOsnVOTest" id="0" time="0.0">
    <artifact_tested name="oracle.apps.prc.po.commonPo.protectedModel.osn.view.PurchasingDocumentTrxOsnVO" type="ADFVO" />
  </testcase>
</testsuite><testsuite name="oracle.apps.prc.po.commonPo.protectedModel.helper.TestPoEventAuditHelper" timestamp="2017-06-20T11:26:55" hostname="indl76040" family="NO_REGISTERED_LBA_FOR_JPR_NAME" initiative="prc_po_lrg" jpr="PrcPoCommonPoProtectedModelTest" label="" product="NO_REGISTERED_LBA_FOR_JPR_NAME" lba="NO_REGISTERED_LBA_FOR_JPR_NAME" tests="1" failures="0" errors="0" time="2.534" runId="0">
  <properties />
  <testcase name="testPopulateEventAuditTable[1. Populate Event Audit Table]" classname="oracle.apps.prc.po.commonPo.protectedModel.helper.TestPoEventAuditHelper" id="0" time="0.541" />
</testsuite><testsuite name="oracle.apps.prc.po.commonPo.protectedModel.view.LineIntendedUseVVO.LineIntendedUseVVOTest" timestamp="2017-06-20T11:33:36" hostname="indl76040" family="NO_REGISTERED_LBA_FOR_JPR_NAME" initiative="prc_po_lrg" jpr="PrcPoCommonPoProtectedModelTest" label="" product="NO_REGISTERED_LBA_FOR_JPR_NAME" lba="NO_REGISTERED_LBA_FOR_JPR_NAME" tests="13" failures="0" errors="0" time="2.287" runId="0">
  <properties />
  <testcase name="entitiesNonUpdateable" classname="oracle.apps.prc.po.commonPo.protectedModel.view.LineIntendedUseVVO.LineIntendedUseVVOTest" id="0" time="0.219">
    <artifact_tested name="oracle.apps.prc.po.commonPo.protectedModel.validationView.LineIntendedUseVVO" type="ADFVO" />
  </testcase>
  <testcase name="testVOAccess" classname="oracle.apps.prc.po.commonPo.protectedModel.view.LineIntendedUseVVO.LineIntendedUseVVOTest" id="0" time="0.0010">
    <artifact_tested name="oracle.apps.prc.po.commonPo.protectedModel.validationView.LineIntendedUseVVO" type="ADFVO" />
  </testcase>
  <testcase name="invokeVORowImplAttributeGetter[StructureInstanceNumber]" classname="oracle.apps.prc.po.commonPo.protectedModel.view.LineIntendedUseVVO.LineIntendedUseVVOTest" id="0" time="0.048">
    <artifact_tested name="oracle.apps.prc.po.commonPo.protectedModel.validationView.LineIntendedUseVVO" type="ADFVO" />
  </testcase>
  <testcase name="invokeVORowImplAttributeGetter[CategoryId]" classname="oracle.apps.prc.po.commonPo.protectedModel.view.LineIntendedUseVVO.LineIntendedUseVVOTest" id="0" time="0.0010">
    <artifact_tested name="oracle.apps.prc.po.commonPo.protectedModel.validationView.LineIntendedUseVVO" type="ADFVO" />
  </testcase>
  <testcase name="invokeVORowImplAttributeGetter[ClassificationName]" classname="oracle.apps.prc.po.commonPo.protectedModel.view.LineIntendedUseVVO.LineIntendedUseVVOTest" id="0" time="0.0010">
    <artifact_tested name="oracle.apps.prc.po.commonPo.protectedModel.validationView.LineIntendedUseVVO" type="ADFVO" />
  </testcase>
  <testcase name="invokeVORowImplAttributeGetter[ClassificationCode]" classname="oracle.apps.prc.po.commonPo.protectedModel.view.LineIntendedUseVVO.LineIntendedUseVVOTest" id="0" time="0.0010">
    <artifact_tested name="oracle.apps.prc.po.commonPo.protectedModel.validationView.LineIntendedUseVVO" type="ADFVO" />
  </testcase>
  <testcase name="invokeVORowImplAttributeGetter[CountryCode]" classname="oracle.apps.prc.po.commonPo.protectedModel.view.LineIntendedUseVVO.LineIntendedUseVVOTest" id="0" time="0.0">
    <artifact_tested name="oracle.apps.prc.po.commonPo.protectedModel.validationView.LineIntendedUseVVO" type="ADFVO" />
  </testcase>
  <testcase name="invokeVORowImplAttributeGetter[EffectiveFrom]" classname="oracle.apps.prc.po.commonPo.protectedModel.view.LineIntendedUseVVO.LineIntendedUseVVOTest" id="0" time="0.0">
    <artifact_tested name="oracle.apps.prc.po.commonPo.protectedModel.validationView.LineIntendedUseVVO" type="ADFVO" />
  </testcase>
  <testcase name="invokeVORowImplAttributeGetter[EffectiveTo]" classname="oracle.apps.prc.po.commonPo.protectedModel.view.LineIntendedUseVVO.LineIntendedUseVVOTest" id="0" time="0.0010">
    <artifact_tested name="oracle.apps.prc.po.commonPo.protectedModel.validationView.LineIntendedUseVVO" type="ADFVO" />
  </testcase>
  <testcase name="invokeVORowImplAttributeGetter[ClassificationId]" classname="oracle.apps.prc.po.commonPo.protectedModel.view.LineIntendedUseVVO.LineIntendedUseVVOTest" id="0" time="0.0010">
    <artifact_tested name="oracle.apps.prc.po.commonPo.protectedModel.validationView.LineIntendedUseVVO" type="ADFVO" />
  </testcase>
  <testcase name="invokeVORowImplAttributeGetter[CategoryName]" classname="oracle.apps.prc.po.commonPo.protectedModel.view.LineIntendedUseVVO.LineIntendedUseVVOTest" id="0" time="0.0010">
    <artifact_tested name="oracle.apps.prc.po.commonPo.protectedModel.validationView.LineIntendedUseVVO" type="ADFVO" />
  </testcase>
  <testcase name="invokeVORowImplAttributeGetter[ClassificationCodeInMemory]" classname="oracle.apps.prc.po.commonPo.protectedModel.view.LineIntendedUseVVO.LineIntendedUseVVOTest" id="0" time="0.0">
    <artifact_tested name="oracle.apps.prc.po.commonPo.protectedModel.validationView.LineIntendedUseVVO" type="ADFVO" />
  </testcase>
  <testcase name="invokeVORowImplAttributeGetter[CategoryFlexfieldVO]" classname="oracle.apps.prc.po.commonPo.protectedModel.view.LineIntendedUseVVO.LineIntendedUseVVOTest" id="0" time="0.128">
    <artifact_tested name="oracle.apps.prc.po.commonPo.protectedModel.validationView.LineIntendedUseVVO" type="ADFVO" />
  </testcase>
</testsuite><testsuite name="oracle.apps.prc.po.commonPo.protectedModel.view.CarrierVVO.CarrierVVOTest" timestamp="2017-06-20T11:33:26" hostname="indl76040" family="NO_REGISTERED_LBA_FOR_JPR_NAME" initiative="prc_po_lrg" jpr="PrcPoCommonPoProtectedModelTest" label="" product="NO_REGISTERED_LBA_FOR_JPR_NAME" lba="NO_REGISTERED_LBA_FOR_JPR_NAME" tests="52" failures="0" errors="0" time="2.532" runId="0">
  <properties />
  <testcase name="entitiesNonUpdateable" classname="oracle.apps.prc.po.commonPo.protectedModel.view.CarrierVVO.CarrierVVOTest" id="0" time="0.203">
    <artifact_tested name="oracle.apps.prc.po.commonPo.protectedModel.validationView.CarrierVVO" type="ADFVO" />
  </testcase>
  <testcase name="testVOAccess" classname="oracle.apps.prc.po.commonPo.protectedModel.view.CarrierVVO.CarrierVVOTest" id="0" time="0.0">
    <artifact_tested name="oracle.apps.prc.po.commonPo.protectedModel.validationView.CarrierVVO" type="ADFVO" />
  </testcase>
  <testcase name="invokeVORowImplAttributeGetter[PartyName]" classname="oracle.apps.prc.po.commonPo.protectedModel.view.CarrierVVO.CarrierVVOTest" id="0" time="0.281">
    <artifact_tested name="oracle.apps.prc.po.commonPo.protectedModel.validationView.CarrierVVO" type="ADFVO" />
  </testcase>
  <testcase name="invokeVORowImplAttributeGetter[CarrierId]" classname="oracle.apps.prc.po.commonPo.protectedModel.view.CarrierVVO.CarrierVVOTest" id="0" time="0.0010">
    <artifact_tested name="oracle.apps.prc.po.commonPo.protectedModel.validationView.CarrierVVO" type="ADFVO" />
  </testcase>
  <testcase name="invokeVORowImplAttributeGetter[ManifestingEnabledFlag]" classname="oracle.apps.prc.po.commonPo.protectedModel.view.CarrierVVO.CarrierVVOTest" id="0" time="0.0010">
    <artifact_tested name="oracle.apps.prc.po.commonPo.protectedModel.validationView.CarrierVVO" type="ADFVO" />
  </testcase>
  <testcase name="invokeVORowImplAttributeGetter[PartyId]" classname="oracle.apps.prc.po.commonPo.protectedModel.view.CarrierVVO.CarrierVVOTest" id="0" time="0.0">
    <artifact_tested name="oracle.apps.prc.po.commonPo.protectedModel.validationView.CarrierVVO" type="ADFVO" />
  </testcase>
  <testcase name="invokeVORowImplAttributeGetter[PartyNumber]" classname="oracle.apps.prc.po.commonPo.protectedModel.view.CarrierVVO.CarrierVVOTest" id="0" time="0.0010">
    <artifact_tested name="oracle.apps.prc.po.commonPo.protectedModel.validationView.CarrierVVO" type="ADFVO" />
  </testcase>
  <testcase name="invokeVORowImplAttributeGetter[AttributeCategory]" classname="oracle.apps.prc.po.commonPo.protectedModel.view.CarrierVVO.CarrierVVOTest" id="0" time="0.0010">
    <artifact_tested name="oracle.apps.prc.po.commonPo.protectedModel.validationView.CarrierVVO" type="ADFVO" />
  </testcase>
  <testcase name="invokeVORowImplAttributeGetter[Attribute1]" classname="oracle.apps.prc.po.commonPo.protectedModel.view.CarrierVVO.CarrierVVOTest" id="0" time="0.0010">
    <artifact_tested name="oracle.apps.prc.po.commonPo.protectedModel.validationView.CarrierVVO" type="ADFVO" />
  </testcase>
  <testcase name="invokeVORowImplAttributeGetter[Attribute2]" classname="oracle.apps.prc.po.commonPo.protectedModel.view.CarrierVVO.CarrierVVOTest" id="0" time="0.0010">
    <artifact_tested name="oracle.apps.prc.po.commonPo.protectedModel.validationView.CarrierVVO" type="ADFVO" />
  </testcase>
  <testcase name="invokeVORowImplAttributeGetter[Attribute3]" classname="oracle.apps.prc.po.commonPo.protectedModel.view.CarrierVVO.CarrierVVOTest" id="0" time="0.0">
    <artifact_tested name="oracle.apps.prc.po.commonPo.protectedModel.validationView.CarrierVVO" type="ADFVO" />
  </testcase>
  <testcase name="invokeVORowImplAttributeGetter[Attribute4]" classname="oracle.apps.prc.po.commonPo.protectedModel.view.CarrierVVO.CarrierVVOTest" id="0" time="0.0">
    <artifact_tested name="oracle.apps.prc.po.commonPo.protectedModel.validationView.CarrierVVO" type="ADFVO" />
  </testcase>
  <testcase name="invokeVORowImplAttributeGetter[Attribute5]" classname="oracle.apps.prc.po.commonPo.protectedModel.view.CarrierVVO.CarrierVVOTest" id="0" time="0.0010">
    <artifact_tested name="oracle.apps.prc.po.commonPo.protectedModel.validationView.CarrierVVO" type="ADFVO" />
  </testcase>
  <testcase name="invokeVORowImplAttributeGetter[Attribute6]" classname="oracle.apps.prc.po.commonPo.protectedModel.view.CarrierVVO.CarrierVVOTest" id="0" time="0.0">
    <artifact_tested name="oracle.apps.prc.po.commonPo.protectedModel.validationView.CarrierVVO" type="ADFVO" />
  </testcase>
  <testcase name="invokeVORowImplAttributeGetter[Attribute7]" classname="oracle.apps.prc.po.commonPo.protectedModel.view.CarrierVVO.CarrierVVOTest" id="0" time="0.0">
    <artifact_tested name="oracle.apps.prc.po.commonPo.protectedModel.validationView.CarrierVVO" type="ADFVO" />
  </testcase>
  <testcase name="invokeVORowImplAttributeGetter[Attribute8]" classname="oracle.apps.prc.po.commonPo.protectedModel.view.CarrierVVO.CarrierVVOTest" id="0" time="0.0">
    <artifact_tested name="oracle.apps.prc.po.commonPo.protectedModel.validationView.CarrierVVO" type="ADFVO" />
  </testcase>
  <testcase name="invokeVORowImplAttributeGetter[Attribute9]" classname="oracle.apps.prc.po.commonPo.protectedModel.view.CarrierVVO.CarrierVVOTest" id="0" time="0.0010">
    <artifact_tested name="oracle.apps.prc.po.commonPo.protectedModel.validationView.CarrierVVO" type="ADFVO" />
  </testcase>
  <testcase name="invokeVORowImplAttributeGetter[Attribute10]" classname="oracle.apps.prc.po.commonPo.protectedModel.view.CarrierVVO.CarrierVVOTest" id="0" time="0.0010">
    <artifact_tested name="oracle.apps.prc.po.commonPo.protectedModel.validationView.CarrierVVO" type="ADFVO" />
  </testcase>
  <testcase name="invokeVORowImplAttributeGetter[Attribute11]" classname="oracle.apps.prc.po.commonPo.protectedModel.view.CarrierVVO.CarrierVVOTest" id="0" time="0.0">
    <artifact_tested name="oracle.apps.prc.po.commonPo.protectedModel.validationView.CarrierVVO" type="ADFVO" />
  </testcase>
  <testcase name="invokeVORowImplAttributeGetter[Attribute12]" classname="oracle.apps.prc.po.commonPo.protectedModel.view.CarrierVVO.CarrierVVOTest" id="0" time="0.0010">
    <artifact_tested name="oracle.apps.prc.po.commonPo.protectedModel.validationView.CarrierVVO" type="ADFVO" />
  </testcase>
  <testcase name="invokeVORowImplAttributeGetter[Attribute13]" classname="oracle.apps.prc.po.commonPo.protectedModel.view.CarrierVVO.CarrierVVOTest" id="0" time="0.0010">
    <artifact_tested name="oracle.apps.prc.po.commonPo.protectedModel.validationView.CarrierVVO" type="ADFVO" />
  </testcase>
  <testcase name="invokeVORowImplAttributeGetter[Attribute14]" classname="oracle.apps.prc.po.commonPo.protectedModel.view.CarrierVVO.CarrierVVOTest" id="0" time="0.0010">
    <artifact_tested name="oracle.apps.prc.po.commonPo.protectedModel.validationView.CarrierVVO" type="ADFVO" />
  </testcase>
  <testcase name="invokeVORowImplAttributeGetter[Attribute15]" classname="oracle.apps.prc.po.commonPo.protectedModel.view.CarrierVVO.CarrierVVOTest" id="0" time="0.0010">
    <artifact_tested name="oracle.apps.prc.po.commonPo.protectedModel.validationView.CarrierVVO" type="ADFVO" />
  </testcase>
  <testcase name="invokeVORowImplAttributeGetter[ObjectVersionNumber]" classname="oracle.apps.prc.po.commonPo.protectedModel.view.CarrierVVO.CarrierVVOTest" id="0" time="0.0010">
    <artifact_tested name="oracle.apps.prc.po.commonPo.protectedModel.validationView.CarrierVVO" type="ADFVO" />
  </testcase>
  <testcase name="invokeVORowImplAttributeGetter[EnabledFlag]" classname="oracle.apps.prc.po.commonPo.protectedModel.view.CarrierVVO.CarrierVVOTest" id="0" time="0.0010">
    <artifact_tested name="oracle.apps.prc.po.commonPo.protectedModel.validationView.CarrierVVO" type="ADFVO" />
  </testcase>
  <testcase name="invokeVORowImplAttributeGetter[JobDefinitionPackage]" classname="oracle.apps.prc.po.commonPo.protectedModel.view.CarrierVVO.CarrierVVOTest" id="0" time="0.0010">
    <artifact_tested name="oracle.apps.prc.po.commonPo.protectedModel.validationView.CarrierVVO" type="ADFVO" />
  </testcase>
  <testcase name="invokeVORowImplAttributeGetter[JobDefinitionName]" classname="oracle.apps.prc.po.commonPo.protectedModel.view.CarrierVVO.CarrierVVOTest" id="0" time="0.0010">
    <artifact_tested name="oracle.apps.prc.po.commonPo.protectedModel.validationView.CarrierVVO" type="ADFVO" />
  </testcase>
  <testcase name="invokeVORowImplAttributeGetter[RequestId]" classname="oracle.apps.prc.po.commonPo.protectedModel.view.CarrierVVO.CarrierVVOTest" id="0" time="0.0010">
    <artifact_tested name="oracle.apps.prc.po.commonPo.protectedModel.validationView.CarrierVVO" type="ADFVO" />
  </testcase>
  <testcase name="invokeVORowImplAttributeGetter[OrganizationId]" classname="oracle.apps.prc.po.commonPo.protectedModel.view.CarrierVVO.CarrierVVOTest" id="0" time="0.0010">
    <artifact_tested name="oracle.apps.prc.po.commonPo.protectedModel.validationView.CarrierVVO" type="ADFVO" />
  </testcase>
  <testcase name="invokeVORowImplAttributeGetter[AttributeDate1]" classname="oracle.apps.prc.po.commonPo.protectedModel.view.CarrierVVO.CarrierVVOTest" id="0" time="0.0010">
    <artifact_tested name="oracle.apps.prc.po.commonPo.protectedModel.validationView.CarrierVVO" type="ADFVO" />
  </testcase>
  <testcase name="invokeVORowImplAttributeGetter[AttributeDate2]" classname="oracle.apps.prc.po.commonPo.protectedModel.view.CarrierVVO.CarrierVVOTest" id="0" time="0.0010">
    <artifact_tested name="oracle.apps.prc.po.commonPo.protectedModel.validationView.CarrierVVO" type="ADFVO" />
  </testcase>
  <testcase name="invokeVORowImplAttributeGetter[AttributeDate3]" classname="oracle.apps.prc.po.commonPo.protectedModel.view.CarrierVVO.CarrierVVOTest" id="0" time="0.0010">
    <artifact_tested name="oracle.apps.prc.po.commonPo.protectedModel.validationView.CarrierVVO" type="ADFVO" />
  </testcase>
  <testcase name="invokeVORowImplAttributeGetter[AttributeDate4]" classname="oracle.apps.prc.po.commonPo.protectedModel.view.CarrierVVO.CarrierVVOTest" id="0" time="0.0010">
    <artifact_tested name="oracle.apps.prc.po.commonPo.protectedModel.validationView.CarrierVVO" type="ADFVO" />
  </testcase>
  <testcase name="invokeVORowImplAttributeGetter[AttributeDate5]" classname="oracle.apps.prc.po.commonPo.protectedModel.view.CarrierVVO.CarrierVVOTest" id="0" time="0.0010">
    <artifact_tested name="oracle.apps.prc.po.commonPo.protectedModel.validationView.CarrierVVO" type="ADFVO" />
  </testcase>
  <testcase name="invokeVORowImplAttributeGetter[AttributeNumber1]" classname="oracle.apps.prc.po.commonPo.protectedModel.view.CarrierVVO.CarrierVVOTest" id="0" time="0.0010">
    <artifact_tested name="oracle.apps.prc.po.commonPo.protectedModel.validationView.CarrierVVO" type="ADFVO" />
  </testcase>
  <testcase name="invokeVORowImplAttributeGetter[AttributeNumber10]" classname="oracle.apps.prc.po.commonPo.protectedModel.view.CarrierVVO.CarrierVVOTest" id="0" time="0.0010">
    <artifact_tested name="oracle.apps.prc.po.commonPo.protectedModel.validationView.CarrierVVO" type="ADFVO" />
  </testcase>
  <testcase name="invokeVORowImplAttributeGetter[AttributeNumber2]" classname="oracle.apps.prc.po.commonPo.protectedModel.view.CarrierVVO.CarrierVVOTest" id="0" time="0.0010">
    <artifact_tested name="oracle.apps.prc.po.commonPo.protectedModel.validationView.CarrierVVO" type="ADFVO" />
  </testcase>
  <testcase name="invokeVORowImplAttributeGetter[AttributeNumber3]" classname="oracle.apps.prc.po.commonPo.protectedModel.view.CarrierVVO.CarrierVVOTest" id="0" time="0.0010">
    <artifact_tested name="oracle.apps.prc.po.commonPo.protectedModel.validationView.CarrierVVO" type="ADFVO" />
  </testcase>
  <testcase name="invokeVORowImplAttributeGetter[AttributeNumber4]" classname="oracle.apps.prc.po.commonPo.protectedModel.view.CarrierVVO.CarrierVVOTest" id="0" time="0.0010">
    <artifact_tested name="oracle.apps.prc.po.commonPo.protectedModel.validationView.CarrierVVO" type="ADFVO" />
  </testcase>
  <testcase name="invokeVORowImplAttributeGetter[AttributeNumber5]" classname="oracle.apps.prc.po.commonPo.protectedModel.view.CarrierVVO.CarrierVVOTest" id="0" time="0.0020">
    <artifact_tested name="oracle.apps.prc.po.commonPo.protectedModel.validationView.CarrierVVO" type="ADFVO" />
  </testcase>
  <testcase name="invokeVORowImplAttributeGetter[AttributeNumber6]" classname="oracle.apps.prc.po.commonPo.protectedModel.view.CarrierVVO.CarrierVVOTest" id="0" time="0.0010">
    <artifact_tested name="oracle.apps.prc.po.commonPo.protectedModel.validationView.CarrierVVO" type="ADFVO" />
  </testcase>
  <testcase name="invokeVORowImplAttributeGetter[AttributeNumber7]" classname="oracle.apps.prc.po.commonPo.protectedModel.view.CarrierVVO.CarrierVVOTest" id="0" time="0.0010">
    <artifact_tested name="oracle.apps.prc.po.commonPo.protectedModel.validationView.CarrierVVO" type="ADFVO" />
  </testcase>
  <testcase name="invokeVORowImplAttributeGetter[AttributeNumber8]" classname="oracle.apps.prc.po.commonPo.protectedModel.view.CarrierVVO.CarrierVVOTest" id="0" time="0.0010">
    <artifact_tested name="oracle.apps.prc.po.commonPo.protectedModel.validationView.CarrierVVO" type="ADFVO" />
  </testcase>
  <testcase name="invokeVORowImplAttributeGetter[AttributeNumber9]" classname="oracle.apps.prc.po.commonPo.protectedModel.view.CarrierVVO.CarrierVVOTest" id="0" time="0.0">
    <artifact_tested name="oracle.apps.prc.po.commonPo.protectedModel.validationView.CarrierVVO" type="ADFVO" />
  </testcase>
  <testcase name="invokeVORowImplAttributeGetter[AttributeTimestamp1]" classname="oracle.apps.prc.po.commonPo.protectedModel.view.CarrierVVO.CarrierVVOTest" id="0" time="0.0">
    <artifact_tested name="oracle.apps.prc.po.commonPo.protectedModel.validationView.CarrierVVO" type="ADFVO" />
  </testcase>
  <testcase name="invokeVORowImplAttributeGetter[AttributeTimestamp2]" classname="oracle.apps.prc.po.commonPo.protectedModel.view.CarrierVVO.CarrierVVOTest" id="0" time="0.0010">
    <artifact_tested name="oracle.apps.prc.po.commonPo.protectedModel.validationView.CarrierVVO" type="ADFVO" />
  </testcase>
  <testcase name="invokeVORowImplAttributeGetter[AttributeTimestamp3]" classname="oracle.apps.prc.po.commonPo.protectedModel.view.CarrierVVO.CarrierVVOTest" id="0" time="0.0010">
    <artifact_tested name="oracle.apps.prc.po.commonPo.protectedModel.validationView.CarrierVVO" type="ADFVO" />
  </testcase>
  <testcase name="invokeVORowImplAttributeGetter[AttributeTimestamp4]" classname="oracle.apps.prc.po.commonPo.protectedModel.view.CarrierVVO.CarrierVVOTest" id="0" time="0.0010">
    <artifact_tested name="oracle.apps.prc.po.commonPo.protectedModel.validationView.CarrierVVO" type="ADFVO" />
  </testcase>
  <testcase name="invokeVORowImplAttributeGetter[AttributeTimestamp5]" classname="oracle.apps.prc.po.commonPo.protectedModel.view.CarrierVVO.CarrierVVOTest" id="0" time="0.0010">
    <artifact_tested name="oracle.apps.prc.po.commonPo.protectedModel.validationView.CarrierVVO" type="ADFVO" />
  </testcase>
  <testcase name="invokeVORowImplAttributeGetter[TransientManifestingEnabledFlag]" classname="oracle.apps.prc.po.commonPo.protectedModel.view.CarrierVVO.CarrierVVOTest" id="0" time="0.0">
    <artifact_tested name="oracle.apps.prc.po.commonPo.protectedModel.validationView.CarrierVVO" type="ADFVO" />
  </testcase>
  <testcase name="invokeVORowImplAttributeGetter[WarehouseCarrierServicePVO1]" classname="oracle.apps.prc.po.commonPo.protectedModel.view.CarrierVVO.CarrierVVOTest" id="0" time="0.0020">
    <artifact_tested name="oracle.apps.prc.po.commonPo.protectedModel.validationView.CarrierVVO" type="ADFVO" />
  </testcase>
  <testcase name="invokeVORowImplAttributeGetter[ShippingLookupPVO]" classname="oracle.apps.prc.po.commonPo.protectedModel.view.CarrierVVO.CarrierVVOTest" id="0" time="0.018">
    <artifact_tested name="oracle.apps.prc.po.commonPo.protectedModel.validationView.CarrierVVO" type="ADFVO" />
  </testcase>
</testsuite><testsuite name="oracle.apps.prc.po.commonPo.protectedModel.view.TransactionBizCategoriesVVO.TransactionBizCategoriesVVOTest" timestamp="2017-06-20T11:35:30" hostname="indl76040" family="NO_REGISTERED_LBA_FOR_JPR_NAME" initiative="prc_po_lrg" jpr="PrcPoCommonPoProtectedModelTest" label="" product="NO_REGISTERED_LBA_FOR_JPR_NAME" lba="NO_REGISTERED_LBA_FOR_JPR_NAME" tests="13" failures="0" errors="0" time="2.755" runId="0">
  <properties />
  <testcase name="entitiesNonUpdateable" classname="oracle.apps.prc.po.commonPo.protectedModel.view.TransactionBizCategoriesVVO.TransactionBizCategoriesVVOTest" id="0" time="0.142">
    <artifact_tested name="oracle.apps.prc.po.commonPo.protectedModel.validationView.TransactionBizCategoriesVVO" type="ADFVO" />
  </testcase>
  <testcase name="testVOAccess" classname="oracle.apps.prc.po.commonPo.protectedModel.view.TransactionBizCategoriesVVO.TransactionBizCategoriesVVOTest" id="0" time="0.0">
    <artifact_tested name="oracle.apps.prc.po.commonPo.protectedModel.validationView.TransactionBizCategoriesVVO" type="ADFVO" />
  </testcase>
  <testcase name="invokeVORowImplAttributeGetter[ClassificationName]" classname="oracle.apps.prc.po.commonPo.protectedModel.view.TransactionBizCategoriesVVO.TransactionBizCategoriesVVOTest" id="0" time="0.087">
    <artifact_tested name="oracle.apps.prc.po.commonPo.protectedModel.validationView.TransactionBizCategoriesVVO" type="ADFVO" />
  </testcase>
  <testcase name="invokeVORowImplAttributeGetter[ClassificationCode]" classname="oracle.apps.prc.po.commonPo.protectedModel.view.TransactionBizCategoriesVVO.TransactionBizCategoriesVVOTest" id="0" time="0.0">
    <artifact_tested name="oracle.apps.prc.po.commonPo.protectedModel.validationView.TransactionBizCategoriesVVO" type="ADFVO" />
  </testcase>
  <testcase name="invokeVORowImplAttributeGetter[CountryCode]" classname="oracle.apps.prc.po.commonPo.protectedModel.view.TransactionBizCategoriesVVO.TransactionBizCategoriesVVOTest" id="0" time="0.0010">
    <artifact_tested name="oracle.apps.prc.po.commonPo.protectedModel.validationView.TransactionBizCategoriesVVO" type="ADFVO" />
  </testcase>
  <testcase name="invokeVORowImplAttributeGetter[EffectiveFrom]" classname="oracle.apps.prc.po.commonPo.protectedModel.view.TransactionBizCategoriesVVO.TransactionBizCategoriesVVOTest" id="0" time="0.0010">
    <artifact_tested name="oracle.apps.prc.po.commonPo.protectedModel.validationView.TransactionBizCategoriesVVO" type="ADFVO" />
  </testcase>
  <testcase name="invokeVORowImplAttributeGetter[EffectiveTo]" classname="oracle.apps.prc.po.commonPo.protectedModel.view.TransactionBizCategoriesVVO.TransactionBizCategoriesVVOTest" id="0" time="0.0010">
    <artifact_tested name="oracle.apps.prc.po.commonPo.protectedModel.validationView.TransactionBizCategoriesVVO" type="ADFVO" />
  </testcase>
  <testcase name="invokeVORowImplAttributeGetter[ApplicationId]" classname="oracle.apps.prc.po.commonPo.protectedModel.view.TransactionBizCategoriesVVO.TransactionBizCategoriesVVOTest" id="0" time="0.0010">
    <artifact_tested name="oracle.apps.prc.po.commonPo.protectedModel.validationView.TransactionBizCategoriesVVO" type="ADFVO" />
  </testcase>
  <testcase name="invokeVORowImplAttributeGetter[EventClassCode]" classname="oracle.apps.prc.po.commonPo.protectedModel.view.TransactionBizCategoriesVVO.TransactionBizCategoriesVVOTest" id="0" time="0.0010">
    <artifact_tested name="oracle.apps.prc.po.commonPo.protectedModel.validationView.TransactionBizCategoriesVVO" type="ADFVO" />
  </testcase>
  <testcase name="invokeVORowImplAttributeGetter[TaxEvntClsCode]" classname="oracle.apps.prc.po.commonPo.protectedModel.view.TransactionBizCategoriesVVO.TransactionBizCategoriesVVOTest" id="0" time="0.0010">
    <artifact_tested name="oracle.apps.prc.po.commonPo.protectedModel.validationView.TransactionBizCategoriesVVO" type="ADFVO" />
  </testcase>
  <testcase name="invokeVORowImplAttributeGetter[EntityCode]" classname="oracle.apps.prc.po.commonPo.protectedModel.view.TransactionBizCategoriesVVO.TransactionBizCategoriesVVOTest" id="0" time="0.0010">
    <artifact_tested name="oracle.apps.prc.po.commonPo.protectedModel.validationView.TransactionBizCategoriesVVO" type="ADFVO" />
  </testcase>
  <testcase name="invokeVORowImplAttributeGetter[ConcatClassifCode]" classname="oracle.apps.prc.po.commonPo.protectedModel.view.TransactionBizCategoriesVVO.TransactionBizCategoriesVVOTest" id="0" time="0.0010">
    <artifact_tested name="oracle.apps.prc.po.commonPo.protectedModel.validationView.TransactionBizCategoriesVVO" type="ADFVO" />
  </testcase>
  <testcase name="invokeVORowImplAttributeGetter[ConcatClassifName]" classname="oracle.apps.prc.po.commonPo.protectedModel.view.TransactionBizCategoriesVVO.TransactionBizCategoriesVVOTest" id="0" time="0.0010">
    <artifact_tested name="oracle.apps.prc.po.commonPo.protectedModel.validationView.TransactionBizCategoriesVVO" type="ADFVO" />
  </testcase>
</testsuite><testsuite name="oracle.apps.prc.po.commonPo.protectedModel.view.SupplierSiteContactVVO.SupplierSiteContactVVOTest" timestamp="2017-06-20T11:34:25" hostname="indl76040" family="NO_REGISTERED_LBA_FOR_JPR_NAME" initiative="prc_po_lrg" jpr="PrcPoCommonPoProtectedModelTest" label="" product="NO_REGISTERED_LBA_FOR_JPR_NAME" lba="NO_REGISTERED_LBA_FOR_JPR_NAME" tests="73" failures="0" errors="0" time="65.575" runId="0">
  <properties />
  <testcase name="entitiesNonUpdateable" classname="oracle.apps.prc.po.commonPo.protectedModel.view.SupplierSiteContactVVO.SupplierSiteContactVVOTest" id="0" time="0.076">
    <artifact_tested name="oracle.apps.prc.po.commonPo.protectedModel.validationView.SupplierSiteContactVVO" type="ADFVO" />
  </testcase>
  <testcase name="testVOAccess" classname="oracle.apps.prc.po.commonPo.protectedModel.view.SupplierSiteContactVVO.SupplierSiteContactVVOTest" id="0" time="0.0010">
    <artifact_tested name="oracle.apps.prc.po.commonPo.protectedModel.validationView.SupplierSiteContactVVO" type="ADFVO" />
  </testcase>
  <testcase name="invokeVORowImplAttributeGetter[VendorContactId]" classname="oracle.apps.prc.po.commonPo.protectedModel.view.SupplierSiteContactVVO.SupplierSiteContactVVOTest" id="0" time="62.707">
    <artifact_tested name="oracle.apps.prc.po.commonPo.protectedModel.validationView.SupplierSiteContactVVO" type="ADFVO" />
  </testcase>
  <testcase name="invokeVORowImplAttributeGetter[VendorSiteId]" classname="oracle.apps.prc.po.commonPo.protectedModel.view.SupplierSiteContactVVO.SupplierSiteContactVVOTest" id="0" time="0.0010">
    <artifact_tested name="oracle.apps.prc.po.commonPo.protectedModel.validationView.SupplierSiteContactVVO" type="ADFVO" />
  </testcase>
  <testcase name="invokeVORowImplAttributeGetter[LastUpdateDate]" classname="oracle.apps.prc.po.commonPo.protectedModel.view.SupplierSiteContactVVO.SupplierSiteContactVVOTest" id="0" time="0.0">
    <artifact_tested name="oracle.apps.prc.po.commonPo.protectedModel.validationView.SupplierSiteContactVVO" type="ADFVO" />
  </testcase>
  <testcase name="invokeVORowImplAttributeGetter[LastUpdatedBy]" classname="oracle.apps.prc.po.commonPo.protectedModel.view.SupplierSiteContactVVO.SupplierSiteContactVVOTest" id="0" time="0.0">
    <artifact_tested name="oracle.apps.prc.po.commonPo.protectedModel.validationView.SupplierSiteContactVVO" type="ADFVO" />
  </testcase>
  <testcase name="invokeVORowImplAttributeGetter[LastUpdateLogin]" classname="oracle.apps.prc.po.commonPo.protectedModel.view.SupplierSiteContactVVO.SupplierSiteContactVVOTest" id="0" time="0.0010">
    <artifact_tested name="oracle.apps.prc.po.commonPo.protectedModel.validationView.SupplierSiteContactVVO" type="ADFVO" />
  </testcase>
  <testcase name="invokeVORowImplAttributeGetter[CreationDate]" classname="oracle.apps.prc.po.commonPo.protectedModel.view.SupplierSiteContactVVO.SupplierSiteContactVVOTest" id="0" time="0.0010">
    <artifact_tested name="oracle.apps.prc.po.commonPo.protectedModel.validationView.SupplierSiteContactVVO" type="ADFVO" />
  </testcase>
  <testcase name="invokeVORowImplAttributeGetter[CreatedBy]" classname="oracle.apps.prc.po.commonPo.protectedModel.view.SupplierSiteContactVVO.SupplierSiteContactVVOTest" id="0" time="0.0">
    <artifact_tested name="oracle.apps.prc.po.commonPo.protectedModel.validationView.SupplierSiteContactVVO" type="ADFVO" />
  </testcase>
  <testcase name="invokeVORowImplAttributeGetter[FirstName]" classname="oracle.apps.prc.po.commonPo.protectedModel.view.SupplierSiteContactVVO.SupplierSiteContactVVOTest" id="0" time="0.0">
    <artifact_tested name="oracle.apps.prc.po.commonPo.protectedModel.validationView.SupplierSiteContactVVO" type="ADFVO" />
  </testcase>
  <testcase name="invokeVORowImplAttributeGetter[MiddleName]" classname="oracle.apps.prc.po.commonPo.protectedModel.view.SupplierSiteContactVVO.SupplierSiteContactVVOTest" id="0" time="0.0010">
    <artifact_tested name="oracle.apps.prc.po.commonPo.protectedModel.validationView.SupplierSiteContactVVO" type="ADFVO" />
  </testcase>
  <testcase name="invokeVORowImplAttributeGetter[LastName]" classname="oracle.apps.prc.po.commonPo.protectedModel.view.SupplierSiteContactVVO.SupplierSiteContactVVOTest" id="0" time="0.0010">
    <artifact_tested name="oracle.apps.prc.po.commonPo.protectedModel.validationView.SupplierSiteContactVVO" type="ADFVO" />
  </testcase>
  <testcase name="invokeVORowImplAttributeGetter[FullName]" classname="oracle.apps.prc.po.commonPo.protectedModel.view.SupplierSiteContactVVO.SupplierSiteContactVVOTest" id="0" time="0.0010">
    <artifact_tested name="oracle.apps.prc.po.commonPo.protectedModel.validationView.SupplierSiteContactVVO" type="ADFVO" />
  </testcase>
  <testcase name="invokeVORowImplAttributeGetter[Prefix]" classname="oracle.apps.prc.po.commonPo.protectedModel.view.SupplierSiteContactVVO.SupplierSiteContactVVOTest" id="0" time="0.0">
    <artifact_tested name="oracle.apps.prc.po.commonPo.protectedModel.validationView.SupplierSiteContactVVO" type="ADFVO" />
  </testcase>
  <testcase name="invokeVORowImplAttributeGetter[Title]" classname="oracle.apps.prc.po.commonPo.protectedModel.view.SupplierSiteContactVVO.SupplierSiteContactVVOTest" id="0" time="0.0010">
    <artifact_tested name="oracle.apps.prc.po.commonPo.protectedModel.validationView.SupplierSiteContactVVO" type="ADFVO" />
  </testcase>
  <testcase name="invokeVORowImplAttributeGetter[MailStop]" classname="oracle.apps.prc.po.commonPo.protectedModel.view.SupplierSiteContactVVO.SupplierSiteContactVVOTest" id="0" time="0.0">
    <artifact_tested name="oracle.apps.prc.po.commonPo.protectedModel.validationView.SupplierSiteContactVVO" type="ADFVO" />
  </testcase>
  <testcase name="invokeVORowImplAttributeGetter[AreaCode]" classname="oracle.apps.prc.po.commonPo.protectedModel.view.SupplierSiteContactVVO.SupplierSiteContactVVOTest" id="0" time="0.0010">
    <artifact_tested name="oracle.apps.prc.po.commonPo.protectedModel.validationView.SupplierSiteContactVVO" type="ADFVO" />
  </testcase>
  <testcase name="invokeVORowImplAttributeGetter[Phone]" classname="oracle.apps.prc.po.commonPo.protectedModel.view.SupplierSiteContactVVO.SupplierSiteContactVVOTest" id="0" time="0.0">
    <artifact_tested name="oracle.apps.prc.po.commonPo.protectedModel.validationView.SupplierSiteContactVVO" type="ADFVO" />
  </testcase>
  <testcase name="invokeVORowImplAttributeGetter[RequestId]" classname="oracle.apps.prc.po.commonPo.protectedModel.view.SupplierSiteContactVVO.SupplierSiteContactVVOTest" id="0" time="0.0010">
    <artifact_tested name="oracle.apps.prc.po.commonPo.protectedModel.validationView.SupplierSiteContactVVO" type="ADFVO" />
  </testcase>
  <testcase name="invokeVORowImplAttributeGetter[ProgramApplicationId]" classname="oracle.apps.prc.po.commonPo.protectedModel.view.SupplierSiteContactVVO.SupplierSiteContactVVOTest" id="0" time="0.0010">
    <artifact_tested name="oracle.apps.prc.po.commonPo.protectedModel.validationView.SupplierSiteContactVVO" type="ADFVO" />
  </testcase>
  <testcase name="invokeVORowImplAttributeGetter[ProgramId]" classname="oracle.apps.prc.po.commonPo.protectedModel.view.SupplierSiteContactVVO.SupplierSiteContactVVOTest" id="0" time="0.0010">
    <artifact_tested name="oracle.apps.prc.po.commonPo.protectedModel.validationView.SupplierSiteContactVVO" type="ADFVO" />
  </testcase>
  <testcase name="invokeVORowImplAttributeGetter[ProgramUpdateDate]" classname="oracle.apps.prc.po.commonPo.protectedModel.view.SupplierSiteContactVVO.SupplierSiteContactVVOTest" id="0" time="0.0010">
    <artifact_tested name="oracle.apps.prc.po.commonPo.protectedModel.validationView.SupplierSiteContactVVO" type="ADFVO" />
  </testcase>
  <testcase name="invokeVORowImplAttributeGetter[ContactNameAlt]" classname="oracle.apps.prc.po.commonPo.protectedModel.view.SupplierSiteContactVVO.SupplierSiteContactVVOTest" id="0" time="0.0">
    <artifact_tested name="oracle.apps.prc.po.commonPo.protectedModel.validationView.SupplierSiteContactVVO" type="ADFVO" />
  </testcase>
  <testcase name="invokeVORowImplAttributeGetter[FirstNameAlt]" classname="oracle.apps.prc.po.commonPo.protectedModel.view.SupplierSiteContactVVO.SupplierSiteContactVVOTest" id="0" time="0.0">
    <artifact_tested name="oracle.apps.prc.po.commonPo.protectedModel.validationView.SupplierSiteContactVVO" type="ADFVO" />
  </testcase>
  <testcase name="invokeVORowImplAttributeGetter[LastNameAlt]" classname="oracle.apps.prc.po.commonPo.protectedModel.view.SupplierSiteContactVVO.SupplierSiteContactVVOTest" id="0" time="0.0010">
    <artifact_tested name="oracle.apps.prc.po.commonPo.protectedModel.validationView.SupplierSiteContactVVO" type="ADFVO" />
  </testcase>
  <testcase name="invokeVORowImplAttributeGetter[Department]" classname="oracle.apps.prc.po.commonPo.protectedModel.view.SupplierSiteContactVVO.SupplierSiteContactVVOTest" id="0" time="0.0010">
    <artifact_tested name="oracle.apps.prc.po.commonPo.protectedModel.validationView.SupplierSiteContactVVO" type="ADFVO" />
  </testcase>
  <testcase name="invokeVORowImplAttributeGetter[EmailAddress]" classname="oracle.apps.prc.po.commonPo.protectedModel.view.SupplierSiteContactVVO.SupplierSiteContactVVOTest" id="0" time="0.0010">
    <artifact_tested name="oracle.apps.prc.po.commonPo.protectedModel.validationView.SupplierSiteContactVVO" type="ADFVO" />
  </testcase>
  <testcase name="invokeVORowImplAttributeGetter[Url]" classname="oracle.apps.prc.po.commonPo.protectedModel.view.SupplierSiteContactVVO.SupplierSiteContactVVOTest" id="0" time="0.0">
    <artifact_tested name="oracle.apps.prc.po.commonPo.protectedModel.validationView.SupplierSiteContactVVO" type="ADFVO" />
  </testcase>
  <testcase name="invokeVORowImplAttributeGetter[AltAreaCode]" classname="oracle.apps.prc.po.commonPo.protectedModel.view.SupplierSiteContactVVO.SupplierSiteContactVVOTest" id="0" time="0.0">
    <artifact_tested name="oracle.apps.prc.po.commonPo.protectedModel.validationView.SupplierSiteContactVVO" type="ADFVO" />
  </testcase>
  <testcase name="invokeVORowImplAttributeGetter[AltPhone]" classname="oracle.apps.prc.po.commonPo.protectedModel.view.SupplierSiteContactVVO.SupplierSiteContactVVOTest" id="0" time="0.0010">
    <artifact_tested name="oracle.apps.prc.po.commonPo.protectedModel.validationView.SupplierSiteContactVVO" type="ADFVO" />
  </testcase>
  <testcase name="invokeVORowImplAttributeGetter[FaxAreaCode]" classname="oracle.apps.prc.po.commonPo.protectedModel.view.SupplierSiteContactVVO.SupplierSiteContactVVOTest" id="0" time="0.0010">
    <artifact_tested name="oracle.apps.prc.po.commonPo.protectedModel.validationView.SupplierSiteContactVVO" type="ADFVO" />
  </testcase>
  <testcase name="invokeVORowImplAttributeGetter[Fax]" classname="oracle.apps.prc.po.commonPo.protectedModel.view.SupplierSiteContactVVO.SupplierSiteContactVVOTest" id="0" time="0.0">
    <artifact_tested name="oracle.apps.prc.po.commonPo.protectedModel.validationView.SupplierSiteContactVVO" type="ADFVO" />
  </testcase>
  <testcase name="invokeVORowImplAttributeGetter[InactiveDate]" classname="oracle.apps.prc.po.commonPo.protectedModel.view.SupplierSiteContactVVO.SupplierSiteContactVVOTest" id="0" time="0.0010">
    <artifact_tested name="oracle.apps.prc.po.commonPo.protectedModel.validationView.SupplierSiteContactVVO" type="ADFVO" />
  </testcase>
  <testcase name="invokeVORowImplAttributeGetter[PerPartyId]" classname="oracle.apps.prc.po.commonPo.protectedModel.view.SupplierSiteContactVVO.SupplierSiteContactVVOTest" id="0" time="0.0">
    <artifact_tested name="oracle.apps.prc.po.commonPo.protectedModel.validationView.SupplierSiteContactVVO" type="ADFVO" />
  </testcase>
  <testcase name="invokeVORowImplAttributeGetter[RelationshipId]" classname="oracle.apps.prc.po.commonPo.protectedModel.view.SupplierSiteContactVVO.SupplierSiteContactVVOTest" id="0" time="0.0">
    <artifact_tested name="oracle.apps.prc.po.commonPo.protectedModel.validationView.SupplierSiteContactVVO" type="ADFVO" />
  </testcase>
  <testcase name="invokeVORowImplAttributeGetter[PartySiteId]" classname="oracle.apps.prc.po.commonPo.protectedModel.view.SupplierSiteContactVVO.SupplierSiteContactVVOTest" id="0" time="0.0010">
    <artifact_tested name="oracle.apps.prc.po.commonPo.protectedModel.validationView.SupplierSiteContactVVO" type="ADFVO" />
  </testcase>
  <testcase name="invokeVORowImplAttributeGetter[OrgContactId]" classname="oracle.apps.prc.po.commonPo.protectedModel.view.SupplierSiteContactVVO.SupplierSiteContactVVOTest" id="0" time="0.0">
    <artifact_tested name="oracle.apps.prc.po.commonPo.protectedModel.validationView.SupplierSiteContactVVO" type="ADFVO" />
  </testcase>
  <testcase name="invokeVORowImplAttributeGetter[OrgPartySiteId]" classname="oracle.apps.prc.po.commonPo.protectedModel.view.SupplierSiteContactVVO.SupplierSiteContactVVOTest" id="0" time="0.0010">
    <artifact_tested name="oracle.apps.prc.po.commonPo.protectedModel.validationView.SupplierSiteContactVVO" type="ADFVO" />
  </testcase>
  <testcase name="invokeVORowImplAttributeGetter[AttributeCategory]" classname="oracle.apps.prc.po.commonPo.protectedModel.view.SupplierSiteContactVVO.SupplierSiteContactVVOTest" id="0" time="0.0">
    <artifact_tested name="oracle.apps.prc.po.commonPo.protectedModel.validationView.SupplierSiteContactVVO" type="ADFVO" />
  </testcase>
  <testcase name="invokeVORowImplAttributeGetter[Attribute1]" classname="oracle.apps.prc.po.commonPo.protectedModel.view.SupplierSiteContactVVO.SupplierSiteContactVVOTest" id="0" time="0.0010">
    <artifact_tested name="oracle.apps.prc.po.commonPo.protectedModel.validationView.SupplierSiteContactVVO" type="ADFVO" />
  </testcase>
  <testcase name="invokeVORowImplAttributeGetter[Attribute2]" classname="oracle.apps.prc.po.commonPo.protectedModel.view.SupplierSiteContactVVO.SupplierSiteContactVVOTest" id="0" time="0.0010">
    <artifact_tested name="oracle.apps.prc.po.commonPo.protectedModel.validationView.SupplierSiteContactVVO" type="ADFVO" />
  </testcase>
  <testcase name="invokeVORowImplAttributeGetter[Attribute3]" classname="oracle.apps.prc.po.commonPo.protectedModel.view.SupplierSiteContactVVO.SupplierSiteContactVVOTest" id="0" time="0.0010">
    <artifact_tested name="oracle.apps.prc.po.commonPo.protectedModel.validationView.SupplierSiteContactVVO" type="ADFVO" />
  </testcase>
  <testcase name="invokeVORowImplAttributeGetter[Attribute4]" classname="oracle.apps.prc.po.commonPo.protectedModel.view.SupplierSiteContactVVO.SupplierSiteContactVVOTest" id="0" time="0.0">
    <artifact_tested name="oracle.apps.prc.po.commonPo.protectedModel.validationView.SupplierSiteContactVVO" type="ADFVO" />
  </testcase>
  <testcase name="invokeVORowImplAttributeGetter[Attribute5]" classname="oracle.apps.prc.po.commonPo.protectedModel.view.SupplierSiteContactVVO.SupplierSiteContactVVOTest" id="0" time="0.0010">
    <artifact_tested name="oracle.apps.prc.po.commonPo.protectedModel.validationView.SupplierSiteContactVVO" type="ADFVO" />
  </testcase>
  <testcase name="invokeVORowImplAttributeGetter[Attribute6]" classname="oracle.apps.prc.po.commonPo.protectedModel.view.SupplierSiteContactVVO.SupplierSiteContactVVOTest" id="0" time="0.0010">
    <artifact_tested name="oracle.apps.prc.po.commonPo.protectedModel.validationView.SupplierSiteContactVVO" type="ADFVO" />
  </testcase>
  <testcase name="invokeVORowImplAttributeGetter[Attribute7]" classname="oracle.apps.prc.po.commonPo.protectedModel.view.SupplierSiteContactVVO.SupplierSiteContactVVOTest" id="0" time="0.0010">
    <artifact_tested name="oracle.apps.prc.po.commonPo.protectedModel.validationView.SupplierSiteContactVVO" type="ADFVO" />
  </testcase>
  <testcase name="invokeVORowImplAttributeGetter[Attribute8]" classname="oracle.apps.prc.po.commonPo.protectedModel.view.SupplierSiteContactVVO.SupplierSiteContactVVOTest" id="0" time="0.0010">
    <artifact_tested name="oracle.apps.prc.po.commonPo.protectedModel.validationView.SupplierSiteContactVVO" type="ADFVO" />
  </testcase>
  <testcase name="invokeVORowImplAttributeGetter[Attribute9]" classname="oracle.apps.prc.po.commonPo.protectedModel.view.SupplierSiteContactVVO.SupplierSiteContactVVOTest" id="0" time="0.0010">
    <artifact_tested name="oracle.apps.prc.po.commonPo.protectedModel.validationView.SupplierSiteContactVVO" type="ADFVO" />
  </testcase>
  <testcase name="invokeVORowImplAttributeGetter[Attribute10]" classname="oracle.apps.prc.po.commonPo.protectedModel.view.SupplierSiteContactVVO.SupplierSiteContactVVOTest" id="0" time="0.0">
    <artifact_tested name="oracle.apps.prc.po.commonPo.protectedModel.validationView.SupplierSiteContactVVO" type="ADFVO" />
  </testcase>
  <testcase name="invokeVORowImplAttributeGetter[Attribute11]" classname="oracle.apps.prc.po.commonPo.protectedModel.view.SupplierSiteContactVVO.SupplierSiteContactVVOTest" id="0" time="0.0010">
    <artifact_tested name="oracle.apps.prc.po.commonPo.protectedModel.validationView.SupplierSiteContactVVO" type="ADFVO" />
  </testcase>
  <testcase name="invokeVORowImplAttributeGetter[Attribute12]" classname="oracle.apps.prc.po.commonPo.protectedModel.view.SupplierSiteContactVVO.SupplierSiteContactVVOTest" id="0" time="0.0010">
    <artifact_tested name="oracle.apps.prc.po.commonPo.protectedModel.validationView.SupplierSiteContactVVO" type="ADFVO" />
  </testcase>
  <testcase name="invokeVORowImplAttributeGetter[Attribute13]" classname="oracle.apps.prc.po.commonPo.protectedModel.view.SupplierSiteContactVVO.SupplierSiteContactVVOTest" id="0" time="0.0010">
    <artifact_tested name="oracle.apps.prc.po.commonPo.protectedModel.validationView.SupplierSiteContactVVO" type="ADFVO" />
  </testcase>
  <testcase name="invokeVORowImplAttributeGetter[Attribute14]" classname="oracle.apps.prc.po.commonPo.protectedModel.view.SupplierSiteContactVVO.SupplierSiteContactVVOTest" id="0" time="0.0010">
    <artifact_tested name="oracle.apps.prc.po.commonPo.protectedModel.validationView.SupplierSiteContactVVO" type="ADFVO" />
  </testcase>
  <testcase name="invokeVORowImplAttributeGetter[Attribute15]" classname="oracle.apps.prc.po.commonPo.protectedModel.view.SupplierSiteContactVVO.SupplierSiteContactVVOTest" id="0" time="0.0">
    <artifact_tested name="oracle.apps.prc.po.commonPo.protectedModel.validationView.SupplierSiteContactVVO" type="ADFVO" />
  </testcase>
  <testcase name="invokeVORowImplAttributeGetter[PartyName]" classname="oracle.apps.prc.po.commonPo.protectedModel.view.SupplierSiteContactVVO.SupplierSiteContactVVOTest" id="0" time="0.0010">
    <artifact_tested name="oracle.apps.prc.po.commonPo.protectedModel.validationView.SupplierSiteContactVVO" type="ADFVO" />
  </testcase>
  <testcase name="invokeVORowImplAttributeGetter[PartyId]" classname="oracle.apps.prc.po.commonPo.protectedModel.view.SupplierSiteContactVVO.SupplierSiteContactVVOTest" id="0" time="0.0">
    <artifact_tested name="oracle.apps.prc.po.commonPo.protectedModel.validationView.SupplierSiteContactVVO" type="ADFVO" />
  </testcase>
  <testcase name="invokeVORowImplAttributeGetter[UserGuid]" classname="oracle.apps.prc.po.commonPo.protectedModel.view.SupplierSiteContactVVO.SupplierSiteContactVVOTest" id="0" time="0.0">
    <artifact_tested name="oracle.apps.prc.po.commonPo.protectedModel.validationView.SupplierSiteContactVVO" type="ADFVO" />
  </testcase>
  <testcase name="invokeVORowImplAttributeGetter[VendorId]" classname="oracle.apps.prc.po.commonPo.protectedModel.view.SupplierSiteContactVVO.SupplierSiteContactVVOTest" id="0" time="0.0010">
    <artifact_tested name="oracle.apps.prc.po.commonPo.protectedModel.validationView.SupplierSiteContactVVO" type="ADFVO" />
  </testcase>
  <testcase name="invokeVORowImplAttributeGetter[PhoneCountryCode]" classname="oracle.apps.prc.po.commonPo.protectedModel.view.SupplierSiteContactVVO.SupplierSiteContactVVOTest" id="0" time="0.0010">
    <artifact_tested name="oracle.apps.prc.po.commonPo.protectedModel.validationView.SupplierSiteContactVVO" type="ADFVO" />
  </testcase>
  <testcase name="invokeVORowImplAttributeGetter[FaxCountryCode]" classname="oracle.apps.prc.po.commonPo.protectedModel.view.SupplierSiteContactVVO.SupplierSiteContactVVOTest" id="0" time="0.0010">
    <artifact_tested name="oracle.apps.prc.po.commonPo.protectedModel.validationView.SupplierSiteContactVVO" type="ADFVO" />
  </testcase>
  <testcase name="invokeVORowImplAttributeGetter[JobTitle]" classname="oracle.apps.prc.po.commonPo.protectedModel.view.SupplierSiteContactVVO.SupplierSiteContactVVOTest" id="0" time="0.0010">
    <artifact_tested name="oracle.apps.prc.po.commonPo.protectedModel.validationView.SupplierSiteContactVVO" type="ADFVO" />
  </testcase>
  <testcase name="invokeVORowImplAttributeGetter[PersonNameSuffix]" classname="oracle.apps.prc.po.commonPo.protectedModel.view.SupplierSiteContactVVO.SupplierSiteContactVVOTest" id="0" time="0.0010">
    <artifact_tested name="oracle.apps.prc.po.commonPo.protectedModel.validationView.SupplierSiteContactVVO" type="ADFVO" />
  </testcase>
  <testcase name="invokeVORowImplAttributeGetter[AdministrativeContact]" classname="oracle.apps.prc.po.commonPo.protectedModel.view.SupplierSiteContactVVO.SupplierSiteContactVVOTest" id="0" time="0.0010">
    <artifact_tested name="oracle.apps.prc.po.commonPo.protectedModel.validationView.SupplierSiteContactVVO" type="ADFVO" />
  </testcase>
  <testcase name="invokeVORowImplAttributeGetter[PhoneExtension]" classname="oracle.apps.prc.po.commonPo.protectedModel.view.SupplierSiteContactVVO.SupplierSiteContactVVOTest" id="0" time="0.0010">
    <artifact_tested name="oracle.apps.prc.po.commonPo.protectedModel.validationView.SupplierSiteContactVVO" type="ADFVO" />
  </testcase>
  <testcase name="invokeVORowImplAttributeGetter[Status]" classname="oracle.apps.prc.po.commonPo.protectedModel.view.SupplierSiteContactVVO.SupplierSiteContactVVOTest" id="0" time="0.048">
    <artifact_tested name="oracle.apps.prc.po.commonPo.protectedModel.validationView.SupplierSiteContactVVO" type="ADFVO" />
  </testcase>
  <testcase name="invokeVORowImplAttributeGetter[Salutation]" classname="oracle.apps.prc.po.commonPo.protectedModel.view.SupplierSiteContactVVO.SupplierSiteContactVVOTest" id="0" time="0.0">
    <artifact_tested name="oracle.apps.prc.po.commonPo.protectedModel.validationView.SupplierSiteContactVVO" type="ADFVO" />
  </testcase>
  <testcase name="invokeVORowImplAttributeGetter[FaxExtension]" classname="oracle.apps.prc.po.commonPo.protectedModel.view.SupplierSiteContactVVO.SupplierSiteContactVVOTest" id="0" time="0.0">
    <artifact_tested name="oracle.apps.prc.po.commonPo.protectedModel.validationView.SupplierSiteContactVVO" type="ADFVO" />
  </testcase>
  <testcase name="invokeVORowImplAttributeGetter[MobileAreaCode]" classname="oracle.apps.prc.po.commonPo.protectedModel.view.SupplierSiteContactVVO.SupplierSiteContactVVOTest" id="0" time="0.0010">
    <artifact_tested name="oracle.apps.prc.po.commonPo.protectedModel.validationView.SupplierSiteContactVVO" type="ADFVO" />
  </testcase>
  <testcase name="invokeVORowImplAttributeGetter[MobileCountryCode]" classname="oracle.apps.prc.po.commonPo.protectedModel.view.SupplierSiteContactVVO.SupplierSiteContactVVOTest" id="0" time="0.0">
    <artifact_tested name="oracle.apps.prc.po.commonPo.protectedModel.validationView.SupplierSiteContactVVO" type="ADFVO" />
  </testcase>
  <testcase name="invokeVORowImplAttributeGetter[PhoneDisplay]" classname="oracle.apps.prc.po.commonPo.protectedModel.view.SupplierSiteContactVVO.SupplierSiteContactVVOTest" id="0" time="0.0010">
    <artifact_tested name="oracle.apps.prc.po.commonPo.protectedModel.validationView.SupplierSiteContactVVO" type="ADFVO" />
  </testcase>
  <testcase name="invokeVORowImplAttributeGetter[FaxDisplay]" classname="oracle.apps.prc.po.commonPo.protectedModel.view.SupplierSiteContactVVO.SupplierSiteContactVVOTest" id="0" time="0.0010">
    <artifact_tested name="oracle.apps.prc.po.commonPo.protectedModel.validationView.SupplierSiteContactVVO" type="ADFVO" />
  </testcase>
  <testcase name="invokeVORowImplAttributeGetter[MobileDisplay]" classname="oracle.apps.prc.po.commonPo.protectedModel.view.SupplierSiteContactVVO.SupplierSiteContactVVOTest" id="0" time="0.0">
    <artifact_tested name="oracle.apps.prc.po.commonPo.protectedModel.validationView.SupplierSiteContactVVO" type="ADFVO" />
  </testcase>
  <testcase name="invokeVORowImplAttributeGetter[MobileNumber]" classname="oracle.apps.prc.po.commonPo.protectedModel.view.SupplierSiteContactVVO.SupplierSiteContactVVOTest" id="0" time="0.0010">
    <artifact_tested name="oracle.apps.prc.po.commonPo.protectedModel.validationView.SupplierSiteContactVVO" type="ADFVO" />
  </testcase>
</testsuite><testsuite name="oracle.apps.prc.po.commonPo.protectedModel.view.DeliverToOrgForReqBUVVO.DeliverToOrgForReqBUVVOTest" timestamp="2017-06-20T11:33:29" hostname="indl76040" family="NO_REGISTERED_LBA_FOR_JPR_NAME" initiative="prc_po_lrg" jpr="PrcPoCommonPoProtectedModelTest" label="" product="NO_REGISTERED_LBA_FOR_JPR_NAME" lba="NO_REGISTERED_LBA_FOR_JPR_NAME" tests="5" failures="0" errors="0" time="2.866" runId="0">
  <properties />
  <testcase name="entitiesNonUpdateable" classname="oracle.apps.prc.po.commonPo.protectedModel.view.DeliverToOrgForReqBUVVO.DeliverToOrgForReqBUVVOTest" id="0" time="0.561">
    <artifact_tested name="oracle.apps.prc.po.commonPo.protectedModel.validationView.DeliverToOrgForReqBUVVO" type="ADFVO" />
  </testcase>
  <testcase name="testVOAccess" classname="oracle.apps.prc.po.commonPo.protectedModel.view.DeliverToOrgForReqBUVVO.DeliverToOrgForReqBUVVOTest" id="0" time="0.0">
    <artifact_tested name="oracle.apps.prc.po.commonPo.protectedModel.validationView.DeliverToOrgForReqBUVVO" type="ADFVO" />
  </testcase>
  <testcase name="invokeVORowImplAttributeGetter[OrganizationId]" classname="oracle.apps.prc.po.commonPo.protectedModel.view.DeliverToOrgForReqBUVVO.DeliverToOrgForReqBUVVOTest" id="0" time="0.588">
    <artifact_tested name="oracle.apps.prc.po.commonPo.protectedModel.validationView.DeliverToOrgForReqBUVVO" type="ADFVO" />
  </testcase>
  <testcase name="invokeVORowImplAttributeGetter[OrganizationCode]" classname="oracle.apps.prc.po.commonPo.protectedModel.view.DeliverToOrgForReqBUVVO.DeliverToOrgForReqBUVVOTest" id="0" time="0.0">
    <artifact_tested name="oracle.apps.prc.po.commonPo.protectedModel.validationView.DeliverToOrgForReqBUVVO" type="ADFVO" />
  </testcase>
  <testcase name="invokeVORowImplAttributeGetter[OrganizationName]" classname="oracle.apps.prc.po.commonPo.protectedModel.view.DeliverToOrgForReqBUVVO.DeliverToOrgForReqBUVVOTest" id="0" time="0.0">
    <artifact_tested name="oracle.apps.prc.po.commonPo.protectedModel.validationView.DeliverToOrgForReqBUVVO" type="ADFVO" />
  </testcase>
</testsuite><testsuite name="oracle.apps.prc.po.commonPo.protectedModel.view.PurchasingDocumentDraftOsnVOTest" timestamp="2017-06-20T11:34:10" hostname="indl76040" family="NO_REGISTERED_LBA_FOR_JPR_NAME" initiative="prc_po_lrg" jpr="PrcPoCommonPoProtectedModelTest" label="" product="NO_REGISTERED_LBA_FOR_JPR_NAME" lba="NO_REGISTERED_LBA_FOR_JPR_NAME" tests="0" failures="0" errors="0" time="0.02" runId="0">
  <properties />
</testsuite><testsuite name="oracle.apps.prc.po.commonPo.protectedModel.view.UnitOfMeasureItemVVO.UnitOfMeasureItemVVOTest" timestamp="2017-06-20T11:35:33" hostname="indl76040" family="NO_REGISTERED_LBA_FOR_JPR_NAME" initiative="prc_po_lrg" jpr="PrcPoCommonPoProtectedModelTest" label="" product="NO_REGISTERED_LBA_FOR_JPR_NAME" lba="NO_REGISTERED_LBA_FOR_JPR_NAME" tests="14" failures="0" errors="0" time="5.378" runId="0">
  <properties />
  <testcase name="entitiesNonUpdateable" classname="oracle.apps.prc.po.commonPo.protectedModel.view.UnitOfMeasureItemVVO.UnitOfMeasureItemVVOTest" id="0" time="1.965">
    <artifact_tested name="oracle.apps.prc.po.commonPo.protectedModel.validationView.UnitOfMeasureItemVVO" type="ADFVO" />
  </testcase>
  <testcase name="testVOAccess" classname="oracle.apps.prc.po.commonPo.protectedModel.view.UnitOfMeasureItemVVO.UnitOfMeasureItemVVOTest" id="0" time="0.0">
    <artifact_tested name="oracle.apps.prc.po.commonPo.protectedModel.validationView.UnitOfMeasureItemVVO" type="ADFVO" />
  </testcase>
  <testcase name="invokeVORowImplAttributeGetter[InventoryItemId]" classname="oracle.apps.prc.po.commonPo.protectedModel.view.UnitOfMeasureItemVVO.UnitOfMeasureItemVVOTest" id="0" time="0.693">
    <artifact_tested name="oracle.apps.prc.po.commonPo.protectedModel.validationView.UnitOfMeasureItemVVO" type="ADFVO" />
  </testcase>
  <testcase name="invokeVORowImplAttributeGetter[OrganizationId]" classname="oracle.apps.prc.po.commonPo.protectedModel.view.UnitOfMeasureItemVVO.UnitOfMeasureItemVVOTest" id="0" time="0.0">
    <artifact_tested name="oracle.apps.prc.po.commonPo.protectedModel.validationView.UnitOfMeasureItemVVO" type="ADFVO" />
  </testcase>
  <testcase name="invokeVORowImplAttributeGetter[UomCode]" classname="oracle.apps.prc.po.commonPo.protectedModel.view.UnitOfMeasureItemVVO.UnitOfMeasureItemVVOTest" id="0" time="0.0010">
    <artifact_tested name="oracle.apps.prc.po.commonPo.protectedModel.validationView.UnitOfMeasureItemVVO" type="ADFVO" />
  </testcase>
  <testcase name="invokeVORowImplAttributeGetter[UomType]" classname="oracle.apps.prc.po.commonPo.protectedModel.view.UnitOfMeasureItemVVO.UnitOfMeasureItemVVOTest" id="0" time="0.0">
    <artifact_tested name="oracle.apps.prc.po.commonPo.protectedModel.validationView.UnitOfMeasureItemVVO" type="ADFVO" />
  </testcase>
  <testcase name="invokeVORowImplAttributeGetter[UnitOfMeasure]" classname="oracle.apps.prc.po.commonPo.protectedModel.view.UnitOfMeasureItemVVO.UnitOfMeasureItemVVOTest" id="0" time="0.0">
    <artifact_tested name="oracle.apps.prc.po.commonPo.protectedModel.validationView.UnitOfMeasureItemVVO" type="ADFVO" />
  </testcase>
  <testcase name="invokeVORowImplAttributeGetter[UomClass]" classname="oracle.apps.prc.po.commonPo.protectedModel.view.UnitOfMeasureItemVVO.UnitOfMeasureItemVVOTest" id="0" time="0.0">
    <artifact_tested name="oracle.apps.prc.po.commonPo.protectedModel.validationView.UnitOfMeasureItemVVO" type="ADFVO" />
  </testcase>
  <testcase name="invokeVORowImplAttributeGetter[Description]" classname="oracle.apps.prc.po.commonPo.protectedModel.view.UnitOfMeasureItemVVO.UnitOfMeasureItemVVOTest" id="0" time="0.0">
    <artifact_tested name="oracle.apps.prc.po.commonPo.protectedModel.validationView.UnitOfMeasureItemVVO" type="ADFVO" />
  </testcase>
  <testcase name="invokeVORowImplAttributeGetter[UomClass1]" classname="oracle.apps.prc.po.commonPo.protectedModel.view.UnitOfMeasureItemVVO.UnitOfMeasureItemVVOTest" id="0" time="0.0">
    <artifact_tested name="oracle.apps.prc.po.commonPo.protectedModel.validationView.UnitOfMeasureItemVVO" type="ADFVO" />
  </testcase>
  <testcase name="invokeVORowImplAttributeGetter[ObjectVersionNumber]" classname="oracle.apps.prc.po.commonPo.protectedModel.view.UnitOfMeasureItemVVO.UnitOfMeasureItemVVOTest" id="0" time="0.0010">
    <artifact_tested name="oracle.apps.prc.po.commonPo.protectedModel.validationView.UnitOfMeasureItemVVO" type="ADFVO" />
  </testcase>
  <testcase name="invokeVORowImplAttributeGetter[UomClassTl]" classname="oracle.apps.prc.po.commonPo.protectedModel.view.UnitOfMeasureItemVVO.UnitOfMeasureItemVVOTest" id="0" time="0.0">
    <artifact_tested name="oracle.apps.prc.po.commonPo.protectedModel.validationView.UnitOfMeasureItemVVO" type="ADFVO" />
  </testcase>
  <testcase name="invokeVORowImplAttributeGetter[UomReciprocalDesc]" classname="oracle.apps.prc.po.commonPo.protectedModel.view.UnitOfMeasureItemVVO.UnitOfMeasureItemVVOTest" id="0" time="0.0010">
    <artifact_tested name="oracle.apps.prc.po.commonPo.protectedModel.validationView.UnitOfMeasureItemVVO" type="ADFVO" />
  </testcase>
  <testcase name="invokeVORowImplAttributeGetter[UomPluralDesc]" classname="oracle.apps.prc.po.commonPo.protectedModel.view.UnitOfMeasureItemVVO.UnitOfMeasureItemVVOTest" id="0" time="0.0">
    <artifact_tested name="oracle.apps.prc.po.commonPo.protectedModel.validationView.UnitOfMeasureItemVVO" type="ADFVO" />
  </testcase>
</testsuite><testsuite name="oracle.apps.prc.po.commonPo.protectedModel.view.PrcBUForReqBUVVO.PrcBUForReqBUVVOTest" timestamp="2017-06-20T11:33:57" hostname="indl76040" family="NO_REGISTERED_LBA_FOR_JPR_NAME" initiative="prc_po_lrg" jpr="PrcPoCommonPoProtectedModelTest" label="" product="NO_REGISTERED_LBA_FOR_JPR_NAME" lba="NO_REGISTERED_LBA_FOR_JPR_NAME" tests="6" failures="0" errors="0" time="2.426" runId="0">
  <properties />
  <testcase name="entitiesNonUpdateable" classname="oracle.apps.prc.po.commonPo.protectedModel.view.PrcBUForReqBUVVO.PrcBUForReqBUVVOTest" id="0" time="0.227">
    <artifact_tested name="oracle.apps.prc.po.commonPo.protectedModel.validationView.PrcBUForReqBUVVO" type="ADFVO" />
  </testcase>
  <testcase name="testVOAccess" classname="oracle.apps.prc.po.commonPo.protectedModel.view.PrcBUForReqBUVVO.PrcBUForReqBUVVOTest" id="0" time="0.0">
    <artifact_tested name="oracle.apps.prc.po.commonPo.protectedModel.validationView.PrcBUForReqBUVVO" type="ADFVO" />
  </testcase>
  <testcase name="invokeVORowImplAttributeGetter[BusinessUnitId]" classname="oracle.apps.prc.po.commonPo.protectedModel.view.PrcBUForReqBUVVO.PrcBUForReqBUVVOTest" id="0" time="0.286">
    <artifact_tested name="oracle.apps.prc.po.commonPo.protectedModel.validationView.PrcBUForReqBUVVO" type="ADFVO" />
  </testcase>
  <testcase name="invokeVORowImplAttributeGetter[ModuleId]" classname="oracle.apps.prc.po.commonPo.protectedModel.view.PrcBUForReqBUVVO.PrcBUForReqBUVVOTest" id="0" time="0.0">
    <artifact_tested name="oracle.apps.prc.po.commonPo.protectedModel.validationView.PrcBUForReqBUVVO" type="ADFVO" />
  </testcase>
  <testcase name="invokeVORowImplAttributeGetter[Name]" classname="oracle.apps.prc.po.commonPo.protectedModel.view.PrcBUForReqBUVVO.PrcBUForReqBUVVOTest" id="0" time="0.0">
    <artifact_tested name="oracle.apps.prc.po.commonPo.protectedModel.validationView.PrcBUForReqBUVVO" type="ADFVO" />
  </testcase>
  <testcase name="invokeVORowImplAttributeGetter[Status]" classname="oracle.apps.prc.po.commonPo.protectedModel.view.PrcBUForReqBUVVO.PrcBUForReqBUVVOTest" id="0" time="0.0">
    <artifact_tested name="oracle.apps.prc.po.commonPo.protectedModel.validationView.PrcBUForReqBUVVO" type="ADFVO" />
  </testcase>
</testsuite><testsuite name="oracle.apps.prc.po.commonPo.protectedModel.utilTest.TestPoShipToUtil" timestamp="2017-06-20T11:30:07" hostname="indl76040" family="NO_REGISTERED_LBA_FOR_JPR_NAME" initiative="prc_po_lrg" jpr="PrcPoCommonPoProtectedModelTest" label="" product="NO_REGISTERED_LBA_FOR_JPR_NAME" lba="NO_REGISTERED_LBA_FOR_JPR_NAME" tests="5" failures="0" errors="0" time="2.822" runId="0">
  <properties />
  <testcase name="testGetDefaultShipToOrg[test default ship to org 1]" classname="oracle.apps.prc.po.commonPo.protectedModel.utilTest.TestPoShipToUtil" id="0" time="1.019" />
  <testcase name="testIsValidOrganization[test valid organization1]" classname="oracle.apps.prc.po.commonPo.protectedModel.utilTest.TestPoShipToUtil" id="0" time="0.0010" />
  <testcase name="testIsValidOrganization[test valid organization2]" classname="oracle.apps.prc.po.commonPo.protectedModel.utilTest.TestPoShipToUtil" id="0" time="0.0010" />
  <testcase name="testIsValidLocation[test valid Location1]" classname="oracle.apps.prc.po.commonPo.protectedModel.utilTest.TestPoShipToUtil" id="0" time="0.212" />
  <testcase name="testIsValidLocation[test valid Location2]" classname="oracle.apps.prc.po.commonPo.protectedModel.utilTest.TestPoShipToUtil" id="0" time="0.0020" />
</testsuite><testsuite name="oracle.apps.prc.po.commonPo.protectedModel.utilTest.TestPoPriceBreakUtil" timestamp="2017-06-20T11:30:02" hostname="indl76040" family="NO_REGISTERED_LBA_FOR_JPR_NAME" initiative="prc_po_lrg" jpr="PrcPoCommonPoProtectedModelTest" label="" product="NO_REGISTERED_LBA_FOR_JPR_NAME" lba="NO_REGISTERED_LBA_FOR_JPR_NAME" tests="4" failures="0" errors="0" time="1.286" runId="0">
  <properties />
  <testcase name="testCalculatePriceDiscount[TestPriceDiscount1]" classname="oracle.apps.prc.po.commonPo.protectedModel.utilTest.TestPoPriceBreakUtil" id="0" time="0.199" />
  <testcase name="testCalculatePriceDiscount[TestPriceDiscount2]" classname="oracle.apps.prc.po.commonPo.protectedModel.utilTest.TestPoPriceBreakUtil" id="0" time="0.0010" />
  <testcase name="testCalculatePriceOverride[TestPriceOverride1]" classname="oracle.apps.prc.po.commonPo.protectedModel.utilTest.TestPoPriceBreakUtil" id="0" time="0.0010" />
  <testcase name="testCalculatePriceOverride[TestPriceOverride2]" classname="oracle.apps.prc.po.commonPo.protectedModel.utilTest.TestPoPriceBreakUtil" id="0" time="0.0" />
</testsuite><testsuite name="oracle.apps.prc.po.commonPo.protectedModel.view.UserDefinedFiscClassVVO.UserDefinedFiscClassVVOTest" timestamp="2017-06-20T11:35:39" hostname="indl76040" family="NO_REGISTERED_LBA_FOR_JPR_NAME" initiative="prc_po_lrg" jpr="PrcPoCommonPoProtectedModelTest" label="" product="NO_REGISTERED_LBA_FOR_JPR_NAME" lba="NO_REGISTERED_LBA_FOR_JPR_NAME" tests="7" failures="0" errors="0" time="3.242" runId="0">
  <properties />
  <testcase name="entitiesNonUpdateable" classname="oracle.apps.prc.po.commonPo.protectedModel.view.UserDefinedFiscClassVVO.UserDefinedFiscClassVVOTest" id="0" time="0.679">
    <artifact_tested name="oracle.apps.prc.po.commonPo.protectedModel.validationView.UserDefinedFiscClassVVO" type="ADFVO" />
  </testcase>
  <testcase name="testVOAccess" classname="oracle.apps.prc.po.commonPo.protectedModel.view.UserDefinedFiscClassVVO.UserDefinedFiscClassVVOTest" id="0" time="0.0010">
    <artifact_tested name="oracle.apps.prc.po.commonPo.protectedModel.validationView.UserDefinedFiscClassVVO" type="ADFVO" />
  </testcase>
  <testcase name="invokeVORowImplAttributeGetter[ClassificationName]" classname="oracle.apps.prc.po.commonPo.protectedModel.view.UserDefinedFiscClassVVO.UserDefinedFiscClassVVOTest" id="0" time="0.085">
    <artifact_tested name="oracle.apps.prc.po.commonPo.protectedModel.validationView.UserDefinedFiscClassVVO" type="ADFVO" />
  </testcase>
  <testcase name="invokeVORowImplAttributeGetter[ClassificationCode]" classname="oracle.apps.prc.po.commonPo.protectedModel.view.UserDefinedFiscClassVVO.UserDefinedFiscClassVVOTest" id="0" time="0.0010">
    <artifact_tested name="oracle.apps.prc.po.commonPo.protectedModel.validationView.UserDefinedFiscClassVVO" type="ADFVO" />
  </testcase>
  <testcase name="invokeVORowImplAttributeGetter[CountryCode]" classname="oracle.apps.prc.po.commonPo.protectedModel.view.UserDefinedFiscClassVVO.UserDefinedFiscClassVVOTest" id="0" time="0.0">
    <artifact_tested name="oracle.apps.prc.po.commonPo.protectedModel.validationView.UserDefinedFiscClassVVO" type="ADFVO" />
  </testcase>
  <testcase name="invokeVORowImplAttributeGetter[EffectiveFrom]" classname="oracle.apps.prc.po.commonPo.protectedModel.view.UserDefinedFiscClassVVO.UserDefinedFiscClassVVOTest" id="0" time="0.0">
    <artifact_tested name="oracle.apps.prc.po.commonPo.protectedModel.validationView.UserDefinedFiscClassVVO" type="ADFVO" />
  </testcase>
  <testcase name="invokeVORowImplAttributeGetter[EffectiveTo]" classname="oracle.apps.prc.po.commonPo.protectedModel.view.UserDefinedFiscClassVVO.UserDefinedFiscClassVVOTest" id="0" time="0.0">
    <artifact_tested name="oracle.apps.prc.po.commonPo.protectedModel.validationView.UserDefinedFiscClassVVO" type="ADFVO" />
  </testcase>
</testsuite><testsuite name="oracle.apps.prc.po.commonPo.protectedModel.view.ProductFiscClassificationsVVO.ProductFiscClassificationsVVOTest" timestamp="2017-06-20T11:34:02" hostname="indl76040" family="NO_REGISTERED_LBA_FOR_JPR_NAME" initiative="prc_po_lrg" jpr="PrcPoCommonPoProtectedModelTest" label="" product="NO_REGISTERED_LBA_FOR_JPR_NAME" lba="NO_REGISTERED_LBA_FOR_JPR_NAME" tests="16" failures="0" errors="0" time="2.711" runId="0">
  <properties />
  <testcase name="entitiesNonUpdateable" classname="oracle.apps.prc.po.commonPo.protectedModel.view.ProductFiscClassificationsVVO.ProductFiscClassificationsVVOTest" id="0" time="0.127">
    <artifact_tested name="oracle.apps.prc.po.commonPo.protectedModel.validationView.ProductFiscClassificationsVVO" type="ADFVO" />
  </testcase>
  <testcase name="testVOAccess" classname="oracle.apps.prc.po.commonPo.protectedModel.view.ProductFiscClassificationsVVO.ProductFiscClassificationsVVOTest" id="0" time="0.0">
    <artifact_tested name="oracle.apps.prc.po.commonPo.protectedModel.validationView.ProductFiscClassificationsVVO" type="ADFVO" />
  </testcase>
  <testcase name="invokeVORowImplAttributeGetter[CategoryId]" classname="oracle.apps.prc.po.commonPo.protectedModel.view.ProductFiscClassificationsVVO.ProductFiscClassificationsVVOTest" id="0" time="0.656">
    <artifact_tested name="oracle.apps.prc.po.commonPo.protectedModel.validationView.ProductFiscClassificationsVVO" type="ADFVO" />
  </testcase>
  <testcase name="invokeVORowImplAttributeGetter[StructureId]" classname="oracle.apps.prc.po.commonPo.protectedModel.view.ProductFiscClassificationsVVO.ProductFiscClassificationsVVOTest" id="0" time="0.0010">
    <artifact_tested name="oracle.apps.prc.po.commonPo.protectedModel.validationView.ProductFiscClassificationsVVO" type="ADFVO" />
  </testcase>
  <testcase name="invokeVORowImplAttributeGetter[CategorySetId]" classname="oracle.apps.prc.po.commonPo.protectedModel.view.ProductFiscClassificationsVVO.ProductFiscClassificationsVVOTest" id="0" time="0.0">
    <artifact_tested name="oracle.apps.prc.po.commonPo.protectedModel.validationView.ProductFiscClassificationsVVO" type="ADFVO" />
  </testcase>
  <testcase name="invokeVORowImplAttributeGetter[ClassificationName]" classname="oracle.apps.prc.po.commonPo.protectedModel.view.ProductFiscClassificationsVVO.ProductFiscClassificationsVVOTest" id="0" time="0.0010">
    <artifact_tested name="oracle.apps.prc.po.commonPo.protectedModel.validationView.ProductFiscClassificationsVVO" type="ADFVO" />
  </testcase>
  <testcase name="invokeVORowImplAttributeGetter[Description]" classname="oracle.apps.prc.po.commonPo.protectedModel.view.ProductFiscClassificationsVVO.ProductFiscClassificationsVVOTest" id="0" time="0.0">
    <artifact_tested name="oracle.apps.prc.po.commonPo.protectedModel.validationView.ProductFiscClassificationsVVO" type="ADFVO" />
  </testcase>
  <testcase name="invokeVORowImplAttributeGetter[ClassificationCode]" classname="oracle.apps.prc.po.commonPo.protectedModel.view.ProductFiscClassificationsVVO.ProductFiscClassificationsVVOTest" id="0" time="0.0010">
    <artifact_tested name="oracle.apps.prc.po.commonPo.protectedModel.validationView.ProductFiscClassificationsVVO" type="ADFVO" />
  </testcase>
  <testcase name="invokeVORowImplAttributeGetter[StructureName]" classname="oracle.apps.prc.po.commonPo.protectedModel.view.ProductFiscClassificationsVVO.ProductFiscClassificationsVVOTest" id="0" time="0.0">
    <artifact_tested name="oracle.apps.prc.po.commonPo.protectedModel.validationView.ProductFiscClassificationsVVO" type="ADFVO" />
  </testcase>
  <testcase name="invokeVORowImplAttributeGetter[StructureCode]" classname="oracle.apps.prc.po.commonPo.protectedModel.view.ProductFiscClassificationsVVO.ProductFiscClassificationsVVOTest" id="0" time="0.0">
    <artifact_tested name="oracle.apps.prc.po.commonPo.protectedModel.validationView.ProductFiscClassificationsVVO" type="ADFVO" />
  </testcase>
  <testcase name="invokeVORowImplAttributeGetter[CountryCode]" classname="oracle.apps.prc.po.commonPo.protectedModel.view.ProductFiscClassificationsVVO.ProductFiscClassificationsVVOTest" id="0" time="0.0">
    <artifact_tested name="oracle.apps.prc.po.commonPo.protectedModel.validationView.ProductFiscClassificationsVVO" type="ADFVO" />
  </testcase>
  <testcase name="invokeVORowImplAttributeGetter[EffectiveTo]" classname="oracle.apps.prc.po.commonPo.protectedModel.view.ProductFiscClassificationsVVO.ProductFiscClassificationsVVOTest" id="0" time="0.0">
    <artifact_tested name="oracle.apps.prc.po.commonPo.protectedModel.validationView.ProductFiscClassificationsVVO" type="ADFVO" />
  </testcase>
  <testcase name="invokeVORowImplAttributeGetter[ClassificationTypeName]" classname="oracle.apps.prc.po.commonPo.protectedModel.view.ProductFiscClassificationsVVO.ProductFiscClassificationsVVOTest" id="0" time="0.0">
    <artifact_tested name="oracle.apps.prc.po.commonPo.protectedModel.validationView.ProductFiscClassificationsVVO" type="ADFVO" />
  </testcase>
  <testcase name="invokeVORowImplAttributeGetter[CountryName]" classname="oracle.apps.prc.po.commonPo.protectedModel.view.ProductFiscClassificationsVVO.ProductFiscClassificationsVVOTest" id="0" time="0.0">
    <artifact_tested name="oracle.apps.prc.po.commonPo.protectedModel.validationView.ProductFiscClassificationsVVO" type="ADFVO" />
  </testcase>
  <testcase name="invokeVORowImplAttributeGetter[ClassificationCodeInMemory]" classname="oracle.apps.prc.po.commonPo.protectedModel.view.ProductFiscClassificationsVVO.ProductFiscClassificationsVVOTest" id="0" time="0.0">
    <artifact_tested name="oracle.apps.prc.po.commonPo.protectedModel.validationView.ProductFiscClassificationsVVO" type="ADFVO" />
  </testcase>
  <testcase name="invokeVORowImplAttributeGetter[CatgeoryFlexfieldVO]" classname="oracle.apps.prc.po.commonPo.protectedModel.view.ProductFiscClassificationsVVO.ProductFiscClassificationsVVOTest" id="0" time="0.056">
    <artifact_tested name="oracle.apps.prc.po.commonPo.protectedModel.validationView.ProductFiscClassificationsVVO" type="ADFVO" />
  </testcase>
</testsuite><testsuite name="oracle.apps.prc.po.commonPo.protectedModel.utilTest.TestPoLineTypeUtil" timestamp="2017-06-20T11:29:56" hostname="indl76040" family="NO_REGISTERED_LBA_FOR_JPR_NAME" initiative="prc_po_lrg" jpr="PrcPoCommonPoProtectedModelTest" label="" product="NO_REGISTERED_LBA_FOR_JPR_NAME" lba="NO_REGISTERED_LBA_FOR_JPR_NAME" tests="3" failures="0" errors="0" time="1.354" runId="0">
  <properties />
  <testcase name="testGetLineTypePurchaseBasis[Test Get Line Type Purchase Basis Goods]" classname="oracle.apps.prc.po.commonPo.protectedModel.utilTest.TestPoLineTypeUtil" id="0" time="0.281" />
  <testcase name="testGetLineTypePurchaseBasis[Test Get Line Type Purchase Basis Services]" classname="oracle.apps.prc.po.commonPo.protectedModel.utilTest.TestPoLineTypeUtil" id="0" time="0.0020" />
  <testcase name="testDoTransactionsExist[Test Do Transactions Exist]" classname="oracle.apps.prc.po.commonPo.protectedModel.utilTest.TestPoLineTypeUtil" id="0" time="0.066" />
</testsuite><testsuite name="oracle.apps.prc.po.commonPo.protectedModel.helper.TestPoBuAccessDraftHelper" timestamp="2017-06-20T11:26:47" hostname="indl76040" family="NO_REGISTERED_LBA_FOR_JPR_NAME" initiative="prc_po_lrg" jpr="PrcPoCommonPoProtectedModelTest" label="" product="NO_REGISTERED_LBA_FOR_JPR_NAME" lba="NO_REGISTERED_LBA_FOR_JPR_NAME" tests="7" failures="0" errors="0" time="7.488" runId="0">
  <properties />
  <testcase name="testInitPurchasingSite[1. Defaulting Purchasing Site]" classname="oracle.apps.prc.po.commonPo.protectedModel.helper.TestPoBuAccessDraftHelper" id="0" time="2.527" />
  <testcase name="testInitPurchasingSite_WithMulipleSupplierSites[1. Defaulting Purchasing Site with different order locally flag]" classname="oracle.apps.prc.po.commonPo.protectedModel.helper.TestPoBuAccessDraftHelper" id="0" time="1.474" />
  <testcase name="testInitBillingInformation[1. Defaulting Billing Information]" classname="oracle.apps.prc.po.commonPo.protectedModel.helper.TestPoBuAccessDraftHelper" id="0" time="0.0090" />
  <testcase name="testInitShipToLocation[1. Defaulting Ship to Location details]" classname="oracle.apps.prc.po.commonPo.protectedModel.helper.TestPoBuAccessDraftHelper" id="0" time="0.0050" />
  <testcase name="testRedefaultBillToLocation[1. Defaulting Bill to Location details]" classname="oracle.apps.prc.po.commonPo.protectedModel.helper.TestPoBuAccessDraftHelper" id="0" time="0.35" />
  <testcase name="testInitForCreate[1. Defaulting  the attributes on the BU Access.]" classname="oracle.apps.prc.po.commonPo.protectedModel.helper.TestPoBuAccessDraftHelper" id="0" time="0.013" />
  <testcase name="testGetSupplierSiteAssignmentPVO[1. Get SupplierSite AssignmentPVO]" classname="oracle.apps.prc.po.commonPo.protectedModel.helper.TestPoBuAccessDraftHelper" id="0" time="0.0030" />
</testsuite><testsuite name="oracle.apps.prc.po.commonPo.protectedModel.view.PoLinesAllVOTest" timestamp="2017-06-20T11:33:51" hostname="indl76040" family="NO_REGISTERED_LBA_FOR_JPR_NAME" initiative="prc_po_lrg" jpr="PrcPoCommonPoProtectedModelTest" label="" product="NO_REGISTERED_LBA_FOR_JPR_NAME" lba="NO_REGISTERED_LBA_FOR_JPR_NAME" tests="191" failures="0" errors="0" time="3.324" runId="0">
  <properties />
  <testcase name="simpleCreateAndRemove" classname="oracle.apps.prc.po.commonPo.protectedModel.view.PoLinesAllVOTest" id="0" time="0.616">
    <artifact_tested name="oracle.apps.prc.po.commonPo.protectedModel.view.PoLinesAllVO" type="ADFVO" />
  </testcase>
  <testcase name="simpleUpdateAndRemove" classname="oracle.apps.prc.po.commonPo.protectedModel.view.PoLinesAllVOTest" id="0" time="0.106">
    <artifact_tested name="oracle.apps.prc.po.commonPo.protectedModel.view.PoLinesAllVO" type="ADFVO" />
  </testcase>
  <testcase name="voRowImplHasAttributeMetadata" classname="oracle.apps.prc.po.commonPo.protectedModel.view.PoLinesAllVOTest" id="0" time="0.0050">
    <artifact_tested name="oracle.apps.prc.po.commonPo.protectedModel.view.PoLinesAllVO" type="ADFVO" />
  </testcase>
  <testcase name="testVOAccess" classname="oracle.apps.prc.po.commonPo.protectedModel.view.PoLinesAllVOTest" id="0" time="0.0">
    <artifact_tested name="oracle.apps.prc.po.commonPo.protectedModel.view.PoLinesAllVO" type="ADFVO" />
  </testcase>
  <testcase name="attributeDefaults[LineStatus]" classname="oracle.apps.prc.po.commonPo.protectedModel.view.PoLinesAllVOTest" id="0" time="0.0040">
    <artifact_tested name="oracle.apps.prc.po.commonPo.protectedModel.view.PoLinesAllVO" type="ADFVO" />
  </testcase>
  <testcase name="invokeVORowImplAttributeGetter[PoLineId]" classname="oracle.apps.prc.po.commonPo.protectedModel.view.PoLinesAllVOTest" id="0" time="0.0020">
    <artifact_tested name="oracle.apps.prc.po.commonPo.protectedModel.view.PoLinesAllVO" type="ADFVO" />
  </testcase>
  <testcase name="invokeVORowImplAttributeGetter[LastUpdateDate]" classname="oracle.apps.prc.po.commonPo.protectedModel.view.PoLinesAllVOTest" id="0" time="0.0">
    <artifact_tested name="oracle.apps.prc.po.commonPo.protectedModel.view.PoLinesAllVO" type="ADFVO" />
  </testcase>
  <testcase name="invokeVORowImplAttributeGetter[LastUpdatedBy]" classname="oracle.apps.prc.po.commonPo.protectedModel.view.PoLinesAllVOTest" id="0" time="0.0">
    <artifact_tested name="oracle.apps.prc.po.commonPo.protectedModel.view.PoLinesAllVO" type="ADFVO" />
  </testcase>
  <testcase name="invokeVORowImplAttributeGetter[PoHeaderId]" classname="oracle.apps.prc.po.commonPo.protectedModel.view.PoLinesAllVOTest" id="0" time="0.0">
    <artifact_tested name="oracle.apps.prc.po.commonPo.protectedModel.view.PoLinesAllVO" type="ADFVO" />
  </testcase>
  <testcase name="invokeVORowImplAttributeGetter[LineTypeId]" classname="oracle.apps.prc.po.commonPo.protectedModel.view.PoLinesAllVOTest" id="0" time="0.0010">
    <artifact_tested name="oracle.apps.prc.po.commonPo.protectedModel.view.PoLinesAllVO" type="ADFVO" />
  </testcase>
  <testcase name="invokeVORowImplAttributeGetter[LineNum]" classname="oracle.apps.prc.po.commonPo.protectedModel.view.PoLinesAllVOTest" id="0" time="0.0010">
    <artifact_tested name="oracle.apps.prc.po.commonPo.protectedModel.view.PoLinesAllVO" type="ADFVO" />
  </testcase>
  <testcase name="invokeVORowImplAttributeGetter[LastUpdateLogin]" classname="oracle.apps.prc.po.commonPo.protectedModel.view.PoLinesAllVOTest" id="0" time="0.0010">
    <artifact_tested name="oracle.apps.prc.po.commonPo.protectedModel.view.PoLinesAllVO" type="ADFVO" />
  </testcase>
  <testcase name="invokeVORowImplAttributeGetter[CreationDate]" classname="oracle.apps.prc.po.commonPo.protectedModel.view.PoLinesAllVOTest" id="0" time="0.0010">
    <artifact_tested name="oracle.apps.prc.po.commonPo.protectedModel.view.PoLinesAllVO" type="ADFVO" />
  </testcase>
  <testcase name="invokeVORowImplAttributeGetter[CreatedBy]" classname="oracle.apps.prc.po.commonPo.protectedModel.view.PoLinesAllVOTest" id="0" time="0.0010">
    <artifact_tested name="oracle.apps.prc.po.commonPo.protectedModel.view.PoLinesAllVO" type="ADFVO" />
  </testcase>
  <testcase name="invokeVORowImplAttributeGetter[ItemId]" classname="oracle.apps.prc.po.commonPo.protectedModel.view.PoLinesAllVOTest" id="0" time="0.0">
    <artifact_tested name="oracle.apps.prc.po.commonPo.protectedModel.view.PoLinesAllVO" type="ADFVO" />
  </testcase>
  <testcase name="invokeVORowImplAttributeGetter[ItemRevision]" classname="oracle.apps.prc.po.commonPo.protectedModel.view.PoLinesAllVOTest" id="0" time="0.0010">
    <artifact_tested name="oracle.apps.prc.po.commonPo.protectedModel.view.PoLinesAllVO" type="ADFVO" />
  </testcase>
  <testcase name="invokeVORowImplAttributeGetter[CategoryId]" classname="oracle.apps.prc.po.commonPo.protectedModel.view.PoLinesAllVOTest" id="0" time="0.0010">
    <artifact_tested name="oracle.apps.prc.po.commonPo.protectedModel.view.PoLinesAllVO" type="ADFVO" />
  </testcase>
  <testcase name="invokeVORowImplAttributeGetter[ItemDescription]" classname="oracle.apps.prc.po.commonPo.protectedModel.view.PoLinesAllVOTest" id="0" time="0.0">
    <artifact_tested name="oracle.apps.prc.po.commonPo.protectedModel.view.PoLinesAllVO" type="ADFVO" />
  </testcase>
  <testcase name="invokeVORowImplAttributeGetter[QuantityCommitted]" classname="oracle.apps.prc.po.commonPo.protectedModel.view.PoLinesAllVOTest" id="0" time="0.0">
    <artifact_tested name="oracle.apps.prc.po.commonPo.protectedModel.view.PoLinesAllVO" type="ADFVO" />
  </testcase>
  <testcase name="invokeVORowImplAttributeGetter[CommittedAmount]" classname="oracle.apps.prc.po.commonPo.protectedModel.view.PoLinesAllVOTest" id="0" time="0.0010">
    <artifact_tested name="oracle.apps.prc.po.commonPo.protectedModel.view.PoLinesAllVO" type="ADFVO" />
  </testcase>
  <testcase name="invokeVORowImplAttributeGetter[AllowPriceOverrideFlag]" classname="oracle.apps.prc.po.commonPo.protectedModel.view.PoLinesAllVOTest" id="0" time="0.0010">
    <artifact_tested name="oracle.apps.prc.po.commonPo.protectedModel.view.PoLinesAllVO" type="ADFVO" />
  </testcase>
  <testcase name="invokeVORowImplAttributeGetter[NotToExceedPrice]" classname="oracle.apps.prc.po.commonPo.protectedModel.view.PoLinesAllVOTest" id="0" time="0.0">
    <artifact_tested name="oracle.apps.prc.po.commonPo.protectedModel.view.PoLinesAllVO" type="ADFVO" />
  </testcase>
  <testcase name="invokeVORowImplAttributeGetter[ListPricePerUnit]" classname="oracle.apps.prc.po.commonPo.protectedModel.view.PoLinesAllVOTest" id="0" time="0.0010">
    <artifact_tested name="oracle.apps.prc.po.commonPo.protectedModel.view.PoLinesAllVO" type="ADFVO" />
  </testcase>
  <testcase name="invokeVORowImplAttributeGetter[UnitPrice]" classname="oracle.apps.prc.po.commonPo.protectedModel.view.PoLinesAllVOTest" id="0" time="0.0010">
    <artifact_tested name="oracle.apps.prc.po.commonPo.protectedModel.view.PoLinesAllVO" type="ADFVO" />
  </testcase>
  <testcase name="invokeVORowImplAttributeGetter[Quantity]" classname="oracle.apps.prc.po.commonPo.protectedModel.view.PoLinesAllVOTest" id="0" time="0.0">
    <artifact_tested name="oracle.apps.prc.po.commonPo.protectedModel.view.PoLinesAllVO" type="ADFVO" />
  </testcase>
  <testcase name="invokeVORowImplAttributeGetter[UnNumberId]" classname="oracle.apps.prc.po.commonPo.protectedModel.view.PoLinesAllVOTest" id="0" time="0.0">
    <artifact_tested name="oracle.apps.prc.po.commonPo.protectedModel.view.PoLinesAllVO" type="ADFVO" />
  </testcase>
  <testcase name="invokeVORowImplAttributeGetter[HazardClassId]" classname="oracle.apps.prc.po.commonPo.protectedModel.view.PoLinesAllVOTest" id="0" time="0.0">
    <artifact_tested name="oracle.apps.prc.po.commonPo.protectedModel.view.PoLinesAllVO" type="ADFVO" />
  </testcase>
  <testcase name="invokeVORowImplAttributeGetter[NoteToVendor]" classname="oracle.apps.prc.po.commonPo.protectedModel.view.PoLinesAllVOTest" id="0" time="0.0">
    <artifact_tested name="oracle.apps.prc.po.commonPo.protectedModel.view.PoLinesAllVO" type="ADFVO" />
  </testcase>
  <testcase name="invokeVORowImplAttributeGetter[FromHeaderId]" classname="oracle.apps.prc.po.commonPo.protectedModel.view.PoLinesAllVOTest" id="0" time="0.0010">
    <artifact_tested name="oracle.apps.prc.po.commonPo.protectedModel.view.PoLinesAllVO" type="ADFVO" />
  </testcase>
  <testcase name="invokeVORowImplAttributeGetter[FromLineId]" classname="oracle.apps.prc.po.commonPo.protectedModel.view.PoLinesAllVOTest" id="0" time="0.0010">
    <artifact_tested name="oracle.apps.prc.po.commonPo.protectedModel.view.PoLinesAllVO" type="ADFVO" />
  </testcase>
  <testcase name="invokeVORowImplAttributeGetter[QtyRcvTolerance]" classname="oracle.apps.prc.po.commonPo.protectedModel.view.PoLinesAllVOTest" id="0" time="0.0">
    <artifact_tested name="oracle.apps.prc.po.commonPo.protectedModel.view.PoLinesAllVO" type="ADFVO" />
  </testcase>
  <testcase name="invokeVORowImplAttributeGetter[PrcBuId]" classname="oracle.apps.prc.po.commonPo.protectedModel.view.PoLinesAllVOTest" id="0" time="0.0010">
    <artifact_tested name="oracle.apps.prc.po.commonPo.protectedModel.view.PoLinesAllVO" type="ADFVO" />
  </testcase>
  <testcase name="invokeVORowImplAttributeGetter[ReqBuId]" classname="oracle.apps.prc.po.commonPo.protectedModel.view.PoLinesAllVOTest" id="0" time="0.0010">
    <artifact_tested name="oracle.apps.prc.po.commonPo.protectedModel.view.PoLinesAllVO" type="ADFVO" />
  </testcase>
  <testcase name="invokeVORowImplAttributeGetter[OverToleranceErrorFlag]" classname="oracle.apps.prc.po.commonPo.protectedModel.view.PoLinesAllVOTest" id="0" time="0.0010">
    <artifact_tested name="oracle.apps.prc.po.commonPo.protectedModel.view.PoLinesAllVO" type="ADFVO" />
  </testcase>
  <testcase name="invokeVORowImplAttributeGetter[MarketPrice]" classname="oracle.apps.prc.po.commonPo.protectedModel.view.PoLinesAllVOTest" id="0" time="0.0010">
    <artifact_tested name="oracle.apps.prc.po.commonPo.protectedModel.view.PoLinesAllVO" type="ADFVO" />
  </testcase>
  <testcase name="invokeVORowImplAttributeGetter[UnorderedFlag]" classname="oracle.apps.prc.po.commonPo.protectedModel.view.PoLinesAllVOTest" id="0" time="0.0010">
    <artifact_tested name="oracle.apps.prc.po.commonPo.protectedModel.view.PoLinesAllVO" type="ADFVO" />
  </testcase>
  <testcase name="invokeVORowImplAttributeGetter[CancelledBy]" classname="oracle.apps.prc.po.commonPo.protectedModel.view.PoLinesAllVOTest" id="0" time="0.0">
    <artifact_tested name="oracle.apps.prc.po.commonPo.protectedModel.view.PoLinesAllVO" type="ADFVO" />
  </testcase>
  <testcase name="invokeVORowImplAttributeGetter[CancelDate]" classname="oracle.apps.prc.po.commonPo.protectedModel.view.PoLinesAllVOTest" id="0" time="0.0010">
    <artifact_tested name="oracle.apps.prc.po.commonPo.protectedModel.view.PoLinesAllVO" type="ADFVO" />
  </testcase>
  <testcase name="invokeVORowImplAttributeGetter[CancelReason]" classname="oracle.apps.prc.po.commonPo.protectedModel.view.PoLinesAllVOTest" id="0" time="0.0010">
    <artifact_tested name="oracle.apps.prc.po.commonPo.protectedModel.view.PoLinesAllVO" type="ADFVO" />
  </testcase>
  <testcase name="invokeVORowImplAttributeGetter[FirmStatusLookupCode]" classname="oracle.apps.prc.po.commonPo.protectedModel.view.PoLinesAllVOTest" id="0" time="0.0">
    <artifact_tested name="oracle.apps.prc.po.commonPo.protectedModel.view.PoLinesAllVO" type="ADFVO" />
  </testcase>
  <testcase name="invokeVORowImplAttributeGetter[FirmDate]" classname="oracle.apps.prc.po.commonPo.protectedModel.view.PoLinesAllVOTest" id="0" time="0.0">
    <artifact_tested name="oracle.apps.prc.po.commonPo.protectedModel.view.PoLinesAllVO" type="ADFVO" />
  </testcase>
  <testcase name="invokeVORowImplAttributeGetter[VendorProductNum]" classname="oracle.apps.prc.po.commonPo.protectedModel.view.PoLinesAllVOTest" id="0" time="0.0">
    <artifact_tested name="oracle.apps.prc.po.commonPo.protectedModel.view.PoLinesAllVO" type="ADFVO" />
  </testcase>
  <testcase name="invokeVORowImplAttributeGetter[TaxableFlag]" classname="oracle.apps.prc.po.commonPo.protectedModel.view.PoLinesAllVOTest" id="0" time="0.0010">
    <artifact_tested name="oracle.apps.prc.po.commonPo.protectedModel.view.PoLinesAllVO" type="ADFVO" />
  </testcase>
  <testcase name="invokeVORowImplAttributeGetter[TaxName]" classname="oracle.apps.prc.po.commonPo.protectedModel.view.PoLinesAllVOTest" id="0" time="0.0010">
    <artifact_tested name="oracle.apps.prc.po.commonPo.protectedModel.view.PoLinesAllVO" type="ADFVO" />
  </testcase>
  <testcase name="invokeVORowImplAttributeGetter[Type1099]" classname="oracle.apps.prc.po.commonPo.protectedModel.view.PoLinesAllVOTest" id="0" time="0.0010">
    <artifact_tested name="oracle.apps.prc.po.commonPo.protectedModel.view.PoLinesAllVO" type="ADFVO" />
  </testcase>
  <testcase name="invokeVORowImplAttributeGetter[CapitalExpenseFlag]" classname="oracle.apps.prc.po.commonPo.protectedModel.view.PoLinesAllVOTest" id="0" time="0.0010">
    <artifact_tested name="oracle.apps.prc.po.commonPo.protectedModel.view.PoLinesAllVO" type="ADFVO" />
  </testcase>
  <testcase name="invokeVORowImplAttributeGetter[NegotiatedByPreparerFlag]" classname="oracle.apps.prc.po.commonPo.protectedModel.view.PoLinesAllVOTest" id="0" time="0.0010">
    <artifact_tested name="oracle.apps.prc.po.commonPo.protectedModel.view.PoLinesAllVO" type="ADFVO" />
  </testcase>
  <testcase name="invokeVORowImplAttributeGetter[AttributeCategory]" classname="oracle.apps.prc.po.commonPo.protectedModel.view.PoLinesAllVOTest" id="0" time="0.0010">
    <artifact_tested name="oracle.apps.prc.po.commonPo.protectedModel.view.PoLinesAllVO" type="ADFVO" />
  </testcase>
  <testcase name="invokeVORowImplAttributeGetter[Attribute1]" classname="oracle.apps.prc.po.commonPo.protectedModel.view.PoLinesAllVOTest" id="0" time="0.0">
    <artifact_tested name="oracle.apps.prc.po.commonPo.protectedModel.view.PoLinesAllVO" type="ADFVO" />
  </testcase>
  <testcase name="invokeVORowImplAttributeGetter[Attribute2]" classname="oracle.apps.prc.po.commonPo.protectedModel.view.PoLinesAllVOTest" id="0" time="0.0">
    <artifact_tested name="oracle.apps.prc.po.commonPo.protectedModel.view.PoLinesAllVO" type="ADFVO" />
  </testcase>
  <testcase name="invokeVORowImplAttributeGetter[Attribute3]" classname="oracle.apps.prc.po.commonPo.protectedModel.view.PoLinesAllVOTest" id="0" time="0.0010">
    <artifact_tested name="oracle.apps.prc.po.commonPo.protectedModel.view.PoLinesAllVO" type="ADFVO" />
  </testcase>
  <testcase name="invokeVORowImplAttributeGetter[Attribute4]" classname="oracle.apps.prc.po.commonPo.protectedModel.view.PoLinesAllVOTest" id="0" time="0.0">
    <artifact_tested name="oracle.apps.prc.po.commonPo.protectedModel.view.PoLinesAllVO" type="ADFVO" />
  </testcase>
  <testcase name="invokeVORowImplAttributeGetter[Attribute5]" classname="oracle.apps.prc.po.commonPo.protectedModel.view.PoLinesAllVOTest" id="0" time="0.0010">
    <artifact_tested name="oracle.apps.prc.po.commonPo.protectedModel.view.PoLinesAllVO" type="ADFVO" />
  </testcase>
  <testcase name="invokeVORowImplAttributeGetter[Attribute6]" classname="oracle.apps.prc.po.commonPo.protectedModel.view.PoLinesAllVOTest" id="0" time="0.0010">
    <artifact_tested name="oracle.apps.prc.po.commonPo.protectedModel.view.PoLinesAllVO" type="ADFVO" />
  </testcase>
  <testcase name="invokeVORowImplAttributeGetter[Attribute7]" classname="oracle.apps.prc.po.commonPo.protectedModel.view.PoLinesAllVOTest" id="0" time="0.0">
    <artifact_tested name="oracle.apps.prc.po.commonPo.protectedModel.view.PoLinesAllVO" type="ADFVO" />
  </testcase>
  <testcase name="invokeVORowImplAttributeGetter[Attribute8]" classname="oracle.apps.prc.po.commonPo.protectedModel.view.PoLinesAllVOTest" id="0" time="0.0010">
    <artifact_tested name="oracle.apps.prc.po.commonPo.protectedModel.view.PoLinesAllVO" type="ADFVO" />
  </testcase>
  <testcase name="invokeVORowImplAttributeGetter[Attribute9]" classname="oracle.apps.prc.po.commonPo.protectedModel.view.PoLinesAllVOTest" id="0" time="0.0010">
    <artifact_tested name="oracle.apps.prc.po.commonPo.protectedModel.view.PoLinesAllVO" type="ADFVO" />
  </testcase>
  <testcase name="invokeVORowImplAttributeGetter[Attribute10]" classname="oracle.apps.prc.po.commonPo.protectedModel.view.PoLinesAllVOTest" id="0" time="0.0010">
    <artifact_tested name="oracle.apps.prc.po.commonPo.protectedModel.view.PoLinesAllVO" type="ADFVO" />
  </testcase>
  <testcase name="invokeVORowImplAttributeGetter[ReferenceNum]" classname="oracle.apps.prc.po.commonPo.protectedModel.view.PoLinesAllVOTest" id="0" time="0.0010">
    <artifact_tested name="oracle.apps.prc.po.commonPo.protectedModel.view.PoLinesAllVO" type="ADFVO" />
  </testcase>
  <testcase name="invokeVORowImplAttributeGetter[Attribute11]" classname="oracle.apps.prc.po.commonPo.protectedModel.view.PoLinesAllVOTest" id="0" time="0.0010">
    <artifact_tested name="oracle.apps.prc.po.commonPo.protectedModel.view.PoLinesAllVO" type="ADFVO" />
  </testcase>
  <testcase name="invokeVORowImplAttributeGetter[Attribute12]" classname="oracle.apps.prc.po.commonPo.protectedModel.view.PoLinesAllVOTest" id="0" time="0.0010">
    <artifact_tested name="oracle.apps.prc.po.commonPo.protectedModel.view.PoLinesAllVO" type="ADFVO" />
  </testcase>
  <testcase name="invokeVORowImplAttributeGetter[Attribute13]" classname="oracle.apps.prc.po.commonPo.protectedModel.view.PoLinesAllVOTest" id="0" time="0.0010">
    <artifact_tested name="oracle.apps.prc.po.commonPo.protectedModel.view.PoLinesAllVO" type="ADFVO" />
  </testcase>
  <testcase name="invokeVORowImplAttributeGetter[Attribute14]" classname="oracle.apps.prc.po.commonPo.protectedModel.view.PoLinesAllVOTest" id="0" time="0.0010">
    <artifact_tested name="oracle.apps.prc.po.commonPo.protectedModel.view.PoLinesAllVO" type="ADFVO" />
  </testcase>
  <testcase name="invokeVORowImplAttributeGetter[Attribute15]" classname="oracle.apps.prc.po.commonPo.protectedModel.view.PoLinesAllVOTest" id="0" time="0.0">
    <artifact_tested name="oracle.apps.prc.po.commonPo.protectedModel.view.PoLinesAllVO" type="ADFVO" />
  </testcase>
  <testcase name="invokeVORowImplAttributeGetter[MinReleaseAmount]" classname="oracle.apps.prc.po.commonPo.protectedModel.view.PoLinesAllVOTest" id="0" time="0.0">
    <artifact_tested name="oracle.apps.prc.po.commonPo.protectedModel.view.PoLinesAllVO" type="ADFVO" />
  </testcase>
  <testcase name="invokeVORowImplAttributeGetter[PriceTypeLookupCode]" classname="oracle.apps.prc.po.commonPo.protectedModel.view.PoLinesAllVOTest" id="0" time="0.0010">
    <artifact_tested name="oracle.apps.prc.po.commonPo.protectedModel.view.PoLinesAllVO" type="ADFVO" />
  </testcase>
  <testcase name="invokeVORowImplAttributeGetter[PriceBreakLookupCode]" classname="oracle.apps.prc.po.commonPo.protectedModel.view.PoLinesAllVOTest" id="0" time="0.0010">
    <artifact_tested name="oracle.apps.prc.po.commonPo.protectedModel.view.PoLinesAllVO" type="ADFVO" />
  </testcase>
  <testcase name="invokeVORowImplAttributeGetter[GovernmentContext]" classname="oracle.apps.prc.po.commonPo.protectedModel.view.PoLinesAllVOTest" id="0" time="0.0">
    <artifact_tested name="oracle.apps.prc.po.commonPo.protectedModel.view.PoLinesAllVO" type="ADFVO" />
  </testcase>
  <testcase name="invokeVORowImplAttributeGetter[RequestId]" classname="oracle.apps.prc.po.commonPo.protectedModel.view.PoLinesAllVOTest" id="0" time="0.0">
    <artifact_tested name="oracle.apps.prc.po.commonPo.protectedModel.view.PoLinesAllVO" type="ADFVO" />
  </testcase>
  <testcase name="invokeVORowImplAttributeGetter[ProgramName]" classname="oracle.apps.prc.po.commonPo.protectedModel.view.PoLinesAllVOTest" id="0" time="0.0010">
    <artifact_tested name="oracle.apps.prc.po.commonPo.protectedModel.view.PoLinesAllVO" type="ADFVO" />
  </testcase>
  <testcase name="invokeVORowImplAttributeGetter[ProgramAppName]" classname="oracle.apps.prc.po.commonPo.protectedModel.view.PoLinesAllVOTest" id="0" time="0.0">
    <artifact_tested name="oracle.apps.prc.po.commonPo.protectedModel.view.PoLinesAllVO" type="ADFVO" />
  </testcase>
  <testcase name="invokeVORowImplAttributeGetter[ClosedDate]" classname="oracle.apps.prc.po.commonPo.protectedModel.view.PoLinesAllVOTest" id="0" time="0.0010">
    <artifact_tested name="oracle.apps.prc.po.commonPo.protectedModel.view.PoLinesAllVO" type="ADFVO" />
  </testcase>
  <testcase name="invokeVORowImplAttributeGetter[ClosedReason]" classname="oracle.apps.prc.po.commonPo.protectedModel.view.PoLinesAllVOTest" id="0" time="0.0">
    <artifact_tested name="oracle.apps.prc.po.commonPo.protectedModel.view.PoLinesAllVO" type="ADFVO" />
  </testcase>
  <testcase name="invokeVORowImplAttributeGetter[ClosedBy]" classname="oracle.apps.prc.po.commonPo.protectedModel.view.PoLinesAllVOTest" id="0" time="0.0010">
    <artifact_tested name="oracle.apps.prc.po.commonPo.protectedModel.view.PoLinesAllVO" type="ADFVO" />
  </testcase>
  <testcase name="invokeVORowImplAttributeGetter[QcGrade]" classname="oracle.apps.prc.po.commonPo.protectedModel.view.PoLinesAllVOTest" id="0" time="0.0010">
    <artifact_tested name="oracle.apps.prc.po.commonPo.protectedModel.view.PoLinesAllVO" type="ADFVO" />
  </testcase>
  <testcase name="invokeVORowImplAttributeGetter[BaseUom]" classname="oracle.apps.prc.po.commonPo.protectedModel.view.PoLinesAllVOTest" id="0" time="0.0">
    <artifact_tested name="oracle.apps.prc.po.commonPo.protectedModel.view.PoLinesAllVO" type="ADFVO" />
  </testcase>
  <testcase name="invokeVORowImplAttributeGetter[BaseQty]" classname="oracle.apps.prc.po.commonPo.protectedModel.view.PoLinesAllVOTest" id="0" time="0.0">
    <artifact_tested name="oracle.apps.prc.po.commonPo.protectedModel.view.PoLinesAllVO" type="ADFVO" />
  </testcase>
  <testcase name="invokeVORowImplAttributeGetter[GlobalAttributeCategory]" classname="oracle.apps.prc.po.commonPo.protectedModel.view.PoLinesAllVOTest" id="0" time="0.0010">
    <artifact_tested name="oracle.apps.prc.po.commonPo.protectedModel.view.PoLinesAllVO" type="ADFVO" />
  </testcase>
  <testcase name="invokeVORowImplAttributeGetter[GlobalAttribute1]" classname="oracle.apps.prc.po.commonPo.protectedModel.view.PoLinesAllVOTest" id="0" time="0.0">
    <artifact_tested name="oracle.apps.prc.po.commonPo.protectedModel.view.PoLinesAllVO" type="ADFVO" />
  </testcase>
  <testcase name="invokeVORowImplAttributeGetter[GlobalAttribute2]" classname="oracle.apps.prc.po.commonPo.protectedModel.view.PoLinesAllVOTest" id="0" time="0.0">
    <artifact_tested name="oracle.apps.prc.po.commonPo.protectedModel.view.PoLinesAllVO" type="ADFVO" />
  </testcase>
  <testcase name="invokeVORowImplAttributeGetter[GlobalAttribute3]" classname="oracle.apps.prc.po.commonPo.protectedModel.view.PoLinesAllVOTest" id="0" time="0.0010">
    <artifact_tested name="oracle.apps.prc.po.commonPo.protectedModel.view.PoLinesAllVO" type="ADFVO" />
  </testcase>
  <testcase name="invokeVORowImplAttributeGetter[GlobalAttribute4]" classname="oracle.apps.prc.po.commonPo.protectedModel.view.PoLinesAllVOTest" id="0" time="0.0">
    <artifact_tested name="oracle.apps.prc.po.commonPo.protectedModel.view.PoLinesAllVO" type="ADFVO" />
  </testcase>
  <testcase name="invokeVORowImplAttributeGetter[GlobalAttribute5]" classname="oracle.apps.prc.po.commonPo.protectedModel.view.PoLinesAllVOTest" id="0" time="0.0010">
    <artifact_tested name="oracle.apps.prc.po.commonPo.protectedModel.view.PoLinesAllVO" type="ADFVO" />
  </testcase>
  <testcase name="invokeVORowImplAttributeGetter[GlobalAttribute6]" classname="oracle.apps.prc.po.commonPo.protectedModel.view.PoLinesAllVOTest" id="0" time="0.0010">
    <artifact_tested name="oracle.apps.prc.po.commonPo.protectedModel.view.PoLinesAllVO" type="ADFVO" />
  </testcase>
  <testcase name="invokeVORowImplAttributeGetter[GlobalAttribute7]" classname="oracle.apps.prc.po.commonPo.protectedModel.view.PoLinesAllVOTest" id="0" time="0.0010">
    <artifact_tested name="oracle.apps.prc.po.commonPo.protectedModel.view.PoLinesAllVO" type="ADFVO" />
  </testcase>
  <testcase name="invokeVORowImplAttributeGetter[GlobalAttribute8]" classname="oracle.apps.prc.po.commonPo.protectedModel.view.PoLinesAllVOTest" id="0" time="0.0">
    <artifact_tested name="oracle.apps.prc.po.commonPo.protectedModel.view.PoLinesAllVO" type="ADFVO" />
  </testcase>
  <testcase name="invokeVORowImplAttributeGetter[GlobalAttribute9]" classname="oracle.apps.prc.po.commonPo.protectedModel.view.PoLinesAllVOTest" id="0" time="0.0010">
    <artifact_tested name="oracle.apps.prc.po.commonPo.protectedModel.view.PoLinesAllVO" type="ADFVO" />
  </testcase>
  <testcase name="invokeVORowImplAttributeGetter[GlobalAttribute10]" classname="oracle.apps.prc.po.commonPo.protectedModel.view.PoLinesAllVOTest" id="0" time="0.0">
    <artifact_tested name="oracle.apps.prc.po.commonPo.protectedModel.view.PoLinesAllVO" type="ADFVO" />
  </testcase>
  <testcase name="invokeVORowImplAttributeGetter[GlobalAttribute11]" classname="oracle.apps.prc.po.commonPo.protectedModel.view.PoLinesAllVOTest" id="0" time="0.0">
    <artifact_tested name="oracle.apps.prc.po.commonPo.protectedModel.view.PoLinesAllVO" type="ADFVO" />
  </testcase>
  <testcase name="invokeVORowImplAttributeGetter[GlobalAttribute12]" classname="oracle.apps.prc.po.commonPo.protectedModel.view.PoLinesAllVOTest" id="0" time="0.0">
    <artifact_tested name="oracle.apps.prc.po.commonPo.protectedModel.view.PoLinesAllVO" type="ADFVO" />
  </testcase>
  <testcase name="invokeVORowImplAttributeGetter[GlobalAttribute13]" classname="oracle.apps.prc.po.commonPo.protectedModel.view.PoLinesAllVOTest" id="0" time="0.0010">
    <artifact_tested name="oracle.apps.prc.po.commonPo.protectedModel.view.PoLinesAllVO" type="ADFVO" />
  </testcase>
  <testcase name="invokeVORowImplAttributeGetter[GlobalAttribute14]" classname="oracle.apps.prc.po.commonPo.protectedModel.view.PoLinesAllVOTest" id="0" time="0.0">
    <artifact_tested name="oracle.apps.prc.po.commonPo.protectedModel.view.PoLinesAllVO" type="ADFVO" />
  </testcase>
  <testcase name="invokeVORowImplAttributeGetter[GlobalAttribute15]" classname="oracle.apps.prc.po.commonPo.protectedModel.view.PoLinesAllVOTest" id="0" time="0.0">
    <artifact_tested name="oracle.apps.prc.po.commonPo.protectedModel.view.PoLinesAllVO" type="ADFVO" />
  </testcase>
  <testcase name="invokeVORowImplAttributeGetter[GlobalAttribute16]" classname="oracle.apps.prc.po.commonPo.protectedModel.view.PoLinesAllVOTest" id="0" time="0.0">
    <artifact_tested name="oracle.apps.prc.po.commonPo.protectedModel.view.PoLinesAllVO" type="ADFVO" />
  </testcase>
  <testcase name="invokeVORowImplAttributeGetter[GlobalAttribute17]" classname="oracle.apps.prc.po.commonPo.protectedModel.view.PoLinesAllVOTest" id="0" time="0.0010">
    <artifact_tested name="oracle.apps.prc.po.commonPo.protectedModel.view.PoLinesAllVO" type="ADFVO" />
  </testcase>
  <testcase name="invokeVORowImplAttributeGetter[GlobalAttribute18]" classname="oracle.apps.prc.po.commonPo.protectedModel.view.PoLinesAllVOTest" id="0" time="0.0">
    <artifact_tested name="oracle.apps.prc.po.commonPo.protectedModel.view.PoLinesAllVO" type="ADFVO" />
  </testcase>
  <testcase name="invokeVORowImplAttributeGetter[GlobalAttribute19]" classname="oracle.apps.prc.po.commonPo.protectedModel.view.PoLinesAllVOTest" id="0" time="0.0">
    <artifact_tested name="oracle.apps.prc.po.commonPo.protectedModel.view.PoLinesAllVO" type="ADFVO" />
  </testcase>
  <testcase name="invokeVORowImplAttributeGetter[GlobalAttribute20]" classname="oracle.apps.prc.po.commonPo.protectedModel.view.PoLinesAllVOTest" id="0" time="0.0010">
    <artifact_tested name="oracle.apps.prc.po.commonPo.protectedModel.view.PoLinesAllVO" type="ADFVO" />
  </testcase>
  <testcase name="invokeVORowImplAttributeGetter[LineReferenceNum]" classname="oracle.apps.prc.po.commonPo.protectedModel.view.PoLinesAllVOTest" id="0" time="0.0010">
    <artifact_tested name="oracle.apps.prc.po.commonPo.protectedModel.view.PoLinesAllVO" type="ADFVO" />
  </testcase>
  <testcase name="invokeVORowImplAttributeGetter[ExpirationDate]" classname="oracle.apps.prc.po.commonPo.protectedModel.view.PoLinesAllVOTest" id="0" time="0.0010">
    <artifact_tested name="oracle.apps.prc.po.commonPo.protectedModel.view.PoLinesAllVO" type="ADFVO" />
  </testcase>
  <testcase name="invokeVORowImplAttributeGetter[TaxCodeId]" classname="oracle.apps.prc.po.commonPo.protectedModel.view.PoLinesAllVOTest" id="0" time="0.0010">
    <artifact_tested name="oracle.apps.prc.po.commonPo.protectedModel.view.PoLinesAllVO" type="ADFVO" />
  </testcase>
  <testcase name="invokeVORowImplAttributeGetter[OkeContractHeaderId]" classname="oracle.apps.prc.po.commonPo.protectedModel.view.PoLinesAllVOTest" id="0" time="0.0">
    <artifact_tested name="oracle.apps.prc.po.commonPo.protectedModel.view.PoLinesAllVO" type="ADFVO" />
  </testcase>
  <testcase name="invokeVORowImplAttributeGetter[OkeContractVersionId]" classname="oracle.apps.prc.po.commonPo.protectedModel.view.PoLinesAllVOTest" id="0" time="0.0">
    <artifact_tested name="oracle.apps.prc.po.commonPo.protectedModel.view.PoLinesAllVO" type="ADFVO" />
  </testcase>
  <testcase name="invokeVORowImplAttributeGetter[SecondaryQuantity]" classname="oracle.apps.prc.po.commonPo.protectedModel.view.PoLinesAllVOTest" id="0" time="0.0010">
    <artifact_tested name="oracle.apps.prc.po.commonPo.protectedModel.view.PoLinesAllVO" type="ADFVO" />
  </testcase>
  <testcase name="invokeVORowImplAttributeGetter[PreferredGrade]" classname="oracle.apps.prc.po.commonPo.protectedModel.view.PoLinesAllVOTest" id="0" time="0.0010">
    <artifact_tested name="oracle.apps.prc.po.commonPo.protectedModel.view.PoLinesAllVO" type="ADFVO" />
  </testcase>
  <testcase name="invokeVORowImplAttributeGetter[AuctionHeaderId]" classname="oracle.apps.prc.po.commonPo.protectedModel.view.PoLinesAllVOTest" id="0" time="0.0010">
    <artifact_tested name="oracle.apps.prc.po.commonPo.protectedModel.view.PoLinesAllVO" type="ADFVO" />
  </testcase>
  <testcase name="invokeVORowImplAttributeGetter[AuctionDisplayNumber]" classname="oracle.apps.prc.po.commonPo.protectedModel.view.PoLinesAllVOTest" id="0" time="0.0010">
    <artifact_tested name="oracle.apps.prc.po.commonPo.protectedModel.view.PoLinesAllVO" type="ADFVO" />
  </testcase>
  <testcase name="invokeVORowImplAttributeGetter[AuctionLineNumber]" classname="oracle.apps.prc.po.commonPo.protectedModel.view.PoLinesAllVOTest" id="0" time="0.0">
    <artifact_tested name="oracle.apps.prc.po.commonPo.protectedModel.view.PoLinesAllVO" type="ADFVO" />
  </testcase>
  <testcase name="invokeVORowImplAttributeGetter[BidNumber]" classname="oracle.apps.prc.po.commonPo.protectedModel.view.PoLinesAllVOTest" id="0" time="0.0010">
    <artifact_tested name="oracle.apps.prc.po.commonPo.protectedModel.view.PoLinesAllVO" type="ADFVO" />
  </testcase>
  <testcase name="invokeVORowImplAttributeGetter[BidLineNumber]" classname="oracle.apps.prc.po.commonPo.protectedModel.view.PoLinesAllVOTest" id="0" time="0.0">
    <artifact_tested name="oracle.apps.prc.po.commonPo.protectedModel.view.PoLinesAllVO" type="ADFVO" />
  </testcase>
  <testcase name="invokeVORowImplAttributeGetter[RetroactiveDate]" classname="oracle.apps.prc.po.commonPo.protectedModel.view.PoLinesAllVOTest" id="0" time="0.0">
    <artifact_tested name="oracle.apps.prc.po.commonPo.protectedModel.view.PoLinesAllVO" type="ADFVO" />
  </testcase>
  <testcase name="invokeVORowImplAttributeGetter[SupplierRefNumber]" classname="oracle.apps.prc.po.commonPo.protectedModel.view.PoLinesAllVOTest" id="0" time="0.0">
    <artifact_tested name="oracle.apps.prc.po.commonPo.protectedModel.view.PoLinesAllVO" type="ADFVO" />
  </testcase>
  <testcase name="invokeVORowImplAttributeGetter[ContractId]" classname="oracle.apps.prc.po.commonPo.protectedModel.view.PoLinesAllVOTest" id="0" time="0.0">
    <artifact_tested name="oracle.apps.prc.po.commonPo.protectedModel.view.PoLinesAllVO" type="ADFVO" />
  </testcase>
  <testcase name="invokeVORowImplAttributeGetter[StartDate]" classname="oracle.apps.prc.po.commonPo.protectedModel.view.PoLinesAllVOTest" id="0" time="0.0010">
    <artifact_tested name="oracle.apps.prc.po.commonPo.protectedModel.view.PoLinesAllVO" type="ADFVO" />
  </testcase>
  <testcase name="invokeVORowImplAttributeGetter[Amount]" classname="oracle.apps.prc.po.commonPo.protectedModel.view.PoLinesAllVOTest" id="0" time="0.0">
    <artifact_tested name="oracle.apps.prc.po.commonPo.protectedModel.view.PoLinesAllVO" type="ADFVO" />
  </testcase>
  <testcase name="invokeVORowImplAttributeGetter[JobId]" classname="oracle.apps.prc.po.commonPo.protectedModel.view.PoLinesAllVOTest" id="0" time="0.0">
    <artifact_tested name="oracle.apps.prc.po.commonPo.protectedModel.view.PoLinesAllVO" type="ADFVO" />
  </testcase>
  <testcase name="invokeVORowImplAttributeGetter[ContractorFirstName]" classname="oracle.apps.prc.po.commonPo.protectedModel.view.PoLinesAllVOTest" id="0" time="0.0">
    <artifact_tested name="oracle.apps.prc.po.commonPo.protectedModel.view.PoLinesAllVO" type="ADFVO" />
  </testcase>
  <testcase name="invokeVORowImplAttributeGetter[ContractorLastName]" classname="oracle.apps.prc.po.commonPo.protectedModel.view.PoLinesAllVOTest" id="0" time="0.0010">
    <artifact_tested name="oracle.apps.prc.po.commonPo.protectedModel.view.PoLinesAllVO" type="ADFVO" />
  </testcase>
  <testcase name="invokeVORowImplAttributeGetter[FromLineLocationId]" classname="oracle.apps.prc.po.commonPo.protectedModel.view.PoLinesAllVOTest" id="0" time="0.0010">
    <artifact_tested name="oracle.apps.prc.po.commonPo.protectedModel.view.PoLinesAllVO" type="ADFVO" />
  </testcase>
  <testcase name="invokeVORowImplAttributeGetter[OrderTypeLookupCode]" classname="oracle.apps.prc.po.commonPo.protectedModel.view.PoLinesAllVOTest" id="0" time="0.0">
    <artifact_tested name="oracle.apps.prc.po.commonPo.protectedModel.view.PoLinesAllVO" type="ADFVO" />
  </testcase>
  <testcase name="invokeVORowImplAttributeGetter[PurchaseBasis]" classname="oracle.apps.prc.po.commonPo.protectedModel.view.PoLinesAllVOTest" id="0" time="0.0010">
    <artifact_tested name="oracle.apps.prc.po.commonPo.protectedModel.view.PoLinesAllVO" type="ADFVO" />
  </testcase>
  <testcase name="invokeVORowImplAttributeGetter[MatchingBasis]" classname="oracle.apps.prc.po.commonPo.protectedModel.view.PoLinesAllVOTest" id="0" time="0.0">
    <artifact_tested name="oracle.apps.prc.po.commonPo.protectedModel.view.PoLinesAllVO" type="ADFVO" />
  </testcase>
  <testcase name="invokeVORowImplAttributeGetter[SvcAmountNotifSent]" classname="oracle.apps.prc.po.commonPo.protectedModel.view.PoLinesAllVOTest" id="0" time="0.0">
    <artifact_tested name="oracle.apps.prc.po.commonPo.protectedModel.view.PoLinesAllVO" type="ADFVO" />
  </testcase>
  <testcase name="invokeVORowImplAttributeGetter[SvcCompletionNotifSent]" classname="oracle.apps.prc.po.commonPo.protectedModel.view.PoLinesAllVOTest" id="0" time="0.0010">
    <artifact_tested name="oracle.apps.prc.po.commonPo.protectedModel.view.PoLinesAllVO" type="ADFVO" />
  </testcase>
  <testcase name="invokeVORowImplAttributeGetter[BaseUnitPrice]" classname="oracle.apps.prc.po.commonPo.protectedModel.view.PoLinesAllVOTest" id="0" time="0.0010">
    <artifact_tested name="oracle.apps.prc.po.commonPo.protectedModel.view.PoLinesAllVO" type="ADFVO" />
  </testcase>
  <testcase name="invokeVORowImplAttributeGetter[ManualPriceChangeFlag]" classname="oracle.apps.prc.po.commonPo.protectedModel.view.PoLinesAllVOTest" id="0" time="0.0010">
    <artifact_tested name="oracle.apps.prc.po.commonPo.protectedModel.view.PoLinesAllVO" type="ADFVO" />
  </testcase>
  <testcase name="invokeVORowImplAttributeGetter[RetainageRate]" classname="oracle.apps.prc.po.commonPo.protectedModel.view.PoLinesAllVOTest" id="0" time="0.0">
    <artifact_tested name="oracle.apps.prc.po.commonPo.protectedModel.view.PoLinesAllVO" type="ADFVO" />
  </testcase>
  <testcase name="invokeVORowImplAttributeGetter[MaxRetainageAmount]" classname="oracle.apps.prc.po.commonPo.protectedModel.view.PoLinesAllVOTest" id="0" time="0.0040">
    <artifact_tested name="oracle.apps.prc.po.commonPo.protectedModel.view.PoLinesAllVO" type="ADFVO" />
  </testcase>
  <testcase name="invokeVORowImplAttributeGetter[ProgressPaymentRate]" classname="oracle.apps.prc.po.commonPo.protectedModel.view.PoLinesAllVOTest" id="0" time="0.0010">
    <artifact_tested name="oracle.apps.prc.po.commonPo.protectedModel.view.PoLinesAllVO" type="ADFVO" />
  </testcase>
  <testcase name="invokeVORowImplAttributeGetter[RecoupmentRate]" classname="oracle.apps.prc.po.commonPo.protectedModel.view.PoLinesAllVOTest" id="0" time="0.0">
    <artifact_tested name="oracle.apps.prc.po.commonPo.protectedModel.view.PoLinesAllVO" type="ADFVO" />
  </testcase>
  <testcase name="invokeVORowImplAttributeGetter[SupplierPartAuxid]" classname="oracle.apps.prc.po.commonPo.protectedModel.view.PoLinesAllVOTest" id="0" time="0.0">
    <artifact_tested name="oracle.apps.prc.po.commonPo.protectedModel.view.PoLinesAllVO" type="ADFVO" />
  </testcase>
  <testcase name="invokeVORowImplAttributeGetter[TaxAttributeUpdateCode]" classname="oracle.apps.prc.po.commonPo.protectedModel.view.PoLinesAllVOTest" id="0" time="0.0">
    <artifact_tested name="oracle.apps.prc.po.commonPo.protectedModel.view.PoLinesAllVO" type="ADFVO" />
  </testcase>
  <testcase name="invokeVORowImplAttributeGetter[LastUpdatedProgram]" classname="oracle.apps.prc.po.commonPo.protectedModel.view.PoLinesAllVOTest" id="0" time="0.0010">
    <artifact_tested name="oracle.apps.prc.po.commonPo.protectedModel.view.PoLinesAllVO" type="ADFVO" />
  </testcase>
  <testcase name="invokeVORowImplAttributeGetter[ObjectVersionNumber]" classname="oracle.apps.prc.po.commonPo.protectedModel.view.PoLinesAllVOTest" id="0" time="0.0010">
    <artifact_tested name="oracle.apps.prc.po.commonPo.protectedModel.view.PoLinesAllVO" type="ADFVO" />
  </testcase>
  <testcase name="invokeVORowImplAttributeGetter[JobDefinitionName]" classname="oracle.apps.prc.po.commonPo.protectedModel.view.PoLinesAllVOTest" id="0" time="0.0010">
    <artifact_tested name="oracle.apps.prc.po.commonPo.protectedModel.view.PoLinesAllVO" type="ADFVO" />
  </testcase>
  <testcase name="invokeVORowImplAttributeGetter[JobDefinitionPackage]" classname="oracle.apps.prc.po.commonPo.protectedModel.view.PoLinesAllVOTest" id="0" time="0.0010">
    <artifact_tested name="oracle.apps.prc.po.commonPo.protectedModel.view.PoLinesAllVO" type="ADFVO" />
  </testcase>
  <testcase name="invokeVORowImplAttributeGetter[LineStatus]" classname="oracle.apps.prc.po.commonPo.protectedModel.view.PoLinesAllVOTest" id="0" time="0.0">
    <artifact_tested name="oracle.apps.prc.po.commonPo.protectedModel.view.PoLinesAllVO" type="ADFVO" />
  </testcase>
  <testcase name="invokeVORowImplAttributeGetter[UomCode]" classname="oracle.apps.prc.po.commonPo.protectedModel.view.PoLinesAllVOTest" id="0" time="0.0010">
    <artifact_tested name="oracle.apps.prc.po.commonPo.protectedModel.view.PoLinesAllVO" type="ADFVO" />
  </testcase>
  <testcase name="invokeVORowImplAttributeGetter[PjcContextCategory]" classname="oracle.apps.prc.po.commonPo.protectedModel.view.PoLinesAllVOTest" id="0" time="0.0010">
    <artifact_tested name="oracle.apps.prc.po.commonPo.protectedModel.view.PoLinesAllVO" type="ADFVO" />
  </testcase>
  <testcase name="invokeVORowImplAttributeGetter[AllowDescriptionUpdateFlag]" classname="oracle.apps.prc.po.commonPo.protectedModel.view.PoLinesAllVOTest" id="0" time="0.0010">
    <artifact_tested name="oracle.apps.prc.po.commonPo.protectedModel.view.PoLinesAllVO" type="ADFVO" />
  </testcase>
  <testcase name="invokeVORowImplAttributeGetter[AmountReleased]" classname="oracle.apps.prc.po.commonPo.protectedModel.view.PoLinesAllVOTest" id="0" time="0.0010">
    <artifact_tested name="oracle.apps.prc.po.commonPo.protectedModel.view.PoLinesAllVO" type="ADFVO" />
  </testcase>
  <testcase name="invokeVORowImplAttributeGetter[SecondaryUomCode]" classname="oracle.apps.prc.po.commonPo.protectedModel.view.PoLinesAllVOTest" id="0" time="0.0">
    <artifact_tested name="oracle.apps.prc.po.commonPo.protectedModel.view.PoLinesAllVO" type="ADFVO" />
  </testcase>
  <testcase name="invokeVORowImplAttributeGetter[Attribute17]" classname="oracle.apps.prc.po.commonPo.protectedModel.view.PoLinesAllVOTest" id="0" time="0.0010">
    <artifact_tested name="oracle.apps.prc.po.commonPo.protectedModel.view.PoLinesAllVO" type="ADFVO" />
  </testcase>
  <testcase name="invokeVORowImplAttributeGetter[Attribute20]" classname="oracle.apps.prc.po.commonPo.protectedModel.view.PoLinesAllVOTest" id="0" time="0.0">
    <artifact_tested name="oracle.apps.prc.po.commonPo.protectedModel.view.PoLinesAllVO" type="ADFVO" />
  </testcase>
  <testcase name="invokeVORowImplAttributeGetter[Attribute18]" classname="oracle.apps.prc.po.commonPo.protectedModel.view.PoLinesAllVOTest" id="0" time="0.0">
    <artifact_tested name="oracle.apps.prc.po.commonPo.protectedModel.view.PoLinesAllVO" type="ADFVO" />
  </testcase>
  <testcase name="invokeVORowImplAttributeGetter[Attribute19]" classname="oracle.apps.prc.po.commonPo.protectedModel.view.PoLinesAllVOTest" id="0" time="0.0010">
    <artifact_tested name="oracle.apps.prc.po.commonPo.protectedModel.view.PoLinesAllVO" type="ADFVO" />
  </testcase>
  <testcase name="invokeVORowImplAttributeGetter[Attribute16]" classname="oracle.apps.prc.po.commonPo.protectedModel.view.PoLinesAllVOTest" id="0" time="0.0">
    <artifact_tested name="oracle.apps.prc.po.commonPo.protectedModel.view.PoLinesAllVO" type="ADFVO" />
  </testcase>
  <testcase name="invokeVORowImplAttributeGetter[AttributeDate1]" classname="oracle.apps.prc.po.commonPo.protectedModel.view.PoLinesAllVOTest" id="0" time="0.0010">
    <artifact_tested name="oracle.apps.prc.po.commonPo.protectedModel.view.PoLinesAllVO" type="ADFVO" />
  </testcase>
  <testcase name="invokeVORowImplAttributeGetter[AttributeDate10]" classname="oracle.apps.prc.po.commonPo.protectedModel.view.PoLinesAllVOTest" id="0" time="0.0010">
    <artifact_tested name="oracle.apps.prc.po.commonPo.protectedModel.view.PoLinesAllVO" type="ADFVO" />
  </testcase>
  <testcase name="invokeVORowImplAttributeGetter[AttributeDate2]" classname="oracle.apps.prc.po.commonPo.protectedModel.view.PoLinesAllVOTest" id="0" time="0.0010">
    <artifact_tested name="oracle.apps.prc.po.commonPo.protectedModel.view.PoLinesAllVO" type="ADFVO" />
  </testcase>
  <testcase name="invokeVORowImplAttributeGetter[AttributeDate3]" classname="oracle.apps.prc.po.commonPo.protectedModel.view.PoLinesAllVOTest" id="0" time="0.0">
    <artifact_tested name="oracle.apps.prc.po.commonPo.protectedModel.view.PoLinesAllVO" type="ADFVO" />
  </testcase>
  <testcase name="invokeVORowImplAttributeGetter[AttributeDate4]" classname="oracle.apps.prc.po.commonPo.protectedModel.view.PoLinesAllVOTest" id="0" time="0.0010">
    <artifact_tested name="oracle.apps.prc.po.commonPo.protectedModel.view.PoLinesAllVO" type="ADFVO" />
  </testcase>
  <testcase name="invokeVORowImplAttributeGetter[AttributeDate5]" classname="oracle.apps.prc.po.commonPo.protectedModel.view.PoLinesAllVOTest" id="0" time="0.0010">
    <artifact_tested name="oracle.apps.prc.po.commonPo.protectedModel.view.PoLinesAllVO" type="ADFVO" />
  </testcase>
  <testcase name="invokeVORowImplAttributeGetter[AttributeDate6]" classname="oracle.apps.prc.po.commonPo.protectedModel.view.PoLinesAllVOTest" id="0" time="0.0">
    <artifact_tested name="oracle.apps.prc.po.commonPo.protectedModel.view.PoLinesAllVO" type="ADFVO" />
  </testcase>
  <testcase name="invokeVORowImplAttributeGetter[AttributeDate7]" classname="oracle.apps.prc.po.commonPo.protectedModel.view.PoLinesAllVOTest" id="0" time="0.0010">
    <artifact_tested name="oracle.apps.prc.po.commonPo.protectedModel.view.PoLinesAllVO" type="ADFVO" />
  </testcase>
  <testcase name="invokeVORowImplAttributeGetter[AttributeDate8]" classname="oracle.apps.prc.po.commonPo.protectedModel.view.PoLinesAllVOTest" id="0" time="0.0">
    <artifact_tested name="oracle.apps.prc.po.commonPo.protectedModel.view.PoLinesAllVO" type="ADFVO" />
  </testcase>
  <testcase name="invokeVORowImplAttributeGetter[AttributeDate9]" classname="oracle.apps.prc.po.commonPo.protectedModel.view.PoLinesAllVOTest" id="0" time="0.0">
    <artifact_tested name="oracle.apps.prc.po.commonPo.protectedModel.view.PoLinesAllVO" type="ADFVO" />
  </testcase>
  <testcase name="invokeVORowImplAttributeGetter[AttributeTimestamp1]" classname="oracle.apps.prc.po.commonPo.protectedModel.view.PoLinesAllVOTest" id="0" time="0.0010">
    <artifact_tested name="oracle.apps.prc.po.commonPo.protectedModel.view.PoLinesAllVO" type="ADFVO" />
  </testcase>
  <testcase name="invokeVORowImplAttributeGetter[AttributeTimestamp10]" classname="oracle.apps.prc.po.commonPo.protectedModel.view.PoLinesAllVOTest" id="0" time="0.0">
    <artifact_tested name="oracle.apps.prc.po.commonPo.protectedModel.view.PoLinesAllVO" type="ADFVO" />
  </testcase>
  <testcase name="invokeVORowImplAttributeGetter[AttributeTimestamp2]" classname="oracle.apps.prc.po.commonPo.protectedModel.view.PoLinesAllVOTest" id="0" time="0.0">
    <artifact_tested name="oracle.apps.prc.po.commonPo.protectedModel.view.PoLinesAllVO" type="ADFVO" />
  </testcase>
  <testcase name="invokeVORowImplAttributeGetter[AttributeTimestamp3]" classname="oracle.apps.prc.po.commonPo.protectedModel.view.PoLinesAllVOTest" id="0" time="0.0010">
    <artifact_tested name="oracle.apps.prc.po.commonPo.protectedModel.view.PoLinesAllVO" type="ADFVO" />
  </testcase>
  <testcase name="invokeVORowImplAttributeGetter[AttributeTimestamp4]" classname="oracle.apps.prc.po.commonPo.protectedModel.view.PoLinesAllVOTest" id="0" time="0.0">
    <artifact_tested name="oracle.apps.prc.po.commonPo.protectedModel.view.PoLinesAllVO" type="ADFVO" />
  </testcase>
  <testcase name="invokeVORowImplAttributeGetter[AttributeTimestamp5]" classname="oracle.apps.prc.po.commonPo.protectedModel.view.PoLinesAllVOTest" id="0" time="0.0010">
    <artifact_tested name="oracle.apps.prc.po.commonPo.protectedModel.view.PoLinesAllVO" type="ADFVO" />
  </testcase>
  <testcase name="invokeVORowImplAttributeGetter[AttributeTimestamp6]" classname="oracle.apps.prc.po.commonPo.protectedModel.view.PoLinesAllVOTest" id="0" time="0.0010">
    <artifact_tested name="oracle.apps.prc.po.commonPo.protectedModel.view.PoLinesAllVO" type="ADFVO" />
  </testcase>
  <testcase name="invokeVORowImplAttributeGetter[AttributeTimestamp7]" classname="oracle.apps.prc.po.commonPo.protectedModel.view.PoLinesAllVOTest" id="0" time="0.0">
    <artifact_tested name="oracle.apps.prc.po.commonPo.protectedModel.view.PoLinesAllVO" type="ADFVO" />
  </testcase>
  <testcase name="invokeVORowImplAttributeGetter[AttributeTimestamp8]" classname="oracle.apps.prc.po.commonPo.protectedModel.view.PoLinesAllVOTest" id="0" time="0.0010">
    <artifact_tested name="oracle.apps.prc.po.commonPo.protectedModel.view.PoLinesAllVO" type="ADFVO" />
  </testcase>
  <testcase name="invokeVORowImplAttributeGetter[AttributeTimestamp9]" classname="oracle.apps.prc.po.commonPo.protectedModel.view.PoLinesAllVOTest" id="0" time="0.0010">
    <artifact_tested name="oracle.apps.prc.po.commonPo.protectedModel.view.PoLinesAllVO" type="ADFVO" />
  </testcase>
  <testcase name="invokeVORowImplAttributeGetter[SourceDocRevNum]" classname="oracle.apps.prc.po.commonPo.protectedModel.view.PoLinesAllVOTest" id="0" time="0.0">
    <artifact_tested name="oracle.apps.prc.po.commonPo.protectedModel.view.PoLinesAllVO" type="ADFVO" />
  </testcase>
  <testcase name="invokeVORowImplAttributeGetter[AttributeNumber1]" classname="oracle.apps.prc.po.commonPo.protectedModel.view.PoLinesAllVOTest" id="0" time="0.0">
    <artifact_tested name="oracle.apps.prc.po.commonPo.protectedModel.view.PoLinesAllVO" type="ADFVO" />
  </testcase>
  <testcase name="invokeVORowImplAttributeGetter[AttributeNumber10]" classname="oracle.apps.prc.po.commonPo.protectedModel.view.PoLinesAllVOTest" id="0" time="0.0010">
    <artifact_tested name="oracle.apps.prc.po.commonPo.protectedModel.view.PoLinesAllVO" type="ADFVO" />
  </testcase>
  <testcase name="invokeVORowImplAttributeGetter[AttributeNumber2]" classname="oracle.apps.prc.po.commonPo.protectedModel.view.PoLinesAllVOTest" id="0" time="0.0010">
    <artifact_tested name="oracle.apps.prc.po.commonPo.protectedModel.view.PoLinesAllVO" type="ADFVO" />
  </testcase>
  <testcase name="invokeVORowImplAttributeGetter[AttributeNumber3]" classname="oracle.apps.prc.po.commonPo.protectedModel.view.PoLinesAllVOTest" id="0" time="0.0">
    <artifact_tested name="oracle.apps.prc.po.commonPo.protectedModel.view.PoLinesAllVO" type="ADFVO" />
  </testcase>
  <testcase name="invokeVORowImplAttributeGetter[AttributeNumber4]" classname="oracle.apps.prc.po.commonPo.protectedModel.view.PoLinesAllVOTest" id="0" time="0.0010">
    <artifact_tested name="oracle.apps.prc.po.commonPo.protectedModel.view.PoLinesAllVO" type="ADFVO" />
  </testcase>
  <testcase name="invokeVORowImplAttributeGetter[AttributeNumber5]" classname="oracle.apps.prc.po.commonPo.protectedModel.view.PoLinesAllVOTest" id="0" time="0.0010">
    <artifact_tested name="oracle.apps.prc.po.commonPo.protectedModel.view.PoLinesAllVO" type="ADFVO" />
  </testcase>
  <testcase name="invokeVORowImplAttributeGetter[AttributeNumber6]" classname="oracle.apps.prc.po.commonPo.protectedModel.view.PoLinesAllVOTest" id="0" time="0.0010">
    <artifact_tested name="oracle.apps.prc.po.commonPo.protectedModel.view.PoLinesAllVO" type="ADFVO" />
  </testcase>
  <testcase name="invokeVORowImplAttributeGetter[AttributeNumber7]" classname="oracle.apps.prc.po.commonPo.protectedModel.view.PoLinesAllVOTest" id="0" time="0.0010">
    <artifact_tested name="oracle.apps.prc.po.commonPo.protectedModel.view.PoLinesAllVO" type="ADFVO" />
  </testcase>
  <testcase name="invokeVORowImplAttributeGetter[AttributeNumber8]" classname="oracle.apps.prc.po.commonPo.protectedModel.view.PoLinesAllVOTest" id="0" time="0.0010">
    <artifact_tested name="oracle.apps.prc.po.commonPo.protectedModel.view.PoLinesAllVO" type="ADFVO" />
  </testcase>
  <testcase name="invokeVORowImplAttributeGetter[AttributeNumber9]" classname="oracle.apps.prc.po.commonPo.protectedModel.view.PoLinesAllVOTest" id="0" time="0.0">
    <artifact_tested name="oracle.apps.prc.po.commonPo.protectedModel.view.PoLinesAllVO" type="ADFVO" />
  </testcase>
  <testcase name="invokeVORowImplAttributeGetter[AgingPeriodDays]" classname="oracle.apps.prc.po.commonPo.protectedModel.view.PoLinesAllVOTest" id="0" time="0.0010">
    <artifact_tested name="oracle.apps.prc.po.commonPo.protectedModel.view.PoLinesAllVO" type="ADFVO" />
  </testcase>
  <testcase name="invokeVORowImplAttributeGetter[ConsignmentLineFlag]" classname="oracle.apps.prc.po.commonPo.protectedModel.view.PoLinesAllVOTest" id="0" time="0.0010">
    <artifact_tested name="oracle.apps.prc.po.commonPo.protectedModel.view.PoLinesAllVO" type="ADFVO" />
  </testcase>
  <testcase name="invokeVORowImplAttributeGetter[OptionsPrice]" classname="oracle.apps.prc.po.commonPo.protectedModel.view.PoLinesAllVOTest" id="0" time="0.0010">
    <artifact_tested name="oracle.apps.prc.po.commonPo.protectedModel.view.PoLinesAllVO" type="ADFVO" />
  </testcase>
  <testcase name="invokeVORowImplAttributeGetter[BaseModelId]" classname="oracle.apps.prc.po.commonPo.protectedModel.view.PoLinesAllVOTest" id="0" time="0.0010">
    <artifact_tested name="oracle.apps.prc.po.commonPo.protectedModel.view.PoLinesAllVO" type="ADFVO" />
  </testcase>
  <testcase name="invokeVORowImplAttributeGetter[BaseModelPrice]" classname="oracle.apps.prc.po.commonPo.protectedModel.view.PoLinesAllVOTest" id="0" time="0.0010">
    <artifact_tested name="oracle.apps.prc.po.commonPo.protectedModel.view.PoLinesAllVO" type="ADFVO" />
  </testcase>
  <testcase name="invokeVORowImplAttributeGetter[FundsStatus]" classname="oracle.apps.prc.po.commonPo.protectedModel.view.PoLinesAllVOTest" id="0" time="0.0010">
    <artifact_tested name="oracle.apps.prc.po.commonPo.protectedModel.view.PoLinesAllVO" type="ADFVO" />
  </testcase>
  <testcase name="invokeVORowImplAttributeGetter[ConfiguredItemFlag]" classname="oracle.apps.prc.po.commonPo.protectedModel.view.PoLinesAllVOTest" id="0" time="0.0010">
    <artifact_tested name="oracle.apps.prc.po.commonPo.protectedModel.view.PoLinesAllVO" type="ADFVO" />
  </testcase>
  <testcase name="invokeVORowImplAttributeGetter[ParentItemId]" classname="oracle.apps.prc.po.commonPo.protectedModel.view.PoLinesAllVOTest" id="0" time="0.0010">
    <artifact_tested name="oracle.apps.prc.po.commonPo.protectedModel.view.PoLinesAllVO" type="ADFVO" />
  </testcase>
  <testcase name="invokeVORowImplAttributeGetter[SupplierParentItem]" classname="oracle.apps.prc.po.commonPo.protectedModel.view.PoLinesAllVOTest" id="0" time="0.0010">
    <artifact_tested name="oracle.apps.prc.po.commonPo.protectedModel.view.PoLinesAllVO" type="ADFVO" />
  </testcase>
  <testcase name="invokeVORowImplAttributeGetter[TopModelId]" classname="oracle.apps.prc.po.commonPo.protectedModel.view.PoLinesAllVOTest" id="0" time="0.0010">
    <artifact_tested name="oracle.apps.prc.po.commonPo.protectedModel.view.PoLinesAllVO" type="ADFVO" />
  </testcase>
  <testcase name="invokeVORowImplAttributeGetter[SupplierTopModel]" classname="oracle.apps.prc.po.commonPo.protectedModel.view.PoLinesAllVOTest" id="0" time="0.0">
    <artifact_tested name="oracle.apps.prc.po.commonPo.protectedModel.view.PoLinesAllVO" type="ADFVO" />
  </testcase>
  <testcase name="invokeVORowImplAttributeGetter[TaxExclusivePrice]" classname="oracle.apps.prc.po.commonPo.protectedModel.view.PoLinesAllVOTest" id="0" time="0.0">
    <artifact_tested name="oracle.apps.prc.po.commonPo.protectedModel.view.PoLinesAllVO" type="ADFVO" />
  </testcase>
  <testcase name="invokeVORowImplAttributeGetter[WorkOrderProduct]" classname="oracle.apps.prc.po.commonPo.protectedModel.view.PoLinesAllVOTest" id="0" time="0.0">
    <artifact_tested name="oracle.apps.prc.po.commonPo.protectedModel.view.PoLinesAllVO" type="ADFVO" />
  </testcase>
</testsuite><testsuite name="oracle.apps.prc.po.commonPo.protectedModel.utilTest.TestDocumentActionsUtil" timestamp="2017-06-20T11:28:30" hostname="indl76040" family="NO_REGISTERED_LBA_FOR_JPR_NAME" initiative="prc_po_lrg" jpr="PrcPoCommonPoProtectedModelTest" label="" product="NO_REGISTERED_LBA_FOR_JPR_NAME" lba="NO_REGISTERED_LBA_FOR_JPR_NAME" tests="8" failures="0" errors="0" time="13.857" runId="0">
  <properties />
  <testcase name="testFreezeUnfreeze[Test freeze a PA header ID 120000015345162]" classname="oracle.apps.prc.po.commonPo.protectedModel.utilTest.TestDocumentActionsUtil" id="0" time="0.833" />
  <testcase name="testFreezeUnfreeze[Test Unfreeze a CONTRACT with header ID 120000015345215]" classname="oracle.apps.prc.po.commonPo.protectedModel.utilTest.TestDocumentActionsUtil" id="0" time="0.118" />
  <testcase name="testHoldReleaseHold[Test Hold of Blanket with header ID 120000015345162]" classname="oracle.apps.prc.po.commonPo.protectedModel.utilTest.TestDocumentActionsUtil" id="0" time="0.059" />
  <testcase name="testHoldReleaseHold[Test Release Hold of Blanket with header ID 120000015345208]" classname="oracle.apps.prc.po.commonPo.protectedModel.utilTest.TestDocumentActionsUtil" id="0" time="0.014" />
  <testcase name="testHoldReleaseHold[Test Release Hold of Purchase Order Schedule after it has been canceled with header ID 120000012000001]" classname="oracle.apps.prc.po.commonPo.protectedModel.utilTest.TestDocumentActionsUtil" id="0" time="0.3" />
  <testcase name="testfirmUnfirm[Test Firm  schedule with shipment id ]" classname="oracle.apps.prc.po.commonPo.protectedModel.utilTest.TestDocumentActionsUtil" id="0" time="0.075" />
  <testcase name="testfirmUnfirm[Test unFirm schedule with shipment id]" classname="oracle.apps.prc.po.commonPo.protectedModel.utilTest.TestDocumentActionsUtil" id="0" time="0.0060" />
  <testcase name="testManualClose[Test Invoice Close for SPO with header ID 120000015345229]" classname="oracle.apps.prc.po.commonPo.protectedModel.utilTest.TestDocumentActionsUtil" id="0" time="6.655" />
</testsuite><testsuite name="oracle.apps.prc.po.commonPo.protectedModel.view.InputTaxClassificationsVVO.InputTaxClassificationsVVOTest" timestamp="2017-06-20T11:33:34" hostname="indl76040" family="NO_REGISTERED_LBA_FOR_JPR_NAME" initiative="prc_po_lrg" jpr="PrcPoCommonPoProtectedModelTest" label="" product="NO_REGISTERED_LBA_FOR_JPR_NAME" lba="NO_REGISTERED_LBA_FOR_JPR_NAME" tests="8" failures="0" errors="0" time="2.735" runId="0">
  <properties />
  <testcase name="entitiesNonUpdateable" classname="oracle.apps.prc.po.commonPo.protectedModel.view.InputTaxClassificationsVVO.InputTaxClassificationsVVOTest" id="0" time="0.139">
    <artifact_tested name="oracle.apps.prc.po.commonPo.protectedModel.validationView.InputTaxClassificationsVVO" type="ADFVO" />
  </testcase>
  <testcase name="testVOAccess" classname="oracle.apps.prc.po.commonPo.protectedModel.view.InputTaxClassificationsVVO.InputTaxClassificationsVVOTest" id="0" time="0.0010">
    <artifact_tested name="oracle.apps.prc.po.commonPo.protectedModel.validationView.InputTaxClassificationsVVO" type="ADFVO" />
  </testcase>
  <testcase name="invokeVORowImplAttributeGetter[TaxClassificationMeaning]" classname="oracle.apps.prc.po.commonPo.protectedModel.view.InputTaxClassificationsVVO.InputTaxClassificationsVVOTest" id="0" time="0.224">
    <artifact_tested name="oracle.apps.prc.po.commonPo.protectedModel.validationView.InputTaxClassificationsVVO" type="ADFVO" />
  </testcase>
  <testcase name="invokeVORowImplAttributeGetter[TaxClassificationCode]" classname="oracle.apps.prc.po.commonPo.protectedModel.view.InputTaxClassificationsVVO.InputTaxClassificationsVVOTest" id="0" time="0.0010">
    <artifact_tested name="oracle.apps.prc.po.commonPo.protectedModel.validationView.InputTaxClassificationsVVO" type="ADFVO" />
  </testcase>
  <testcase name="invokeVORowImplAttributeGetter[SetId]" classname="oracle.apps.prc.po.commonPo.protectedModel.view.InputTaxClassificationsVVO.InputTaxClassificationsVVOTest" id="0" time="0.0010">
    <artifact_tested name="oracle.apps.prc.po.commonPo.protectedModel.validationView.InputTaxClassificationsVVO" type="ADFVO" />
  </testcase>
  <testcase name="invokeVORowImplAttributeGetter[StartDateActive]" classname="oracle.apps.prc.po.commonPo.protectedModel.view.InputTaxClassificationsVVO.InputTaxClassificationsVVOTest" id="0" time="0.0010">
    <artifact_tested name="oracle.apps.prc.po.commonPo.protectedModel.validationView.InputTaxClassificationsVVO" type="ADFVO" />
  </testcase>
  <testcase name="invokeVORowImplAttributeGetter[EndDateActive]" classname="oracle.apps.prc.po.commonPo.protectedModel.view.InputTaxClassificationsVVO.InputTaxClassificationsVVOTest" id="0" time="0.0020">
    <artifact_tested name="oracle.apps.prc.po.commonPo.protectedModel.validationView.InputTaxClassificationsVVO" type="ADFVO" />
  </testcase>
  <testcase name="invokeVORowImplAttributeGetter[DisplaySequence]" classname="oracle.apps.prc.po.commonPo.protectedModel.view.InputTaxClassificationsVVO.InputTaxClassificationsVVOTest" id="0" time="0.0010">
    <artifact_tested name="oracle.apps.prc.po.commonPo.protectedModel.validationView.InputTaxClassificationsVVO" type="ADFVO" />
  </testcase>
</testsuite><testsuite name="oracle.apps.prc.po.commonPo.protectedModel.view.ProductTypesVVO.ProductTypesVVOTest" timestamp="2017-06-20T11:34:05" hostname="indl76040" family="NO_REGISTERED_LBA_FOR_JPR_NAME" initiative="prc_po_lrg" jpr="PrcPoCommonPoProtectedModelTest" label="" product="NO_REGISTERED_LBA_FOR_JPR_NAME" lba="NO_REGISTERED_LBA_FOR_JPR_NAME" tests="4" failures="0" errors="0" time="1.984" runId="0">
  <properties />
  <testcase name="entitiesNonUpdateable" classname="oracle.apps.prc.po.commonPo.protectedModel.view.ProductTypesVVO.ProductTypesVVOTest" id="0" time="0.151">
    <artifact_tested name="oracle.apps.prc.po.commonPo.protectedModel.validationView.ProductTypesVVO" type="ADFVO" />
  </testcase>
  <testcase name="testVOAccess" classname="oracle.apps.prc.po.commonPo.protectedModel.view.ProductTypesVVO.ProductTypesVVOTest" id="0" time="0.0">
    <artifact_tested name="oracle.apps.prc.po.commonPo.protectedModel.validationView.ProductTypesVVO" type="ADFVO" />
  </testcase>
  <testcase name="invokeVORowImplAttributeGetter[ClassificationName]" classname="oracle.apps.prc.po.commonPo.protectedModel.view.ProductTypesVVO.ProductTypesVVOTest" id="0" time="0.0060">
    <artifact_tested name="oracle.apps.prc.po.commonPo.protectedModel.validationView.ProductTypesVVO" type="ADFVO" />
  </testcase>
  <testcase name="invokeVORowImplAttributeGetter[ClassificationCode]" classname="oracle.apps.prc.po.commonPo.protectedModel.view.ProductTypesVVO.ProductTypesVVOTest" id="0" time="0.0010">
    <artifact_tested name="oracle.apps.prc.po.commonPo.protectedModel.validationView.ProductTypesVVO" type="ADFVO" />
  </testcase>
</testsuite><testsuite name="oracle.apps.prc.po.commonPo.protectedModel.utilTest.TestPoCountryOfOriginUtil" timestamp="2017-06-20T11:29:50" hostname="indl76040" family="NO_REGISTERED_LBA_FOR_JPR_NAME" initiative="prc_po_lrg" jpr="PrcPoCommonPoProtectedModelTest" label="" product="NO_REGISTERED_LBA_FOR_JPR_NAME" lba="NO_REGISTERED_LBA_FOR_JPR_NAME" tests="1" failures="0" errors="0" time="1.705" runId="0">
  <properties />
  <testcase name="testGetCountryOfOrigin[Test Get Country Of Origin]" classname="oracle.apps.prc.po.commonPo.protectedModel.utilTest.TestPoCountryOfOriginUtil" id="0" time="0.268" />
</testsuite><testsuite name="oracle.apps.prc.po.commonPo.protectedModel.utilTest.TestPoSourceDocUtil" timestamp="2017-06-20T11:30:13" hostname="indl76040" family="NO_REGISTERED_LBA_FOR_JPR_NAME" initiative="prc_po_lrg" jpr="PrcPoCommonPoProtectedModelTest" label="" product="NO_REGISTERED_LBA_FOR_JPR_NAME" lba="NO_REGISTERED_LBA_FOR_JPR_NAME" tests="3" failures="0" errors="0" time="8.784" runId="0">
  <properties />
  <testcase name="testPoSourceDocUtil[Test Po Source Document Util]" classname="oracle.apps.prc.po.commonPo.protectedModel.utilTest.TestPoSourceDocUtil" id="0" time="0.111" />
  <testcase name="testGetMatchingSrcDocLine[Test Get Matching Source Doc Line]" classname="oracle.apps.prc.po.commonPo.protectedModel.utilTest.TestPoSourceDocUtil" id="0" time="0.991" />
  <testcase name="testGetMatchingSrcDocLineAdditional[Test Get Matching Source Doc Line Additional]" classname="oracle.apps.prc.po.commonPo.protectedModel.utilTest.TestPoSourceDocUtil" id="0" time="0.021" />
</testsuite></test-results>
