<system-out><![CDATA[The TestClassOwner annotation for this test is missing.

***** Validating connections.xml *****
***** Context class is : oracle.adf.share.jndi.AdfInitialContext
Naming provider :META-INF/connections.xml
Naming provider resolved through URL : file:/scratch/jjikumar/view_storage/jjikumar_REL_13_Test/fusionapps/prc/components/procurement/.adf/META-INF/connections.xml
Protocol is : file
Test Owner: Unassigned. A test method named 'ActiveContacts' is required. 
A test method named 'ActiveContactsByVendorSiteId' is required. 
A test method named 'ByExactEmail' is required. 
A test method named 'ByExactName' is required. 
A test method named 'ByVendorContactId' is required. 
A test method named 'ByVendorSiteId' is required. 
A test method named 'ContactsForSupplier' is required. 
A test method named 'SearchByVC' is required. 

Storing queried row for reuse.
Data Driven Test block finished, clearing cached row for invokeVORowImplAttributeGetter
]]></system-out>