<?xml version="1.0" encoding="UTF-8" ?>
<testsuite name="oracle.apps.prc.po.commonPo.protectedModel.utilTest.TestPoDocumentTypesUtil" timestamp="2017-06-20T11:29:55" hostname="indl76040" family="NO_REGISTERED_LBA_FOR_JPR_NAME" initiative="prc_po_lrg" jpr="PrcPoCommonPoProtectedModelTest" label="" product="NO_REGISTERED_LBA_FOR_JPR_NAME" lba="NO_REGISTERED_LBA_FOR_JPR_NAME" tests="3" failures="0" errors="0" time="1.35" runId="0">
  <properties />
  <testcase name="testGetDocumentTypeDisplayName[Test Get BPA DocumentType DisplayName]" classname="oracle.apps.prc.po.commonPo.protectedModel.utilTest.TestPoDocumentTypesUtil" id="0" time="0.283" />
  <testcase name="testGetDocumentTypeDisplayName[Test Get CPA DocumentType DisplayName]" classname="oracle.apps.prc.po.commonPo.protectedModel.utilTest.TestPoDocumentTypesUtil" id="0" time="0.012" />
  <testcase name="testGetDocumentTypeDisplayName[Test Get Standard DocumentType DisplayName]" classname="oracle.apps.prc.po.commonPo.protectedModel.utilTest.TestPoDocumentTypesUtil" id="0" time="0.019" />
</testsuite>
