<system-out><![CDATA[Test Class Owner is: PO_AUTOUT_NOTIFY_IN@ORACLE.COM
**********************************************
Starting test case: PO: Vision Operations Legal entity
End of test case: PO: Vision Operations Legal entity
**********************************************
Starting test case: PO: Vision Services Legal entity
End of test case: PO: Vision Services Legal entity
**********************************************
Starting test case: PO: Singapore Distribution Centre Legal entity
End of test case: PO: Singapore Distribution Centre Legal entity
**********************************************
Starting test case: PO: Vision Foods USA Ltd. Legal entity
End of test case: PO: Vision Foods USA Ltd. Legal entity
**********************************************
Starting test case: PO: Vision Foods Canada Ltd. Legal entity
End of test case: PO: Vision Foods Canada Ltd. Legal entity
**********************************************
Starting test case: CPA: Vision Operations
End of test case: CPA: Vision Operations
**********************************************
Starting test case: CPA: Vision Services
End of test case: CPA: Vision Services
**********************************************
Starting test case: CPA: Singapore Distribution
End of test case: CPA: Singapore Distribution
**********************************************
Starting test case: CPA: VF Cad Payables
End of test case: CPA: VF Cad Payables
**********************************************
Starting test case: BPA: Vision Operations
End of test case: BPA: Vision Operations
**********************************************
Starting test case: BPA: Vision Services
End of test case: BPA: Vision Services
**********************************************
Starting test case: BPA: Singapore Distribution
End of test case: BPA: Singapore Distribution
**********************************************
Starting test case: BPA: VF Cad Payables
End of test case: BPA: VF Cad Payables
**********************************************
Starting test case: PON: Vision Operations
End of test case: PON: Vision Operations
**********************************************
Starting test case: PON: Vision Services
End of test case: PON: Vision Services
**********************************************
Starting test case: PON: Singapore Distribution
End of test case: PON: Singapore Distribution
**********************************************
Starting test case: PON: VF Cad Payables
End of test case: PON: VF Cad Payables
]]></system-out>