<system-out><![CDATA[Test Class Owner is: PO_AUTOUT_NOTIFY_IN@ORACLE.COM
**********************************************
Starting test case: Test Uom Converted Value

    Assert Passed! - HashMap: UomConvertedValue
    Test Case Passed! 

    Test Case Passed! 

End of test case: Test Uom Converted Value
**********************************************
**********************************************
Starting test case: Test Uom Converted Qty

    Assert Passed! - HashMap: UomConvertedQty
    Test Case Passed! 

    Test Case Passed! 

End of test case: Test Uom Converted Qty
**********************************************
**********************************************
Starting test case: Test Qty Within Uom Deviation

    Assert Passed! - HashMap: isQtyWithinUomDeviation
    Test Case Passed! 

    Test Case Passed! 

End of test case: Test Qty Within Uom Deviation
**********************************************
**********************************************
Starting test case: Test Get Uom Display From Code

    Assert Passed! - HashMap: uomDisplayFromCode
    Test Case Passed! 

    Test Case Passed! 

End of test case: Test Get Uom Display From Code
**********************************************
]]></system-out>