<?xml version="1.0" encoding="UTF-8" ?>
<testsuite name="oracle.apps.prc.po.commonPo.protectedModel.utilTest.TestPoShipToUtil" timestamp="2017-06-20T11:30:07" hostname="indl76040" family="NO_REGISTERED_LBA_FOR_JPR_NAME" initiative="prc_po_lrg" jpr="PrcPoCommonPoProtectedModelTest" label="" product="NO_REGISTERED_LBA_FOR_JPR_NAME" lba="NO_REGISTERED_LBA_FOR_JPR_NAME" tests="5" failures="0" errors="0" time="2.822" runId="0">
  <properties />
  <testcase name="testGetDefaultShipToOrg[test default ship to org 1]" classname="oracle.apps.prc.po.commonPo.protectedModel.utilTest.TestPoShipToUtil" id="0" time="1.019" />
  <testcase name="testIsValidOrganization[test valid organization1]" classname="oracle.apps.prc.po.commonPo.protectedModel.utilTest.TestPoShipToUtil" id="0" time="0.0010" />
  <testcase name="testIsValidOrganization[test valid organization2]" classname="oracle.apps.prc.po.commonPo.protectedModel.utilTest.TestPoShipToUtil" id="0" time="0.0010" />
  <testcase name="testIsValidLocation[test valid Location1]" classname="oracle.apps.prc.po.commonPo.protectedModel.utilTest.TestPoShipToUtil" id="0" time="0.212" />
  <testcase name="testIsValidLocation[test valid Location2]" classname="oracle.apps.prc.po.commonPo.protectedModel.utilTest.TestPoShipToUtil" id="0" time="0.0020" />
</testsuite>
