<?xml version="1.0" encoding="UTF-8" ?>
<testsuite name="oracle.apps.prc.po.commonPo.protectedModel.utilTest.TestPoCountryOfOriginUtil" timestamp="2017-06-20T11:29:50" hostname="indl76040" family="NO_REGISTERED_LBA_FOR_JPR_NAME" initiative="prc_po_lrg" jpr="PrcPoCommonPoProtectedModelTest" label="" product="NO_REGISTERED_LBA_FOR_JPR_NAME" lba="NO_REGISTERED_LBA_FOR_JPR_NAME" tests="1" failures="0" errors="0" time="1.705" runId="0">
  <properties />
  <testcase name="testGetCountryOfOrigin[Test Get Country Of Origin]" classname="oracle.apps.prc.po.commonPo.protectedModel.utilTest.TestPoCountryOfOriginUtil" id="0" time="0.268" />
</testsuite>
