<?xml version="1.0" encoding="UTF-8" ?>
<testsuite name="oracle.apps.prc.po.commonPo.protectedModel.utilTest.TestDocumentForeignKeyUtil" timestamp="2017-06-20T11:28:44" hostname="indl76040" family="NO_REGISTERED_LBA_FOR_JPR_NAME" initiative="prc_po_lrg" jpr="PrcPoCommonPoProtectedModelTest" label="" product="NO_REGISTERED_LBA_FOR_JPR_NAME" lba="NO_REGISTERED_LBA_FOR_JPR_NAME" tests="5" failures="0" errors="0" time="42.958" runId="0">
  <properties />
  <testcase name="testDocumentForeignKeyUtil[Test Document Foreign Key Util]" classname="oracle.apps.prc.po.commonPo.protectedModel.utilTest.TestDocumentForeignKeyUtil" id="0" time="41.641" />
  <testcase name="testGetScheduleMatchApprovalLevelCode[Test Get Schedule MatchApprovalLevelCode 1]" classname="oracle.apps.prc.po.commonPo.protectedModel.utilTest.TestDocumentForeignKeyUtil" id="0" time="0.0010" />
  <testcase name="testGetScheduleMatchApprovalLevelCode[Test Get Schedule MatchApprovalLevelCode 2]" classname="oracle.apps.prc.po.commonPo.protectedModel.utilTest.TestDocumentForeignKeyUtil" id="0" time="0.0010" />
  <testcase name="testGetScheduleMatchApprovalLevelCode[Test Get Schedule MatchApprovalLevelCode 3]" classname="oracle.apps.prc.po.commonPo.protectedModel.utilTest.TestDocumentForeignKeyUtil" id="0" time="0.0010" />
  <testcase name="testGetScheduleMatchApprovalLevelCode[Test Get Schedule MatchApprovalLevelCode 4]" classname="oracle.apps.prc.po.commonPo.protectedModel.utilTest.TestDocumentForeignKeyUtil" id="0" time="0.0010" />
</testsuite>
