<?xml version="1.0" encoding="UTF-8" ?>
<testsuite name="oracle.apps.prc.po.commonPo.protectedModel.view.InputTaxClassificationsVVO.InputTaxClassificationsVVOTest" timestamp="2017-06-20T11:33:34" hostname="indl76040" family="NO_REGISTERED_LBA_FOR_JPR_NAME" initiative="prc_po_lrg" jpr="PrcPoCommonPoProtectedModelTest" label="" product="NO_REGISTERED_LBA_FOR_JPR_NAME" lba="NO_REGISTERED_LBA_FOR_JPR_NAME" tests="8" failures="0" errors="0" time="2.735" runId="0">
  <properties />
  <testcase name="entitiesNonUpdateable" classname="oracle.apps.prc.po.commonPo.protectedModel.view.InputTaxClassificationsVVO.InputTaxClassificationsVVOTest" id="0" time="0.139">
    <artifact_tested name="oracle.apps.prc.po.commonPo.protectedModel.validationView.InputTaxClassificationsVVO" type="ADFVO" />
  </testcase>
  <testcase name="testVOAccess" classname="oracle.apps.prc.po.commonPo.protectedModel.view.InputTaxClassificationsVVO.InputTaxClassificationsVVOTest" id="0" time="0.0010">
    <artifact_tested name="oracle.apps.prc.po.commonPo.protectedModel.validationView.InputTaxClassificationsVVO" type="ADFVO" />
  </testcase>
  <testcase name="invokeVORowImplAttributeGetter[TaxClassificationMeaning]" classname="oracle.apps.prc.po.commonPo.protectedModel.view.InputTaxClassificationsVVO.InputTaxClassificationsVVOTest" id="0" time="0.224">
    <artifact_tested name="oracle.apps.prc.po.commonPo.protectedModel.validationView.InputTaxClassificationsVVO" type="ADFVO" />
  </testcase>
  <testcase name="invokeVORowImplAttributeGetter[TaxClassificationCode]" classname="oracle.apps.prc.po.commonPo.protectedModel.view.InputTaxClassificationsVVO.InputTaxClassificationsVVOTest" id="0" time="0.0010">
    <artifact_tested name="oracle.apps.prc.po.commonPo.protectedModel.validationView.InputTaxClassificationsVVO" type="ADFVO" />
  </testcase>
  <testcase name="invokeVORowImplAttributeGetter[SetId]" classname="oracle.apps.prc.po.commonPo.protectedModel.view.InputTaxClassificationsVVO.InputTaxClassificationsVVOTest" id="0" time="0.0010">
    <artifact_tested name="oracle.apps.prc.po.commonPo.protectedModel.validationView.InputTaxClassificationsVVO" type="ADFVO" />
  </testcase>
  <testcase name="invokeVORowImplAttributeGetter[StartDateActive]" classname="oracle.apps.prc.po.commonPo.protectedModel.view.InputTaxClassificationsVVO.InputTaxClassificationsVVOTest" id="0" time="0.0010">
    <artifact_tested name="oracle.apps.prc.po.commonPo.protectedModel.validationView.InputTaxClassificationsVVO" type="ADFVO" />
  </testcase>
  <testcase name="invokeVORowImplAttributeGetter[EndDateActive]" classname="oracle.apps.prc.po.commonPo.protectedModel.view.InputTaxClassificationsVVO.InputTaxClassificationsVVOTest" id="0" time="0.0020">
    <artifact_tested name="oracle.apps.prc.po.commonPo.protectedModel.validationView.InputTaxClassificationsVVO" type="ADFVO" />
  </testcase>
  <testcase name="invokeVORowImplAttributeGetter[DisplaySequence]" classname="oracle.apps.prc.po.commonPo.protectedModel.view.InputTaxClassificationsVVO.InputTaxClassificationsVVOTest" id="0" time="0.0010">
    <artifact_tested name="oracle.apps.prc.po.commonPo.protectedModel.validationView.InputTaxClassificationsVVO" type="ADFVO" />
  </testcase>
</testsuite>
