<?xml version="1.0" encoding="UTF-8" ?>
<testsuite name="oracle.apps.prc.po.commonPo.protectedModel.helper.TestPoServiceDistributionValidationHelper" timestamp="2017-06-20T11:28:02" hostname="indl76040" family="NO_REGISTERED_LBA_FOR_JPR_NAME" initiative="prc_po_lrg" jpr="PrcPoCommonPoProtectedModelTest" label="" product="NO_REGISTERED_LBA_FOR_JPR_NAME" lba="NO_REGISTERED_LBA_FOR_JPR_NAME" tests="3" failures="0" errors="0" time="3.499" runId="0">
  <properties />
  <testcase name="deriveDeliverToCustomerLocationId[Id Validation]" classname="oracle.apps.prc.po.commonPo.protectedModel.helper.TestPoServiceDistributionValidationHelper" id="0" time="0.967" />
  <testcase name="deriveDeliverToCustomerId[Id Validation]" classname="oracle.apps.prc.po.commonPo.protectedModel.helper.TestPoServiceDistributionValidationHelper" id="0" time="0.187" />
  <testcase name="deriveDeliverToCustomerContactId[Id Validation]" classname="oracle.apps.prc.po.commonPo.protectedModel.helper.TestPoServiceDistributionValidationHelper" id="0" time="0.0040" />
</testsuite>
