<system-out><![CDATA[]]></system-out>