<?xml version="1.0" encoding="UTF-8" ?>
<testsuite name="oracle.apps.prc.po.commonPo.protectedModel.utilTest.TestPoDetermineBuyerUtil" timestamp="2017-06-20T11:29:52" hostname="indl76040" family="NO_REGISTERED_LBA_FOR_JPR_NAME" initiative="prc_po_lrg" jpr="PrcPoCommonPoProtectedModelTest" label="" product="NO_REGISTERED_LBA_FOR_JPR_NAME" lba="NO_REGISTERED_LBA_FOR_JPR_NAME" tests="164" failures="0" errors="0" time="2.666" runId="0">
  <properties />
  <testcase name="determineBuyer[Requisitioning BU, Procurement BU]" classname="oracle.apps.prc.po.commonPo.protectedModel.utilTest.TestPoDetermineBuyerUtil" id="0" time="0.671" />
  <testcase name="determineBuyer[Requisitioning BU]" classname="oracle.apps.prc.po.commonPo.protectedModel.utilTest.TestPoDetermineBuyerUtil" id="0" time="0.064" />
  <testcase name="determineBuyer[Requisitioning BU, Deliver To Organization, Procurement BU]" classname="oracle.apps.prc.po.commonPo.protectedModel.utilTest.TestPoDetermineBuyerUtil" id="0" time="0.0040" />
  <testcase name="determineBuyer[Requisitioning BU, Deliver To Organization]" classname="oracle.apps.prc.po.commonPo.protectedModel.utilTest.TestPoDetermineBuyerUtil" id="0" time="0.0020" />
  <testcase name="determineBuyer[Requisitioning BU, Deliver To Organization, Procurement BU - Negative]" classname="oracle.apps.prc.po.commonPo.protectedModel.utilTest.TestPoDetermineBuyerUtil" id="0" time="0.0020" />
  <testcase name="determineBuyer[Requisitioning BU, Deliver To Organization - Negative]" classname="oracle.apps.prc.po.commonPo.protectedModel.utilTest.TestPoDetermineBuyerUtil" id="0" time="0.0020" />
  <testcase name="determineBuyer[Requisitioning BU, Project, Procurement BU]" classname="oracle.apps.prc.po.commonPo.protectedModel.utilTest.TestPoDetermineBuyerUtil" id="0" time="0.0020" />
  <testcase name="determineBuyer[Requisitioning BU, Project]" classname="oracle.apps.prc.po.commonPo.protectedModel.utilTest.TestPoDetermineBuyerUtil" id="0" time="0.0020" />
  <testcase name="determineBuyer[Requisitioning BU, Project, Procurement BU - Negative]" classname="oracle.apps.prc.po.commonPo.protectedModel.utilTest.TestPoDetermineBuyerUtil" id="0" time="0.0020" />
  <testcase name="determineBuyer[Requisitioning BU, Project - Negative]" classname="oracle.apps.prc.po.commonPo.protectedModel.utilTest.TestPoDetermineBuyerUtil" id="0" time="0.0020" />
  <testcase name="determineBuyer[Requisitioning BU, Supplier, Procurement BU]" classname="oracle.apps.prc.po.commonPo.protectedModel.utilTest.TestPoDetermineBuyerUtil" id="0" time="0.0020" />
  <testcase name="determineBuyer[Requisitioning BU, Supplier]" classname="oracle.apps.prc.po.commonPo.protectedModel.utilTest.TestPoDetermineBuyerUtil" id="0" time="0.0020" />
  <testcase name="determineBuyer[Requisitioning BU, Supplier, Procurement BU - Negative]" classname="oracle.apps.prc.po.commonPo.protectedModel.utilTest.TestPoDetermineBuyerUtil" id="0" time="0.0010" />
  <testcase name="determineBuyer[Requisitioning BU, Supplier - Negative]" classname="oracle.apps.prc.po.commonPo.protectedModel.utilTest.TestPoDetermineBuyerUtil" id="0" time="0.0020" />
  <testcase name="determineBuyer[Requisitioning BU, Non-Catalog Request, Procurement BU]" classname="oracle.apps.prc.po.commonPo.protectedModel.utilTest.TestPoDetermineBuyerUtil" id="0" time="0.0020" />
  <testcase name="determineBuyer[Requisitioning BU, Non-Catalog Request]" classname="oracle.apps.prc.po.commonPo.protectedModel.utilTest.TestPoDetermineBuyerUtil" id="0" time="0.0020" />
  <testcase name="determineBuyer[Requisitioning BU, Non-Catalog Request, Procurement BU - Negative]" classname="oracle.apps.prc.po.commonPo.protectedModel.utilTest.TestPoDetermineBuyerUtil" id="0" time="0.0010" />
  <testcase name="determineBuyer[Requisitioning BU, Non-Catalog Request - Negative]" classname="oracle.apps.prc.po.commonPo.protectedModel.utilTest.TestPoDetermineBuyerUtil" id="0" time="0.0020" />
  <testcase name="determineBuyer[Requisitioning BU, Deliverver To Organization, Project, Procurement BU]" classname="oracle.apps.prc.po.commonPo.protectedModel.utilTest.TestPoDetermineBuyerUtil" id="0" time="0.0020" />
  <testcase name="determineBuyer[Requisitioning BU, Deliverver To Organization, Project]" classname="oracle.apps.prc.po.commonPo.protectedModel.utilTest.TestPoDetermineBuyerUtil" id="0" time="0.0020" />
  <testcase name="determineBuyer[Requisitioning BU, Deliverver To Organization, Project, Procurement BU - Negative 1]" classname="oracle.apps.prc.po.commonPo.protectedModel.utilTest.TestPoDetermineBuyerUtil" id="0" time="0.0020" />
  <testcase name="determineBuyer[Requisitioning BU, Deliverver To Organization, Project - Negative 1]" classname="oracle.apps.prc.po.commonPo.protectedModel.utilTest.TestPoDetermineBuyerUtil" id="0" time="0.0020" />
  <testcase name="determineBuyer[Requisitioning BU, Deliverver To Organization, Project, Procurement BU - Negative 2]" classname="oracle.apps.prc.po.commonPo.protectedModel.utilTest.TestPoDetermineBuyerUtil" id="0" time="0.0030" />
  <testcase name="determineBuyer[Requisitioning BU, Deliverver To Organization, Project - Negative 2]" classname="oracle.apps.prc.po.commonPo.protectedModel.utilTest.TestPoDetermineBuyerUtil" id="0" time="0.0020" />
  <testcase name="determineBuyer[Requisitioning BU, Deliverver To Organization, Project, Procurement BU - Negative 3]" classname="oracle.apps.prc.po.commonPo.protectedModel.utilTest.TestPoDetermineBuyerUtil" id="0" time="0.0030" />
  <testcase name="determineBuyer[Requisitioning BU, Deliverver To Organization, Project - Negative 3]" classname="oracle.apps.prc.po.commonPo.protectedModel.utilTest.TestPoDetermineBuyerUtil" id="0" time="0.0030" />
  <testcase name="determineBuyer[Requisitioning BU, Deliverver To Organization, Supplier, Procurement BU]" classname="oracle.apps.prc.po.commonPo.protectedModel.utilTest.TestPoDetermineBuyerUtil" id="0" time="0.0020" />
  <testcase name="determineBuyer[Requisitioning BU, Deliverver To Organization, Supplier]" classname="oracle.apps.prc.po.commonPo.protectedModel.utilTest.TestPoDetermineBuyerUtil" id="0" time="0.0020" />
  <testcase name="determineBuyer[Requisitioning BU, Deliverver To Organization, Supplier, Procurement BU - Negative 1]" classname="oracle.apps.prc.po.commonPo.protectedModel.utilTest.TestPoDetermineBuyerUtil" id="0" time="0.0020" />
  <testcase name="determineBuyer[Requisitioning BU, Deliverver To Organization, Supplier - Negative 1]" classname="oracle.apps.prc.po.commonPo.protectedModel.utilTest.TestPoDetermineBuyerUtil" id="0" time="0.0030" />
  <testcase name="determineBuyer[Requisitioning BU, Deliverver To Organization, Supplier, Procurement BU - Negative 2]" classname="oracle.apps.prc.po.commonPo.protectedModel.utilTest.TestPoDetermineBuyerUtil" id="0" time="0.0020" />
  <testcase name="determineBuyer[Requisitioning BU, Deliverver To Organization, Supplier - Negative 2]" classname="oracle.apps.prc.po.commonPo.protectedModel.utilTest.TestPoDetermineBuyerUtil" id="0" time="0.0020" />
  <testcase name="determineBuyer[Requisitioning BU, Deliverver To Organization, Supplier, Procurement BU - Negative 3]" classname="oracle.apps.prc.po.commonPo.protectedModel.utilTest.TestPoDetermineBuyerUtil" id="0" time="0.0020" />
  <testcase name="determineBuyer[Requisitioning BU, Deliverver To Organization, Supplier - Negative 3]" classname="oracle.apps.prc.po.commonPo.protectedModel.utilTest.TestPoDetermineBuyerUtil" id="0" time="0.0020" />
  <testcase name="determineBuyer[Requisitioning BU, Deliverver To Organization, Non-Catalog Request, Procurement BU]" classname="oracle.apps.prc.po.commonPo.protectedModel.utilTest.TestPoDetermineBuyerUtil" id="0" time="0.0020" />
  <testcase name="determineBuyer[Requisitioning BU, Deliverver To Organization, Non-Catalog Request]" classname="oracle.apps.prc.po.commonPo.protectedModel.utilTest.TestPoDetermineBuyerUtil" id="0" time="0.0020" />
  <testcase name="determineBuyer[Requisitioning BU, Deliverver To Organization, Non-Catalog Request, Procurement BU - Negative 1]" classname="oracle.apps.prc.po.commonPo.protectedModel.utilTest.TestPoDetermineBuyerUtil" id="0" time="0.0020" />
  <testcase name="determineBuyer[Requisitioning BU, Deliverver To Organization, Non-Catalog Request - Negative 1]" classname="oracle.apps.prc.po.commonPo.protectedModel.utilTest.TestPoDetermineBuyerUtil" id="0" time="0.0020" />
  <testcase name="determineBuyer[Requisitioning BU, Deliverver To Organization, Non-Catalog Request, Procurement BU - Negative 2]" classname="oracle.apps.prc.po.commonPo.protectedModel.utilTest.TestPoDetermineBuyerUtil" id="0" time="0.0020" />
  <testcase name="determineBuyer[Requisitioning BU, Deliverver To Organization, Non-Catalog Request - Negative 2]" classname="oracle.apps.prc.po.commonPo.protectedModel.utilTest.TestPoDetermineBuyerUtil" id="0" time="0.0020" />
  <testcase name="determineBuyer[Requisitioning BU, Deliverver To Organization, Non-Catalog Request, Procurement BU - Negative 3]" classname="oracle.apps.prc.po.commonPo.protectedModel.utilTest.TestPoDetermineBuyerUtil" id="0" time="0.0020" />
  <testcase name="determineBuyer[Requisitioning BU, Deliverver To Organization, Non-Catalog Request - Negative 3]" classname="oracle.apps.prc.po.commonPo.protectedModel.utilTest.TestPoDetermineBuyerUtil" id="0" time="0.0020" />
  <testcase name="determineBuyer[Requisitioning BU, Project, Supplier, Procurement BU]" classname="oracle.apps.prc.po.commonPo.protectedModel.utilTest.TestPoDetermineBuyerUtil" id="0" time="0.0020" />
  <testcase name="determineBuyer[Requisitioning BU, Project, Supplier]" classname="oracle.apps.prc.po.commonPo.protectedModel.utilTest.TestPoDetermineBuyerUtil" id="0" time="0.0020" />
  <testcase name="determineBuyer[Requisitioning BU, Project, Supplier, Procurement BU - Negative 1]" classname="oracle.apps.prc.po.commonPo.protectedModel.utilTest.TestPoDetermineBuyerUtil" id="0" time="0.0030" />
  <testcase name="determineBuyer[Requisitioning BU, Project, Supplier - Negative 1]" classname="oracle.apps.prc.po.commonPo.protectedModel.utilTest.TestPoDetermineBuyerUtil" id="0" time="0.0020" />
  <testcase name="determineBuyer[Requisitioning BU, Project, Supplier, Procurement BU - Negative 2]" classname="oracle.apps.prc.po.commonPo.protectedModel.utilTest.TestPoDetermineBuyerUtil" id="0" time="0.0020" />
  <testcase name="determineBuyer[Requisitioning BU, Project, Supplier - Negative 2]" classname="oracle.apps.prc.po.commonPo.protectedModel.utilTest.TestPoDetermineBuyerUtil" id="0" time="0.0020" />
  <testcase name="determineBuyer[Requisitioning BU, Project, Supplier, Procurement BU - Negative 3]" classname="oracle.apps.prc.po.commonPo.protectedModel.utilTest.TestPoDetermineBuyerUtil" id="0" time="0.0020" />
  <testcase name="determineBuyer[Requisitioning BU, Project, Supplier - Negative 3]" classname="oracle.apps.prc.po.commonPo.protectedModel.utilTest.TestPoDetermineBuyerUtil" id="0" time="0.0010" />
  <testcase name="determineBuyer[Requisitioning BU, Project, Non-Catalog Request, Procurement BU]" classname="oracle.apps.prc.po.commonPo.protectedModel.utilTest.TestPoDetermineBuyerUtil" id="0" time="0.0040" />
  <testcase name="determineBuyer[Requisitioning BU, Project, Non-Catalog Request]" classname="oracle.apps.prc.po.commonPo.protectedModel.utilTest.TestPoDetermineBuyerUtil" id="0" time="0.0030" />
  <testcase name="determineBuyer[Requisitioning BU, Project, Non-Catalog Request, Procurement BU - Negative 1]" classname="oracle.apps.prc.po.commonPo.protectedModel.utilTest.TestPoDetermineBuyerUtil" id="0" time="0.0020" />
  <testcase name="determineBuyer[Requisitioning BU, Project, Non-Catalog Request - Negative 1]" classname="oracle.apps.prc.po.commonPo.protectedModel.utilTest.TestPoDetermineBuyerUtil" id="0" time="0.0020" />
  <testcase name="determineBuyer[Requisitioning BU, Project, Non-Catalog Request, Procurement BU - Negative 2]" classname="oracle.apps.prc.po.commonPo.protectedModel.utilTest.TestPoDetermineBuyerUtil" id="0" time="0.0030" />
  <testcase name="determineBuyer[Requisitioning BU, Project, Non-Catalog Request - Negative 2]" classname="oracle.apps.prc.po.commonPo.protectedModel.utilTest.TestPoDetermineBuyerUtil" id="0" time="0.0020" />
  <testcase name="determineBuyer[Requisitioning BU, Project, Non-Catalog Request, Procurement BU - Negative 3]" classname="oracle.apps.prc.po.commonPo.protectedModel.utilTest.TestPoDetermineBuyerUtil" id="0" time="0.0020" />
  <testcase name="determineBuyer[Requisitioning BU, Project, Non-Catalog Request - Negative 3]" classname="oracle.apps.prc.po.commonPo.protectedModel.utilTest.TestPoDetermineBuyerUtil" id="0" time="0.0020" />
  <testcase name="determineBuyer[Requisitioning BU, Supplier, Non-Catalog Request, Procurement BU]" classname="oracle.apps.prc.po.commonPo.protectedModel.utilTest.TestPoDetermineBuyerUtil" id="0" time="0.0020" />
  <testcase name="determineBuyer[Requisitioning BU, Supplier, Non-Catalog Request]" classname="oracle.apps.prc.po.commonPo.protectedModel.utilTest.TestPoDetermineBuyerUtil" id="0" time="0.0040" />
  <testcase name="determineBuyer[Requisitioning BU, Supplier, Non-Catalog Request, Procurement BU - Negative 1]" classname="oracle.apps.prc.po.commonPo.protectedModel.utilTest.TestPoDetermineBuyerUtil" id="0" time="0.0020" />
  <testcase name="determineBuyer[Requisitioning BU, Supplier, Non-Catalog Request - Negative 1]" classname="oracle.apps.prc.po.commonPo.protectedModel.utilTest.TestPoDetermineBuyerUtil" id="0" time="0.0020" />
  <testcase name="determineBuyer[Requisitioning BU, Supplier, Non-Catalog Request, Procurement BU - Negative 2]" classname="oracle.apps.prc.po.commonPo.protectedModel.utilTest.TestPoDetermineBuyerUtil" id="0" time="0.0020" />
  <testcase name="determineBuyer[Requisitioning BU, Supplier, Non-Catalog Request - Negative 2]" classname="oracle.apps.prc.po.commonPo.protectedModel.utilTest.TestPoDetermineBuyerUtil" id="0" time="0.0020" />
  <testcase name="determineBuyer[Requisitioning BU, Supplier, Non-Catalog Request, Procurement BU - Negative 3]" classname="oracle.apps.prc.po.commonPo.protectedModel.utilTest.TestPoDetermineBuyerUtil" id="0" time="0.0020" />
  <testcase name="determineBuyer[Requisitioning BU, Supplier, Non-Catalog Request - Negative 3]" classname="oracle.apps.prc.po.commonPo.protectedModel.utilTest.TestPoDetermineBuyerUtil" id="0" time="0.0030" />
  <testcase name="determineBuyer[Requisitioning BU, Deliver To Organization, Project, Supplier, Procurement BU]" classname="oracle.apps.prc.po.commonPo.protectedModel.utilTest.TestPoDetermineBuyerUtil" id="0" time="0.0020" />
  <testcase name="determineBuyer[Requisitioning BU, Deliver To Organization, Project, Supplier]" classname="oracle.apps.prc.po.commonPo.protectedModel.utilTest.TestPoDetermineBuyerUtil" id="0" time="0.0020" />
  <testcase name="determineBuyer[Requisitioning BU, Deliver To Organization, Project, Supplier, Procurement BU - Negative 1]" classname="oracle.apps.prc.po.commonPo.protectedModel.utilTest.TestPoDetermineBuyerUtil" id="0" time="0.0020" />
  <testcase name="determineBuyer[Requisitioning BU, Deliver To Organization, Project, Supplier - Negative 1]" classname="oracle.apps.prc.po.commonPo.protectedModel.utilTest.TestPoDetermineBuyerUtil" id="0" time="0.0020" />
  <testcase name="determineBuyer[Requisitioning BU, Deliver To Organization, Project, Supplier, Procurement BU - Negative 2]" classname="oracle.apps.prc.po.commonPo.protectedModel.utilTest.TestPoDetermineBuyerUtil" id="0" time="0.0020" />
  <testcase name="determineBuyer[Requisitioning BU, Deliver To Organization, Project, Supplier - Negative 2]" classname="oracle.apps.prc.po.commonPo.protectedModel.utilTest.TestPoDetermineBuyerUtil" id="0" time="0.0020" />
  <testcase name="determineBuyer[Requisitioning BU, Deliver To Organization, Project, Supplier, Procurement BU - Negative 3]" classname="oracle.apps.prc.po.commonPo.protectedModel.utilTest.TestPoDetermineBuyerUtil" id="0" time="0.0030" />
  <testcase name="determineBuyer[Requisitioning BU, Deliver To Organization, Project, Supplier - Negative 3]" classname="oracle.apps.prc.po.commonPo.protectedModel.utilTest.TestPoDetermineBuyerUtil" id="0" time="0.0020" />
  <testcase name="determineBuyer[Requisitioning BU, Deliver To Organization, Project, Supplier, Procurement BU - Negative 4]" classname="oracle.apps.prc.po.commonPo.protectedModel.utilTest.TestPoDetermineBuyerUtil" id="0" time="0.0020" />
  <testcase name="determineBuyer[Requisitioning BU, Deliver To Organization, Project, Supplier - Negative 4]" classname="oracle.apps.prc.po.commonPo.protectedModel.utilTest.TestPoDetermineBuyerUtil" id="0" time="0.0020" />
  <testcase name="determineBuyer[Requisitioning BU, Deliver To Organization, Project, Supplier, Procurement BU - Negative 5]" classname="oracle.apps.prc.po.commonPo.protectedModel.utilTest.TestPoDetermineBuyerUtil" id="0" time="0.0020" />
  <testcase name="determineBuyer[Requisitioning BU, Deliver To Organization, Project, Supplier - Negative 5]" classname="oracle.apps.prc.po.commonPo.protectedModel.utilTest.TestPoDetermineBuyerUtil" id="0" time="0.0030" />
  <testcase name="determineBuyer[Requisitioning BU, Deliver To Organization, Project, Supplier, Procurement BU - Negative 6]" classname="oracle.apps.prc.po.commonPo.protectedModel.utilTest.TestPoDetermineBuyerUtil" id="0" time="0.0020" />
  <testcase name="determineBuyer[Requisitioning BU, Deliver To Organization, Project, Supplier - Negative 6]" classname="oracle.apps.prc.po.commonPo.protectedModel.utilTest.TestPoDetermineBuyerUtil" id="0" time="0.0020" />
  <testcase name="determineBuyer[Requisitioning BU, Deliver To Organization, Project, Supplier, Procurement BU - Negative 7]" classname="oracle.apps.prc.po.commonPo.protectedModel.utilTest.TestPoDetermineBuyerUtil" id="0" time="0.0020" />
  <testcase name="determineBuyer[Requisitioning BU, Deliver To Organization, Project, Supplier - Negative 7]" classname="oracle.apps.prc.po.commonPo.protectedModel.utilTest.TestPoDetermineBuyerUtil" id="0" time="0.0020" />
  <testcase name="determineBuyer[Requisitioning BU, Deliver To Organization, Project, Non-Catalog Request, Procurement BU]" classname="oracle.apps.prc.po.commonPo.protectedModel.utilTest.TestPoDetermineBuyerUtil" id="0" time="0.0020" />
  <testcase name="determineBuyer[Requisitioning BU, Deliver To Organization, Project, Non-Catalog Request]" classname="oracle.apps.prc.po.commonPo.protectedModel.utilTest.TestPoDetermineBuyerUtil" id="0" time="0.0020" />
  <testcase name="determineBuyer[Requisitioning BU, Deliver To Organization, Project, Non-Catalog Request, Procurement BU - Negative 1]" classname="oracle.apps.prc.po.commonPo.protectedModel.utilTest.TestPoDetermineBuyerUtil" id="0" time="0.0020" />
  <testcase name="determineBuyer[Requisitioning BU, Deliver To Organization, Project, Non-Catalog Request - Negative 1]" classname="oracle.apps.prc.po.commonPo.protectedModel.utilTest.TestPoDetermineBuyerUtil" id="0" time="0.0020" />
  <testcase name="determineBuyer[Requisitioning BU, Deliver To Organization, Project, Non-Catalog Request, Procurement BU - Negative 2]" classname="oracle.apps.prc.po.commonPo.protectedModel.utilTest.TestPoDetermineBuyerUtil" id="0" time="0.0020" />
  <testcase name="determineBuyer[Requisitioning BU, Deliver To Organization, Project, Non-Catalog Request - Negative 2]" classname="oracle.apps.prc.po.commonPo.protectedModel.utilTest.TestPoDetermineBuyerUtil" id="0" time="0.0020" />
  <testcase name="determineBuyer[Requisitioning BU, Deliver To Organization, Project, Non-Catalog Request, Procurement BU - Negative 3]" classname="oracle.apps.prc.po.commonPo.protectedModel.utilTest.TestPoDetermineBuyerUtil" id="0" time="0.0020" />
  <testcase name="determineBuyer[Requisitioning BU, Deliver To Organization, Project, Non-Catalog Request - Negative 3]" classname="oracle.apps.prc.po.commonPo.protectedModel.utilTest.TestPoDetermineBuyerUtil" id="0" time="0.0020" />
  <testcase name="determineBuyer[Requisitioning BU, Deliver To Organization, Project, Non-Catalog Request, Procurement BU - Negative 4]" classname="oracle.apps.prc.po.commonPo.protectedModel.utilTest.TestPoDetermineBuyerUtil" id="0" time="0.0030" />
  <testcase name="determineBuyer[Requisitioning BU, Deliver To Organization, Project, Non-Catalog Request - Negative 4]" classname="oracle.apps.prc.po.commonPo.protectedModel.utilTest.TestPoDetermineBuyerUtil" id="0" time="0.0020" />
  <testcase name="determineBuyer[Requisitioning BU, Deliver To Organization, Project, Non-Catalog Request, Procurement BU - Negative 5]" classname="oracle.apps.prc.po.commonPo.protectedModel.utilTest.TestPoDetermineBuyerUtil" id="0" time="0.0020" />
  <testcase name="determineBuyer[Requisitioning BU, Deliver To Organization, Project, Non-Catalog Request - Negative 5]" classname="oracle.apps.prc.po.commonPo.protectedModel.utilTest.TestPoDetermineBuyerUtil" id="0" time="0.0020" />
  <testcase name="determineBuyer[Requisitioning BU, Deliver To Organization, Project, Non-Catalog Request, Procurement BU - Negative 6]" classname="oracle.apps.prc.po.commonPo.protectedModel.utilTest.TestPoDetermineBuyerUtil" id="0" time="0.0020" />
  <testcase name="determineBuyer[Requisitioning BU, Deliver To Organization, Project, Non-Catalog Request - Negative 6]" classname="oracle.apps.prc.po.commonPo.protectedModel.utilTest.TestPoDetermineBuyerUtil" id="0" time="0.0030" />
  <testcase name="determineBuyer[Requisitioning BU, Deliver To Organization, Project, Non-Catalog Request, Procurement BU - Negative 7]" classname="oracle.apps.prc.po.commonPo.protectedModel.utilTest.TestPoDetermineBuyerUtil" id="0" time="0.0020" />
  <testcase name="determineBuyer[Requisitioning BU, Deliver To Organization, Project, Non-Catalog Request - Negative 7]" classname="oracle.apps.prc.po.commonPo.protectedModel.utilTest.TestPoDetermineBuyerUtil" id="0" time="0.0020" />
  <testcase name="determineBuyer[Requisitioning BU, Deliver To Organization, Supplier, Non-Catalog Request, Procurement BU]" classname="oracle.apps.prc.po.commonPo.protectedModel.utilTest.TestPoDetermineBuyerUtil" id="0" time="0.0020" />
  <testcase name="determineBuyer[Requisitioning BU, Deliver To Organization, Supplier, Non-Catalog Request]" classname="oracle.apps.prc.po.commonPo.protectedModel.utilTest.TestPoDetermineBuyerUtil" id="0" time="0.0030" />
  <testcase name="determineBuyer[Requisitioning BU, Deliver To Organization, Supplier, Non-Catalog Request, Procurement BU - Negative 1]" classname="oracle.apps.prc.po.commonPo.protectedModel.utilTest.TestPoDetermineBuyerUtil" id="0" time="0.0020" />
  <testcase name="determineBuyer[Requisitioning BU, Deliver To Organization, Supplier, Non-Catalog Request - Negative 1]" classname="oracle.apps.prc.po.commonPo.protectedModel.utilTest.TestPoDetermineBuyerUtil" id="0" time="0.0020" />
  <testcase name="determineBuyer[Requisitioning BU, Deliver To Organization, Supplier, Non-Catalog Request, Procurement BU - Negative 2]" classname="oracle.apps.prc.po.commonPo.protectedModel.utilTest.TestPoDetermineBuyerUtil" id="0" time="0.0020" />
  <testcase name="determineBuyer[Requisitioning BU, Deliver To Organization, Supplier, Non-Catalog Request - Negative 2]" classname="oracle.apps.prc.po.commonPo.protectedModel.utilTest.TestPoDetermineBuyerUtil" id="0" time="0.0020" />
  <testcase name="determineBuyer[Requisitioning BU, Deliver To Organization, Supplier, Non-Catalog Request, Procurement BU - Negative 3]" classname="oracle.apps.prc.po.commonPo.protectedModel.utilTest.TestPoDetermineBuyerUtil" id="0" time="0.0020" />
  <testcase name="determineBuyer[Requisitioning BU, Deliver To Organization, Supplier, Non-Catalog Request - Negative 3]" classname="oracle.apps.prc.po.commonPo.protectedModel.utilTest.TestPoDetermineBuyerUtil" id="0" time="0.0020" />
  <testcase name="determineBuyer[Requisitioning BU, Deliver To Organization, Supplier, Non-Catalog Request, Procurement BU - Negative 4]" classname="oracle.apps.prc.po.commonPo.protectedModel.utilTest.TestPoDetermineBuyerUtil" id="0" time="0.0020" />
  <testcase name="determineBuyer[Requisitioning BU, Deliver To Organization, Supplier, Non-Catalog Request - Negative 4]" classname="oracle.apps.prc.po.commonPo.protectedModel.utilTest.TestPoDetermineBuyerUtil" id="0" time="0.0020" />
  <testcase name="determineBuyer[Requisitioning BU, Deliver To Organization, Supplier, Non-Catalog Request, Procurement BU - Negative 5]" classname="oracle.apps.prc.po.commonPo.protectedModel.utilTest.TestPoDetermineBuyerUtil" id="0" time="0.0020" />
  <testcase name="determineBuyer[Requisitioning BU, Deliver To Organization, Supplier, Non-Catalog Request - Negative 5]" classname="oracle.apps.prc.po.commonPo.protectedModel.utilTest.TestPoDetermineBuyerUtil" id="0" time="0.0020" />
  <testcase name="determineBuyer[Requisitioning BU, Deliver To Organization, Supplier, Non-Catalog Request, Procurement BU - Negative 6]" classname="oracle.apps.prc.po.commonPo.protectedModel.utilTest.TestPoDetermineBuyerUtil" id="0" time="0.0020" />
  <testcase name="determineBuyer[Requisitioning BU, Deliver To Organization, Supplier, Non-Catalog Request - Negative 6]" classname="oracle.apps.prc.po.commonPo.protectedModel.utilTest.TestPoDetermineBuyerUtil" id="0" time="0.0020" />
  <testcase name="determineBuyer[Requisitioning BU, Deliver To Organization, Supplier, Non-Catalog Request, Procurement BU - Negative 7]" classname="oracle.apps.prc.po.commonPo.protectedModel.utilTest.TestPoDetermineBuyerUtil" id="0" time="0.0020" />
  <testcase name="determineBuyer[Requisitioning BU, Deliver To Organization, Supplier, Non-Catalog Request - Negative 7]" classname="oracle.apps.prc.po.commonPo.protectedModel.utilTest.TestPoDetermineBuyerUtil" id="0" time="0.0020" />
  <testcase name="determineBuyer[Requisitioning BU, Project, Supplier, Non-Catalog Request, Procurement BU]" classname="oracle.apps.prc.po.commonPo.protectedModel.utilTest.TestPoDetermineBuyerUtil" id="0" time="0.0020" />
  <testcase name="determineBuyer[Requisitioning BU, Project, Supplier, Non-Catalog Request]" classname="oracle.apps.prc.po.commonPo.protectedModel.utilTest.TestPoDetermineBuyerUtil" id="0" time="0.0020" />
  <testcase name="determineBuyer[Requisitioning BU, Project, Supplier, Non-Catalog Request, Procurement BU - Negative 1]" classname="oracle.apps.prc.po.commonPo.protectedModel.utilTest.TestPoDetermineBuyerUtil" id="0" time="0.0030" />
  <testcase name="determineBuyer[Requisitioning BU, Project, Supplier, Non-Catalog Request - Negative 1]" classname="oracle.apps.prc.po.commonPo.protectedModel.utilTest.TestPoDetermineBuyerUtil" id="0" time="0.0020" />
  <testcase name="determineBuyer[Requisitioning BU, Project, Supplier, Non-Catalog Request, Procurement BU - Negative 2]" classname="oracle.apps.prc.po.commonPo.protectedModel.utilTest.TestPoDetermineBuyerUtil" id="0" time="0.0020" />
  <testcase name="determineBuyer[Requisitioning BU, Project, Supplier, Non-Catalog Request - Negative 2]" classname="oracle.apps.prc.po.commonPo.protectedModel.utilTest.TestPoDetermineBuyerUtil" id="0" time="0.0020" />
  <testcase name="determineBuyer[Requisitioning BU, Project, Supplier, Non-Catalog Request, Procurement BU - Negative 3]" classname="oracle.apps.prc.po.commonPo.protectedModel.utilTest.TestPoDetermineBuyerUtil" id="0" time="0.0020" />
  <testcase name="determineBuyer[Requisitioning BU, Project, Supplier, Non-Catalog Request - Negative 3]" classname="oracle.apps.prc.po.commonPo.protectedModel.utilTest.TestPoDetermineBuyerUtil" id="0" time="0.0020" />
  <testcase name="determineBuyer[Requisitioning BU, Project, Supplier, Non-Catalog Request, Procurement BU - Negative 4]" classname="oracle.apps.prc.po.commonPo.protectedModel.utilTest.TestPoDetermineBuyerUtil" id="0" time="0.0020" />
  <testcase name="determineBuyer[Requisitioning BU, Project, Supplier, Non-Catalog Request - Negative 4]" classname="oracle.apps.prc.po.commonPo.protectedModel.utilTest.TestPoDetermineBuyerUtil" id="0" time="0.0030" />
  <testcase name="determineBuyer[Requisitioning BU, Project, Supplier, Non-Catalog Request, Procurement BU - Negative 5]" classname="oracle.apps.prc.po.commonPo.protectedModel.utilTest.TestPoDetermineBuyerUtil" id="0" time="0.0020" />
  <testcase name="determineBuyer[Requisitioning BU, Project, Supplier, Non-Catalog Request - Negative 5]" classname="oracle.apps.prc.po.commonPo.protectedModel.utilTest.TestPoDetermineBuyerUtil" id="0" time="0.0030" />
  <testcase name="determineBuyer[Requisitioning BU, Project, Supplier, Non-Catalog Request, Procurement BU - Negative 6]" classname="oracle.apps.prc.po.commonPo.protectedModel.utilTest.TestPoDetermineBuyerUtil" id="0" time="0.0020" />
  <testcase name="determineBuyer[Requisitioning BU, Project, Supplier, Non-Catalog Request - Negative 6]" classname="oracle.apps.prc.po.commonPo.protectedModel.utilTest.TestPoDetermineBuyerUtil" id="0" time="0.0020" />
  <testcase name="determineBuyer[Requisitioning BU, Project, Supplier, Non-Catalog Request, Procurement BU - Negative 7]" classname="oracle.apps.prc.po.commonPo.protectedModel.utilTest.TestPoDetermineBuyerUtil" id="0" time="0.0020" />
  <testcase name="determineBuyer[Requisitioning BU, Project, Supplier, Non-Catalog Request - Negative 7]" classname="oracle.apps.prc.po.commonPo.protectedModel.utilTest.TestPoDetermineBuyerUtil" id="0" time="0.0020" />
  <testcase name="determineBuyer[Requisitioning BU, Deliver To Organization, Project, Supplier, Non-Catalog Request, Procurement BU]" classname="oracle.apps.prc.po.commonPo.protectedModel.utilTest.TestPoDetermineBuyerUtil" id="0" time="0.0030" />
  <testcase name="determineBuyer[Requisitioning BU, Deliver To Organization, Project, Supplier, Non-Catalog Request]" classname="oracle.apps.prc.po.commonPo.protectedModel.utilTest.TestPoDetermineBuyerUtil" id="0" time="0.0020" />
  <testcase name="determineBuyer[Requisitioning BU, Deliver To Organization, Project, Supplier, Non-Catalog Request, Procurement BU - Negative 1]" classname="oracle.apps.prc.po.commonPo.protectedModel.utilTest.TestPoDetermineBuyerUtil" id="0" time="0.0020" />
  <testcase name="determineBuyer[Requisitioning BU, Deliver To Organization, Project, Supplier, Non-Catalog Request - Negative 1]" classname="oracle.apps.prc.po.commonPo.protectedModel.utilTest.TestPoDetermineBuyerUtil" id="0" time="0.0030" />
  <testcase name="determineBuyer[Requisitioning BU, Deliver To Organization, Project, Supplier, Non-Catalog Request, Procurement BU - Negative 2]" classname="oracle.apps.prc.po.commonPo.protectedModel.utilTest.TestPoDetermineBuyerUtil" id="0" time="0.0030" />
  <testcase name="determineBuyer[Requisitioning BU, Deliver To Organization, Project, Supplier, Non-Catalog Request - Negative 2]" classname="oracle.apps.prc.po.commonPo.protectedModel.utilTest.TestPoDetermineBuyerUtil" id="0" time="0.0020" />
  <testcase name="determineBuyer[Requisitioning BU, Deliver To Organization, Project, Supplier, Non-Catalog Request, Procurement BU - Negative 3]" classname="oracle.apps.prc.po.commonPo.protectedModel.utilTest.TestPoDetermineBuyerUtil" id="0" time="0.0030" />
  <testcase name="determineBuyer[Requisitioning BU, Deliver To Organization, Project, Supplier, Non-Catalog Request - Negative 3]" classname="oracle.apps.prc.po.commonPo.protectedModel.utilTest.TestPoDetermineBuyerUtil" id="0" time="0.0020" />
  <testcase name="determineBuyer[Requisitioning BU, Deliver To Organization, Project, Supplier, Non-Catalog Request, Procurement BU - Negative 4]" classname="oracle.apps.prc.po.commonPo.protectedModel.utilTest.TestPoDetermineBuyerUtil" id="0" time="0.0020" />
  <testcase name="determineBuyer[Requisitioning BU, Deliver To Organization, Project, Supplier, Non-Catalog Request - Negative 4]" classname="oracle.apps.prc.po.commonPo.protectedModel.utilTest.TestPoDetermineBuyerUtil" id="0" time="0.0020" />
  <testcase name="determineBuyer[Requisitioning BU, Deliver To Organization, Project, Supplier, Non-Catalog Request, Procurement BU - Negative 5]" classname="oracle.apps.prc.po.commonPo.protectedModel.utilTest.TestPoDetermineBuyerUtil" id="0" time="0.0020" />
  <testcase name="determineBuyer[Requisitioning BU, Deliver To Organization, Project, Supplier, Non-Catalog Request - Negative 5]" classname="oracle.apps.prc.po.commonPo.protectedModel.utilTest.TestPoDetermineBuyerUtil" id="0" time="0.0020" />
  <testcase name="determineBuyer[Requisitioning BU, Deliver To Organization, Project, Supplier, Non-Catalog Request, Procurement BU - Negative 6]" classname="oracle.apps.prc.po.commonPo.protectedModel.utilTest.TestPoDetermineBuyerUtil" id="0" time="0.0020" />
  <testcase name="determineBuyer[Requisitioning BU, Deliver To Organization, Project, Supplier, Non-Catalog Request - Negative 6]" classname="oracle.apps.prc.po.commonPo.protectedModel.utilTest.TestPoDetermineBuyerUtil" id="0" time="0.0030" />
  <testcase name="determineBuyer[Requisitioning BU, Deliver To Organization, Project, Supplier, Non-Catalog Request, Procurement BU - Negative 7]" classname="oracle.apps.prc.po.commonPo.protectedModel.utilTest.TestPoDetermineBuyerUtil" id="0" time="0.0020" />
  <testcase name="determineBuyer[Requisitioning BU, Deliver To Organization, Project, Supplier, Non-Catalog Request - Negative 7]" classname="oracle.apps.prc.po.commonPo.protectedModel.utilTest.TestPoDetermineBuyerUtil" id="0" time="0.0020" />
  <testcase name="determineBuyer[Requisitioning BU, Deliver To Organization, Project, Supplier, Non-Catalog Request, Procurement BU - Negative 8]" classname="oracle.apps.prc.po.commonPo.protectedModel.utilTest.TestPoDetermineBuyerUtil" id="0" time="0.0020" />
  <testcase name="determineBuyer[Requisitioning BU, Deliver To Organization, Project, Supplier, Non-Catalog Request - Negative 8]" classname="oracle.apps.prc.po.commonPo.protectedModel.utilTest.TestPoDetermineBuyerUtil" id="0" time="0.0020" />
  <testcase name="determineBuyer[Requisitioning BU, Deliver To Organization, Project, Supplier, Non-Catalog Request, Procurement BU - Negative 9]" classname="oracle.apps.prc.po.commonPo.protectedModel.utilTest.TestPoDetermineBuyerUtil" id="0" time="0.0020" />
  <testcase name="determineBuyer[Requisitioning BU, Deliver To Organization, Project, Supplier, Non-Catalog Request - Negative 9]" classname="oracle.apps.prc.po.commonPo.protectedModel.utilTest.TestPoDetermineBuyerUtil" id="0" time="0.0020" />
  <testcase name="determineBuyer[Requisitioning BU, Deliver To Organization, Project, Supplier, Non-Catalog Request, Procurement BU - Negative 10]" classname="oracle.apps.prc.po.commonPo.protectedModel.utilTest.TestPoDetermineBuyerUtil" id="0" time="0.0020" />
  <testcase name="determineBuyer[Requisitioning BU, Deliver To Organization, Project, Supplier, Non-Catalog Request - Negative 10]" classname="oracle.apps.prc.po.commonPo.protectedModel.utilTest.TestPoDetermineBuyerUtil" id="0" time="0.0020" />
  <testcase name="determineBuyer[Requisitioning BU, Deliver To Organization, Project, Supplier, Non-Catalog Request, Procurement BU - Negative 11]" classname="oracle.apps.prc.po.commonPo.protectedModel.utilTest.TestPoDetermineBuyerUtil" id="0" time="0.0020" />
  <testcase name="determineBuyer[Requisitioning BU, Deliver To Organization, Project, Supplier, Non-Catalog Request - Negative 11]" classname="oracle.apps.prc.po.commonPo.protectedModel.utilTest.TestPoDetermineBuyerUtil" id="0" time="0.0020" />
  <testcase name="determineBuyer[Requisitioning BU, Deliver To Organization, Project, Supplier, Non-Catalog Request, Procurement BU - Negative 12]" classname="oracle.apps.prc.po.commonPo.protectedModel.utilTest.TestPoDetermineBuyerUtil" id="0" time="0.0020" />
  <testcase name="determineBuyer[Requisitioning BU, Deliver To Organization, Project, Supplier, Non-Catalog Request - Negative 12]" classname="oracle.apps.prc.po.commonPo.protectedModel.utilTest.TestPoDetermineBuyerUtil" id="0" time="0.0020" />
  <testcase name="determineBuyer[Requisitioning BU, Deliver To Organization, Project, Supplier, Non-Catalog Request, Procurement BU - Negative 13]" classname="oracle.apps.prc.po.commonPo.protectedModel.utilTest.TestPoDetermineBuyerUtil" id="0" time="0.0020" />
  <testcase name="determineBuyer[Requisitioning BU, Deliver To Organization, Project, Supplier, Non-Catalog Request - Negative 13]" classname="oracle.apps.prc.po.commonPo.protectedModel.utilTest.TestPoDetermineBuyerUtil" id="0" time="0.0020" />
  <testcase name="determineBuyer[Requisitioning BU, Deliver To Organization, Project, Supplier, Non-Catalog Request, Procurement BU - Negative 14]" classname="oracle.apps.prc.po.commonPo.protectedModel.utilTest.TestPoDetermineBuyerUtil" id="0" time="0.0020" />
  <testcase name="determineBuyer[Requisitioning BU, Deliver To Organization, Project, Supplier, Non-Catalog Request - Negative 14]" classname="oracle.apps.prc.po.commonPo.protectedModel.utilTest.TestPoDetermineBuyerUtil" id="0" time="0.0020" />
  <testcase name="determineBuyer[Requisitioning BU, Deliver To Organization, Project, Supplier, Non-Catalog Request, Procurement BU - Negative 15]" classname="oracle.apps.prc.po.commonPo.protectedModel.utilTest.TestPoDetermineBuyerUtil" id="0" time="0.0040" />
  <testcase name="determineBuyer[Requisitioning BU, Deliver To Organization, Project, Supplier, Non-Catalog Request - Negative 15]" classname="oracle.apps.prc.po.commonPo.protectedModel.utilTest.TestPoDetermineBuyerUtil" id="0" time="0.0020" />
  <testcase name="determineBuyerWithNullAsserts[Requisitioning BU returning Invalid Buyer]" classname="oracle.apps.prc.po.commonPo.protectedModel.utilTest.TestPoDetermineBuyerUtil" id="0" time="0.0020" />
  <testcase name="determineBuyerWithNullAsserts[Requisitioning BU, Procurement BU returning Invalid Buyer]" classname="oracle.apps.prc.po.commonPo.protectedModel.utilTest.TestPoDetermineBuyerUtil" id="0" time="0.0020" />
</testsuite>
