<?xml version="1.0" encoding="UTF-8" ?>
<testsuite name="oracle.apps.prc.po.commonPo.protectedModel.view.BillToLocationVVO.BillToLocationVVOTest" timestamp="2017-06-20T11:33:21" hostname="indl76040" family="NO_REGISTERED_LBA_FOR_JPR_NAME" initiative="prc_po_lrg" jpr="PrcPoCommonPoProtectedModelTest" label="" product="NO_REGISTERED_LBA_FOR_JPR_NAME" lba="NO_REGISTERED_LBA_FOR_JPR_NAME" tests="141" failures="0" errors="0" time="5.132" runId="0">
  <properties />
  <testcase name="entitiesNonUpdateable" classname="oracle.apps.prc.po.commonPo.protectedModel.view.BillToLocationVVO.BillToLocationVVOTest" id="0" time="0.339">
    <artifact_tested name="oracle.apps.prc.po.commonPo.protectedModel.validationView.BillToLocationVVO" type="ADFVO" />
  </testcase>
  <testcase name="testVOAccess" classname="oracle.apps.prc.po.commonPo.protectedModel.view.BillToLocationVVO.BillToLocationVVOTest" id="0" time="0.0020">
    <artifact_tested name="oracle.apps.prc.po.commonPo.protectedModel.validationView.BillToLocationVVO" type="ADFVO" />
  </testcase>
  <testcase name="invokeVORowImplAttributeGetter[LocationId]" classname="oracle.apps.prc.po.commonPo.protectedModel.view.BillToLocationVVO.BillToLocationVVOTest" id="0" time="0.366">
    <artifact_tested name="oracle.apps.prc.po.commonPo.protectedModel.validationView.BillToLocationVVO" type="ADFVO" />
  </testcase>
  <testcase name="invokeVORowImplAttributeGetter[EffectiveStartDate]" classname="oracle.apps.prc.po.commonPo.protectedModel.view.BillToLocationVVO.BillToLocationVVOTest" id="0" time="0.0010">
    <artifact_tested name="oracle.apps.prc.po.commonPo.protectedModel.validationView.BillToLocationVVO" type="ADFVO" />
  </testcase>
  <testcase name="invokeVORowImplAttributeGetter[EffectiveEndDate]" classname="oracle.apps.prc.po.commonPo.protectedModel.view.BillToLocationVVO.BillToLocationVVOTest" id="0" time="0.0010">
    <artifact_tested name="oracle.apps.prc.po.commonPo.protectedModel.validationView.BillToLocationVVO" type="ADFVO" />
  </testcase>
  <testcase name="invokeVORowImplAttributeGetter[SetId]" classname="oracle.apps.prc.po.commonPo.protectedModel.view.BillToLocationVVO.BillToLocationVVOTest" id="0" time="0.0">
    <artifact_tested name="oracle.apps.prc.po.commonPo.protectedModel.validationView.BillToLocationVVO" type="ADFVO" />
  </testcase>
  <testcase name="invokeVORowImplAttributeGetter[BusinessGroupId]" classname="oracle.apps.prc.po.commonPo.protectedModel.view.BillToLocationVVO.BillToLocationVVOTest" id="0" time="0.0">
    <artifact_tested name="oracle.apps.prc.po.commonPo.protectedModel.validationView.BillToLocationVVO" type="ADFVO" />
  </testcase>
  <testcase name="invokeVORowImplAttributeGetter[LocationCode]" classname="oracle.apps.prc.po.commonPo.protectedModel.view.BillToLocationVVO.BillToLocationVVOTest" id="0" time="0.0">
    <artifact_tested name="oracle.apps.prc.po.commonPo.protectedModel.validationView.BillToLocationVVO" type="ADFVO" />
  </testcase>
  <testcase name="invokeVORowImplAttributeGetter[InternalLocationCode]" classname="oracle.apps.prc.po.commonPo.protectedModel.view.BillToLocationVVO.BillToLocationVVOTest" id="0" time="0.0">
    <artifact_tested name="oracle.apps.prc.po.commonPo.protectedModel.validationView.BillToLocationVVO" type="ADFVO" />
  </testcase>
  <testcase name="invokeVORowImplAttributeGetter[LocationName]" classname="oracle.apps.prc.po.commonPo.protectedModel.view.BillToLocationVVO.BillToLocationVVOTest" id="0" time="0.0">
    <artifact_tested name="oracle.apps.prc.po.commonPo.protectedModel.validationView.BillToLocationVVO" type="ADFVO" />
  </testcase>
  <testcase name="invokeVORowImplAttributeGetter[AcLocationCode]" classname="oracle.apps.prc.po.commonPo.protectedModel.view.BillToLocationVVO.BillToLocationVVOTest" id="0" time="0.0010">
    <artifact_tested name="oracle.apps.prc.po.commonPo.protectedModel.validationView.BillToLocationVVO" type="ADFVO" />
  </testcase>
  <testcase name="invokeVORowImplAttributeGetter[Description]" classname="oracle.apps.prc.po.commonPo.protectedModel.view.BillToLocationVVO.BillToLocationVVOTest" id="0" time="0.0010">
    <artifact_tested name="oracle.apps.prc.po.commonPo.protectedModel.validationView.BillToLocationVVO" type="ADFVO" />
  </testcase>
  <testcase name="invokeVORowImplAttributeGetter[LocationImageUrl]" classname="oracle.apps.prc.po.commonPo.protectedModel.view.BillToLocationVVO.BillToLocationVVOTest" id="0" time="0.0">
    <artifact_tested name="oracle.apps.prc.po.commonPo.protectedModel.validationView.BillToLocationVVO" type="ADFVO" />
  </testcase>
  <testcase name="invokeVORowImplAttributeGetter[SetName]" classname="oracle.apps.prc.po.commonPo.protectedModel.view.BillToLocationVVO.BillToLocationVVOTest" id="0" time="0.0010">
    <artifact_tested name="oracle.apps.prc.po.commonPo.protectedModel.validationView.BillToLocationVVO" type="ADFVO" />
  </testcase>
  <testcase name="invokeVORowImplAttributeGetter[SetCode]" classname="oracle.apps.prc.po.commonPo.protectedModel.view.BillToLocationVVO.BillToLocationVVOTest" id="0" time="0.0010">
    <artifact_tested name="oracle.apps.prc.po.commonPo.protectedModel.validationView.BillToLocationVVO" type="ADFVO" />
  </testcase>
  <testcase name="invokeVORowImplAttributeGetter[Description2]" classname="oracle.apps.prc.po.commonPo.protectedModel.view.BillToLocationVVO.BillToLocationVVOTest" id="0" time="0.0">
    <artifact_tested name="oracle.apps.prc.po.commonPo.protectedModel.validationView.BillToLocationVVO" type="ADFVO" />
  </testcase>
  <testcase name="invokeVORowImplAttributeGetter[ActiveStatus]" classname="oracle.apps.prc.po.commonPo.protectedModel.view.BillToLocationVVO.BillToLocationVVOTest" id="0" time="0.0010">
    <artifact_tested name="oracle.apps.prc.po.commonPo.protectedModel.validationView.BillToLocationVVO" type="ADFVO" />
  </testcase>
  <testcase name="invokeVORowImplAttributeGetter[EmailAddress]" classname="oracle.apps.prc.po.commonPo.protectedModel.view.BillToLocationVVO.BillToLocationVVOTest" id="0" time="0.0">
    <artifact_tested name="oracle.apps.prc.po.commonPo.protectedModel.validationView.BillToLocationVVO" type="ADFVO" />
  </testcase>
  <testcase name="invokeVORowImplAttributeGetter[OfficialLanguageCode]" classname="oracle.apps.prc.po.commonPo.protectedModel.view.BillToLocationVVO.BillToLocationVVOTest" id="0" time="0.0">
    <artifact_tested name="oracle.apps.prc.po.commonPo.protectedModel.validationView.BillToLocationVVO" type="ADFVO" />
  </testcase>
  <testcase name="invokeVORowImplAttributeGetter[ShipToLocationId]" classname="oracle.apps.prc.po.commonPo.protectedModel.view.BillToLocationVVO.BillToLocationVVOTest" id="0" time="0.0">
    <artifact_tested name="oracle.apps.prc.po.commonPo.protectedModel.validationView.BillToLocationVVO" type="ADFVO" />
  </testcase>
  <testcase name="invokeVORowImplAttributeGetter[ShipToSiteFlag]" classname="oracle.apps.prc.po.commonPo.protectedModel.view.BillToLocationVVO.BillToLocationVVOTest" id="0" time="0.0010">
    <artifact_tested name="oracle.apps.prc.po.commonPo.protectedModel.validationView.BillToLocationVVO" type="ADFVO" />
  </testcase>
  <testcase name="invokeVORowImplAttributeGetter[ReceivingSiteFlag]" classname="oracle.apps.prc.po.commonPo.protectedModel.view.BillToLocationVVO.BillToLocationVVOTest" id="0" time="0.0">
    <artifact_tested name="oracle.apps.prc.po.commonPo.protectedModel.validationView.BillToLocationVVO" type="ADFVO" />
  </testcase>
  <testcase name="invokeVORowImplAttributeGetter[BillToSiteFlag]" classname="oracle.apps.prc.po.commonPo.protectedModel.view.BillToLocationVVO.BillToLocationVVOTest" id="0" time="0.0010">
    <artifact_tested name="oracle.apps.prc.po.commonPo.protectedModel.validationView.BillToLocationVVO" type="ADFVO" />
  </testcase>
  <testcase name="invokeVORowImplAttributeGetter[OfficeSiteFlag]" classname="oracle.apps.prc.po.commonPo.protectedModel.view.BillToLocationVVO.BillToLocationVVOTest" id="0" time="0.0">
    <artifact_tested name="oracle.apps.prc.po.commonPo.protectedModel.validationView.BillToLocationVVO" type="ADFVO" />
  </testcase>
  <testcase name="invokeVORowImplAttributeGetter[DesignatedReceiverId]" classname="oracle.apps.prc.po.commonPo.protectedModel.view.BillToLocationVVO.BillToLocationVVOTest" id="0" time="0.0">
    <artifact_tested name="oracle.apps.prc.po.commonPo.protectedModel.validationView.BillToLocationVVO" type="ADFVO" />
  </testcase>
  <testcase name="invokeVORowImplAttributeGetter[InventoryOrganizationId]" classname="oracle.apps.prc.po.commonPo.protectedModel.view.BillToLocationVVO.BillToLocationVVOTest" id="0" time="0.0">
    <artifact_tested name="oracle.apps.prc.po.commonPo.protectedModel.validationView.BillToLocationVVO" type="ADFVO" />
  </testcase>
  <testcase name="invokeVORowImplAttributeGetter[TelephoneNumber1]" classname="oracle.apps.prc.po.commonPo.protectedModel.view.BillToLocationVVO.BillToLocationVVOTest" id="0" time="0.0">
    <artifact_tested name="oracle.apps.prc.po.commonPo.protectedModel.validationView.BillToLocationVVO" type="ADFVO" />
  </testcase>
  <testcase name="invokeVORowImplAttributeGetter[MainphoneCountryCode1]" classname="oracle.apps.prc.po.commonPo.protectedModel.view.BillToLocationVVO.BillToLocationVVOTest" id="0" time="0.0010">
    <artifact_tested name="oracle.apps.prc.po.commonPo.protectedModel.validationView.BillToLocationVVO" type="ADFVO" />
  </testcase>
  <testcase name="invokeVORowImplAttributeGetter[MainphoneAreaCode1]" classname="oracle.apps.prc.po.commonPo.protectedModel.view.BillToLocationVVO.BillToLocationVVOTest" id="0" time="0.0">
    <artifact_tested name="oracle.apps.prc.po.commonPo.protectedModel.validationView.BillToLocationVVO" type="ADFVO" />
  </testcase>
  <testcase name="invokeVORowImplAttributeGetter[MainphoneSubscriberNum1]" classname="oracle.apps.prc.po.commonPo.protectedModel.view.BillToLocationVVO.BillToLocationVVOTest" id="0" time="0.0">
    <artifact_tested name="oracle.apps.prc.po.commonPo.protectedModel.validationView.BillToLocationVVO" type="ADFVO" />
  </testcase>
  <testcase name="invokeVORowImplAttributeGetter[MainphoneExtension1]" classname="oracle.apps.prc.po.commonPo.protectedModel.view.BillToLocationVVO.BillToLocationVVOTest" id="0" time="0.0010">
    <artifact_tested name="oracle.apps.prc.po.commonPo.protectedModel.validationView.BillToLocationVVO" type="ADFVO" />
  </testcase>
  <testcase name="invokeVORowImplAttributeGetter[TelephoneNumber2]" classname="oracle.apps.prc.po.commonPo.protectedModel.view.BillToLocationVVO.BillToLocationVVOTest" id="0" time="0.0">
    <artifact_tested name="oracle.apps.prc.po.commonPo.protectedModel.validationView.BillToLocationVVO" type="ADFVO" />
  </testcase>
  <testcase name="invokeVORowImplAttributeGetter[FaxCountryCode2]" classname="oracle.apps.prc.po.commonPo.protectedModel.view.BillToLocationVVO.BillToLocationVVOTest" id="0" time="0.0">
    <artifact_tested name="oracle.apps.prc.po.commonPo.protectedModel.validationView.BillToLocationVVO" type="ADFVO" />
  </testcase>
  <testcase name="invokeVORowImplAttributeGetter[FaxAreaCode2]" classname="oracle.apps.prc.po.commonPo.protectedModel.view.BillToLocationVVO.BillToLocationVVOTest" id="0" time="0.0">
    <artifact_tested name="oracle.apps.prc.po.commonPo.protectedModel.validationView.BillToLocationVVO" type="ADFVO" />
  </testcase>
  <testcase name="invokeVORowImplAttributeGetter[FaxSubscriberNum2]" classname="oracle.apps.prc.po.commonPo.protectedModel.view.BillToLocationVVO.BillToLocationVVOTest" id="0" time="0.0">
    <artifact_tested name="oracle.apps.prc.po.commonPo.protectedModel.validationView.BillToLocationVVO" type="ADFVO" />
  </testcase>
  <testcase name="invokeVORowImplAttributeGetter[FaxExtension2]" classname="oracle.apps.prc.po.commonPo.protectedModel.view.BillToLocationVVO.BillToLocationVVOTest" id="0" time="0.0">
    <artifact_tested name="oracle.apps.prc.po.commonPo.protectedModel.validationView.BillToLocationVVO" type="ADFVO" />
  </testcase>
  <testcase name="invokeVORowImplAttributeGetter[TelephoneNumber3]" classname="oracle.apps.prc.po.commonPo.protectedModel.view.BillToLocationVVO.BillToLocationVVOTest" id="0" time="0.0010">
    <artifact_tested name="oracle.apps.prc.po.commonPo.protectedModel.validationView.BillToLocationVVO" type="ADFVO" />
  </testcase>
  <testcase name="invokeVORowImplAttributeGetter[OtherphoneCountryCode3]" classname="oracle.apps.prc.po.commonPo.protectedModel.view.BillToLocationVVO.BillToLocationVVOTest" id="0" time="0.0">
    <artifact_tested name="oracle.apps.prc.po.commonPo.protectedModel.validationView.BillToLocationVVO" type="ADFVO" />
  </testcase>
  <testcase name="invokeVORowImplAttributeGetter[OtherphoneAreaCode3]" classname="oracle.apps.prc.po.commonPo.protectedModel.view.BillToLocationVVO.BillToLocationVVOTest" id="0" time="0.0010">
    <artifact_tested name="oracle.apps.prc.po.commonPo.protectedModel.validationView.BillToLocationVVO" type="ADFVO" />
  </testcase>
  <testcase name="invokeVORowImplAttributeGetter[OtherphoneSubscriberNum3]" classname="oracle.apps.prc.po.commonPo.protectedModel.view.BillToLocationVVO.BillToLocationVVOTest" id="0" time="0.0010">
    <artifact_tested name="oracle.apps.prc.po.commonPo.protectedModel.validationView.BillToLocationVVO" type="ADFVO" />
  </testcase>
  <testcase name="invokeVORowImplAttributeGetter[OtherphoneExtension3]" classname="oracle.apps.prc.po.commonPo.protectedModel.view.BillToLocationVVO.BillToLocationVVOTest" id="0" time="0.0">
    <artifact_tested name="oracle.apps.prc.po.commonPo.protectedModel.validationView.BillToLocationVVO" type="ADFVO" />
  </testcase>
  <testcase name="invokeVORowImplAttributeGetter[GeoHierarchyNodeId]" classname="oracle.apps.prc.po.commonPo.protectedModel.view.BillToLocationVVO.BillToLocationVVOTest" id="0" time="0.0">
    <artifact_tested name="oracle.apps.prc.po.commonPo.protectedModel.validationView.BillToLocationVVO" type="ADFVO" />
  </testcase>
  <testcase name="invokeVORowImplAttributeGetter[GeoHierarchyNodeValue]" classname="oracle.apps.prc.po.commonPo.protectedModel.view.BillToLocationVVO.BillToLocationVVOTest" id="0" time="0.0010">
    <artifact_tested name="oracle.apps.prc.po.commonPo.protectedModel.validationView.BillToLocationVVO" type="ADFVO" />
  </testcase>
  <testcase name="invokeVORowImplAttributeGetter[AddressId]" classname="oracle.apps.prc.po.commonPo.protectedModel.view.BillToLocationVVO.BillToLocationVVOTest" id="0" time="0.0010">
    <artifact_tested name="oracle.apps.prc.po.commonPo.protectedModel.validationView.BillToLocationVVO" type="ADFVO" />
  </testcase>
  <testcase name="invokeVORowImplAttributeGetter[Style]" classname="oracle.apps.prc.po.commonPo.protectedModel.view.BillToLocationVVO.BillToLocationVVOTest" id="0" time="0.0010">
    <artifact_tested name="oracle.apps.prc.po.commonPo.protectedModel.validationView.BillToLocationVVO" type="ADFVO" />
  </testcase>
  <testcase name="invokeVORowImplAttributeGetter[AddressLine1]" classname="oracle.apps.prc.po.commonPo.protectedModel.view.BillToLocationVVO.BillToLocationVVOTest" id="0" time="0.0">
    <artifact_tested name="oracle.apps.prc.po.commonPo.protectedModel.validationView.BillToLocationVVO" type="ADFVO" />
  </testcase>
  <testcase name="invokeVORowImplAttributeGetter[AddressLine2]" classname="oracle.apps.prc.po.commonPo.protectedModel.view.BillToLocationVVO.BillToLocationVVOTest" id="0" time="0.0010">
    <artifact_tested name="oracle.apps.prc.po.commonPo.protectedModel.validationView.BillToLocationVVO" type="ADFVO" />
  </testcase>
  <testcase name="invokeVORowImplAttributeGetter[AddressLine3]" classname="oracle.apps.prc.po.commonPo.protectedModel.view.BillToLocationVVO.BillToLocationVVOTest" id="0" time="0.0010">
    <artifact_tested name="oracle.apps.prc.po.commonPo.protectedModel.validationView.BillToLocationVVO" type="ADFVO" />
  </testcase>
  <testcase name="invokeVORowImplAttributeGetter[AddressLine4]" classname="oracle.apps.prc.po.commonPo.protectedModel.view.BillToLocationVVO.BillToLocationVVOTest" id="0" time="0.0010">
    <artifact_tested name="oracle.apps.prc.po.commonPo.protectedModel.validationView.BillToLocationVVO" type="ADFVO" />
  </testcase>
  <testcase name="invokeVORowImplAttributeGetter[Building]" classname="oracle.apps.prc.po.commonPo.protectedModel.view.BillToLocationVVO.BillToLocationVVOTest" id="0" time="0.0010">
    <artifact_tested name="oracle.apps.prc.po.commonPo.protectedModel.validationView.BillToLocationVVO" type="ADFVO" />
  </testcase>
  <testcase name="invokeVORowImplAttributeGetter[FloorNumber]" classname="oracle.apps.prc.po.commonPo.protectedModel.view.BillToLocationVVO.BillToLocationVVOTest" id="0" time="0.0010">
    <artifact_tested name="oracle.apps.prc.po.commonPo.protectedModel.validationView.BillToLocationVVO" type="ADFVO" />
  </testcase>
  <testcase name="invokeVORowImplAttributeGetter[TownOrCity]" classname="oracle.apps.prc.po.commonPo.protectedModel.view.BillToLocationVVO.BillToLocationVVOTest" id="0" time="0.0">
    <artifact_tested name="oracle.apps.prc.po.commonPo.protectedModel.validationView.BillToLocationVVO" type="ADFVO" />
  </testcase>
  <testcase name="invokeVORowImplAttributeGetter[PostalCode]" classname="oracle.apps.prc.po.commonPo.protectedModel.view.BillToLocationVVO.BillToLocationVVOTest" id="0" time="0.0">
    <artifact_tested name="oracle.apps.prc.po.commonPo.protectedModel.validationView.BillToLocationVVO" type="ADFVO" />
  </testcase>
  <testcase name="invokeVORowImplAttributeGetter[LongPostalCode]" classname="oracle.apps.prc.po.commonPo.protectedModel.view.BillToLocationVVO.BillToLocationVVOTest" id="0" time="0.0">
    <artifact_tested name="oracle.apps.prc.po.commonPo.protectedModel.validationView.BillToLocationVVO" type="ADFVO" />
  </testcase>
  <testcase name="invokeVORowImplAttributeGetter[Region1]" classname="oracle.apps.prc.po.commonPo.protectedModel.view.BillToLocationVVO.BillToLocationVVOTest" id="0" time="0.0010">
    <artifact_tested name="oracle.apps.prc.po.commonPo.protectedModel.validationView.BillToLocationVVO" type="ADFVO" />
  </testcase>
  <testcase name="invokeVORowImplAttributeGetter[Region2]" classname="oracle.apps.prc.po.commonPo.protectedModel.view.BillToLocationVVO.BillToLocationVVOTest" id="0" time="0.0">
    <artifact_tested name="oracle.apps.prc.po.commonPo.protectedModel.validationView.BillToLocationVVO" type="ADFVO" />
  </testcase>
  <testcase name="invokeVORowImplAttributeGetter[Region3]" classname="oracle.apps.prc.po.commonPo.protectedModel.view.BillToLocationVVO.BillToLocationVVOTest" id="0" time="0.0">
    <artifact_tested name="oracle.apps.prc.po.commonPo.protectedModel.validationView.BillToLocationVVO" type="ADFVO" />
  </testcase>
  <testcase name="invokeVORowImplAttributeGetter[Country]" classname="oracle.apps.prc.po.commonPo.protectedModel.view.BillToLocationVVO.BillToLocationVVOTest" id="0" time="0.0">
    <artifact_tested name="oracle.apps.prc.po.commonPo.protectedModel.validationView.BillToLocationVVO" type="ADFVO" />
  </testcase>
  <testcase name="invokeVORowImplAttributeGetter[DerivedLocale]" classname="oracle.apps.prc.po.commonPo.protectedModel.view.BillToLocationVVO.BillToLocationVVOTest" id="0" time="0.0010">
    <artifact_tested name="oracle.apps.prc.po.commonPo.protectedModel.validationView.BillToLocationVVO" type="ADFVO" />
  </testcase>
  <testcase name="invokeVORowImplAttributeGetter[Geometry]" classname="oracle.apps.prc.po.commonPo.protectedModel.view.BillToLocationVVO.BillToLocationVVOTest" id="0" time="0.0">
    <artifact_tested name="oracle.apps.prc.po.commonPo.protectedModel.validationView.BillToLocationVVO" type="ADFVO" />
  </testcase>
  <testcase name="invokeVORowImplAttributeGetter[LocInformation13]" classname="oracle.apps.prc.po.commonPo.protectedModel.view.BillToLocationVVO.BillToLocationVVOTest" id="0" time="0.0">
    <artifact_tested name="oracle.apps.prc.po.commonPo.protectedModel.validationView.BillToLocationVVO" type="ADFVO" />
  </testcase>
  <testcase name="invokeVORowImplAttributeGetter[LocInformation14]" classname="oracle.apps.prc.po.commonPo.protectedModel.view.BillToLocationVVO.BillToLocationVVOTest" id="0" time="0.0">
    <artifact_tested name="oracle.apps.prc.po.commonPo.protectedModel.validationView.BillToLocationVVO" type="ADFVO" />
  </testcase>
  <testcase name="invokeVORowImplAttributeGetter[LocInformation15]" classname="oracle.apps.prc.po.commonPo.protectedModel.view.BillToLocationVVO.BillToLocationVVOTest" id="0" time="0.0">
    <artifact_tested name="oracle.apps.prc.po.commonPo.protectedModel.validationView.BillToLocationVVO" type="ADFVO" />
  </testcase>
  <testcase name="invokeVORowImplAttributeGetter[LocInformation16]" classname="oracle.apps.prc.po.commonPo.protectedModel.view.BillToLocationVVO.BillToLocationVVOTest" id="0" time="0.0">
    <artifact_tested name="oracle.apps.prc.po.commonPo.protectedModel.validationView.BillToLocationVVO" type="ADFVO" />
  </testcase>
  <testcase name="invokeVORowImplAttributeGetter[LocInformation17]" classname="oracle.apps.prc.po.commonPo.protectedModel.view.BillToLocationVVO.BillToLocationVVOTest" id="0" time="0.0">
    <artifact_tested name="oracle.apps.prc.po.commonPo.protectedModel.validationView.BillToLocationVVO" type="ADFVO" />
  </testcase>
  <testcase name="invokeVORowImplAttributeGetter[LocInformation18]" classname="oracle.apps.prc.po.commonPo.protectedModel.view.BillToLocationVVO.BillToLocationVVOTest" id="0" time="0.0">
    <artifact_tested name="oracle.apps.prc.po.commonPo.protectedModel.validationView.BillToLocationVVO" type="ADFVO" />
  </testcase>
  <testcase name="invokeVORowImplAttributeGetter[LocInformation19]" classname="oracle.apps.prc.po.commonPo.protectedModel.view.BillToLocationVVO.BillToLocationVVOTest" id="0" time="0.0">
    <artifact_tested name="oracle.apps.prc.po.commonPo.protectedModel.validationView.BillToLocationVVO" type="ADFVO" />
  </testcase>
  <testcase name="invokeVORowImplAttributeGetter[LocInformation20]" classname="oracle.apps.prc.po.commonPo.protectedModel.view.BillToLocationVVO.BillToLocationVVOTest" id="0" time="0.0010">
    <artifact_tested name="oracle.apps.prc.po.commonPo.protectedModel.validationView.BillToLocationVVO" type="ADFVO" />
  </testcase>
  <testcase name="invokeVORowImplAttributeGetter[LocInformation21]" classname="oracle.apps.prc.po.commonPo.protectedModel.view.BillToLocationVVO.BillToLocationVVOTest" id="0" time="0.0010">
    <artifact_tested name="oracle.apps.prc.po.commonPo.protectedModel.validationView.BillToLocationVVO" type="ADFVO" />
  </testcase>
  <testcase name="invokeVORowImplAttributeGetter[LocInformation22]" classname="oracle.apps.prc.po.commonPo.protectedModel.view.BillToLocationVVO.BillToLocationVVOTest" id="0" time="0.0010">
    <artifact_tested name="oracle.apps.prc.po.commonPo.protectedModel.validationView.BillToLocationVVO" type="ADFVO" />
  </testcase>
  <testcase name="invokeVORowImplAttributeGetter[AddInformation11]" classname="oracle.apps.prc.po.commonPo.protectedModel.view.BillToLocationVVO.BillToLocationVVOTest" id="0" time="0.0">
    <artifact_tested name="oracle.apps.prc.po.commonPo.protectedModel.validationView.BillToLocationVVO" type="ADFVO" />
  </testcase>
  <testcase name="invokeVORowImplAttributeGetter[AddInformation12]" classname="oracle.apps.prc.po.commonPo.protectedModel.view.BillToLocationVVO.BillToLocationVVOTest" id="0" time="0.0">
    <artifact_tested name="oracle.apps.prc.po.commonPo.protectedModel.validationView.BillToLocationVVO" type="ADFVO" />
  </testcase>
  <testcase name="invokeVORowImplAttributeGetter[AddInformation13]" classname="oracle.apps.prc.po.commonPo.protectedModel.view.BillToLocationVVO.BillToLocationVVOTest" id="0" time="0.0010">
    <artifact_tested name="oracle.apps.prc.po.commonPo.protectedModel.validationView.BillToLocationVVO" type="ADFVO" />
  </testcase>
  <testcase name="invokeVORowImplAttributeGetter[AddInformation14]" classname="oracle.apps.prc.po.commonPo.protectedModel.view.BillToLocationVVO.BillToLocationVVOTest" id="0" time="0.0010">
    <artifact_tested name="oracle.apps.prc.po.commonPo.protectedModel.validationView.BillToLocationVVO" type="ADFVO" />
  </testcase>
  <testcase name="invokeVORowImplAttributeGetter[AddInformation15]" classname="oracle.apps.prc.po.commonPo.protectedModel.view.BillToLocationVVO.BillToLocationVVOTest" id="0" time="0.0010">
    <artifact_tested name="oracle.apps.prc.po.commonPo.protectedModel.validationView.BillToLocationVVO" type="ADFVO" />
  </testcase>
  <testcase name="invokeVORowImplAttributeGetter[AddInformation16]" classname="oracle.apps.prc.po.commonPo.protectedModel.view.BillToLocationVVO.BillToLocationVVOTest" id="0" time="0.0010">
    <artifact_tested name="oracle.apps.prc.po.commonPo.protectedModel.validationView.BillToLocationVVO" type="ADFVO" />
  </testcase>
  <testcase name="invokeVORowImplAttributeGetter[AddInformation17]" classname="oracle.apps.prc.po.commonPo.protectedModel.view.BillToLocationVVO.BillToLocationVVOTest" id="0" time="0.0">
    <artifact_tested name="oracle.apps.prc.po.commonPo.protectedModel.validationView.BillToLocationVVO" type="ADFVO" />
  </testcase>
  <testcase name="invokeVORowImplAttributeGetter[AddInformation18]" classname="oracle.apps.prc.po.commonPo.protectedModel.view.BillToLocationVVO.BillToLocationVVOTest" id="0" time="0.0">
    <artifact_tested name="oracle.apps.prc.po.commonPo.protectedModel.validationView.BillToLocationVVO" type="ADFVO" />
  </testcase>
  <testcase name="invokeVORowImplAttributeGetter[AddInformation19]" classname="oracle.apps.prc.po.commonPo.protectedModel.view.BillToLocationVVO.BillToLocationVVOTest" id="0" time="0.0010">
    <artifact_tested name="oracle.apps.prc.po.commonPo.protectedModel.validationView.BillToLocationVVO" type="ADFVO" />
  </testcase>
  <testcase name="invokeVORowImplAttributeGetter[AddInformation20]" classname="oracle.apps.prc.po.commonPo.protectedModel.view.BillToLocationVVO.BillToLocationVVOTest" id="0" time="0.0010">
    <artifact_tested name="oracle.apps.prc.po.commonPo.protectedModel.validationView.BillToLocationVVO" type="ADFVO" />
  </testcase>
  <testcase name="invokeVORowImplAttributeGetter[TimezoneCode]" classname="oracle.apps.prc.po.commonPo.protectedModel.view.BillToLocationVVO.BillToLocationVVOTest" id="0" time="0.0">
    <artifact_tested name="oracle.apps.prc.po.commonPo.protectedModel.validationView.BillToLocationVVO" type="ADFVO" />
  </testcase>
  <testcase name="invokeVORowImplAttributeGetter[AttributeCategory]" classname="oracle.apps.prc.po.commonPo.protectedModel.view.BillToLocationVVO.BillToLocationVVOTest" id="0" time="0.0">
    <artifact_tested name="oracle.apps.prc.po.commonPo.protectedModel.validationView.BillToLocationVVO" type="ADFVO" />
  </testcase>
  <testcase name="invokeVORowImplAttributeGetter[Attribute1]" classname="oracle.apps.prc.po.commonPo.protectedModel.view.BillToLocationVVO.BillToLocationVVOTest" id="0" time="0.0010">
    <artifact_tested name="oracle.apps.prc.po.commonPo.protectedModel.validationView.BillToLocationVVO" type="ADFVO" />
  </testcase>
  <testcase name="invokeVORowImplAttributeGetter[Attribute2]" classname="oracle.apps.prc.po.commonPo.protectedModel.view.BillToLocationVVO.BillToLocationVVOTest" id="0" time="0.0">
    <artifact_tested name="oracle.apps.prc.po.commonPo.protectedModel.validationView.BillToLocationVVO" type="ADFVO" />
  </testcase>
  <testcase name="invokeVORowImplAttributeGetter[Attribute3]" classname="oracle.apps.prc.po.commonPo.protectedModel.view.BillToLocationVVO.BillToLocationVVOTest" id="0" time="0.0">
    <artifact_tested name="oracle.apps.prc.po.commonPo.protectedModel.validationView.BillToLocationVVO" type="ADFVO" />
  </testcase>
  <testcase name="invokeVORowImplAttributeGetter[Attribute4]" classname="oracle.apps.prc.po.commonPo.protectedModel.view.BillToLocationVVO.BillToLocationVVOTest" id="0" time="0.0">
    <artifact_tested name="oracle.apps.prc.po.commonPo.protectedModel.validationView.BillToLocationVVO" type="ADFVO" />
  </testcase>
  <testcase name="invokeVORowImplAttributeGetter[Attribute5]" classname="oracle.apps.prc.po.commonPo.protectedModel.view.BillToLocationVVO.BillToLocationVVOTest" id="0" time="0.0010">
    <artifact_tested name="oracle.apps.prc.po.commonPo.protectedModel.validationView.BillToLocationVVO" type="ADFVO" />
  </testcase>
  <testcase name="invokeVORowImplAttributeGetter[Attribute6]" classname="oracle.apps.prc.po.commonPo.protectedModel.view.BillToLocationVVO.BillToLocationVVOTest" id="0" time="0.0">
    <artifact_tested name="oracle.apps.prc.po.commonPo.protectedModel.validationView.BillToLocationVVO" type="ADFVO" />
  </testcase>
  <testcase name="invokeVORowImplAttributeGetter[Attribute7]" classname="oracle.apps.prc.po.commonPo.protectedModel.view.BillToLocationVVO.BillToLocationVVOTest" id="0" time="0.0">
    <artifact_tested name="oracle.apps.prc.po.commonPo.protectedModel.validationView.BillToLocationVVO" type="ADFVO" />
  </testcase>
  <testcase name="invokeVORowImplAttributeGetter[Attribute8]" classname="oracle.apps.prc.po.commonPo.protectedModel.view.BillToLocationVVO.BillToLocationVVOTest" id="0" time="0.0">
    <artifact_tested name="oracle.apps.prc.po.commonPo.protectedModel.validationView.BillToLocationVVO" type="ADFVO" />
  </testcase>
  <testcase name="invokeVORowImplAttributeGetter[Attribute9]" classname="oracle.apps.prc.po.commonPo.protectedModel.view.BillToLocationVVO.BillToLocationVVOTest" id="0" time="0.0010">
    <artifact_tested name="oracle.apps.prc.po.commonPo.protectedModel.validationView.BillToLocationVVO" type="ADFVO" />
  </testcase>
  <testcase name="invokeVORowImplAttributeGetter[Attribute10]" classname="oracle.apps.prc.po.commonPo.protectedModel.view.BillToLocationVVO.BillToLocationVVOTest" id="0" time="0.0010">
    <artifact_tested name="oracle.apps.prc.po.commonPo.protectedModel.validationView.BillToLocationVVO" type="ADFVO" />
  </testcase>
  <testcase name="invokeVORowImplAttributeGetter[Attribute11]" classname="oracle.apps.prc.po.commonPo.protectedModel.view.BillToLocationVVO.BillToLocationVVOTest" id="0" time="0.0">
    <artifact_tested name="oracle.apps.prc.po.commonPo.protectedModel.validationView.BillToLocationVVO" type="ADFVO" />
  </testcase>
  <testcase name="invokeVORowImplAttributeGetter[Attribute12]" classname="oracle.apps.prc.po.commonPo.protectedModel.view.BillToLocationVVO.BillToLocationVVOTest" id="0" time="0.0">
    <artifact_tested name="oracle.apps.prc.po.commonPo.protectedModel.validationView.BillToLocationVVO" type="ADFVO" />
  </testcase>
  <testcase name="invokeVORowImplAttributeGetter[Attribute13]" classname="oracle.apps.prc.po.commonPo.protectedModel.view.BillToLocationVVO.BillToLocationVVOTest" id="0" time="0.0010">
    <artifact_tested name="oracle.apps.prc.po.commonPo.protectedModel.validationView.BillToLocationVVO" type="ADFVO" />
  </testcase>
  <testcase name="invokeVORowImplAttributeGetter[Attribute14]" classname="oracle.apps.prc.po.commonPo.protectedModel.view.BillToLocationVVO.BillToLocationVVOTest" id="0" time="0.0">
    <artifact_tested name="oracle.apps.prc.po.commonPo.protectedModel.validationView.BillToLocationVVO" type="ADFVO" />
  </testcase>
  <testcase name="invokeVORowImplAttributeGetter[Attribute15]" classname="oracle.apps.prc.po.commonPo.protectedModel.view.BillToLocationVVO.BillToLocationVVOTest" id="0" time="0.0">
    <artifact_tested name="oracle.apps.prc.po.commonPo.protectedModel.validationView.BillToLocationVVO" type="ADFVO" />
  </testcase>
  <testcase name="invokeVORowImplAttributeGetter[Attribute16]" classname="oracle.apps.prc.po.commonPo.protectedModel.view.BillToLocationVVO.BillToLocationVVOTest" id="0" time="0.0010">
    <artifact_tested name="oracle.apps.prc.po.commonPo.protectedModel.validationView.BillToLocationVVO" type="ADFVO" />
  </testcase>
  <testcase name="invokeVORowImplAttributeGetter[Attribute17]" classname="oracle.apps.prc.po.commonPo.protectedModel.view.BillToLocationVVO.BillToLocationVVOTest" id="0" time="0.0">
    <artifact_tested name="oracle.apps.prc.po.commonPo.protectedModel.validationView.BillToLocationVVO" type="ADFVO" />
  </testcase>
  <testcase name="invokeVORowImplAttributeGetter[Attribute18]" classname="oracle.apps.prc.po.commonPo.protectedModel.view.BillToLocationVVO.BillToLocationVVOTest" id="0" time="0.0">
    <artifact_tested name="oracle.apps.prc.po.commonPo.protectedModel.validationView.BillToLocationVVO" type="ADFVO" />
  </testcase>
  <testcase name="invokeVORowImplAttributeGetter[Attribute19]" classname="oracle.apps.prc.po.commonPo.protectedModel.view.BillToLocationVVO.BillToLocationVVOTest" id="0" time="0.0">
    <artifact_tested name="oracle.apps.prc.po.commonPo.protectedModel.validationView.BillToLocationVVO" type="ADFVO" />
  </testcase>
  <testcase name="invokeVORowImplAttributeGetter[Attribute20]" classname="oracle.apps.prc.po.commonPo.protectedModel.view.BillToLocationVVO.BillToLocationVVOTest" id="0" time="0.0010">
    <artifact_tested name="oracle.apps.prc.po.commonPo.protectedModel.validationView.BillToLocationVVO" type="ADFVO" />
  </testcase>
  <testcase name="invokeVORowImplAttributeGetter[Attribute21]" classname="oracle.apps.prc.po.commonPo.protectedModel.view.BillToLocationVVO.BillToLocationVVOTest" id="0" time="0.0">
    <artifact_tested name="oracle.apps.prc.po.commonPo.protectedModel.validationView.BillToLocationVVO" type="ADFVO" />
  </testcase>
  <testcase name="invokeVORowImplAttributeGetter[Attribute22]" classname="oracle.apps.prc.po.commonPo.protectedModel.view.BillToLocationVVO.BillToLocationVVOTest" id="0" time="0.0010">
    <artifact_tested name="oracle.apps.prc.po.commonPo.protectedModel.validationView.BillToLocationVVO" type="ADFVO" />
  </testcase>
  <testcase name="invokeVORowImplAttributeGetter[Attribute23]" classname="oracle.apps.prc.po.commonPo.protectedModel.view.BillToLocationVVO.BillToLocationVVOTest" id="0" time="0.0">
    <artifact_tested name="oracle.apps.prc.po.commonPo.protectedModel.validationView.BillToLocationVVO" type="ADFVO" />
  </testcase>
  <testcase name="invokeVORowImplAttributeGetter[Attribute24]" classname="oracle.apps.prc.po.commonPo.protectedModel.view.BillToLocationVVO.BillToLocationVVOTest" id="0" time="0.0">
    <artifact_tested name="oracle.apps.prc.po.commonPo.protectedModel.validationView.BillToLocationVVO" type="ADFVO" />
  </testcase>
  <testcase name="invokeVORowImplAttributeGetter[Attribute25]" classname="oracle.apps.prc.po.commonPo.protectedModel.view.BillToLocationVVO.BillToLocationVVOTest" id="0" time="0.0010">
    <artifact_tested name="oracle.apps.prc.po.commonPo.protectedModel.validationView.BillToLocationVVO" type="ADFVO" />
  </testcase>
  <testcase name="invokeVORowImplAttributeGetter[Attribute26]" classname="oracle.apps.prc.po.commonPo.protectedModel.view.BillToLocationVVO.BillToLocationVVOTest" id="0" time="0.0">
    <artifact_tested name="oracle.apps.prc.po.commonPo.protectedModel.validationView.BillToLocationVVO" type="ADFVO" />
  </testcase>
  <testcase name="invokeVORowImplAttributeGetter[Attribute27]" classname="oracle.apps.prc.po.commonPo.protectedModel.view.BillToLocationVVO.BillToLocationVVOTest" id="0" time="0.0">
    <artifact_tested name="oracle.apps.prc.po.commonPo.protectedModel.validationView.BillToLocationVVO" type="ADFVO" />
  </testcase>
  <testcase name="invokeVORowImplAttributeGetter[Attribute28]" classname="oracle.apps.prc.po.commonPo.protectedModel.view.BillToLocationVVO.BillToLocationVVOTest" id="0" time="0.0010">
    <artifact_tested name="oracle.apps.prc.po.commonPo.protectedModel.validationView.BillToLocationVVO" type="ADFVO" />
  </testcase>
  <testcase name="invokeVORowImplAttributeGetter[Attribute29]" classname="oracle.apps.prc.po.commonPo.protectedModel.view.BillToLocationVVO.BillToLocationVVOTest" id="0" time="0.0">
    <artifact_tested name="oracle.apps.prc.po.commonPo.protectedModel.validationView.BillToLocationVVO" type="ADFVO" />
  </testcase>
  <testcase name="invokeVORowImplAttributeGetter[Attribute30]" classname="oracle.apps.prc.po.commonPo.protectedModel.view.BillToLocationVVO.BillToLocationVVOTest" id="0" time="0.0">
    <artifact_tested name="oracle.apps.prc.po.commonPo.protectedModel.validationView.BillToLocationVVO" type="ADFVO" />
  </testcase>
  <testcase name="invokeVORowImplAttributeGetter[ObjectVersionNumber]" classname="oracle.apps.prc.po.commonPo.protectedModel.view.BillToLocationVVO.BillToLocationVVOTest" id="0" time="0.0">
    <artifact_tested name="oracle.apps.prc.po.commonPo.protectedModel.validationView.BillToLocationVVO" type="ADFVO" />
  </testcase>
  <testcase name="invokeVORowImplAttributeGetter[CreatedBy]" classname="oracle.apps.prc.po.commonPo.protectedModel.view.BillToLocationVVO.BillToLocationVVOTest" id="0" time="0.0">
    <artifact_tested name="oracle.apps.prc.po.commonPo.protectedModel.validationView.BillToLocationVVO" type="ADFVO" />
  </testcase>
  <testcase name="invokeVORowImplAttributeGetter[CreationDate]" classname="oracle.apps.prc.po.commonPo.protectedModel.view.BillToLocationVVO.BillToLocationVVOTest" id="0" time="0.0010">
    <artifact_tested name="oracle.apps.prc.po.commonPo.protectedModel.validationView.BillToLocationVVO" type="ADFVO" />
  </testcase>
  <testcase name="invokeVORowImplAttributeGetter[LastUpdatedBy]" classname="oracle.apps.prc.po.commonPo.protectedModel.view.BillToLocationVVO.BillToLocationVVOTest" id="0" time="0.0">
    <artifact_tested name="oracle.apps.prc.po.commonPo.protectedModel.validationView.BillToLocationVVO" type="ADFVO" />
  </testcase>
  <testcase name="invokeVORowImplAttributeGetter[LastUpdateDate]" classname="oracle.apps.prc.po.commonPo.protectedModel.view.BillToLocationVVO.BillToLocationVVOTest" id="0" time="0.0010">
    <artifact_tested name="oracle.apps.prc.po.commonPo.protectedModel.validationView.BillToLocationVVO" type="ADFVO" />
  </testcase>
  <testcase name="invokeVORowImplAttributeGetter[LastUpdateLogin]" classname="oracle.apps.prc.po.commonPo.protectedModel.view.BillToLocationVVO.BillToLocationVVOTest" id="0" time="0.0010">
    <artifact_tested name="oracle.apps.prc.po.commonPo.protectedModel.validationView.BillToLocationVVO" type="ADFVO" />
  </testcase>
  <testcase name="invokeVORowImplAttributeGetter[LocLongitude]" classname="oracle.apps.prc.po.commonPo.protectedModel.view.BillToLocationVVO.BillToLocationVVOTest" id="0" time="0.0010">
    <artifact_tested name="oracle.apps.prc.po.commonPo.protectedModel.validationView.BillToLocationVVO" type="ADFVO" />
  </testcase>
  <testcase name="invokeVORowImplAttributeGetter[LocLatitude]" classname="oracle.apps.prc.po.commonPo.protectedModel.view.BillToLocationVVO.BillToLocationVVOTest" id="0" time="0.0010">
    <artifact_tested name="oracle.apps.prc.po.commonPo.protectedModel.validationView.BillToLocationVVO" type="ADFVO" />
  </testcase>
  <testcase name="invokeVORowImplAttributeGetter[FormattedMultiLineAddress]" classname="oracle.apps.prc.po.commonPo.protectedModel.view.BillToLocationVVO.BillToLocationVVOTest" id="0" time="0.957">
    <artifact_tested name="oracle.apps.prc.po.commonPo.protectedModel.validationView.BillToLocationVVO" type="ADFVO" />
  </testcase>
  <testcase name="invokeVORowImplAttributeGetter[LocationAddress]" classname="oracle.apps.prc.po.commonPo.protectedModel.view.BillToLocationVVO.BillToLocationVVOTest" id="0" time="0.0030">
    <artifact_tested name="oracle.apps.prc.po.commonPo.protectedModel.validationView.BillToLocationVVO" type="ADFVO" />
  </testcase>
  <testcase name="invokeVORowImplAttributeGetter[SetId1]" classname="oracle.apps.prc.po.commonPo.protectedModel.view.BillToLocationVVO.BillToLocationVVOTest" id="0" time="0.0">
    <artifact_tested name="oracle.apps.prc.po.commonPo.protectedModel.validationView.BillToLocationVVO" type="ADFVO" />
  </testcase>
  <testcase name="invokeVORowImplAttributeGetter[Description1]" classname="oracle.apps.prc.po.commonPo.protectedModel.view.BillToLocationVVO.BillToLocationVVOTest" id="0" time="0.0">
    <artifact_tested name="oracle.apps.prc.po.commonPo.protectedModel.validationView.BillToLocationVVO" type="ADFVO" />
  </testcase>
  <testcase name="invokeVORowImplAttributeGetter[LanguageCode]" classname="oracle.apps.prc.po.commonPo.protectedModel.view.BillToLocationVVO.BillToLocationVVOTest" id="0" time="0.0010">
    <artifact_tested name="oracle.apps.prc.po.commonPo.protectedModel.validationView.BillToLocationVVO" type="ADFVO" />
  </testcase>
  <testcase name="invokeVORowImplAttributeGetter[FormattedFaxPhoneNumber]" classname="oracle.apps.prc.po.commonPo.protectedModel.view.BillToLocationVVO.BillToLocationVVOTest" id="0" time="0.357">
    <artifact_tested name="oracle.apps.prc.po.commonPo.protectedModel.validationView.BillToLocationVVO" type="ADFVO" />
  </testcase>
  <testcase name="invokeVORowImplAttributeGetter[FormattedMainPhoneNumber]" classname="oracle.apps.prc.po.commonPo.protectedModel.view.BillToLocationVVO.BillToLocationVVOTest" id="0" time="0.058">
    <artifact_tested name="oracle.apps.prc.po.commonPo.protectedModel.validationView.BillToLocationVVO" type="ADFVO" />
  </testcase>
  <testcase name="invokeVORowImplAttributeGetter[FormattedOtherPhoneNumber]" classname="oracle.apps.prc.po.commonPo.protectedModel.view.BillToLocationVVO.BillToLocationVVOTest" id="0" time="0.0010">
    <artifact_tested name="oracle.apps.prc.po.commonPo.protectedModel.validationView.BillToLocationVVO" type="ADFVO" />
  </testcase>
  <testcase name="invokeVORowImplAttributeGetter[InventoryOrganizationName]" classname="oracle.apps.prc.po.commonPo.protectedModel.view.BillToLocationVVO.BillToLocationVVOTest" id="0" time="0.0010">
    <artifact_tested name="oracle.apps.prc.po.commonPo.protectedModel.validationView.BillToLocationVVO" type="ADFVO" />
  </testcase>
  <testcase name="invokeVORowImplAttributeGetter[OrganizationId]" classname="oracle.apps.prc.po.commonPo.protectedModel.view.BillToLocationVVO.BillToLocationVVOTest" id="0" time="0.0">
    <artifact_tested name="oracle.apps.prc.po.commonPo.protectedModel.validationView.BillToLocationVVO" type="ADFVO" />
  </testcase>
  <testcase name="invokeVORowImplAttributeGetter[EffectiveStartDate2]" classname="oracle.apps.prc.po.commonPo.protectedModel.view.BillToLocationVVO.BillToLocationVVOTest" id="0" time="0.0">
    <artifact_tested name="oracle.apps.prc.po.commonPo.protectedModel.validationView.BillToLocationVVO" type="ADFVO" />
  </testcase>
  <testcase name="invokeVORowImplAttributeGetter[EffectiveEndDate2]" classname="oracle.apps.prc.po.commonPo.protectedModel.view.BillToLocationVVO.BillToLocationVVOTest" id="0" time="0.0">
    <artifact_tested name="oracle.apps.prc.po.commonPo.protectedModel.validationView.BillToLocationVVO" type="ADFVO" />
  </testcase>
  <testcase name="invokeVORowImplAttributeGetter[Language]" classname="oracle.apps.prc.po.commonPo.protectedModel.view.BillToLocationVVO.BillToLocationVVOTest" id="0" time="0.0">
    <artifact_tested name="oracle.apps.prc.po.commonPo.protectedModel.validationView.BillToLocationVVO" type="ADFVO" />
  </testcase>
  <testcase name="invokeVORowImplAttributeGetter[ObjectVersionNumber1]" classname="oracle.apps.prc.po.commonPo.protectedModel.view.BillToLocationVVO.BillToLocationVVOTest" id="0" time="0.0010">
    <artifact_tested name="oracle.apps.prc.po.commonPo.protectedModel.validationView.BillToLocationVVO" type="ADFVO" />
  </testcase>
  <testcase name="invokeVORowImplAttributeGetter[SysEffectiveDate]" classname="oracle.apps.prc.po.commonPo.protectedModel.view.BillToLocationVVO.BillToLocationVVOTest" id="0" time="0.0">
    <artifact_tested name="oracle.apps.prc.po.commonPo.protectedModel.validationView.BillToLocationVVO" type="ADFVO" />
  </testcase>
  <testcase name="invokeVORowImplAttributeGetter[InventoryOrganizationCode]" classname="oracle.apps.prc.po.commonPo.protectedModel.view.BillToLocationVVO.BillToLocationVVOTest" id="0" time="0.0020">
    <artifact_tested name="oracle.apps.prc.po.commonPo.protectedModel.validationView.BillToLocationVVO" type="ADFVO" />
  </testcase>
  <testcase name="invokeVORowImplAttributeGetter[OrganizationId1]" classname="oracle.apps.prc.po.commonPo.protectedModel.view.BillToLocationVVO.BillToLocationVVOTest" id="0" time="0.0">
    <artifact_tested name="oracle.apps.prc.po.commonPo.protectedModel.validationView.BillToLocationVVO" type="ADFVO" />
  </testcase>
  <testcase name="invokeVORowImplAttributeGetter[LocationExtraInfo]" classname="oracle.apps.prc.po.commonPo.protectedModel.view.BillToLocationVVO.BillToLocationVVOTest" id="0" time="0.194">
    <artifact_tested name="oracle.apps.prc.po.commonPo.protectedModel.validationView.BillToLocationVVO" type="ADFVO" />
  </testcase>
  <testcase name="invokeVORowImplAttributeGetter[LocationLegislative]" classname="oracle.apps.prc.po.commonPo.protectedModel.view.BillToLocationVVO.BillToLocationVVOTest" id="0" time="0.203">
    <artifact_tested name="oracle.apps.prc.po.commonPo.protectedModel.validationView.BillToLocationVVO" type="ADFVO" />
  </testcase>
  <testcase name="invokeVORowImplAttributeGetter[LocationOtherAddress]" classname="oracle.apps.prc.po.commonPo.protectedModel.view.BillToLocationVVO.BillToLocationVVOTest" id="0" time="0.211">
    <artifact_tested name="oracle.apps.prc.po.commonPo.protectedModel.validationView.BillToLocationVVO" type="ADFVO" />
  </testcase>
  <testcase name="invokeVORowImplAttributeGetter[ActiveInactiveVA]" classname="oracle.apps.prc.po.commonPo.protectedModel.view.BillToLocationVVO.BillToLocationVVOTest" id="0" time="0.24">
    <artifact_tested name="oracle.apps.prc.po.commonPo.protectedModel.validationView.BillToLocationVVO" type="ADFVO" />
  </testcase>
</testsuite>
