<?xml version="1.0" encoding="UTF-8" ?>
<testsuite name="oracle.apps.prc.po.commonPo.protectedModel.view.AllSupplierVVO.AllSupplierVVOTest" timestamp="2017-06-20T11:30:34" hostname="indl76040" family="NO_REGISTERED_LBA_FOR_JPR_NAME" initiative="prc_po_lrg" jpr="PrcPoCommonPoProtectedModelTest" label="" product="NO_REGISTERED_LBA_FOR_JPR_NAME" lba="NO_REGISTERED_LBA_FOR_JPR_NAME" tests="8" failures="0" errors="0" time="166.821" runId="0">
  <properties />
  <testcase name="entitiesNonUpdateable" classname="oracle.apps.prc.po.commonPo.protectedModel.view.AllSupplierVVO.AllSupplierVVOTest" id="0" time="0.138">
    <artifact_tested name="oracle.apps.prc.po.commonPo.protectedModel.validationView.AllSupplierVVO" type="ADFVO" />
  </testcase>
  <testcase name="testVOAccess" classname="oracle.apps.prc.po.commonPo.protectedModel.view.AllSupplierVVO.AllSupplierVVOTest" id="0" time="0.0">
    <artifact_tested name="oracle.apps.prc.po.commonPo.protectedModel.validationView.AllSupplierVVO" type="ADFVO" />
  </testcase>
  <testcase name="invokeVORowImplAttributeGetter[VendorId]" classname="oracle.apps.prc.po.commonPo.protectedModel.view.AllSupplierVVO.AllSupplierVVOTest" id="0" time="164.762">
    <artifact_tested name="oracle.apps.prc.po.commonPo.protectedModel.validationView.AllSupplierVVO" type="ADFVO" />
  </testcase>
  <testcase name="invokeVORowImplAttributeGetter[VendorName]" classname="oracle.apps.prc.po.commonPo.protectedModel.view.AllSupplierVVO.AllSupplierVVOTest" id="0" time="0.0">
    <artifact_tested name="oracle.apps.prc.po.commonPo.protectedModel.validationView.AllSupplierVVO" type="ADFVO" />
  </testcase>
  <testcase name="invokeVORowImplAttributeGetter[Segment1]" classname="oracle.apps.prc.po.commonPo.protectedModel.view.AllSupplierVVO.AllSupplierVVOTest" id="0" time="0.0">
    <artifact_tested name="oracle.apps.prc.po.commonPo.protectedModel.validationView.AllSupplierVVO" type="ADFVO" />
  </testcase>
  <testcase name="invokeVORowImplAttributeGetter[DunsNumberC]" classname="oracle.apps.prc.po.commonPo.protectedModel.view.AllSupplierVVO.AllSupplierVVOTest" id="0" time="0.0010">
    <artifact_tested name="oracle.apps.prc.po.commonPo.protectedModel.validationView.AllSupplierVVO" type="ADFVO" />
  </testcase>
  <testcase name="invokeVORowImplAttributeGetter[PartyNameId]" classname="oracle.apps.prc.po.commonPo.protectedModel.view.AllSupplierVVO.AllSupplierVVOTest" id="0" time="0.0010">
    <artifact_tested name="oracle.apps.prc.po.commonPo.protectedModel.validationView.AllSupplierVVO" type="ADFVO" />
  </testcase>
  <testcase name="invokeVORowImplAttributeGetter[AlternateName]" classname="oracle.apps.prc.po.commonPo.protectedModel.view.AllSupplierVVO.AllSupplierVVOTest" id="0" time="0.0010">
    <artifact_tested name="oracle.apps.prc.po.commonPo.protectedModel.validationView.AllSupplierVVO" type="ADFVO" />
  </testcase>
</testsuite>
