<system-out><![CDATA[Test Class Owner is: PO_AUTOUT_NOTIFY_IN@ORACLE.COM
**********************************************
Starting test case: 1. PoHeadersAllVO Test
    Test Case Passed! 

    Test Case Passed! 

End of test case: 1. PoHeadersAllVO Test
**********************************************
]]></system-out>