<?xml version="1.0" encoding="UTF-8" ?>
<testsuite name="oracle.apps.prc.po.commonPo.protectedModel.utilTest.TestPoPriceBreakUtil" timestamp="2017-06-20T11:30:02" hostname="indl76040" family="NO_REGISTERED_LBA_FOR_JPR_NAME" initiative="prc_po_lrg" jpr="PrcPoCommonPoProtectedModelTest" label="" product="NO_REGISTERED_LBA_FOR_JPR_NAME" lba="NO_REGISTERED_LBA_FOR_JPR_NAME" tests="4" failures="0" errors="0" time="1.286" runId="0">
  <properties />
  <testcase name="testCalculatePriceDiscount[TestPriceDiscount1]" classname="oracle.apps.prc.po.commonPo.protectedModel.utilTest.TestPoPriceBreakUtil" id="0" time="0.199" />
  <testcase name="testCalculatePriceDiscount[TestPriceDiscount2]" classname="oracle.apps.prc.po.commonPo.protectedModel.utilTest.TestPoPriceBreakUtil" id="0" time="0.0010" />
  <testcase name="testCalculatePriceOverride[TestPriceOverride1]" classname="oracle.apps.prc.po.commonPo.protectedModel.utilTest.TestPoPriceBreakUtil" id="0" time="0.0010" />
  <testcase name="testCalculatePriceOverride[TestPriceOverride2]" classname="oracle.apps.prc.po.commonPo.protectedModel.utilTest.TestPoPriceBreakUtil" id="0" time="0.0" />
</testsuite>
