<system-err><![CDATA[]]></system-err>